[32m2018-03-09 14:56:54,892 INFO [org.springframework.cloud.config.client.ConfigServicePropertySourceLocator] - <Fetching config from server at: http://localhost:8888/config>[m
[32m2018-03-09 14:56:55,485 INFO [org.springframework.cloud.config.client.ConfigServicePropertySourceLocator] - <Located environment: name=sso, profiles=[dev], label=null, version=null, state=null>[m
[32m2018-03-09 14:56:55,486 INFO [org.springframework.cloud.bootstrap.config.PropertySourceBootstrapConfiguration] - <Located property source: CompositePropertySource [name='configService', propertySources=[MapPropertySource [name='classpath:/config/sso-dev.properties']]]>[m
[32m2018-03-09 14:56:55,682 INFO [org.apereo.cas.web.CasWebApplication] - <The following profiles are active: dev>[m
[32m2018-03-09 14:56:55,719 INFO [org.apereo.cas.web.CasWebApplicationContext] - <Refreshing CasWebApplicationContext>[m
[32m2018-03-09 14:57:16,478 INFO [org.apereo.cas.services.DefaultServicesManager] - <Loaded [2] service(s) from [InMemoryServiceRegistry].>[m
[32m2018-03-09 14:57:16,526 INFO [org.apereo.cas.services.DefaultServicesManager] - <Loaded [2] service(s) from [InMemoryServiceRegistry].>[m
[32m2018-03-09 14:57:16,526 INFO [org.apereo.cas.services.ServiceRegistryInitializer] - <Service registry contains [2] service definitions>[m
[33m2018-03-09 14:57:17,905 WARN [org.apereo.cas.pm.config.PasswordManagementConfiguration] - <CAS is unable to send password-reset sms messages given no settings are defined to account for sms providers, etc>[m
[32m2018-03-09 14:57:26,776 INFO [org.apereo.cas.support.events.listener.CasConfigurationEventListener] - <Refreshing CAS configuration. Stand by...>[m
[33m2018-03-09 14:57:28,030 WARN [org.apereo.cas.util.cipher.BaseStringCipherExecutor] - <Secret key for encryption is not defined for [Password Reset Token]; CAS will attempt to auto-generate the encryption key>[m
[33m2018-03-09 14:57:28,039 WARN [org.apereo.cas.util.cipher.BaseStringCipherExecutor] - <Generated encryption key [COKiDSRLfBdD5i3uK1gn5vSi0RRXmJfshEWc7gSF3pM] of size [256] for [Password Reset Token]. The generated key MUST be added to CAS settings.>[m
[33m2018-03-09 14:57:28,040 WARN [org.apereo.cas.util.cipher.BaseStringCipherExecutor] - <Secret key for signing is not defined for [Password Reset Token]. CAS will attempt to auto-generate the signing key>[m
[33m2018-03-09 14:57:28,040 WARN [org.apereo.cas.util.cipher.BaseStringCipherExecutor] - <Generated signing key [SDw_JHqk8pp8zlSmucIG-rgkNNhYr_NdF29FZsqNMHrLUozTtEm4SZTHEl9dO9-J7t4fMejXgbzAh4KRBuBRgw] of size [512] for [Password Reset Token]. The generated key MUST be added to CAS settings.>[m
[33m2018-03-09 14:57:28,203 WARN [org.apereo.cas.util.cipher.BaseStringCipherExecutor] - <Secret key for encryption is not defined for [Ticket-granting Cookie]; CAS will attempt to auto-generate the encryption key>[m
[33m2018-03-09 14:57:28,204 WARN [org.apereo.cas.util.cipher.BaseStringCipherExecutor] - <Generated encryption key [IyJDvb1_56fcWP4N2fKs8aR5xbVLX6L5LgAFtVbcPc8] of size [256] for [Ticket-granting Cookie]. The generated key MUST be added to CAS settings.>[m
[33m2018-03-09 14:57:28,204 WARN [org.apereo.cas.util.cipher.BaseStringCipherExecutor] - <Secret key for signing is not defined for [Ticket-granting Cookie]. CAS will attempt to auto-generate the signing key>[m
[33m2018-03-09 14:57:28,204 WARN [org.apereo.cas.util.cipher.BaseStringCipherExecutor] - <Generated signing key [IXjO-WhH5WPnfOwMUKra2k4DYgPhI_5rmmePV4eXsLyEeRySqh2l2KnXLzAccV031kTh-MdrrEID6e1Z1kTq6Q] of size [512] for [Ticket-granting Cookie]. The generated key MUST be added to CAS settings.>[m
[33m2018-03-09 14:57:28,583 WARN [org.apereo.cas.util.cipher.BaseBinaryCipherExecutor] - <Secret key for signing is not defined. CAS will attempt to auto-generate the signing key>[m
[33m2018-03-09 14:57:28,584 WARN [org.apereo.cas.util.cipher.BaseBinaryCipherExecutor] - <Generated signing key [DmFQpNHBZ7xCyKuHpc4dqVR8p2s5GzU22Vw7vXJQ1oqYk8ReDKGvT3YIY-oc3Wm9EDkhMHKpM-v0WsHG7q4_pg] of size [512]. The generated key MUST be added to CAS settings.>[m
[33m2018-03-09 14:57:28,584 WARN [org.apereo.cas.util.cipher.BaseBinaryCipherExecutor] - <No encryption key is defined. CAS will attempt to auto-generate keys>[m
[33m2018-03-09 14:57:28,584 WARN [org.apereo.cas.util.cipher.BaseBinaryCipherExecutor] - <Generated encryption key [BcdNuenSXxdeECzj] of size [16]. The generated key MUST be added to CAS settings.>[m
[32m2018-03-09 14:57:28,768 INFO [org.apereo.cas.support.events.listener.DefaultCasEventListener] - <[36m>[m
[32m2018-03-09 14:57:28,773 INFO [org.apereo.cas.support.events.listener.DefaultCasEventListener] - <

  ____    _____      _      ____   __   __
 |  _ \  | ____|    / \    |  _ \  \ \ / /
 | |_) | |  _|     / _ \   | | | |  \ V / 
 |  _ <  | |___   / ___ \  | |_| |   | |  
 |_| \_\ |_____| /_/   \_\ |____/    |_|  
                                          
>[m
[32m2018-03-09 14:57:28,773 INFO [org.apereo.cas.support.events.listener.DefaultCasEventListener] - <[0m>[m
[32m2018-03-09 14:57:28,774 INFO [org.apereo.cas.support.events.listener.DefaultCasEventListener] - <Ready to process requests @ [2018-03-09T06:57:28.767Z]>[m
[32m2018-03-09 14:57:28,777 INFO [org.apereo.cas.web.CasWebApplication] - <Started CasWebApplication in 36.793 seconds (JVM running for 39.277)>[m
[32m2018-03-09 14:57:48,657 INFO [org.apereo.cas.services.DefaultServicesManager] - <Loaded [2] service(s) from [InMemoryServiceRegistry].>[m
[32m2018-03-09 14:57:48,671 INFO [org.apereo.cas.ticket.registry.DefaultTicketRegistryCleaner] - <[0] expired tickets removed.>[m
[32m2018-03-09 14:58:48,662 INFO [org.apereo.cas.services.DefaultServicesManager] - <Loaded [2] service(s) from [InMemoryServiceRegistry].>[m
[32m2018-03-09 14:58:54,199 INFO [org.apereo.cas.web.flow.InitialFlowSetupAction] - <Setting path for cookies for warn cookie generator to: [/cas/] >[m
[32m2018-03-09 14:58:54,199 INFO [org.apereo.cas.web.flow.InitialFlowSetupAction] - <Setting path for cookies for warn cookie generator to: [/cas/] >[m
[32m2018-03-09 14:58:54,236 INFO [org.apereo.inspektr.audit.support.Slf4jLoggingAuditTrailManager] - <Audit trail record BEGIN
=============================================================
WHO: audit:unknown
WHAT: [event=success,timestamp=Fri Mar 09 14:58:54 CST 2018,source=RankedAuthenticationProviderWebflowEventResolver]
ACTION: AUTHENTICATION_EVENT_TRIGGERED
APPLICATION: CAS
WHEN: Fri Mar 09 14:58:54 CST 2018
CLIENT IP ADDRESS: 127.0.0.1
SERVER IP ADDRESS: 127.0.0.1
=============================================================

>[m
[32m2018-03-09 14:58:54,236 INFO [org.apereo.inspektr.audit.support.Slf4jLoggingAuditTrailManager] - <Audit trail record BEGIN
=============================================================
WHO: audit:unknown
WHAT: [event=success,timestamp=Fri Mar 09 14:58:54 CST 2018,source=RankedAuthenticationProviderWebflowEventResolver]
ACTION: AUTHENTICATION_EVENT_TRIGGERED
APPLICATION: CAS
WHEN: Fri Mar 09 14:58:54 CST 2018
CLIENT IP ADDRESS: 127.0.0.1
SERVER IP ADDRESS: 127.0.0.1
=============================================================

>[m
[32m2018-03-09 14:59:18,676 INFO [org.apereo.cas.ticket.registry.DefaultTicketRegistryCleaner] - <[0] expired tickets removed.>[m
[32m2018-03-09 14:59:48,668 INFO [org.apereo.cas.services.DefaultServicesManager] - <Loaded [2] service(s) from [InMemoryServiceRegistry].>[m
