[32m2018-03-09 16:43:28,495 INFO [org.springframework.cloud.config.client.ConfigServicePropertySourceLocator] - <Fetching config from server at: http://localhost:8888/config>[m
[32m2018-03-09 16:43:29,232 INFO [org.springframework.cloud.config.client.ConfigServicePropertySourceLocator] - <Located environment: name=sso, profiles=[dev], label=null, version=null, state=null>[m
[32m2018-03-09 16:43:29,233 INFO [org.springframework.cloud.bootstrap.config.PropertySourceBootstrapConfiguration] - <Located property source: CompositePropertySource [name='configService', propertySources=[MapPropertySource [name='classpath:/config/sso-dev.properties']]]>[m
[32m2018-03-09 16:43:29,349 INFO [org.apereo.cas.web.CasWebApplication] - <The following profiles are active: dev>[m
[32m2018-03-09 16:43:29,411 INFO [org.apereo.cas.web.CasWebApplicationContext] - <Refreshing CasWebApplicationContext>[m
[32m2018-03-09 16:43:50,655 INFO [org.apereo.cas.services.DefaultServicesManager] - <Loaded [3] service(s) from [InMemoryServiceRegistry].>[m
[32m2018-03-09 16:43:50,692 INFO [org.apereo.cas.services.DefaultServicesManager] - <Loaded [3] service(s) from [InMemoryServiceRegistry].>[m
[32m2018-03-09 16:43:50,692 INFO [org.apereo.cas.services.ServiceRegistryInitializer] - <Service registry contains [3] service definitions>[m
[33m2018-03-09 16:43:51,791 WARN [org.apereo.cas.pm.config.PasswordManagementConfiguration] - <CAS is unable to send password-reset sms messages given no settings are defined to account for sms providers, etc>[m
[32m2018-03-09 16:43:55,850 INFO [org.apereo.cas.support.events.listener.CasConfigurationEventListener] - <Refreshing CAS configuration. Stand by...>[m
[33m2018-03-09 16:43:56,871 WARN [org.apereo.cas.util.cipher.BaseStringCipherExecutor] - <Secret key for encryption is not defined for [Password Reset Token]; CAS will attempt to auto-generate the encryption key>[m
[33m2018-03-09 16:43:56,886 WARN [org.apereo.cas.util.cipher.BaseStringCipherExecutor] - <Generated encryption key [5Q5h7Q8_WKOGvvr0sdYSIrYNPDuq7hAZjI2kJvnLxe4] of size [256] for [Password Reset Token]. The generated key MUST be added to CAS settings.>[m
[33m2018-03-09 16:43:56,886 WARN [org.apereo.cas.util.cipher.BaseStringCipherExecutor] - <Secret key for signing is not defined for [Password Reset Token]. CAS will attempt to auto-generate the signing key>[m
[33m2018-03-09 16:43:56,887 WARN [org.apereo.cas.util.cipher.BaseStringCipherExecutor] - <Generated signing key [1no_HKuy_9zML57cJAb9KNQLW38snymBc7v5E-zx23tJs2KJx0GtUNMQMmSt_y20yBX3zAx4J6jmrqv4OQrroA] of size [512] for [Password Reset Token]. The generated key MUST be added to CAS settings.>[m
[33m2018-03-09 16:43:56,999 WARN [org.apereo.cas.util.cipher.BaseStringCipherExecutor] - <Secret key for encryption is not defined for [Ticket-granting Cookie]; CAS will attempt to auto-generate the encryption key>[m
[33m2018-03-09 16:43:57,000 WARN [org.apereo.cas.util.cipher.BaseStringCipherExecutor] - <Generated encryption key [Hfch5k84x5aC6m8W8LpC5SkB8sUar4PhGpi21KkFuxg] of size [256] for [Ticket-granting Cookie]. The generated key MUST be added to CAS settings.>[m
[33m2018-03-09 16:43:57,000 WARN [org.apereo.cas.util.cipher.BaseStringCipherExecutor] - <Secret key for signing is not defined for [Ticket-granting Cookie]. CAS will attempt to auto-generate the signing key>[m
[33m2018-03-09 16:43:57,000 WARN [org.apereo.cas.util.cipher.BaseStringCipherExecutor] - <Generated signing key [gMSBrUosm2qHt4c2B7cLxplOcbGPaeDrpqWbKTu-B15b-KuIvCzxzPn9xCpa6Io2QNQ6alOpTNgESc7J400h1Q] of size [512] for [Ticket-granting Cookie]. The generated key MUST be added to CAS settings.>[m
[33m2018-03-09 16:43:57,437 WARN [org.apereo.cas.util.cipher.BaseBinaryCipherExecutor] - <Secret key for signing is not defined. CAS will attempt to auto-generate the signing key>[m
[33m2018-03-09 16:43:57,437 WARN [org.apereo.cas.util.cipher.BaseBinaryCipherExecutor] - <Generated signing key [aW-MvcJud87xNxxMMOoQ2GqsZ_IvkumbpYSCkn5YDsIW1RZUbhgnc3RDD7xlZ-pj51INMR4QUudyHgrSU6ZHPg] of size [512]. The generated key MUST be added to CAS settings.>[m
[33m2018-03-09 16:43:57,437 WARN [org.apereo.cas.util.cipher.BaseBinaryCipherExecutor] - <No encryption key is defined. CAS will attempt to auto-generate keys>[m
[33m2018-03-09 16:43:57,438 WARN [org.apereo.cas.util.cipher.BaseBinaryCipherExecutor] - <Generated encryption key [ZCsBGRHkgWaXpvmc] of size [16]. The generated key MUST be added to CAS settings.>[m
[32m2018-03-09 16:43:57,620 INFO [org.apereo.cas.support.events.listener.DefaultCasEventListener] - <[36m>[m
[32m2018-03-09 16:43:57,623 INFO [org.apereo.cas.support.events.listener.DefaultCasEventListener] - <

  ____    _____      _      ____   __   __
 |  _ \  | ____|    / \    |  _ \  \ \ / /
 | |_) | |  _|     / _ \   | | | |  \ V / 
 |  _ <  | |___   / ___ \  | |_| |   | |  
 |_| \_\ |_____| /_/   \_\ |____/    |_|  
                                          
>[m
[32m2018-03-09 16:43:57,624 INFO [org.apereo.cas.support.events.listener.DefaultCasEventListener] - <[0m>[m
[32m2018-03-09 16:43:57,624 INFO [org.apereo.cas.support.events.listener.DefaultCasEventListener] - <Ready to process requests @ [2018-03-09T08:43:57.620Z]>[m
[32m2018-03-09 16:43:57,627 INFO [org.apereo.cas.web.CasWebApplication] - <Started CasWebApplication in 32.855 seconds (JVM running for 36.251)>[m
[32m2018-03-09 16:44:17,526 INFO [org.apereo.cas.services.DefaultServicesManager] - <Loaded [3] service(s) from [InMemoryServiceRegistry].>[m
[32m2018-03-09 16:44:17,539 INFO [org.apereo.cas.ticket.registry.DefaultTicketRegistryCleaner] - <[0] expired tickets removed.>[m
[32m2018-03-09 16:45:17,530 INFO [org.apereo.cas.services.DefaultServicesManager] - <Loaded [3] service(s) from [InMemoryServiceRegistry].>[m
[32m2018-03-09 16:45:38,353 INFO [org.apereo.cas.web.flow.InitialFlowSetupAction] - <Setting path for cookies for warn cookie generator to: [/cas/] >[m
[32m2018-03-09 16:45:38,353 INFO [org.apereo.cas.web.flow.InitialFlowSetupAction] - <Setting path for cookies for warn cookie generator to: [/cas/] >[m
[32m2018-03-09 16:45:38,413 INFO [org.apereo.inspektr.audit.support.Slf4jLoggingAuditTrailManager] - <Audit trail record BEGIN
=============================================================
WHO: audit:unknown
WHAT: [event=success,timestamp=Fri Mar 09 16:45:38 CST 2018,source=RankedAuthenticationProviderWebflowEventResolver]
ACTION: AUTHENTICATION_EVENT_TRIGGERED
APPLICATION: CAS
WHEN: Fri Mar 09 16:45:38 CST 2018
CLIENT IP ADDRESS: 0:0:0:0:0:0:0:1
SERVER IP ADDRESS: 0:0:0:0:0:0:0:1
=============================================================

>[m
[32m2018-03-09 16:45:38,413 INFO [org.apereo.inspektr.audit.support.Slf4jLoggingAuditTrailManager] - <Audit trail record BEGIN
=============================================================
WHO: audit:unknown
WHAT: [event=success,timestamp=Fri Mar 09 16:45:38 CST 2018,source=RankedAuthenticationProviderWebflowEventResolver]
ACTION: AUTHENTICATION_EVENT_TRIGGERED
APPLICATION: CAS
WHEN: Fri Mar 09 16:45:38 CST 2018
CLIENT IP ADDRESS: 0:0:0:0:0:0:0:1
SERVER IP ADDRESS: 0:0:0:0:0:0:0:1
=============================================================

>[m
[32m2018-03-09 16:45:38,418 INFO [org.apereo.inspektr.audit.support.Slf4jLoggingAuditTrailManager] - <Audit trail record BEGIN
=============================================================
WHO: audit:unknown
WHAT: [event=success,timestamp=Fri Mar 09 16:45:38 CST 2018,source=RankedAuthenticationProviderWebflowEventResolver]
ACTION: AUTHENTICATION_EVENT_TRIGGERED
APPLICATION: CAS
WHEN: Fri Mar 09 16:45:38 CST 2018
CLIENT IP ADDRESS: 0:0:0:0:0:0:0:1
SERVER IP ADDRESS: 0:0:0:0:0:0:0:1
=============================================================

>[m
[32m2018-03-09 16:45:38,418 INFO [org.apereo.inspektr.audit.support.Slf4jLoggingAuditTrailManager] - <Audit trail record BEGIN
=============================================================
WHO: audit:unknown
WHAT: [event=success,timestamp=Fri Mar 09 16:45:38 CST 2018,source=RankedAuthenticationProviderWebflowEventResolver]
ACTION: AUTHENTICATION_EVENT_TRIGGERED
APPLICATION: CAS
WHEN: Fri Mar 09 16:45:38 CST 2018
CLIENT IP ADDRESS: 0:0:0:0:0:0:0:1
SERVER IP ADDRESS: 0:0:0:0:0:0:0:1
=============================================================

>[m
[32m2018-03-09 16:45:39,606 INFO [org.apereo.inspektr.audit.support.Slf4jLoggingAuditTrailManager] - <Audit trail record BEGIN
=============================================================
WHO: audit:unknown
WHAT: [event=success,timestamp=Fri Mar 09 16:45:39 CST 2018,source=RankedAuthenticationProviderWebflowEventResolver]
ACTION: AUTHENTICATION_EVENT_TRIGGERED
APPLICATION: CAS
WHEN: Fri Mar 09 16:45:39 CST 2018
CLIENT IP ADDRESS: 0:0:0:0:0:0:0:1
SERVER IP ADDRESS: 0:0:0:0:0:0:0:1
=============================================================

>[m
[32m2018-03-09 16:45:39,606 INFO [org.apereo.inspektr.audit.support.Slf4jLoggingAuditTrailManager] - <Audit trail record BEGIN
=============================================================
WHO: audit:unknown
WHAT: [event=success,timestamp=Fri Mar 09 16:45:39 CST 2018,source=RankedAuthenticationProviderWebflowEventResolver]
ACTION: AUTHENTICATION_EVENT_TRIGGERED
APPLICATION: CAS
WHEN: Fri Mar 09 16:45:39 CST 2018
CLIENT IP ADDRESS: 0:0:0:0:0:0:0:1
SERVER IP ADDRESS: 0:0:0:0:0:0:0:1
=============================================================

>[m
[32m2018-03-09 16:45:42,255 INFO [org.apereo.inspektr.audit.support.Slf4jLoggingAuditTrailManager] - <Audit trail record BEGIN
=============================================================
WHO: audit:unknown
WHAT: [event=success,timestamp=Fri Mar 09 16:45:42 CST 2018,source=RankedAuthenticationProviderWebflowEventResolver]
ACTION: AUTHENTICATION_EVENT_TRIGGERED
APPLICATION: CAS
WHEN: Fri Mar 09 16:45:42 CST 2018
CLIENT IP ADDRESS: 0:0:0:0:0:0:0:1
SERVER IP ADDRESS: 0:0:0:0:0:0:0:1
=============================================================

>[m
[32m2018-03-09 16:45:42,255 INFO [org.apereo.inspektr.audit.support.Slf4jLoggingAuditTrailManager] - <Audit trail record BEGIN
=============================================================
WHO: audit:unknown
WHAT: [event=success,timestamp=Fri Mar 09 16:45:42 CST 2018,source=RankedAuthenticationProviderWebflowEventResolver]
ACTION: AUTHENTICATION_EVENT_TRIGGERED
APPLICATION: CAS
WHEN: Fri Mar 09 16:45:42 CST 2018
CLIENT IP ADDRESS: 0:0:0:0:0:0:0:1
SERVER IP ADDRESS: 0:0:0:0:0:0:0:1
=============================================================

>[m
[32m2018-03-09 16:45:43,959 INFO [org.apereo.inspektr.audit.support.Slf4jLoggingAuditTrailManager] - <Audit trail record BEGIN
=============================================================
WHO: audit:unknown
WHAT: [event=success,timestamp=Fri Mar 09 16:45:43 CST 2018,source=RankedAuthenticationProviderWebflowEventResolver]
ACTION: AUTHENTICATION_EVENT_TRIGGERED
APPLICATION: CAS
WHEN: Fri Mar 09 16:45:43 CST 2018
CLIENT IP ADDRESS: 0:0:0:0:0:0:0:1
SERVER IP ADDRESS: 0:0:0:0:0:0:0:1
=============================================================

>[m
[32m2018-03-09 16:45:43,959 INFO [org.apereo.inspektr.audit.support.Slf4jLoggingAuditTrailManager] - <Audit trail record BEGIN
=============================================================
WHO: audit:unknown
WHAT: [event=success,timestamp=Fri Mar 09 16:45:43 CST 2018,source=RankedAuthenticationProviderWebflowEventResolver]
ACTION: AUTHENTICATION_EVENT_TRIGGERED
APPLICATION: CAS
WHEN: Fri Mar 09 16:45:43 CST 2018
CLIENT IP ADDRESS: 0:0:0:0:0:0:0:1
SERVER IP ADDRESS: 0:0:0:0:0:0:0:1
=============================================================

>[m
[32m2018-03-09 16:45:45,054 INFO [org.apereo.inspektr.audit.support.Slf4jLoggingAuditTrailManager] - <Audit trail record BEGIN
=============================================================
WHO: audit:unknown
WHAT: [event=success,timestamp=Fri Mar 09 16:45:45 CST 2018,source=RankedAuthenticationProviderWebflowEventResolver]
ACTION: AUTHENTICATION_EVENT_TRIGGERED
APPLICATION: CAS
WHEN: Fri Mar 09 16:45:45 CST 2018
CLIENT IP ADDRESS: 0:0:0:0:0:0:0:1
SERVER IP ADDRESS: 0:0:0:0:0:0:0:1
=============================================================

>[m
[32m2018-03-09 16:45:45,054 INFO [org.apereo.inspektr.audit.support.Slf4jLoggingAuditTrailManager] - <Audit trail record BEGIN
=============================================================
WHO: audit:unknown
WHAT: [event=success,timestamp=Fri Mar 09 16:45:45 CST 2018,source=RankedAuthenticationProviderWebflowEventResolver]
ACTION: AUTHENTICATION_EVENT_TRIGGERED
APPLICATION: CAS
WHEN: Fri Mar 09 16:45:45 CST 2018
CLIENT IP ADDRESS: 0:0:0:0:0:0:0:1
SERVER IP ADDRESS: 0:0:0:0:0:0:0:1
=============================================================

>[m
[32m2018-03-09 16:45:45,601 INFO [org.apereo.inspektr.audit.support.Slf4jLoggingAuditTrailManager] - <Audit trail record BEGIN
=============================================================
WHO: audit:unknown
WHAT: [event=success,timestamp=Fri Mar 09 16:45:45 CST 2018,source=RankedAuthenticationProviderWebflowEventResolver]
ACTION: AUTHENTICATION_EVENT_TRIGGERED
APPLICATION: CAS
WHEN: Fri Mar 09 16:45:45 CST 2018
CLIENT IP ADDRESS: 0:0:0:0:0:0:0:1
SERVER IP ADDRESS: 0:0:0:0:0:0:0:1
=============================================================

>[m
[32m2018-03-09 16:45:45,601 INFO [org.apereo.inspektr.audit.support.Slf4jLoggingAuditTrailManager] - <Audit trail record BEGIN
=============================================================
WHO: audit:unknown
WHAT: [event=success,timestamp=Fri Mar 09 16:45:45 CST 2018,source=RankedAuthenticationProviderWebflowEventResolver]
ACTION: AUTHENTICATION_EVENT_TRIGGERED
APPLICATION: CAS
WHEN: Fri Mar 09 16:45:45 CST 2018
CLIENT IP ADDRESS: 0:0:0:0:0:0:0:1
SERVER IP ADDRESS: 0:0:0:0:0:0:0:1
=============================================================

>[m
[32m2018-03-09 16:45:46,037 INFO [org.apereo.inspektr.audit.support.Slf4jLoggingAuditTrailManager] - <Audit trail record BEGIN
=============================================================
WHO: audit:unknown
WHAT: [event=success,timestamp=Fri Mar 09 16:45:46 CST 2018,source=RankedAuthenticationProviderWebflowEventResolver]
ACTION: AUTHENTICATION_EVENT_TRIGGERED
APPLICATION: CAS
WHEN: Fri Mar 09 16:45:46 CST 2018
CLIENT IP ADDRESS: 0:0:0:0:0:0:0:1
SERVER IP ADDRESS: 0:0:0:0:0:0:0:1
=============================================================

>[m
[32m2018-03-09 16:45:46,037 INFO [org.apereo.inspektr.audit.support.Slf4jLoggingAuditTrailManager] - <Audit trail record BEGIN
=============================================================
WHO: audit:unknown
WHAT: [event=success,timestamp=Fri Mar 09 16:45:46 CST 2018,source=RankedAuthenticationProviderWebflowEventResolver]
ACTION: AUTHENTICATION_EVENT_TRIGGERED
APPLICATION: CAS
WHEN: Fri Mar 09 16:45:46 CST 2018
CLIENT IP ADDRESS: 0:0:0:0:0:0:0:1
SERVER IP ADDRESS: 0:0:0:0:0:0:0:1
=============================================================

>[m
[32m2018-03-09 16:45:46,472 INFO [org.apereo.inspektr.audit.support.Slf4jLoggingAuditTrailManager] - <Audit trail record BEGIN
=============================================================
WHO: audit:unknown
WHAT: [event=success,timestamp=Fri Mar 09 16:45:46 CST 2018,source=RankedAuthenticationProviderWebflowEventResolver]
ACTION: AUTHENTICATION_EVENT_TRIGGERED
APPLICATION: CAS
WHEN: Fri Mar 09 16:45:46 CST 2018
CLIENT IP ADDRESS: 0:0:0:0:0:0:0:1
SERVER IP ADDRESS: 0:0:0:0:0:0:0:1
=============================================================

>[m
[32m2018-03-09 16:45:46,472 INFO [org.apereo.inspektr.audit.support.Slf4jLoggingAuditTrailManager] - <Audit trail record BEGIN
=============================================================
WHO: audit:unknown
WHAT: [event=success,timestamp=Fri Mar 09 16:45:46 CST 2018,source=RankedAuthenticationProviderWebflowEventResolver]
ACTION: AUTHENTICATION_EVENT_TRIGGERED
APPLICATION: CAS
WHEN: Fri Mar 09 16:45:46 CST 2018
CLIENT IP ADDRESS: 0:0:0:0:0:0:0:1
SERVER IP ADDRESS: 0:0:0:0:0:0:0:1
=============================================================

>[m
[32m2018-03-09 16:45:46,872 INFO [org.apereo.inspektr.audit.support.Slf4jLoggingAuditTrailManager] - <Audit trail record BEGIN
=============================================================
WHO: audit:unknown
WHAT: [event=success,timestamp=Fri Mar 09 16:45:46 CST 2018,source=RankedAuthenticationProviderWebflowEventResolver]
ACTION: AUTHENTICATION_EVENT_TRIGGERED
APPLICATION: CAS
WHEN: Fri Mar 09 16:45:46 CST 2018
CLIENT IP ADDRESS: 0:0:0:0:0:0:0:1
SERVER IP ADDRESS: 0:0:0:0:0:0:0:1
=============================================================

>[m
[32m2018-03-09 16:45:46,872 INFO [org.apereo.inspektr.audit.support.Slf4jLoggingAuditTrailManager] - <Audit trail record BEGIN
=============================================================
WHO: audit:unknown
WHAT: [event=success,timestamp=Fri Mar 09 16:45:46 CST 2018,source=RankedAuthenticationProviderWebflowEventResolver]
ACTION: AUTHENTICATION_EVENT_TRIGGERED
APPLICATION: CAS
WHEN: Fri Mar 09 16:45:46 CST 2018
CLIENT IP ADDRESS: 0:0:0:0:0:0:0:1
SERVER IP ADDRESS: 0:0:0:0:0:0:0:1
=============================================================

>[m
[32m2018-03-09 16:45:47,541 INFO [org.apereo.cas.ticket.registry.DefaultTicketRegistryCleaner] - <[0] expired tickets removed.>[m
[32m2018-03-09 16:45:50,845 INFO [org.apereo.cas.authentication.AbstractAuthenticationManager] - <Authenticated principal [zhangsan] with attributes [{address=广州越秀, email=mxzdhealer@163.com}] via credentials [[zhangsan]].>[m
[32m2018-03-09 16:45:50,848 INFO [org.apereo.inspektr.audit.support.Slf4jLoggingAuditTrailManager] - <Audit trail record BEGIN
=============================================================
WHO: zhangsan
WHAT: Supplied credentials: [zhangsan]
ACTION: AUTHENTICATION_SUCCESS
APPLICATION: CAS
WHEN: Fri Mar 09 16:45:50 CST 2018
CLIENT IP ADDRESS: 0:0:0:0:0:0:0:1
SERVER IP ADDRESS: 0:0:0:0:0:0:0:1
=============================================================

>[m
[32m2018-03-09 16:45:50,848 INFO [org.apereo.inspektr.audit.support.Slf4jLoggingAuditTrailManager] - <Audit trail record BEGIN
=============================================================
WHO: zhangsan
WHAT: Supplied credentials: [zhangsan]
ACTION: AUTHENTICATION_SUCCESS
APPLICATION: CAS
WHEN: Fri Mar 09 16:45:50 CST 2018
CLIENT IP ADDRESS: 0:0:0:0:0:0:0:1
SERVER IP ADDRESS: 0:0:0:0:0:0:0:1
=============================================================

>[m
[32m2018-03-09 16:45:50,957 INFO [org.apereo.inspektr.audit.support.Slf4jLoggingAuditTrailManager] - <Audit trail record BEGIN
=============================================================
WHO: zhangsan
WHAT: TGT-**********************************************hpC5tfKqwj-JeandeMBP
ACTION: TICKET_GRANTING_TICKET_CREATED
APPLICATION: CAS
WHEN: Fri Mar 09 16:45:50 CST 2018
CLIENT IP ADDRESS: 0:0:0:0:0:0:0:1
SERVER IP ADDRESS: 0:0:0:0:0:0:0:1
=============================================================

>[m
[32m2018-03-09 16:45:50,957 INFO [org.apereo.inspektr.audit.support.Slf4jLoggingAuditTrailManager] - <Audit trail record BEGIN
=============================================================
WHO: zhangsan
WHAT: TGT-**********************************************hpC5tfKqwj-JeandeMBP
ACTION: TICKET_GRANTING_TICKET_CREATED
APPLICATION: CAS
WHEN: Fri Mar 09 16:45:50 CST 2018
CLIENT IP ADDRESS: 0:0:0:0:0:0:0:1
SERVER IP ADDRESS: 0:0:0:0:0:0:0:1
=============================================================

>[m
[32m2018-03-09 16:45:50,986 INFO [org.apereo.cas.DefaultCentralAuthenticationService] - <Granted ticket [ST-1-pQhHOZqSjR4rGj01rPnr-JeandeMBP] for service [http://localhost:8083/start] and principal [zhangsan]>[m
[32m2018-03-09 16:45:50,987 INFO [org.apereo.inspektr.audit.support.Slf4jLoggingAuditTrailManager] - <Audit trail record BEGIN
=============================================================
WHO: zhangsan
WHAT: ST-1-pQhHOZqSjR4rGj01rPnr-JeandeMBP for http://localhost:8083/start
ACTION: SERVICE_TICKET_CREATED
APPLICATION: CAS
WHEN: Fri Mar 09 16:45:50 CST 2018
CLIENT IP ADDRESS: 0:0:0:0:0:0:0:1
SERVER IP ADDRESS: 0:0:0:0:0:0:0:1
=============================================================

>[m
[32m2018-03-09 16:45:50,987 INFO [org.apereo.inspektr.audit.support.Slf4jLoggingAuditTrailManager] - <Audit trail record BEGIN
=============================================================
WHO: zhangsan
WHAT: ST-1-pQhHOZqSjR4rGj01rPnr-JeandeMBP for http://localhost:8083/start
ACTION: SERVICE_TICKET_CREATED
APPLICATION: CAS
WHEN: Fri Mar 09 16:45:50 CST 2018
CLIENT IP ADDRESS: 0:0:0:0:0:0:0:1
SERVER IP ADDRESS: 0:0:0:0:0:0:0:1
=============================================================

>[m
[32m2018-03-09 16:45:51,065 INFO [org.apereo.inspektr.audit.support.Slf4jLoggingAuditTrailManager] - <Audit trail record BEGIN
=============================================================
WHO: zhangsan
WHAT: ST-1-pQhHOZqSjR4rGj01rPnr-JeandeMBP
ACTION: SERVICE_TICKET_VALIDATED
APPLICATION: CAS
WHEN: Fri Mar 09 16:45:51 CST 2018
CLIENT IP ADDRESS: 127.0.0.1
SERVER IP ADDRESS: 127.0.0.1
=============================================================

>[m
[32m2018-03-09 16:45:51,065 INFO [org.apereo.inspektr.audit.support.Slf4jLoggingAuditTrailManager] - <Audit trail record BEGIN
=============================================================
WHO: zhangsan
WHAT: ST-1-pQhHOZqSjR4rGj01rPnr-JeandeMBP
ACTION: SERVICE_TICKET_VALIDATED
APPLICATION: CAS
WHEN: Fri Mar 09 16:45:51 CST 2018
CLIENT IP ADDRESS: 127.0.0.1
SERVER IP ADDRESS: 127.0.0.1
=============================================================

>[m
[32m2018-03-09 16:45:56,581 INFO [org.apereo.inspektr.audit.support.Slf4jLoggingAuditTrailManager] - <Audit trail record BEGIN
=============================================================
WHO: audit:unknown
WHAT: [event=success,timestamp=Fri Mar 09 16:45:56 CST 2018,source=RankedAuthenticationProviderWebflowEventResolver]
ACTION: AUTHENTICATION_EVENT_TRIGGERED
APPLICATION: CAS
WHEN: Fri Mar 09 16:45:56 CST 2018
CLIENT IP ADDRESS: 0:0:0:0:0:0:0:1
SERVER IP ADDRESS: 0:0:0:0:0:0:0:1
=============================================================

>[m
[32m2018-03-09 16:45:56,581 INFO [org.apereo.inspektr.audit.support.Slf4jLoggingAuditTrailManager] - <Audit trail record BEGIN
=============================================================
WHO: audit:unknown
WHAT: [event=success,timestamp=Fri Mar 09 16:45:56 CST 2018,source=RankedAuthenticationProviderWebflowEventResolver]
ACTION: AUTHENTICATION_EVENT_TRIGGERED
APPLICATION: CAS
WHEN: Fri Mar 09 16:45:56 CST 2018
CLIENT IP ADDRESS: 0:0:0:0:0:0:0:1
SERVER IP ADDRESS: 0:0:0:0:0:0:0:1
=============================================================

>[m
[32m2018-03-09 16:46:01,749 INFO [org.apereo.inspektr.audit.support.Slf4jLoggingAuditTrailManager] - <Audit trail record BEGIN
=============================================================
WHO: audit:unknown
WHAT: [event=success,timestamp=Fri Mar 09 16:46:01 CST 2018,source=RankedAuthenticationProviderWebflowEventResolver]
ACTION: AUTHENTICATION_EVENT_TRIGGERED
APPLICATION: CAS
WHEN: Fri Mar 09 16:46:01 CST 2018
CLIENT IP ADDRESS: 0:0:0:0:0:0:0:1
SERVER IP ADDRESS: 0:0:0:0:0:0:0:1
=============================================================

>[m
[32m2018-03-09 16:46:01,749 INFO [org.apereo.inspektr.audit.support.Slf4jLoggingAuditTrailManager] - <Audit trail record BEGIN
=============================================================
WHO: audit:unknown
WHAT: [event=success,timestamp=Fri Mar 09 16:46:01 CST 2018,source=RankedAuthenticationProviderWebflowEventResolver]
ACTION: AUTHENTICATION_EVENT_TRIGGERED
APPLICATION: CAS
WHEN: Fri Mar 09 16:46:01 CST 2018
CLIENT IP ADDRESS: 0:0:0:0:0:0:0:1
SERVER IP ADDRESS: 0:0:0:0:0:0:0:1
=============================================================

>[m
[32m2018-03-09 16:46:07,089 INFO [org.apereo.inspektr.audit.support.Slf4jLoggingAuditTrailManager] - <Audit trail record BEGIN
=============================================================
WHO: audit:unknown
WHAT: [event=success,timestamp=Fri Mar 09 16:46:07 CST 2018,source=RankedAuthenticationProviderWebflowEventResolver]
ACTION: AUTHENTICATION_EVENT_TRIGGERED
APPLICATION: CAS
WHEN: Fri Mar 09 16:46:07 CST 2018
CLIENT IP ADDRESS: 0:0:0:0:0:0:0:1
SERVER IP ADDRESS: 0:0:0:0:0:0:0:1
=============================================================

>[m
[32m2018-03-09 16:46:07,089 INFO [org.apereo.inspektr.audit.support.Slf4jLoggingAuditTrailManager] - <Audit trail record BEGIN
=============================================================
WHO: audit:unknown
WHAT: [event=success,timestamp=Fri Mar 09 16:46:07 CST 2018,source=RankedAuthenticationProviderWebflowEventResolver]
ACTION: AUTHENTICATION_EVENT_TRIGGERED
APPLICATION: CAS
WHEN: Fri Mar 09 16:46:07 CST 2018
CLIENT IP ADDRESS: 0:0:0:0:0:0:0:1
SERVER IP ADDRESS: 0:0:0:0:0:0:0:1
=============================================================

>[m
[32m2018-03-09 16:46:12,611 INFO [org.apereo.inspektr.audit.support.Slf4jLoggingAuditTrailManager] - <Audit trail record BEGIN
=============================================================
WHO: audit:unknown
WHAT: [event=success,timestamp=Fri Mar 09 16:46:12 CST 2018,source=RankedAuthenticationProviderWebflowEventResolver]
ACTION: AUTHENTICATION_EVENT_TRIGGERED
APPLICATION: CAS
WHEN: Fri Mar 09 16:46:12 CST 2018
CLIENT IP ADDRESS: 0:0:0:0:0:0:0:1
SERVER IP ADDRESS: 0:0:0:0:0:0:0:1
=============================================================

>[m
[32m2018-03-09 16:46:12,611 INFO [org.apereo.inspektr.audit.support.Slf4jLoggingAuditTrailManager] - <Audit trail record BEGIN
=============================================================
WHO: audit:unknown
WHAT: [event=success,timestamp=Fri Mar 09 16:46:12 CST 2018,source=RankedAuthenticationProviderWebflowEventResolver]
ACTION: AUTHENTICATION_EVENT_TRIGGERED
APPLICATION: CAS
WHEN: Fri Mar 09 16:46:12 CST 2018
CLIENT IP ADDRESS: 0:0:0:0:0:0:0:1
SERVER IP ADDRESS: 0:0:0:0:0:0:0:1
=============================================================

>[m
[32m2018-03-09 16:46:16,909 INFO [org.apereo.inspektr.audit.support.Slf4jLoggingAuditTrailManager] - <Audit trail record BEGIN
=============================================================
WHO: audit:unknown
WHAT: [event=success,timestamp=Fri Mar 09 16:46:16 CST 2018,source=RankedAuthenticationProviderWebflowEventResolver]
ACTION: AUTHENTICATION_EVENT_TRIGGERED
APPLICATION: CAS
WHEN: Fri Mar 09 16:46:16 CST 2018
CLIENT IP ADDRESS: 0:0:0:0:0:0:0:1
SERVER IP ADDRESS: 0:0:0:0:0:0:0:1
=============================================================

>[m
[32m2018-03-09 16:46:16,909 INFO [org.apereo.inspektr.audit.support.Slf4jLoggingAuditTrailManager] - <Audit trail record BEGIN
=============================================================
WHO: audit:unknown
WHAT: [event=success,timestamp=Fri Mar 09 16:46:16 CST 2018,source=RankedAuthenticationProviderWebflowEventResolver]
ACTION: AUTHENTICATION_EVENT_TRIGGERED
APPLICATION: CAS
WHEN: Fri Mar 09 16:46:16 CST 2018
CLIENT IP ADDRESS: 0:0:0:0:0:0:0:1
SERVER IP ADDRESS: 0:0:0:0:0:0:0:1
=============================================================

>[m
[32m2018-03-09 16:46:17,533 INFO [org.apereo.cas.services.DefaultServicesManager] - <Loaded [3] service(s) from [InMemoryServiceRegistry].>[m
[32m2018-03-09 16:46:23,214 INFO [org.apereo.inspektr.audit.support.Slf4jLoggingAuditTrailManager] - <Audit trail record BEGIN
=============================================================
WHO: audit:unknown
WHAT: [event=success,timestamp=Fri Mar 09 16:46:23 CST 2018,source=RankedAuthenticationProviderWebflowEventResolver]
ACTION: AUTHENTICATION_EVENT_TRIGGERED
APPLICATION: CAS
WHEN: Fri Mar 09 16:46:23 CST 2018
CLIENT IP ADDRESS: 0:0:0:0:0:0:0:1
SERVER IP ADDRESS: 0:0:0:0:0:0:0:1
=============================================================

>[m
[32m2018-03-09 16:46:23,214 INFO [org.apereo.inspektr.audit.support.Slf4jLoggingAuditTrailManager] - <Audit trail record BEGIN
=============================================================
WHO: audit:unknown
WHAT: [event=success,timestamp=Fri Mar 09 16:46:23 CST 2018,source=RankedAuthenticationProviderWebflowEventResolver]
ACTION: AUTHENTICATION_EVENT_TRIGGERED
APPLICATION: CAS
WHEN: Fri Mar 09 16:46:23 CST 2018
CLIENT IP ADDRESS: 0:0:0:0:0:0:0:1
SERVER IP ADDRESS: 0:0:0:0:0:0:0:1
=============================================================

>[m
