[32m2018-03-09 15:31:05,724 INFO [org.springframework.cloud.config.client.ConfigServicePropertySourceLocator] - <Fetching config from server at: http://localhost:8888/config>[m
[32m2018-03-09 15:31:06,304 INFO [org.springframework.cloud.config.client.ConfigServicePropertySourceLocator] - <Located environment: name=sso, profiles=[dev], label=null, version=null, state=null>[m
[32m2018-03-09 15:31:06,305 INFO [org.springframework.cloud.bootstrap.config.PropertySourceBootstrapConfiguration] - <Located property source: CompositePropertySource [name='configService', propertySources=[MapPropertySource [name='classpath:/config/sso-dev.properties']]]>[m
[32m2018-03-09 15:31:06,411 INFO [org.apereo.cas.web.CasWebApplication] - <The following profiles are active: dev>[m
[32m2018-03-09 15:31:06,453 INFO [org.apereo.cas.web.CasWebApplicationContext] - <Refreshing CasWebApplicationContext>[m
[32m2018-03-09 15:31:25,227 INFO [org.apereo.cas.services.DefaultServicesManager] - <Loaded [2] service(s) from [InMemoryServiceRegistry].>[m
[32m2018-03-09 15:31:25,263 INFO [org.apereo.cas.services.DefaultServicesManager] - <Loaded [2] service(s) from [InMemoryServiceRegistry].>[m
[32m2018-03-09 15:31:25,263 INFO [org.apereo.cas.services.ServiceRegistryInitializer] - <Service registry contains [2] service definitions>[m
[33m2018-03-09 15:31:26,321 WARN [org.apereo.cas.pm.config.PasswordManagementConfiguration] - <CAS is unable to send password-reset sms messages given no settings are defined to account for sms providers, etc>[m
[32m2018-03-09 15:31:30,063 INFO [org.apereo.cas.support.events.listener.CasConfigurationEventListener] - <Refreshing CAS configuration. Stand by...>[m
[33m2018-03-09 15:31:31,076 WARN [org.apereo.cas.util.cipher.BaseStringCipherExecutor] - <Secret key for encryption is not defined for [Password Reset Token]; CAS will attempt to auto-generate the encryption key>[m
[33m2018-03-09 15:31:31,094 WARN [org.apereo.cas.util.cipher.BaseStringCipherExecutor] - <Generated encryption key [jpMMAUrk27w6yoNYw_Z1-ZN5z6WmgMj_1Tdu-RNNyy0] of size [256] for [Password Reset Token]. The generated key MUST be added to CAS settings.>[m
[33m2018-03-09 15:31:31,094 WARN [org.apereo.cas.util.cipher.BaseStringCipherExecutor] - <Secret key for signing is not defined for [Password Reset Token]. CAS will attempt to auto-generate the signing key>[m
[33m2018-03-09 15:31:31,095 WARN [org.apereo.cas.util.cipher.BaseStringCipherExecutor] - <Generated signing key [rFdDjI_VLH6tt28z7ivaPgKKH2kBp5G4MW93_4GfuPBtAk_Kb4tjlN6uonv1Xa6_ELSClUwlTlF-1e-N7QvoNg] of size [512] for [Password Reset Token]. The generated key MUST be added to CAS settings.>[m
[33m2018-03-09 15:31:31,215 WARN [org.apereo.cas.util.cipher.BaseStringCipherExecutor] - <Secret key for encryption is not defined for [Ticket-granting Cookie]; CAS will attempt to auto-generate the encryption key>[m
[33m2018-03-09 15:31:31,216 WARN [org.apereo.cas.util.cipher.BaseStringCipherExecutor] - <Generated encryption key [5vivvBqP7IZ2aoz7hfHWZnpofIN3pX-ZjXYBUNf2p6I] of size [256] for [Ticket-granting Cookie]. The generated key MUST be added to CAS settings.>[m
[33m2018-03-09 15:31:31,216 WARN [org.apereo.cas.util.cipher.BaseStringCipherExecutor] - <Secret key for signing is not defined for [Ticket-granting Cookie]. CAS will attempt to auto-generate the signing key>[m
[33m2018-03-09 15:31:31,217 WARN [org.apereo.cas.util.cipher.BaseStringCipherExecutor] - <Generated signing key [HHKRUuQM_xzN6YyWJ4Vmt-iuNMN70lI1YddwWPk17Whfui7Ipv4XPyuaHAgdrlU1lDLo3q5gFkDauIpc_ntcDw] of size [512] for [Ticket-granting Cookie]. The generated key MUST be added to CAS settings.>[m
[33m2018-03-09 15:31:31,593 WARN [org.apereo.cas.util.cipher.BaseBinaryCipherExecutor] - <Secret key for signing is not defined. CAS will attempt to auto-generate the signing key>[m
[33m2018-03-09 15:31:31,593 WARN [org.apereo.cas.util.cipher.BaseBinaryCipherExecutor] - <Generated signing key [v1n1V0WeC55b2BnpeaaGUKFqP02kPg0ZKAHMesDbzFUOODCjg83dn5yj6cbEm9YGpiJm9FmEI8J_5Mt_WIV-0A] of size [512]. The generated key MUST be added to CAS settings.>[m
[33m2018-03-09 15:31:31,593 WARN [org.apereo.cas.util.cipher.BaseBinaryCipherExecutor] - <No encryption key is defined. CAS will attempt to auto-generate keys>[m
[33m2018-03-09 15:31:31,594 WARN [org.apereo.cas.util.cipher.BaseBinaryCipherExecutor] - <Generated encryption key [esESBQqmiQicXpIg] of size [16]. The generated key MUST be added to CAS settings.>[m
[32m2018-03-09 15:31:31,759 INFO [org.apereo.cas.support.events.listener.DefaultCasEventListener] - <[36m>[m
[32m2018-03-09 15:31:31,762 INFO [org.apereo.cas.support.events.listener.DefaultCasEventListener] - <

  ____    _____      _      ____   __   __
 |  _ \  | ____|    / \    |  _ \  \ \ / /
 | |_) | |  _|     / _ \   | | | |  \ V / 
 |  _ <  | |___   / ___ \  | |_| |   | |  
 |_| \_\ |_____| /_/   \_\ |____/    |_|  
                                          
>[m
[32m2018-03-09 15:31:31,763 INFO [org.apereo.cas.support.events.listener.DefaultCasEventListener] - <[0m>[m
[32m2018-03-09 15:31:31,763 INFO [org.apereo.cas.support.events.listener.DefaultCasEventListener] - <Ready to process requests @ [2018-03-09T07:31:31.759Z]>[m
[32m2018-03-09 15:31:31,765 INFO [org.apereo.cas.web.CasWebApplication] - <Started CasWebApplication in 28.412 seconds (JVM running for 30.398)>[m
[32m2018-03-09 15:31:51,675 INFO [org.apereo.cas.services.DefaultServicesManager] - <Loaded [2] service(s) from [InMemoryServiceRegistry].>[m
[32m2018-03-09 15:31:51,690 INFO [org.apereo.cas.ticket.registry.DefaultTicketRegistryCleaner] - <[0] expired tickets removed.>[m
[32m2018-03-09 15:32:51,679 INFO [org.apereo.cas.services.DefaultServicesManager] - <Loaded [2] service(s) from [InMemoryServiceRegistry].>[m
[32m2018-03-09 15:32:52,902 INFO [org.apereo.cas.web.flow.InitialFlowSetupAction] - <Setting path for cookies for warn cookie generator to: [/cas/] >[m
[32m2018-03-09 15:32:52,902 INFO [org.apereo.cas.web.flow.InitialFlowSetupAction] - <Setting path for cookies for warn cookie generator to: [/cas/] >[m
[32m2018-03-09 15:32:52,938 INFO [org.apereo.inspektr.audit.support.Slf4jLoggingAuditTrailManager] - <Audit trail record BEGIN
=============================================================
WHO: audit:unknown
WHAT: [event=success,timestamp=Fri Mar 09 15:32:52 CST 2018,source=RankedAuthenticationProviderWebflowEventResolver]
ACTION: AUTHENTICATION_EVENT_TRIGGERED
APPLICATION: CAS
WHEN: Fri Mar 09 15:32:52 CST 2018
CLIENT IP ADDRESS: 0:0:0:0:0:0:0:1
SERVER IP ADDRESS: 0:0:0:0:0:0:0:1
=============================================================

>[m
[32m2018-03-09 15:32:52,938 INFO [org.apereo.inspektr.audit.support.Slf4jLoggingAuditTrailManager] - <Audit trail record BEGIN
=============================================================
WHO: audit:unknown
WHAT: [event=success,timestamp=Fri Mar 09 15:32:52 CST 2018,source=RankedAuthenticationProviderWebflowEventResolver]
ACTION: AUTHENTICATION_EVENT_TRIGGERED
APPLICATION: CAS
WHEN: Fri Mar 09 15:32:52 CST 2018
CLIENT IP ADDRESS: 0:0:0:0:0:0:0:1
SERVER IP ADDRESS: 0:0:0:0:0:0:0:1
=============================================================

>[m
[32m2018-03-09 15:33:03,440 INFO [org.apereo.cas.authentication.PolicyBasedAuthenticationManager] - <[QueryAndEncodeDatabaseAuthenticationHandler] failed authenticating [zhagnsan]>[m
[32m2018-03-09 15:33:03,460 INFO [org.apereo.cas.authentication.PolicyBasedAuthenticationManager] - <[QueryDatabaseAuthenticationHandler] failed authenticating [zhagnsan]>[m
[33m2018-03-09 15:33:03,460 WARN [org.apereo.cas.authentication.PolicyBasedAuthenticationManager] - <Authentication has failed. Credentials may be incorrect or CAS cannot find authentication handler that supports [zhagnsan] of type [UsernamePasswordCredential], which suggests a configuration problem.>[m
[32m2018-03-09 15:33:03,463 INFO [org.apereo.inspektr.audit.support.Slf4jLoggingAuditTrailManager] - <Audit trail record BEGIN
=============================================================
WHO: zhagnsan
WHAT: Supplied credentials: [zhagnsan]
ACTION: AUTHENTICATION_FAILED
APPLICATION: CAS
WHEN: Fri Mar 09 15:33:03 CST 2018
CLIENT IP ADDRESS: 0:0:0:0:0:0:0:1
SERVER IP ADDRESS: 0:0:0:0:0:0:0:1
=============================================================

>[m
[32m2018-03-09 15:33:03,463 INFO [org.apereo.inspektr.audit.support.Slf4jLoggingAuditTrailManager] - <Audit trail record BEGIN
=============================================================
WHO: zhagnsan
WHAT: Supplied credentials: [zhagnsan]
ACTION: AUTHENTICATION_FAILED
APPLICATION: CAS
WHEN: Fri Mar 09 15:33:03 CST 2018
CLIENT IP ADDRESS: 0:0:0:0:0:0:0:1
SERVER IP ADDRESS: 0:0:0:0:0:0:0:1
=============================================================

>[m
[32m2018-03-09 15:33:15,042 INFO [org.apereo.cas.authentication.PolicyBasedAuthenticationManager] - <[QueryAndEncodeDatabaseAuthenticationHandler] failed authenticating [zhagnsan]>[m
[32m2018-03-09 15:33:15,044 INFO [org.apereo.cas.authentication.PolicyBasedAuthenticationManager] - <[QueryDatabaseAuthenticationHandler] failed authenticating [zhagnsan]>[m
[33m2018-03-09 15:33:15,045 WARN [org.apereo.cas.authentication.PolicyBasedAuthenticationManager] - <Authentication has failed. Credentials may be incorrect or CAS cannot find authentication handler that supports [zhagnsan] of type [UsernamePasswordCredential], which suggests a configuration problem.>[m
[32m2018-03-09 15:33:15,046 INFO [org.apereo.inspektr.audit.support.Slf4jLoggingAuditTrailManager] - <Audit trail record BEGIN
=============================================================
WHO: zhagnsan
WHAT: Supplied credentials: [zhagnsan]
ACTION: AUTHENTICATION_FAILED
APPLICATION: CAS
WHEN: Fri Mar 09 15:33:15 CST 2018
CLIENT IP ADDRESS: 0:0:0:0:0:0:0:1
SERVER IP ADDRESS: 0:0:0:0:0:0:0:1
=============================================================

>[m
[32m2018-03-09 15:33:15,046 INFO [org.apereo.inspektr.audit.support.Slf4jLoggingAuditTrailManager] - <Audit trail record BEGIN
=============================================================
WHO: zhagnsan
WHAT: Supplied credentials: [zhagnsan]
ACTION: AUTHENTICATION_FAILED
APPLICATION: CAS
WHEN: Fri Mar 09 15:33:15 CST 2018
CLIENT IP ADDRESS: 0:0:0:0:0:0:0:1
SERVER IP ADDRESS: 0:0:0:0:0:0:0:1
=============================================================

>[m
[32m2018-03-09 15:33:20,889 INFO [org.apereo.cas.authentication.PolicyBasedAuthenticationManager] - <[QueryAndEncodeDatabaseAuthenticationHandler] failed authenticating [zhagnsan]>[m
[32m2018-03-09 15:33:20,891 INFO [org.apereo.cas.authentication.PolicyBasedAuthenticationManager] - <[QueryDatabaseAuthenticationHandler] failed authenticating [zhagnsan]>[m
[33m2018-03-09 15:33:20,892 WARN [org.apereo.cas.authentication.PolicyBasedAuthenticationManager] - <Authentication has failed. Credentials may be incorrect or CAS cannot find authentication handler that supports [zhagnsan] of type [UsernamePasswordCredential], which suggests a configuration problem.>[m
[32m2018-03-09 15:33:20,892 INFO [org.apereo.inspektr.audit.support.Slf4jLoggingAuditTrailManager] - <Audit trail record BEGIN
=============================================================
WHO: zhagnsan
WHAT: Supplied credentials: [zhagnsan]
ACTION: AUTHENTICATION_FAILED
APPLICATION: CAS
WHEN: Fri Mar 09 15:33:20 CST 2018
CLIENT IP ADDRESS: 0:0:0:0:0:0:0:1
SERVER IP ADDRESS: 0:0:0:0:0:0:0:1
=============================================================

>[m
[32m2018-03-09 15:33:20,892 INFO [org.apereo.inspektr.audit.support.Slf4jLoggingAuditTrailManager] - <Audit trail record BEGIN
=============================================================
WHO: zhagnsan
WHAT: Supplied credentials: [zhagnsan]
ACTION: AUTHENTICATION_FAILED
APPLICATION: CAS
WHEN: Fri Mar 09 15:33:20 CST 2018
CLIENT IP ADDRESS: 0:0:0:0:0:0:0:1
SERVER IP ADDRESS: 0:0:0:0:0:0:0:1
=============================================================

>[m
[32m2018-03-09 15:33:21,696 INFO [org.apereo.cas.ticket.registry.DefaultTicketRegistryCleaner] - <[0] expired tickets removed.>[m
[32m2018-03-09 15:33:47,478 INFO [org.apereo.cas.authentication.PolicyBasedAuthenticationManager] - <[QueryAndEncodeDatabaseAuthenticationHandler] failed authenticating [zhangsan]>[m
[32m2018-03-09 15:33:47,506 INFO [org.apereo.cas.authentication.AbstractAuthenticationManager] - <Authenticated principal [zhangsan] with attributes [{address=广州越秀, email=mxzdhealer@163.com}] via credentials [[zhangsan]].>[m
[32m2018-03-09 15:33:47,509 INFO [org.apereo.inspektr.audit.support.Slf4jLoggingAuditTrailManager] - <Audit trail record BEGIN
=============================================================
WHO: zhangsan
WHAT: Supplied credentials: [zhangsan]
ACTION: AUTHENTICATION_SUCCESS
APPLICATION: CAS
WHEN: Fri Mar 09 15:33:47 CST 2018
CLIENT IP ADDRESS: 0:0:0:0:0:0:0:1
SERVER IP ADDRESS: 0:0:0:0:0:0:0:1
=============================================================

>[m
[32m2018-03-09 15:33:47,509 INFO [org.apereo.inspektr.audit.support.Slf4jLoggingAuditTrailManager] - <Audit trail record BEGIN
=============================================================
WHO: zhangsan
WHAT: Supplied credentials: [zhangsan]
ACTION: AUTHENTICATION_SUCCESS
APPLICATION: CAS
WHEN: Fri Mar 09 15:33:47 CST 2018
CLIENT IP ADDRESS: 0:0:0:0:0:0:0:1
SERVER IP ADDRESS: 0:0:0:0:0:0:0:1
=============================================================

>[m
[32m2018-03-09 15:33:47,524 INFO [org.apereo.inspektr.audit.support.Slf4jLoggingAuditTrailManager] - <Audit trail record BEGIN
=============================================================
WHO: zhangsan
WHAT: TGT-**********************************************eKMTrwfdIr-JeandeMBP
ACTION: TICKET_GRANTING_TICKET_CREATED
APPLICATION: CAS
WHEN: Fri Mar 09 15:33:47 CST 2018
CLIENT IP ADDRESS: 0:0:0:0:0:0:0:1
SERVER IP ADDRESS: 0:0:0:0:0:0:0:1
=============================================================

>[m
[32m2018-03-09 15:33:47,524 INFO [org.apereo.inspektr.audit.support.Slf4jLoggingAuditTrailManager] - <Audit trail record BEGIN
=============================================================
WHO: zhangsan
WHAT: TGT-**********************************************eKMTrwfdIr-JeandeMBP
ACTION: TICKET_GRANTING_TICKET_CREATED
APPLICATION: CAS
WHEN: Fri Mar 09 15:33:47 CST 2018
CLIENT IP ADDRESS: 0:0:0:0:0:0:0:1
SERVER IP ADDRESS: 0:0:0:0:0:0:0:1
=============================================================

>[m
[32m2018-03-09 15:33:51,682 INFO [org.apereo.cas.services.DefaultServicesManager] - <Loaded [2] service(s) from [InMemoryServiceRegistry].>[m
[32m2018-03-09 15:34:51,687 INFO [org.apereo.cas.services.DefaultServicesManager] - <Loaded [2] service(s) from [InMemoryServiceRegistry].>[m
[32m2018-03-09 15:34:51,698 INFO [org.apereo.cas.ticket.registry.DefaultTicketRegistryCleaner] - <[0] expired tickets removed.>[m
[32m2018-03-09 15:35:51,692 INFO [org.apereo.cas.services.DefaultServicesManager] - <Loaded [2] service(s) from [InMemoryServiceRegistry].>[m
[32m2018-03-09 15:36:21,704 INFO [org.apereo.cas.ticket.registry.DefaultTicketRegistryCleaner] - <[0] expired tickets removed.>[m
[32m2018-03-09 15:36:51,693 INFO [org.apereo.cas.services.DefaultServicesManager] - <Loaded [2] service(s) from [InMemoryServiceRegistry].>[m
[32m2018-03-09 15:37:51,696 INFO [org.apereo.cas.services.DefaultServicesManager] - <Loaded [2] service(s) from [InMemoryServiceRegistry].>[m
[32m2018-03-09 15:37:51,707 INFO [org.apereo.cas.ticket.registry.DefaultTicketRegistryCleaner] - <[0] expired tickets removed.>[m
[32m2018-03-09 15:38:51,700 INFO [org.apereo.cas.services.DefaultServicesManager] - <Loaded [2] service(s) from [InMemoryServiceRegistry].>[m
[32m2018-03-09 15:39:21,710 INFO [org.apereo.cas.ticket.registry.DefaultTicketRegistryCleaner] - <[0] expired tickets removed.>[m
[32m2018-03-09 15:39:51,704 INFO [org.apereo.cas.services.DefaultServicesManager] - <Loaded [2] service(s) from [InMemoryServiceRegistry].>[m
[32m2018-03-09 15:40:05,687 INFO [org.apereo.inspektr.audit.support.Slf4jLoggingAuditTrailManager] - <Audit trail record BEGIN
=============================================================
WHO: audit:unknown
WHAT: [event=success,timestamp=Fri Mar 09 15:40:05 CST 2018,source=RankedAuthenticationProviderWebflowEventResolver]
ACTION: AUTHENTICATION_EVENT_TRIGGERED
APPLICATION: CAS
WHEN: Fri Mar 09 15:40:05 CST 2018
CLIENT IP ADDRESS: 0:0:0:0:0:0:0:1
SERVER IP ADDRESS: 0:0:0:0:0:0:0:1
=============================================================

>[m
[32m2018-03-09 15:40:05,687 INFO [org.apereo.inspektr.audit.support.Slf4jLoggingAuditTrailManager] - <Audit trail record BEGIN
=============================================================
WHO: audit:unknown
WHAT: [event=success,timestamp=Fri Mar 09 15:40:05 CST 2018,source=RankedAuthenticationProviderWebflowEventResolver]
ACTION: AUTHENTICATION_EVENT_TRIGGERED
APPLICATION: CAS
WHEN: Fri Mar 09 15:40:05 CST 2018
CLIENT IP ADDRESS: 0:0:0:0:0:0:0:1
SERVER IP ADDRESS: 0:0:0:0:0:0:0:1
=============================================================

>[m
[32m2018-03-09 15:40:17,714 INFO [org.apereo.cas.authentication.PolicyBasedAuthenticationManager] - <[QueryAndEncodeDatabaseAuthenticationHandler] failed authenticating [zhangsan]>[m
[32m2018-03-09 15:40:17,717 INFO [org.apereo.cas.authentication.PolicyBasedAuthenticationManager] - <[QueryDatabaseAuthenticationHandler] failed authenticating [zhangsan]>[m
[33m2018-03-09 15:40:17,717 WARN [org.apereo.cas.authentication.PolicyBasedAuthenticationManager] - <Authentication has failed. Credentials may be incorrect or CAS cannot find authentication handler that supports [zhangsan] of type [UsernamePasswordCredential], which suggests a configuration problem.>[m
[32m2018-03-09 15:40:17,718 INFO [org.apereo.inspektr.audit.support.Slf4jLoggingAuditTrailManager] - <Audit trail record BEGIN
=============================================================
WHO: zhangsan
WHAT: Supplied credentials: [zhangsan]
ACTION: AUTHENTICATION_FAILED
APPLICATION: CAS
WHEN: Fri Mar 09 15:40:17 CST 2018
CLIENT IP ADDRESS: 0:0:0:0:0:0:0:1
SERVER IP ADDRESS: 0:0:0:0:0:0:0:1
=============================================================

>[m
[32m2018-03-09 15:40:17,718 INFO [org.apereo.inspektr.audit.support.Slf4jLoggingAuditTrailManager] - <Audit trail record BEGIN
=============================================================
WHO: zhangsan
WHAT: Supplied credentials: [zhangsan]
ACTION: AUTHENTICATION_FAILED
APPLICATION: CAS
WHEN: Fri Mar 09 15:40:17 CST 2018
CLIENT IP ADDRESS: 0:0:0:0:0:0:0:1
SERVER IP ADDRESS: 0:0:0:0:0:0:0:1
=============================================================

>[m
[32m2018-03-09 15:40:25,455 INFO [org.apereo.cas.authentication.PolicyBasedAuthenticationManager] - <[QueryAndEncodeDatabaseAuthenticationHandler] failed authenticating [zhangsan]>[m
[32m2018-03-09 15:40:25,461 INFO [org.apereo.cas.authentication.AbstractAuthenticationManager] - <Authenticated principal [zhangsan] with attributes [{address=广州越秀, email=mxzdhealer@163.com}] via credentials [[zhangsan]].>[m
[32m2018-03-09 15:40:25,461 INFO [org.apereo.inspektr.audit.support.Slf4jLoggingAuditTrailManager] - <Audit trail record BEGIN
=============================================================
WHO: zhangsan
WHAT: Supplied credentials: [zhangsan]
ACTION: AUTHENTICATION_SUCCESS
APPLICATION: CAS
WHEN: Fri Mar 09 15:40:25 CST 2018
CLIENT IP ADDRESS: 0:0:0:0:0:0:0:1
SERVER IP ADDRESS: 0:0:0:0:0:0:0:1
=============================================================

>[m
[32m2018-03-09 15:40:25,461 INFO [org.apereo.inspektr.audit.support.Slf4jLoggingAuditTrailManager] - <Audit trail record BEGIN
=============================================================
WHO: zhangsan
WHAT: Supplied credentials: [zhangsan]
ACTION: AUTHENTICATION_SUCCESS
APPLICATION: CAS
WHEN: Fri Mar 09 15:40:25 CST 2018
CLIENT IP ADDRESS: 0:0:0:0:0:0:0:1
SERVER IP ADDRESS: 0:0:0:0:0:0:0:1
=============================================================

>[m
[32m2018-03-09 15:40:25,541 INFO [org.apereo.inspektr.audit.support.Slf4jLoggingAuditTrailManager] - <Audit trail record BEGIN
=============================================================
WHO: zhangsan
WHAT: TGT-**********************************************f6cbdDVv6j-JeandeMBP
ACTION: TICKET_GRANTING_TICKET_CREATED
APPLICATION: CAS
WHEN: Fri Mar 09 15:40:25 CST 2018
CLIENT IP ADDRESS: 0:0:0:0:0:0:0:1
SERVER IP ADDRESS: 0:0:0:0:0:0:0:1
=============================================================

>[m
[32m2018-03-09 15:40:25,541 INFO [org.apereo.inspektr.audit.support.Slf4jLoggingAuditTrailManager] - <Audit trail record BEGIN
=============================================================
WHO: zhangsan
WHAT: TGT-**********************************************f6cbdDVv6j-JeandeMBP
ACTION: TICKET_GRANTING_TICKET_CREATED
APPLICATION: CAS
WHEN: Fri Mar 09 15:40:25 CST 2018
CLIENT IP ADDRESS: 0:0:0:0:0:0:0:1
SERVER IP ADDRESS: 0:0:0:0:0:0:0:1
=============================================================

>[m
[32m2018-03-09 15:40:25,562 INFO [org.apereo.cas.DefaultCentralAuthenticationService] - <Granted ticket [ST-1-zPvrsHzfNQfDBBPtg1C9-JeandeMBP] for service [http://localhost:8083/start] and principal [zhangsan]>[m
[32m2018-03-09 15:40:25,563 INFO [org.apereo.inspektr.audit.support.Slf4jLoggingAuditTrailManager] - <Audit trail record BEGIN
=============================================================
WHO: zhangsan
WHAT: ST-1-zPvrsHzfNQfDBBPtg1C9-JeandeMBP for http://localhost:8083/start
ACTION: SERVICE_TICKET_CREATED
APPLICATION: CAS
WHEN: Fri Mar 09 15:40:25 CST 2018
CLIENT IP ADDRESS: 0:0:0:0:0:0:0:1
SERVER IP ADDRESS: 0:0:0:0:0:0:0:1
=============================================================

>[m
[32m2018-03-09 15:40:25,563 INFO [org.apereo.inspektr.audit.support.Slf4jLoggingAuditTrailManager] - <Audit trail record BEGIN
=============================================================
WHO: zhangsan
WHAT: ST-1-zPvrsHzfNQfDBBPtg1C9-JeandeMBP for http://localhost:8083/start
ACTION: SERVICE_TICKET_CREATED
APPLICATION: CAS
WHEN: Fri Mar 09 15:40:25 CST 2018
CLIENT IP ADDRESS: 0:0:0:0:0:0:0:1
SERVER IP ADDRESS: 0:0:0:0:0:0:0:1
=============================================================

>[m
[32m2018-03-09 15:40:28,075 INFO [org.apereo.inspektr.audit.support.Slf4jLoggingAuditTrailManager] - <Audit trail record BEGIN
=============================================================
WHO: zhangsan
WHAT: ST-1-zPvrsHzfNQfDBBPtg1C9-JeandeMBP
ACTION: SERVICE_TICKET_VALIDATED
APPLICATION: CAS
WHEN: Fri Mar 09 15:40:28 CST 2018
CLIENT IP ADDRESS: 127.0.0.1
SERVER IP ADDRESS: 127.0.0.1
=============================================================

>[m
[32m2018-03-09 15:40:28,075 INFO [org.apereo.inspektr.audit.support.Slf4jLoggingAuditTrailManager] - <Audit trail record BEGIN
=============================================================
WHO: zhangsan
WHAT: ST-1-zPvrsHzfNQfDBBPtg1C9-JeandeMBP
ACTION: SERVICE_TICKET_VALIDATED
APPLICATION: CAS
WHEN: Fri Mar 09 15:40:28 CST 2018
CLIENT IP ADDRESS: 127.0.0.1
SERVER IP ADDRESS: 127.0.0.1
=============================================================

>[m
[32m2018-03-09 15:40:51,709 INFO [org.apereo.cas.services.DefaultServicesManager] - <Loaded [2] service(s) from [InMemoryServiceRegistry].>[m
[32m2018-03-09 15:40:51,712 INFO [org.apereo.cas.ticket.registry.DefaultTicketRegistryCleaner] - <[0] expired tickets removed.>[m
[32m2018-03-09 15:41:51,714 INFO [org.apereo.cas.services.DefaultServicesManager] - <Loaded [2] service(s) from [InMemoryServiceRegistry].>[m
[32m2018-03-09 15:42:21,713 INFO [org.apereo.cas.ticket.registry.DefaultTicketRegistryCleaner] - <[0] expired tickets removed.>[m
[32m2018-03-09 15:42:51,719 INFO [org.apereo.cas.services.DefaultServicesManager] - <Loaded [2] service(s) from [InMemoryServiceRegistry].>[m
[32m2018-03-09 15:43:41,229 INFO [org.apereo.inspektr.audit.support.Slf4jLoggingAuditTrailManager] - <Audit trail record BEGIN
=============================================================
WHO: audit:unknown
WHAT: [event=success,timestamp=Fri Mar 09 15:43:41 CST 2018,source=RankedAuthenticationProviderWebflowEventResolver]
ACTION: AUTHENTICATION_EVENT_TRIGGERED
APPLICATION: CAS
WHEN: Fri Mar 09 15:43:41 CST 2018
CLIENT IP ADDRESS: 0:0:0:0:0:0:0:1
SERVER IP ADDRESS: 0:0:0:0:0:0:0:1
=============================================================

>[m
[32m2018-03-09 15:43:41,229 INFO [org.apereo.inspektr.audit.support.Slf4jLoggingAuditTrailManager] - <Audit trail record BEGIN
=============================================================
WHO: audit:unknown
WHAT: [event=success,timestamp=Fri Mar 09 15:43:41 CST 2018,source=RankedAuthenticationProviderWebflowEventResolver]
ACTION: AUTHENTICATION_EVENT_TRIGGERED
APPLICATION: CAS
WHEN: Fri Mar 09 15:43:41 CST 2018
CLIENT IP ADDRESS: 0:0:0:0:0:0:0:1
SERVER IP ADDRESS: 0:0:0:0:0:0:0:1
=============================================================

>[m
[32m2018-03-09 15:43:50,351 INFO [org.apereo.cas.authentication.PolicyBasedAuthenticationManager] - <[QueryAndEncodeDatabaseAuthenticationHandler] failed authenticating [zhangsan]>[m
[32m2018-03-09 15:43:50,357 INFO [org.apereo.cas.authentication.AbstractAuthenticationManager] - <Authenticated principal [zhangsan] with attributes [{address=广州越秀, email=mxzdhealer@163.com}] via credentials [[zhangsan]].>[m
[32m2018-03-09 15:43:50,357 INFO [org.apereo.inspektr.audit.support.Slf4jLoggingAuditTrailManager] - <Audit trail record BEGIN
=============================================================
WHO: zhangsan
WHAT: Supplied credentials: [zhangsan]
ACTION: AUTHENTICATION_SUCCESS
APPLICATION: CAS
WHEN: Fri Mar 09 15:43:50 CST 2018
CLIENT IP ADDRESS: 0:0:0:0:0:0:0:1
SERVER IP ADDRESS: 0:0:0:0:0:0:0:1
=============================================================

>[m
[32m2018-03-09 15:43:50,357 INFO [org.apereo.inspektr.audit.support.Slf4jLoggingAuditTrailManager] - <Audit trail record BEGIN
=============================================================
WHO: zhangsan
WHAT: Supplied credentials: [zhangsan]
ACTION: AUTHENTICATION_SUCCESS
APPLICATION: CAS
WHEN: Fri Mar 09 15:43:50 CST 2018
CLIENT IP ADDRESS: 0:0:0:0:0:0:0:1
SERVER IP ADDRESS: 0:0:0:0:0:0:0:1
=============================================================

>[m
[32m2018-03-09 15:43:50,359 INFO [org.apereo.inspektr.audit.support.Slf4jLoggingAuditTrailManager] - <Audit trail record BEGIN
=============================================================
WHO: zhangsan
WHAT: TGT-**********************************************gqCY4Io5RS-JeandeMBP
ACTION: TICKET_GRANTING_TICKET_CREATED
APPLICATION: CAS
WHEN: Fri Mar 09 15:43:50 CST 2018
CLIENT IP ADDRESS: 0:0:0:0:0:0:0:1
SERVER IP ADDRESS: 0:0:0:0:0:0:0:1
=============================================================

>[m
[32m2018-03-09 15:43:50,359 INFO [org.apereo.inspektr.audit.support.Slf4jLoggingAuditTrailManager] - <Audit trail record BEGIN
=============================================================
WHO: zhangsan
WHAT: TGT-**********************************************gqCY4Io5RS-JeandeMBP
ACTION: TICKET_GRANTING_TICKET_CREATED
APPLICATION: CAS
WHEN: Fri Mar 09 15:43:50 CST 2018
CLIENT IP ADDRESS: 0:0:0:0:0:0:0:1
SERVER IP ADDRESS: 0:0:0:0:0:0:0:1
=============================================================

>[m
[32m2018-03-09 15:43:50,362 INFO [org.apereo.cas.DefaultCentralAuthenticationService] - <Granted ticket [ST-2-bomtYxlK5b7dbRbavhba-JeandeMBP] for service [http://localhost:8083/start] and principal [zhangsan]>[m
[32m2018-03-09 15:43:50,362 INFO [org.apereo.inspektr.audit.support.Slf4jLoggingAuditTrailManager] - <Audit trail record BEGIN
=============================================================
WHO: zhangsan
WHAT: ST-2-bomtYxlK5b7dbRbavhba-JeandeMBP for http://localhost:8083/start
ACTION: SERVICE_TICKET_CREATED
APPLICATION: CAS
WHEN: Fri Mar 09 15:43:50 CST 2018
CLIENT IP ADDRESS: 0:0:0:0:0:0:0:1
SERVER IP ADDRESS: 0:0:0:0:0:0:0:1
=============================================================

>[m
[32m2018-03-09 15:43:50,362 INFO [org.apereo.inspektr.audit.support.Slf4jLoggingAuditTrailManager] - <Audit trail record BEGIN
=============================================================
WHO: zhangsan
WHAT: ST-2-bomtYxlK5b7dbRbavhba-JeandeMBP for http://localhost:8083/start
ACTION: SERVICE_TICKET_CREATED
APPLICATION: CAS
WHEN: Fri Mar 09 15:43:50 CST 2018
CLIENT IP ADDRESS: 0:0:0:0:0:0:0:1
SERVER IP ADDRESS: 0:0:0:0:0:0:0:1
=============================================================

>[m
[32m2018-03-09 15:43:50,402 INFO [org.apereo.inspektr.audit.support.Slf4jLoggingAuditTrailManager] - <Audit trail record BEGIN
=============================================================
WHO: zhangsan
WHAT: ST-2-bomtYxlK5b7dbRbavhba-JeandeMBP
ACTION: SERVICE_TICKET_VALIDATED
APPLICATION: CAS
WHEN: Fri Mar 09 15:43:50 CST 2018
CLIENT IP ADDRESS: 127.0.0.1
SERVER IP ADDRESS: 127.0.0.1
=============================================================

>[m
[32m2018-03-09 15:43:50,402 INFO [org.apereo.inspektr.audit.support.Slf4jLoggingAuditTrailManager] - <Audit trail record BEGIN
=============================================================
WHO: zhangsan
WHAT: ST-2-bomtYxlK5b7dbRbavhba-JeandeMBP
ACTION: SERVICE_TICKET_VALIDATED
APPLICATION: CAS
WHEN: Fri Mar 09 15:43:50 CST 2018
CLIENT IP ADDRESS: 127.0.0.1
SERVER IP ADDRESS: 127.0.0.1
=============================================================

>[m
[32m2018-03-09 15:43:51,715 INFO [org.apereo.cas.ticket.registry.DefaultTicketRegistryCleaner] - <[0] expired tickets removed.>[m
[32m2018-03-09 15:43:51,721 INFO [org.apereo.cas.services.DefaultServicesManager] - <Loaded [2] service(s) from [InMemoryServiceRegistry].>[m
[32m2018-03-09 15:44:51,723 INFO [org.apereo.cas.services.DefaultServicesManager] - <Loaded [2] service(s) from [InMemoryServiceRegistry].>[m
[32m2018-03-09 15:45:21,719 INFO [org.apereo.cas.ticket.registry.DefaultTicketRegistryCleaner] - <[0] expired tickets removed.>[m
[32m2018-03-09 15:45:42,124 INFO [org.apereo.inspektr.audit.support.Slf4jLoggingAuditTrailManager] - <Audit trail record BEGIN
=============================================================
WHO: audit:unknown
WHAT: [event=success,timestamp=Fri Mar 09 15:45:42 CST 2018,source=RankedAuthenticationProviderWebflowEventResolver]
ACTION: AUTHENTICATION_EVENT_TRIGGERED
APPLICATION: CAS
WHEN: Fri Mar 09 15:45:42 CST 2018
CLIENT IP ADDRESS: 0:0:0:0:0:0:0:1
SERVER IP ADDRESS: 0:0:0:0:0:0:0:1
=============================================================

>[m
[32m2018-03-09 15:45:42,124 INFO [org.apereo.inspektr.audit.support.Slf4jLoggingAuditTrailManager] - <Audit trail record BEGIN
=============================================================
WHO: audit:unknown
WHAT: [event=success,timestamp=Fri Mar 09 15:45:42 CST 2018,source=RankedAuthenticationProviderWebflowEventResolver]
ACTION: AUTHENTICATION_EVENT_TRIGGERED
APPLICATION: CAS
WHEN: Fri Mar 09 15:45:42 CST 2018
CLIENT IP ADDRESS: 0:0:0:0:0:0:0:1
SERVER IP ADDRESS: 0:0:0:0:0:0:0:1
=============================================================

>[m
[32m2018-03-09 15:45:44,497 INFO [org.apereo.cas.authentication.PolicyBasedAuthenticationManager] - <[QueryAndEncodeDatabaseAuthenticationHandler] failed authenticating [zhangsan]>[m
[32m2018-03-09 15:45:44,502 INFO [org.apereo.cas.authentication.AbstractAuthenticationManager] - <Authenticated principal [zhangsan] with attributes [{address=广州越秀, email=mxzdhealer@163.com}] via credentials [[zhangsan]].>[m
[32m2018-03-09 15:45:44,503 INFO [org.apereo.inspektr.audit.support.Slf4jLoggingAuditTrailManager] - <Audit trail record BEGIN
=============================================================
WHO: zhangsan
WHAT: Supplied credentials: [zhangsan]
ACTION: AUTHENTICATION_SUCCESS
APPLICATION: CAS
WHEN: Fri Mar 09 15:45:44 CST 2018
CLIENT IP ADDRESS: 0:0:0:0:0:0:0:1
SERVER IP ADDRESS: 0:0:0:0:0:0:0:1
=============================================================

>[m
[32m2018-03-09 15:45:44,503 INFO [org.apereo.inspektr.audit.support.Slf4jLoggingAuditTrailManager] - <Audit trail record BEGIN
=============================================================
WHO: zhangsan
WHAT: Supplied credentials: [zhangsan]
ACTION: AUTHENTICATION_SUCCESS
APPLICATION: CAS
WHEN: Fri Mar 09 15:45:44 CST 2018
CLIENT IP ADDRESS: 0:0:0:0:0:0:0:1
SERVER IP ADDRESS: 0:0:0:0:0:0:0:1
=============================================================

>[m
[32m2018-03-09 15:45:44,505 INFO [org.apereo.inspektr.audit.support.Slf4jLoggingAuditTrailManager] - <Audit trail record BEGIN
=============================================================
WHO: zhangsan
WHAT: TGT-**********************************************NjDQODm2Au-JeandeMBP
ACTION: TICKET_GRANTING_TICKET_CREATED
APPLICATION: CAS
WHEN: Fri Mar 09 15:45:44 CST 2018
CLIENT IP ADDRESS: 0:0:0:0:0:0:0:1
SERVER IP ADDRESS: 0:0:0:0:0:0:0:1
=============================================================

>[m
[32m2018-03-09 15:45:44,505 INFO [org.apereo.inspektr.audit.support.Slf4jLoggingAuditTrailManager] - <Audit trail record BEGIN
=============================================================
WHO: zhangsan
WHAT: TGT-**********************************************NjDQODm2Au-JeandeMBP
ACTION: TICKET_GRANTING_TICKET_CREATED
APPLICATION: CAS
WHEN: Fri Mar 09 15:45:44 CST 2018
CLIENT IP ADDRESS: 0:0:0:0:0:0:0:1
SERVER IP ADDRESS: 0:0:0:0:0:0:0:1
=============================================================

>[m
[32m2018-03-09 15:45:44,508 INFO [org.apereo.cas.DefaultCentralAuthenticationService] - <Granted ticket [ST-3-mT3lcylvsM2qKSlZ50Eo-JeandeMBP] for service [http://localhost:8083/start] and principal [zhangsan]>[m
[32m2018-03-09 15:45:44,509 INFO [org.apereo.inspektr.audit.support.Slf4jLoggingAuditTrailManager] - <Audit trail record BEGIN
=============================================================
WHO: zhangsan
WHAT: ST-3-mT3lcylvsM2qKSlZ50Eo-JeandeMBP for http://localhost:8083/start
ACTION: SERVICE_TICKET_CREATED
APPLICATION: CAS
WHEN: Fri Mar 09 15:45:44 CST 2018
CLIENT IP ADDRESS: 0:0:0:0:0:0:0:1
SERVER IP ADDRESS: 0:0:0:0:0:0:0:1
=============================================================

>[m
[32m2018-03-09 15:45:44,509 INFO [org.apereo.inspektr.audit.support.Slf4jLoggingAuditTrailManager] - <Audit trail record BEGIN
=============================================================
WHO: zhangsan
WHAT: ST-3-mT3lcylvsM2qKSlZ50Eo-JeandeMBP for http://localhost:8083/start
ACTION: SERVICE_TICKET_CREATED
APPLICATION: CAS
WHEN: Fri Mar 09 15:45:44 CST 2018
CLIENT IP ADDRESS: 0:0:0:0:0:0:0:1
SERVER IP ADDRESS: 0:0:0:0:0:0:0:1
=============================================================

>[m
[32m2018-03-09 15:45:44,550 INFO [org.apereo.inspektr.audit.support.Slf4jLoggingAuditTrailManager] - <Audit trail record BEGIN
=============================================================
WHO: zhangsan
WHAT: ST-3-mT3lcylvsM2qKSlZ50Eo-JeandeMBP
ACTION: SERVICE_TICKET_VALIDATED
APPLICATION: CAS
WHEN: Fri Mar 09 15:45:44 CST 2018
CLIENT IP ADDRESS: 127.0.0.1
SERVER IP ADDRESS: 127.0.0.1
=============================================================

>[m
[32m2018-03-09 15:45:44,550 INFO [org.apereo.inspektr.audit.support.Slf4jLoggingAuditTrailManager] - <Audit trail record BEGIN
=============================================================
WHO: zhangsan
WHAT: ST-3-mT3lcylvsM2qKSlZ50Eo-JeandeMBP
ACTION: SERVICE_TICKET_VALIDATED
APPLICATION: CAS
WHEN: Fri Mar 09 15:45:44 CST 2018
CLIENT IP ADDRESS: 127.0.0.1
SERVER IP ADDRESS: 127.0.0.1
=============================================================

>[m
[32m2018-03-09 15:45:51,728 INFO [org.apereo.cas.services.DefaultServicesManager] - <Loaded [2] service(s) from [InMemoryServiceRegistry].>[m
[32m2018-03-09 15:46:51,721 INFO [org.apereo.cas.ticket.registry.DefaultTicketRegistryCleaner] - <[0] expired tickets removed.>[m
[32m2018-03-09 15:46:51,729 INFO [org.apereo.cas.services.DefaultServicesManager] - <Loaded [2] service(s) from [InMemoryServiceRegistry].>[m
[32m2018-03-09 15:47:51,734 INFO [org.apereo.cas.services.DefaultServicesManager] - <Loaded [2] service(s) from [InMemoryServiceRegistry].>[m
[32m2018-03-09 15:48:21,723 INFO [org.apereo.cas.ticket.registry.DefaultTicketRegistryCleaner] - <[0] expired tickets removed.>[m
[32m2018-03-09 15:48:51,736 INFO [org.apereo.cas.services.DefaultServicesManager] - <Loaded [2] service(s) from [InMemoryServiceRegistry].>[m
[32m2018-03-09 15:49:51,727 INFO [org.apereo.cas.ticket.registry.DefaultTicketRegistryCleaner] - <[0] expired tickets removed.>[m
[32m2018-03-09 15:49:51,737 INFO [org.apereo.cas.services.DefaultServicesManager] - <Loaded [2] service(s) from [InMemoryServiceRegistry].>[m
[32m2018-03-09 15:50:51,742 INFO [org.apereo.cas.services.DefaultServicesManager] - <Loaded [2] service(s) from [InMemoryServiceRegistry].>[m
[32m2018-03-09 15:51:21,729 INFO [org.apereo.cas.ticket.registry.DefaultTicketRegistryCleaner] - <[0] expired tickets removed.>[m
[32m2018-03-09 15:51:51,745 INFO [org.apereo.cas.services.DefaultServicesManager] - <Loaded [2] service(s) from [InMemoryServiceRegistry].>[m
[32m2018-03-09 15:51:57,621 INFO [org.apereo.inspektr.audit.support.Slf4jLoggingAuditTrailManager] - <Audit trail record BEGIN
=============================================================
WHO: audit:unknown
WHAT: [event=success,timestamp=Fri Mar 09 15:51:57 CST 2018,source=RankedAuthenticationProviderWebflowEventResolver]
ACTION: AUTHENTICATION_EVENT_TRIGGERED
APPLICATION: CAS
WHEN: Fri Mar 09 15:51:57 CST 2018
CLIENT IP ADDRESS: 0:0:0:0:0:0:0:1
SERVER IP ADDRESS: 0:0:0:0:0:0:0:1
=============================================================

>[m
[32m2018-03-09 15:51:57,621 INFO [org.apereo.inspektr.audit.support.Slf4jLoggingAuditTrailManager] - <Audit trail record BEGIN
=============================================================
WHO: audit:unknown
WHAT: [event=success,timestamp=Fri Mar 09 15:51:57 CST 2018,source=RankedAuthenticationProviderWebflowEventResolver]
ACTION: AUTHENTICATION_EVENT_TRIGGERED
APPLICATION: CAS
WHEN: Fri Mar 09 15:51:57 CST 2018
CLIENT IP ADDRESS: 0:0:0:0:0:0:0:1
SERVER IP ADDRESS: 0:0:0:0:0:0:0:1
=============================================================

>[m
[32m2018-03-09 15:51:59,379 INFO [org.apereo.cas.authentication.PolicyBasedAuthenticationManager] - <[QueryAndEncodeDatabaseAuthenticationHandler] failed authenticating [zhangsan]>[m
[32m2018-03-09 15:51:59,384 INFO [org.apereo.cas.authentication.AbstractAuthenticationManager] - <Authenticated principal [zhangsan] with attributes [{address=广州越秀, email=mxzdhealer@163.com}] via credentials [[zhangsan]].>[m
[32m2018-03-09 15:51:59,384 INFO [org.apereo.inspektr.audit.support.Slf4jLoggingAuditTrailManager] - <Audit trail record BEGIN
=============================================================
WHO: zhangsan
WHAT: Supplied credentials: [zhangsan]
ACTION: AUTHENTICATION_SUCCESS
APPLICATION: CAS
WHEN: Fri Mar 09 15:51:59 CST 2018
CLIENT IP ADDRESS: 0:0:0:0:0:0:0:1
SERVER IP ADDRESS: 0:0:0:0:0:0:0:1
=============================================================

>[m
[32m2018-03-09 15:51:59,384 INFO [org.apereo.inspektr.audit.support.Slf4jLoggingAuditTrailManager] - <Audit trail record BEGIN
=============================================================
WHO: zhangsan
WHAT: Supplied credentials: [zhangsan]
ACTION: AUTHENTICATION_SUCCESS
APPLICATION: CAS
WHEN: Fri Mar 09 15:51:59 CST 2018
CLIENT IP ADDRESS: 0:0:0:0:0:0:0:1
SERVER IP ADDRESS: 0:0:0:0:0:0:0:1
=============================================================

>[m
[32m2018-03-09 15:51:59,387 INFO [org.apereo.inspektr.audit.support.Slf4jLoggingAuditTrailManager] - <Audit trail record BEGIN
=============================================================
WHO: zhangsan
WHAT: TGT-**********************************************uSsj6eC2bs-JeandeMBP
ACTION: TICKET_GRANTING_TICKET_CREATED
APPLICATION: CAS
WHEN: Fri Mar 09 15:51:59 CST 2018
CLIENT IP ADDRESS: 0:0:0:0:0:0:0:1
SERVER IP ADDRESS: 0:0:0:0:0:0:0:1
=============================================================

>[m
[32m2018-03-09 15:51:59,387 INFO [org.apereo.inspektr.audit.support.Slf4jLoggingAuditTrailManager] - <Audit trail record BEGIN
=============================================================
WHO: zhangsan
WHAT: TGT-**********************************************uSsj6eC2bs-JeandeMBP
ACTION: TICKET_GRANTING_TICKET_CREATED
APPLICATION: CAS
WHEN: Fri Mar 09 15:51:59 CST 2018
CLIENT IP ADDRESS: 0:0:0:0:0:0:0:1
SERVER IP ADDRESS: 0:0:0:0:0:0:0:1
=============================================================

>[m
[32m2018-03-09 15:51:59,390 INFO [org.apereo.cas.DefaultCentralAuthenticationService] - <Granted ticket [ST-4-MjAlu02dEWNffqSYPyN6-JeandeMBP] for service [http://localhost:8083/start] and principal [zhangsan]>[m
[32m2018-03-09 15:51:59,390 INFO [org.apereo.inspektr.audit.support.Slf4jLoggingAuditTrailManager] - <Audit trail record BEGIN
=============================================================
WHO: zhangsan
WHAT: ST-4-MjAlu02dEWNffqSYPyN6-JeandeMBP for http://localhost:8083/start
ACTION: SERVICE_TICKET_CREATED
APPLICATION: CAS
WHEN: Fri Mar 09 15:51:59 CST 2018
CLIENT IP ADDRESS: 0:0:0:0:0:0:0:1
SERVER IP ADDRESS: 0:0:0:0:0:0:0:1
=============================================================

>[m
[32m2018-03-09 15:51:59,390 INFO [org.apereo.inspektr.audit.support.Slf4jLoggingAuditTrailManager] - <Audit trail record BEGIN
=============================================================
WHO: zhangsan
WHAT: ST-4-MjAlu02dEWNffqSYPyN6-JeandeMBP for http://localhost:8083/start
ACTION: SERVICE_TICKET_CREATED
APPLICATION: CAS
WHEN: Fri Mar 09 15:51:59 CST 2018
CLIENT IP ADDRESS: 0:0:0:0:0:0:0:1
SERVER IP ADDRESS: 0:0:0:0:0:0:0:1
=============================================================

>[m
[32m2018-03-09 15:51:59,430 INFO [org.apereo.inspektr.audit.support.Slf4jLoggingAuditTrailManager] - <Audit trail record BEGIN
=============================================================
WHO: zhangsan
WHAT: ST-4-MjAlu02dEWNffqSYPyN6-JeandeMBP
ACTION: SERVICE_TICKET_VALIDATED
APPLICATION: CAS
WHEN: Fri Mar 09 15:51:59 CST 2018
CLIENT IP ADDRESS: 127.0.0.1
SERVER IP ADDRESS: 127.0.0.1
=============================================================

>[m
[32m2018-03-09 15:51:59,430 INFO [org.apereo.inspektr.audit.support.Slf4jLoggingAuditTrailManager] - <Audit trail record BEGIN
=============================================================
WHO: zhangsan
WHAT: ST-4-MjAlu02dEWNffqSYPyN6-JeandeMBP
ACTION: SERVICE_TICKET_VALIDATED
APPLICATION: CAS
WHEN: Fri Mar 09 15:51:59 CST 2018
CLIENT IP ADDRESS: 127.0.0.1
SERVER IP ADDRESS: 127.0.0.1
=============================================================

>[m
[32m2018-03-09 15:52:51,731 INFO [org.apereo.cas.ticket.registry.DefaultTicketRegistryCleaner] - <[0] expired tickets removed.>[m
[32m2018-03-09 15:52:51,748 INFO [org.apereo.cas.services.DefaultServicesManager] - <Loaded [2] service(s) from [InMemoryServiceRegistry].>[m
[32m2018-03-09 15:53:51,751 INFO [org.apereo.cas.services.DefaultServicesManager] - <Loaded [2] service(s) from [InMemoryServiceRegistry].>[m
[32m2018-03-09 15:54:21,736 INFO [org.apereo.cas.ticket.registry.DefaultTicketRegistryCleaner] - <[0] expired tickets removed.>[m
[32m2018-03-09 15:54:51,755 INFO [org.apereo.cas.services.DefaultServicesManager] - <Loaded [2] service(s) from [InMemoryServiceRegistry].>[m
[32m2018-03-09 15:55:51,741 INFO [org.apereo.cas.ticket.registry.DefaultTicketRegistryCleaner] - <[0] expired tickets removed.>[m
[32m2018-03-09 15:55:51,757 INFO [org.apereo.cas.services.DefaultServicesManager] - <Loaded [2] service(s) from [InMemoryServiceRegistry].>[m
[32m2018-03-09 15:56:51,762 INFO [org.apereo.cas.services.DefaultServicesManager] - <Loaded [2] service(s) from [InMemoryServiceRegistry].>[m
[32m2018-03-09 15:57:21,745 INFO [org.apereo.cas.ticket.registry.DefaultTicketRegistryCleaner] - <[0] expired tickets removed.>[m
[32m2018-03-09 15:57:51,765 INFO [org.apereo.cas.services.DefaultServicesManager] - <Loaded [2] service(s) from [InMemoryServiceRegistry].>[m
[32m2018-03-09 15:58:02,664 INFO [org.apereo.inspektr.audit.support.Slf4jLoggingAuditTrailManager] - <Audit trail record BEGIN
=============================================================
WHO: audit:unknown
WHAT: [event=success,timestamp=Fri Mar 09 15:58:02 CST 2018,source=RankedAuthenticationProviderWebflowEventResolver]
ACTION: AUTHENTICATION_EVENT_TRIGGERED
APPLICATION: CAS
WHEN: Fri Mar 09 15:58:02 CST 2018
CLIENT IP ADDRESS: 0:0:0:0:0:0:0:1
SERVER IP ADDRESS: 0:0:0:0:0:0:0:1
=============================================================

>[m
[32m2018-03-09 15:58:02,664 INFO [org.apereo.inspektr.audit.support.Slf4jLoggingAuditTrailManager] - <Audit trail record BEGIN
=============================================================
WHO: audit:unknown
WHAT: [event=success,timestamp=Fri Mar 09 15:58:02 CST 2018,source=RankedAuthenticationProviderWebflowEventResolver]
ACTION: AUTHENTICATION_EVENT_TRIGGERED
APPLICATION: CAS
WHEN: Fri Mar 09 15:58:02 CST 2018
CLIENT IP ADDRESS: 0:0:0:0:0:0:0:1
SERVER IP ADDRESS: 0:0:0:0:0:0:0:1
=============================================================

>[m
[32m2018-03-09 15:58:05,850 INFO [org.apereo.inspektr.audit.support.Slf4jLoggingAuditTrailManager] - <Audit trail record BEGIN
=============================================================
WHO: audit:unknown
WHAT: [event=success,timestamp=Fri Mar 09 15:58:05 CST 2018,source=RankedAuthenticationProviderWebflowEventResolver]
ACTION: AUTHENTICATION_EVENT_TRIGGERED
APPLICATION: CAS
WHEN: Fri Mar 09 15:58:05 CST 2018
CLIENT IP ADDRESS: 0:0:0:0:0:0:0:1
SERVER IP ADDRESS: 0:0:0:0:0:0:0:1
=============================================================

>[m
[32m2018-03-09 15:58:05,850 INFO [org.apereo.inspektr.audit.support.Slf4jLoggingAuditTrailManager] - <Audit trail record BEGIN
=============================================================
WHO: audit:unknown
WHAT: [event=success,timestamp=Fri Mar 09 15:58:05 CST 2018,source=RankedAuthenticationProviderWebflowEventResolver]
ACTION: AUTHENTICATION_EVENT_TRIGGERED
APPLICATION: CAS
WHEN: Fri Mar 09 15:58:05 CST 2018
CLIENT IP ADDRESS: 0:0:0:0:0:0:0:1
SERVER IP ADDRESS: 0:0:0:0:0:0:0:1
=============================================================

>[m
[32m2018-03-09 15:58:08,445 INFO [org.apereo.cas.authentication.PolicyBasedAuthenticationManager] - <[QueryAndEncodeDatabaseAuthenticationHandler] failed authenticating [zhangsan]>[m
[32m2018-03-09 15:58:08,449 INFO [org.apereo.cas.authentication.AbstractAuthenticationManager] - <Authenticated principal [zhangsan] with attributes [{address=广州越秀, email=mxzdhealer@163.com}] via credentials [[zhangsan]].>[m
[32m2018-03-09 15:58:08,450 INFO [org.apereo.inspektr.audit.support.Slf4jLoggingAuditTrailManager] - <Audit trail record BEGIN
=============================================================
WHO: zhangsan
WHAT: Supplied credentials: [zhangsan]
ACTION: AUTHENTICATION_SUCCESS
APPLICATION: CAS
WHEN: Fri Mar 09 15:58:08 CST 2018
CLIENT IP ADDRESS: 0:0:0:0:0:0:0:1
SERVER IP ADDRESS: 0:0:0:0:0:0:0:1
=============================================================

>[m
[32m2018-03-09 15:58:08,450 INFO [org.apereo.inspektr.audit.support.Slf4jLoggingAuditTrailManager] - <Audit trail record BEGIN
=============================================================
WHO: zhangsan
WHAT: Supplied credentials: [zhangsan]
ACTION: AUTHENTICATION_SUCCESS
APPLICATION: CAS
WHEN: Fri Mar 09 15:58:08 CST 2018
CLIENT IP ADDRESS: 0:0:0:0:0:0:0:1
SERVER IP ADDRESS: 0:0:0:0:0:0:0:1
=============================================================

>[m
[32m2018-03-09 15:58:08,452 INFO [org.apereo.inspektr.audit.support.Slf4jLoggingAuditTrailManager] - <Audit trail record BEGIN
=============================================================
WHO: zhangsan
WHAT: TGT-**********************************************nGvKo1NJYE-JeandeMBP
ACTION: TICKET_GRANTING_TICKET_CREATED
APPLICATION: CAS
WHEN: Fri Mar 09 15:58:08 CST 2018
CLIENT IP ADDRESS: 0:0:0:0:0:0:0:1
SERVER IP ADDRESS: 0:0:0:0:0:0:0:1
=============================================================

>[m
[32m2018-03-09 15:58:08,452 INFO [org.apereo.inspektr.audit.support.Slf4jLoggingAuditTrailManager] - <Audit trail record BEGIN
=============================================================
WHO: zhangsan
WHAT: TGT-**********************************************nGvKo1NJYE-JeandeMBP
ACTION: TICKET_GRANTING_TICKET_CREATED
APPLICATION: CAS
WHEN: Fri Mar 09 15:58:08 CST 2018
CLIENT IP ADDRESS: 0:0:0:0:0:0:0:1
SERVER IP ADDRESS: 0:0:0:0:0:0:0:1
=============================================================

>[m
[32m2018-03-09 15:58:08,454 INFO [org.apereo.cas.DefaultCentralAuthenticationService] - <Granted ticket [ST-5-MuegZ6uNUwx2ovTCbAfT-JeandeMBP] for service [http://localhost:8083/start] and principal [zhangsan]>[m
[32m2018-03-09 15:58:08,455 INFO [org.apereo.inspektr.audit.support.Slf4jLoggingAuditTrailManager] - <Audit trail record BEGIN
=============================================================
WHO: zhangsan
WHAT: ST-5-MuegZ6uNUwx2ovTCbAfT-JeandeMBP for http://localhost:8083/start
ACTION: SERVICE_TICKET_CREATED
APPLICATION: CAS
WHEN: Fri Mar 09 15:58:08 CST 2018
CLIENT IP ADDRESS: 0:0:0:0:0:0:0:1
SERVER IP ADDRESS: 0:0:0:0:0:0:0:1
=============================================================

>[m
[32m2018-03-09 15:58:08,455 INFO [org.apereo.inspektr.audit.support.Slf4jLoggingAuditTrailManager] - <Audit trail record BEGIN
=============================================================
WHO: zhangsan
WHAT: ST-5-MuegZ6uNUwx2ovTCbAfT-JeandeMBP for http://localhost:8083/start
ACTION: SERVICE_TICKET_CREATED
APPLICATION: CAS
WHEN: Fri Mar 09 15:58:08 CST 2018
CLIENT IP ADDRESS: 0:0:0:0:0:0:0:1
SERVER IP ADDRESS: 0:0:0:0:0:0:0:1
=============================================================

>[m
[32m2018-03-09 15:58:08,498 INFO [org.apereo.inspektr.audit.support.Slf4jLoggingAuditTrailManager] - <Audit trail record BEGIN
=============================================================
WHO: zhangsan
WHAT: ST-5-MuegZ6uNUwx2ovTCbAfT-JeandeMBP
ACTION: SERVICE_TICKET_VALIDATED
APPLICATION: CAS
WHEN: Fri Mar 09 15:58:08 CST 2018
CLIENT IP ADDRESS: 127.0.0.1
SERVER IP ADDRESS: 127.0.0.1
=============================================================

>[m
[32m2018-03-09 15:58:08,498 INFO [org.apereo.inspektr.audit.support.Slf4jLoggingAuditTrailManager] - <Audit trail record BEGIN
=============================================================
WHO: zhangsan
WHAT: ST-5-MuegZ6uNUwx2ovTCbAfT-JeandeMBP
ACTION: SERVICE_TICKET_VALIDATED
APPLICATION: CAS
WHEN: Fri Mar 09 15:58:08 CST 2018
CLIENT IP ADDRESS: 127.0.0.1
SERVER IP ADDRESS: 127.0.0.1
=============================================================

>[m
[32m2018-03-09 15:58:45,439 INFO [org.apereo.inspektr.audit.support.Slf4jLoggingAuditTrailManager] - <Audit trail record BEGIN
=============================================================
WHO: audit:unknown
WHAT: [event=success,timestamp=Fri Mar 09 15:58:45 CST 2018,source=RankedAuthenticationProviderWebflowEventResolver]
ACTION: AUTHENTICATION_EVENT_TRIGGERED
APPLICATION: CAS
WHEN: Fri Mar 09 15:58:45 CST 2018
CLIENT IP ADDRESS: 0:0:0:0:0:0:0:1
SERVER IP ADDRESS: 0:0:0:0:0:0:0:1
=============================================================

>[m
[32m2018-03-09 15:58:45,439 INFO [org.apereo.inspektr.audit.support.Slf4jLoggingAuditTrailManager] - <Audit trail record BEGIN
=============================================================
WHO: audit:unknown
WHAT: [event=success,timestamp=Fri Mar 09 15:58:45 CST 2018,source=RankedAuthenticationProviderWebflowEventResolver]
ACTION: AUTHENTICATION_EVENT_TRIGGERED
APPLICATION: CAS
WHEN: Fri Mar 09 15:58:45 CST 2018
CLIENT IP ADDRESS: 0:0:0:0:0:0:0:1
SERVER IP ADDRESS: 0:0:0:0:0:0:0:1
=============================================================

>[m
[32m2018-03-09 15:58:47,189 INFO [org.apereo.cas.authentication.PolicyBasedAuthenticationManager] - <[QueryAndEncodeDatabaseAuthenticationHandler] failed authenticating [zhangsan]>[m
[32m2018-03-09 15:58:47,194 INFO [org.apereo.cas.authentication.AbstractAuthenticationManager] - <Authenticated principal [zhangsan] with attributes [{address=广州越秀, email=mxzdhealer@163.com}] via credentials [[zhangsan]].>[m
[32m2018-03-09 15:58:47,194 INFO [org.apereo.inspektr.audit.support.Slf4jLoggingAuditTrailManager] - <Audit trail record BEGIN
=============================================================
WHO: zhangsan
WHAT: Supplied credentials: [zhangsan]
ACTION: AUTHENTICATION_SUCCESS
APPLICATION: CAS
WHEN: Fri Mar 09 15:58:47 CST 2018
CLIENT IP ADDRESS: 0:0:0:0:0:0:0:1
SERVER IP ADDRESS: 0:0:0:0:0:0:0:1
=============================================================

>[m
[32m2018-03-09 15:58:47,194 INFO [org.apereo.inspektr.audit.support.Slf4jLoggingAuditTrailManager] - <Audit trail record BEGIN
=============================================================
WHO: zhangsan
WHAT: Supplied credentials: [zhangsan]
ACTION: AUTHENTICATION_SUCCESS
APPLICATION: CAS
WHEN: Fri Mar 09 15:58:47 CST 2018
CLIENT IP ADDRESS: 0:0:0:0:0:0:0:1
SERVER IP ADDRESS: 0:0:0:0:0:0:0:1
=============================================================

>[m
[32m2018-03-09 15:58:47,197 INFO [org.apereo.inspektr.audit.support.Slf4jLoggingAuditTrailManager] - <Audit trail record BEGIN
=============================================================
WHO: zhangsan
WHAT: TGT-**********************************************BA6Vuq3uYd-JeandeMBP
ACTION: TICKET_GRANTING_TICKET_CREATED
APPLICATION: CAS
WHEN: Fri Mar 09 15:58:47 CST 2018
CLIENT IP ADDRESS: 0:0:0:0:0:0:0:1
SERVER IP ADDRESS: 0:0:0:0:0:0:0:1
=============================================================

>[m
[32m2018-03-09 15:58:47,197 INFO [org.apereo.inspektr.audit.support.Slf4jLoggingAuditTrailManager] - <Audit trail record BEGIN
=============================================================
WHO: zhangsan
WHAT: TGT-**********************************************BA6Vuq3uYd-JeandeMBP
ACTION: TICKET_GRANTING_TICKET_CREATED
APPLICATION: CAS
WHEN: Fri Mar 09 15:58:47 CST 2018
CLIENT IP ADDRESS: 0:0:0:0:0:0:0:1
SERVER IP ADDRESS: 0:0:0:0:0:0:0:1
=============================================================

>[m
[32m2018-03-09 15:58:47,200 INFO [org.apereo.cas.DefaultCentralAuthenticationService] - <Granted ticket [ST-6-lnTqVBbjPGy9b1jOu9c9-JeandeMBP] for service [http://localhost:8083/start] and principal [zhangsan]>[m
[32m2018-03-09 15:58:47,201 INFO [org.apereo.inspektr.audit.support.Slf4jLoggingAuditTrailManager] - <Audit trail record BEGIN
=============================================================
WHO: zhangsan
WHAT: ST-6-lnTqVBbjPGy9b1jOu9c9-JeandeMBP for http://localhost:8083/start
ACTION: SERVICE_TICKET_CREATED
APPLICATION: CAS
WHEN: Fri Mar 09 15:58:47 CST 2018
CLIENT IP ADDRESS: 0:0:0:0:0:0:0:1
SERVER IP ADDRESS: 0:0:0:0:0:0:0:1
=============================================================

>[m
[32m2018-03-09 15:58:47,201 INFO [org.apereo.inspektr.audit.support.Slf4jLoggingAuditTrailManager] - <Audit trail record BEGIN
=============================================================
WHO: zhangsan
WHAT: ST-6-lnTqVBbjPGy9b1jOu9c9-JeandeMBP for http://localhost:8083/start
ACTION: SERVICE_TICKET_CREATED
APPLICATION: CAS
WHEN: Fri Mar 09 15:58:47 CST 2018
CLIENT IP ADDRESS: 0:0:0:0:0:0:0:1
SERVER IP ADDRESS: 0:0:0:0:0:0:0:1
=============================================================

>[m
[32m2018-03-09 15:58:47,238 INFO [org.apereo.inspektr.audit.support.Slf4jLoggingAuditTrailManager] - <Audit trail record BEGIN
=============================================================
WHO: zhangsan
WHAT: ST-6-lnTqVBbjPGy9b1jOu9c9-JeandeMBP
ACTION: SERVICE_TICKET_VALIDATED
APPLICATION: CAS
WHEN: Fri Mar 09 15:58:47 CST 2018
CLIENT IP ADDRESS: 127.0.0.1
SERVER IP ADDRESS: 127.0.0.1
=============================================================

>[m
[32m2018-03-09 15:58:47,238 INFO [org.apereo.inspektr.audit.support.Slf4jLoggingAuditTrailManager] - <Audit trail record BEGIN
=============================================================
WHO: zhangsan
WHAT: ST-6-lnTqVBbjPGy9b1jOu9c9-JeandeMBP
ACTION: SERVICE_TICKET_VALIDATED
APPLICATION: CAS
WHEN: Fri Mar 09 15:58:47 CST 2018
CLIENT IP ADDRESS: 127.0.0.1
SERVER IP ADDRESS: 127.0.0.1
=============================================================

>[m
[32m2018-03-09 15:58:51,747 INFO [org.apereo.cas.ticket.registry.DefaultTicketRegistryCleaner] - <[0] expired tickets removed.>[m
[32m2018-03-09 15:58:51,769 INFO [org.apereo.cas.services.DefaultServicesManager] - <Loaded [2] service(s) from [InMemoryServiceRegistry].>[m
[32m2018-03-09 15:59:34,135 INFO [org.apereo.inspektr.audit.support.Slf4jLoggingAuditTrailManager] - <Audit trail record BEGIN
=============================================================
WHO: audit:unknown
WHAT: [event=success,timestamp=Fri Mar 09 15:59:34 CST 2018,source=RankedAuthenticationProviderWebflowEventResolver]
ACTION: AUTHENTICATION_EVENT_TRIGGERED
APPLICATION: CAS
WHEN: Fri Mar 09 15:59:34 CST 2018
CLIENT IP ADDRESS: 0:0:0:0:0:0:0:1
SERVER IP ADDRESS: 0:0:0:0:0:0:0:1
=============================================================

>[m
[32m2018-03-09 15:59:34,135 INFO [org.apereo.inspektr.audit.support.Slf4jLoggingAuditTrailManager] - <Audit trail record BEGIN
=============================================================
WHO: audit:unknown
WHAT: [event=success,timestamp=Fri Mar 09 15:59:34 CST 2018,source=RankedAuthenticationProviderWebflowEventResolver]
ACTION: AUTHENTICATION_EVENT_TRIGGERED
APPLICATION: CAS
WHEN: Fri Mar 09 15:59:34 CST 2018
CLIENT IP ADDRESS: 0:0:0:0:0:0:0:1
SERVER IP ADDRESS: 0:0:0:0:0:0:0:1
=============================================================

>[m
[32m2018-03-09 15:59:35,637 INFO [org.apereo.cas.authentication.PolicyBasedAuthenticationManager] - <[QueryAndEncodeDatabaseAuthenticationHandler] failed authenticating [zhangsan]>[m
[32m2018-03-09 15:59:35,641 INFO [org.apereo.cas.authentication.AbstractAuthenticationManager] - <Authenticated principal [zhangsan] with attributes [{address=广州越秀, email=mxzdhealer@163.com}] via credentials [[zhangsan]].>[m
[32m2018-03-09 15:59:35,641 INFO [org.apereo.inspektr.audit.support.Slf4jLoggingAuditTrailManager] - <Audit trail record BEGIN
=============================================================
WHO: zhangsan
WHAT: Supplied credentials: [zhangsan]
ACTION: AUTHENTICATION_SUCCESS
APPLICATION: CAS
WHEN: Fri Mar 09 15:59:35 CST 2018
CLIENT IP ADDRESS: 0:0:0:0:0:0:0:1
SERVER IP ADDRESS: 0:0:0:0:0:0:0:1
=============================================================

>[m
[32m2018-03-09 15:59:35,641 INFO [org.apereo.inspektr.audit.support.Slf4jLoggingAuditTrailManager] - <Audit trail record BEGIN
=============================================================
WHO: zhangsan
WHAT: Supplied credentials: [zhangsan]
ACTION: AUTHENTICATION_SUCCESS
APPLICATION: CAS
WHEN: Fri Mar 09 15:59:35 CST 2018
CLIENT IP ADDRESS: 0:0:0:0:0:0:0:1
SERVER IP ADDRESS: 0:0:0:0:0:0:0:1
=============================================================

>[m
[32m2018-03-09 15:59:35,644 INFO [org.apereo.inspektr.audit.support.Slf4jLoggingAuditTrailManager] - <Audit trail record BEGIN
=============================================================
WHO: zhangsan
WHAT: TGT-**********************************************t6uaobiFfr-JeandeMBP
ACTION: TICKET_GRANTING_TICKET_CREATED
APPLICATION: CAS
WHEN: Fri Mar 09 15:59:35 CST 2018
CLIENT IP ADDRESS: 0:0:0:0:0:0:0:1
SERVER IP ADDRESS: 0:0:0:0:0:0:0:1
=============================================================

>[m
[32m2018-03-09 15:59:35,644 INFO [org.apereo.inspektr.audit.support.Slf4jLoggingAuditTrailManager] - <Audit trail record BEGIN
=============================================================
WHO: zhangsan
WHAT: TGT-**********************************************t6uaobiFfr-JeandeMBP
ACTION: TICKET_GRANTING_TICKET_CREATED
APPLICATION: CAS
WHEN: Fri Mar 09 15:59:35 CST 2018
CLIENT IP ADDRESS: 0:0:0:0:0:0:0:1
SERVER IP ADDRESS: 0:0:0:0:0:0:0:1
=============================================================

>[m
[32m2018-03-09 15:59:35,647 INFO [org.apereo.cas.DefaultCentralAuthenticationService] - <Granted ticket [ST-7-CCbO7MoGLxFyggNMf9hs-JeandeMBP] for service [http://localhost:8083/start] and principal [zhangsan]>[m
[32m2018-03-09 15:59:35,648 INFO [org.apereo.inspektr.audit.support.Slf4jLoggingAuditTrailManager] - <Audit trail record BEGIN
=============================================================
WHO: zhangsan
WHAT: ST-7-CCbO7MoGLxFyggNMf9hs-JeandeMBP for http://localhost:8083/start
ACTION: SERVICE_TICKET_CREATED
APPLICATION: CAS
WHEN: Fri Mar 09 15:59:35 CST 2018
CLIENT IP ADDRESS: 0:0:0:0:0:0:0:1
SERVER IP ADDRESS: 0:0:0:0:0:0:0:1
=============================================================

>[m
[32m2018-03-09 15:59:35,648 INFO [org.apereo.inspektr.audit.support.Slf4jLoggingAuditTrailManager] - <Audit trail record BEGIN
=============================================================
WHO: zhangsan
WHAT: ST-7-CCbO7MoGLxFyggNMf9hs-JeandeMBP for http://localhost:8083/start
ACTION: SERVICE_TICKET_CREATED
APPLICATION: CAS
WHEN: Fri Mar 09 15:59:35 CST 2018
CLIENT IP ADDRESS: 0:0:0:0:0:0:0:1
SERVER IP ADDRESS: 0:0:0:0:0:0:0:1
=============================================================

>[m
[32m2018-03-09 15:59:35,683 INFO [org.apereo.inspektr.audit.support.Slf4jLoggingAuditTrailManager] - <Audit trail record BEGIN
=============================================================
WHO: zhangsan
WHAT: ST-7-CCbO7MoGLxFyggNMf9hs-JeandeMBP
ACTION: SERVICE_TICKET_VALIDATED
APPLICATION: CAS
WHEN: Fri Mar 09 15:59:35 CST 2018
CLIENT IP ADDRESS: 127.0.0.1
SERVER IP ADDRESS: 127.0.0.1
=============================================================

>[m
[32m2018-03-09 15:59:35,683 INFO [org.apereo.inspektr.audit.support.Slf4jLoggingAuditTrailManager] - <Audit trail record BEGIN
=============================================================
WHO: zhangsan
WHAT: ST-7-CCbO7MoGLxFyggNMf9hs-JeandeMBP
ACTION: SERVICE_TICKET_VALIDATED
APPLICATION: CAS
WHEN: Fri Mar 09 15:59:35 CST 2018
CLIENT IP ADDRESS: 127.0.0.1
SERVER IP ADDRESS: 127.0.0.1
=============================================================

>[m
[32m2018-03-09 15:59:51,773 INFO [org.apereo.cas.services.DefaultServicesManager] - <Loaded [2] service(s) from [InMemoryServiceRegistry].>[m
