[32m2018-03-09 14:00:26,543 INFO [org.apereo.cas.ticket.registry.DefaultTicketRegistryCleaner] - <[0] expired tickets removed.>[m
[32m2018-03-09 14:00:26,568 INFO [org.apereo.cas.services.DefaultServicesManager] - <Loaded [2] service(s) from [InMemoryServiceRegistry].>[m
[32m2018-03-09 14:01:26,570 INFO [org.apereo.cas.services.DefaultServicesManager] - <Loaded [2] service(s) from [InMemoryServiceRegistry].>[m
[32m2018-03-09 14:01:56,548 INFO [org.apereo.cas.ticket.registry.DefaultTicketRegistryCleaner] - <[0] expired tickets removed.>[m
[32m2018-03-09 14:02:26,576 INFO [org.apereo.cas.services.DefaultServicesManager] - <Loaded [2] service(s) from [InMemoryServiceRegistry].>[m
[32m2018-03-09 14:02:31,691 INFO [org.apereo.inspektr.audit.support.Slf4jLoggingAuditTrailManager] - <Audit trail record BEGIN
=============================================================
WHO: audit:unknown
WHAT: [event=success,timestamp=Fri Mar 09 14:02:31 CST 2018,source=RankedAuthenticationProviderWebflowEventResolver]
ACTION: AUTHENTICATION_EVENT_TRIGGERED
APPLICATION: CAS
WHEN: Fri Mar 09 14:02:31 CST 2018
CLIENT IP ADDRESS: 0:0:0:0:0:0:0:1
SERVER IP ADDRESS: 0:0:0:0:0:0:0:1
=============================================================

>[m
[32m2018-03-09 14:02:31,691 INFO [org.apereo.inspektr.audit.support.Slf4jLoggingAuditTrailManager] - <Audit trail record BEGIN
=============================================================
WHO: audit:unknown
WHAT: [event=success,timestamp=Fri Mar 09 14:02:31 CST 2018,source=RankedAuthenticationProviderWebflowEventResolver]
ACTION: AUTHENTICATION_EVENT_TRIGGERED
APPLICATION: CAS
WHEN: Fri Mar 09 14:02:31 CST 2018
CLIENT IP ADDRESS: 0:0:0:0:0:0:0:1
SERVER IP ADDRESS: 0:0:0:0:0:0:0:1
=============================================================

>[m
[32m2018-03-09 14:02:52,317 INFO [org.apereo.inspektr.audit.support.Slf4jLoggingAuditTrailManager] - <Audit trail record BEGIN
=============================================================
WHO: audit:unknown
WHAT: [event=success,timestamp=Fri Mar 09 14:02:52 CST 2018,source=RankedAuthenticationProviderWebflowEventResolver]
ACTION: AUTHENTICATION_EVENT_TRIGGERED
APPLICATION: CAS
WHEN: Fri Mar 09 14:02:52 CST 2018
CLIENT IP ADDRESS: 0:0:0:0:0:0:0:1
SERVER IP ADDRESS: 0:0:0:0:0:0:0:1
=============================================================

>[m
[32m2018-03-09 14:02:52,317 INFO [org.apereo.inspektr.audit.support.Slf4jLoggingAuditTrailManager] - <Audit trail record BEGIN
=============================================================
WHO: audit:unknown
WHAT: [event=success,timestamp=Fri Mar 09 14:02:52 CST 2018,source=RankedAuthenticationProviderWebflowEventResolver]
ACTION: AUTHENTICATION_EVENT_TRIGGERED
APPLICATION: CAS
WHEN: Fri Mar 09 14:02:52 CST 2018
CLIENT IP ADDRESS: 0:0:0:0:0:0:0:1
SERVER IP ADDRESS: 0:0:0:0:0:0:0:1
=============================================================

>[m
[32m2018-03-09 14:03:26,552 INFO [org.apereo.cas.ticket.registry.DefaultTicketRegistryCleaner] - <[0] expired tickets removed.>[m
[32m2018-03-09 14:03:26,579 INFO [org.apereo.cas.services.DefaultServicesManager] - <Loaded [2] service(s) from [InMemoryServiceRegistry].>[m
[32m2018-03-09 14:04:26,581 INFO [org.apereo.cas.services.DefaultServicesManager] - <Loaded [2] service(s) from [InMemoryServiceRegistry].>[m
[32m2018-03-09 14:04:56,557 INFO [org.apereo.cas.ticket.registry.DefaultTicketRegistryCleaner] - <[0] expired tickets removed.>[m
[32m2018-03-09 14:05:26,582 INFO [org.apereo.cas.services.DefaultServicesManager] - <Loaded [2] service(s) from [InMemoryServiceRegistry].>[m
[32m2018-03-09 14:06:26,562 INFO [org.apereo.cas.ticket.registry.DefaultTicketRegistryCleaner] - <[0] expired tickets removed.>[m
[32m2018-03-09 14:06:26,586 INFO [org.apereo.cas.services.DefaultServicesManager] - <Loaded [2] service(s) from [InMemoryServiceRegistry].>[m
[32m2018-03-09 14:07:26,589 INFO [org.apereo.cas.services.DefaultServicesManager] - <Loaded [2] service(s) from [InMemoryServiceRegistry].>[m
[32m2018-03-09 14:07:56,565 INFO [org.apereo.cas.ticket.registry.DefaultTicketRegistryCleaner] - <[0] expired tickets removed.>[m
[32m2018-03-09 14:08:26,592 INFO [org.apereo.cas.services.DefaultServicesManager] - <Loaded [2] service(s) from [InMemoryServiceRegistry].>[m
[32m2018-03-09 14:09:26,570 INFO [org.apereo.cas.ticket.registry.DefaultTicketRegistryCleaner] - <[0] expired tickets removed.>[m
[32m2018-03-09 14:09:26,594 INFO [org.apereo.cas.services.DefaultServicesManager] - <Loaded [2] service(s) from [InMemoryServiceRegistry].>[m
[32m2018-03-09 14:10:26,599 INFO [org.apereo.cas.services.DefaultServicesManager] - <Loaded [2] service(s) from [InMemoryServiceRegistry].>[m
[32m2018-03-09 14:10:56,575 INFO [org.apereo.cas.ticket.registry.DefaultTicketRegistryCleaner] - <[0] expired tickets removed.>[m
[32m2018-03-09 14:11:26,603 INFO [org.apereo.cas.services.DefaultServicesManager] - <Loaded [2] service(s) from [InMemoryServiceRegistry].>[m
[32m2018-03-09 14:12:26,580 INFO [org.apereo.cas.ticket.registry.DefaultTicketRegistryCleaner] - <[0] expired tickets removed.>[m
[32m2018-03-09 14:12:26,608 INFO [org.apereo.cas.services.DefaultServicesManager] - <Loaded [2] service(s) from [InMemoryServiceRegistry].>[m
[32m2018-03-09 14:13:26,613 INFO [org.apereo.cas.services.DefaultServicesManager] - <Loaded [2] service(s) from [InMemoryServiceRegistry].>[m
[32m2018-03-09 14:13:56,581 INFO [org.apereo.cas.ticket.registry.DefaultTicketRegistryCleaner] - <[0] expired tickets removed.>[m
[32m2018-03-09 14:14:26,616 INFO [org.apereo.cas.services.DefaultServicesManager] - <Loaded [2] service(s) from [InMemoryServiceRegistry].>[m
[32m2018-03-09 14:15:26,585 INFO [org.apereo.cas.ticket.registry.DefaultTicketRegistryCleaner] - <[0] expired tickets removed.>[m
[32m2018-03-09 14:15:26,621 INFO [org.apereo.cas.services.DefaultServicesManager] - <Loaded [2] service(s) from [InMemoryServiceRegistry].>[m
[32m2018-03-09 14:16:26,623 INFO [org.apereo.cas.services.DefaultServicesManager] - <Loaded [2] service(s) from [InMemoryServiceRegistry].>[m
[32m2018-03-09 14:16:56,591 INFO [org.apereo.cas.ticket.registry.DefaultTicketRegistryCleaner] - <[0] expired tickets removed.>[m
[32m2018-03-09 14:17:26,624 INFO [org.apereo.cas.services.DefaultServicesManager] - <Loaded [2] service(s) from [InMemoryServiceRegistry].>[m
[32m2018-03-09 14:18:26,594 INFO [org.apereo.cas.ticket.registry.DefaultTicketRegistryCleaner] - <[0] expired tickets removed.>[m
[32m2018-03-09 14:18:26,626 INFO [org.apereo.cas.services.DefaultServicesManager] - <Loaded [2] service(s) from [InMemoryServiceRegistry].>[m
[32m2018-03-09 14:19:26,626 INFO [org.apereo.cas.services.DefaultServicesManager] - <Loaded [2] service(s) from [InMemoryServiceRegistry].>[m
[32m2018-03-09 14:19:56,598 INFO [org.apereo.cas.ticket.registry.DefaultTicketRegistryCleaner] - <[0] expired tickets removed.>[m
[32m2018-03-09 14:20:26,630 INFO [org.apereo.cas.services.DefaultServicesManager] - <Loaded [2] service(s) from [InMemoryServiceRegistry].>[m
[32m2018-03-09 14:21:28,013 INFO [org.apereo.cas.ticket.registry.DefaultTicketRegistryCleaner] - <[0] expired tickets removed.>[m
[32m2018-03-09 14:21:28,042 INFO [org.apereo.cas.services.DefaultServicesManager] - <Loaded [2] service(s) from [InMemoryServiceRegistry].>[m
[32m2018-03-09 14:22:28,048 INFO [org.apereo.cas.services.DefaultServicesManager] - <Loaded [2] service(s) from [InMemoryServiceRegistry].>[m
[32m2018-03-09 14:22:58,017 INFO [org.apereo.cas.ticket.registry.DefaultTicketRegistryCleaner] - <[0] expired tickets removed.>[m
[32m2018-03-09 14:23:28,049 INFO [org.apereo.cas.services.DefaultServicesManager] - <Loaded [2] service(s) from [InMemoryServiceRegistry].>[m
[32m2018-03-09 14:23:28,815 INFO [org.apereo.inspektr.audit.support.Slf4jLoggingAuditTrailManager] - <Audit trail record BEGIN
=============================================================
WHO: audit:unknown
WHAT: [event=success,timestamp=Fri Mar 09 14:23:28 CST 2018,source=RankedAuthenticationProviderWebflowEventResolver]
ACTION: AUTHENTICATION_EVENT_TRIGGERED
APPLICATION: CAS
WHEN: Fri Mar 09 14:23:28 CST 2018
CLIENT IP ADDRESS: 127.0.0.1
SERVER IP ADDRESS: 127.0.0.1
=============================================================

>[m
[32m2018-03-09 14:23:28,815 INFO [org.apereo.inspektr.audit.support.Slf4jLoggingAuditTrailManager] - <Audit trail record BEGIN
=============================================================
WHO: audit:unknown
WHAT: [event=success,timestamp=Fri Mar 09 14:23:28 CST 2018,source=RankedAuthenticationProviderWebflowEventResolver]
ACTION: AUTHENTICATION_EVENT_TRIGGERED
APPLICATION: CAS
WHEN: Fri Mar 09 14:23:28 CST 2018
CLIENT IP ADDRESS: 127.0.0.1
SERVER IP ADDRESS: 127.0.0.1
=============================================================

>[m
[32m2018-03-09 14:24:28,020 INFO [org.apereo.cas.ticket.registry.DefaultTicketRegistryCleaner] - <[0] expired tickets removed.>[m
[32m2018-03-09 14:24:28,051 INFO [org.apereo.cas.services.DefaultServicesManager] - <Loaded [2] service(s) from [InMemoryServiceRegistry].>[m
[32m2018-03-09 14:25:28,055 INFO [org.apereo.cas.services.DefaultServicesManager] - <Loaded [2] service(s) from [InMemoryServiceRegistry].>[m
[32m2018-03-09 14:25:58,024 INFO [org.apereo.cas.ticket.registry.DefaultTicketRegistryCleaner] - <[0] expired tickets removed.>[m
[32m2018-03-09 14:26:28,059 INFO [org.apereo.cas.services.DefaultServicesManager] - <Loaded [2] service(s) from [InMemoryServiceRegistry].>[m
[32m2018-03-09 14:27:28,025 INFO [org.apereo.cas.ticket.registry.DefaultTicketRegistryCleaner] - <[0] expired tickets removed.>[m
[32m2018-03-09 14:27:28,065 INFO [org.apereo.cas.services.DefaultServicesManager] - <Loaded [2] service(s) from [InMemoryServiceRegistry].>[m
