[32m2018-03-09 17:15:56,000 INFO [org.springframework.cloud.config.client.ConfigServicePropertySourceLocator] - <Fetching config from server at: http://localhost:8888/config>[m
[32m2018-03-09 17:15:56,479 INFO [org.springframework.cloud.config.client.ConfigServicePropertySourceLocator] - <Located environment: name=sso, profiles=[dev], label=null, version=null, state=null>[m
[32m2018-03-09 17:15:56,479 INFO [org.springframework.cloud.bootstrap.config.PropertySourceBootstrapConfiguration] - <Located property source: CompositePropertySource [name='configService', propertySources=[MapPropertySource [name='classpath:/config/sso-dev.properties']]]>[m
[32m2018-03-09 17:15:56,587 INFO [org.apereo.cas.web.CasWebApplication] - <The following profiles are active: dev>[m
[32m2018-03-09 17:15:56,631 INFO [org.apereo.cas.web.CasWebApplicationContext] - <Refreshing CasWebApplicationContext>[m
[32m2018-03-09 17:16:15,326 INFO [org.apereo.cas.services.DefaultServicesManager] - <Loaded [3] service(s) from [InMemoryServiceRegistry].>[m
[32m2018-03-09 17:16:15,368 INFO [org.apereo.cas.services.DefaultServicesManager] - <Loaded [3] service(s) from [InMemoryServiceRegistry].>[m
[32m2018-03-09 17:16:15,368 INFO [org.apereo.cas.services.ServiceRegistryInitializer] - <Service registry contains [3] service definitions>[m
[33m2018-03-09 17:16:16,324 WARN [org.apereo.cas.pm.config.PasswordManagementConfiguration] - <CAS is unable to send password-reset sms messages given no settings are defined to account for sms providers, etc>[m
[32m2018-03-09 17:16:19,930 INFO [org.apereo.cas.support.events.listener.CasConfigurationEventListener] - <Refreshing CAS configuration. Stand by...>[m
[33m2018-03-09 17:16:20,838 WARN [org.apereo.cas.util.cipher.BaseStringCipherExecutor] - <Secret key for encryption is not defined for [Password Reset Token]; CAS will attempt to auto-generate the encryption key>[m
[33m2018-03-09 17:16:20,846 WARN [org.apereo.cas.util.cipher.BaseStringCipherExecutor] - <Generated encryption key [5hxUsWMntLCahwll1E3J_6IjXyWVscYvJRlPvh1nrDU] of size [256] for [Password Reset Token]. The generated key MUST be added to CAS settings.>[m
[33m2018-03-09 17:16:20,846 WARN [org.apereo.cas.util.cipher.BaseStringCipherExecutor] - <Secret key for signing is not defined for [Password Reset Token]. CAS will attempt to auto-generate the signing key>[m
[33m2018-03-09 17:16:20,847 WARN [org.apereo.cas.util.cipher.BaseStringCipherExecutor] - <Generated signing key [9jtGob8e25-xTR0eP5WNg827TXluJHxPpyxLYchJm3HgydYYhiSjaRmO4OSAVKhVhBfweJEWNvTLq631ppBpzA] of size [512] for [Password Reset Token]. The generated key MUST be added to CAS settings.>[m
[33m2018-03-09 17:16:20,933 WARN [org.apereo.cas.util.cipher.BaseStringCipherExecutor] - <Secret key for encryption is not defined for [Ticket-granting Cookie]; CAS will attempt to auto-generate the encryption key>[m
[33m2018-03-09 17:16:20,934 WARN [org.apereo.cas.util.cipher.BaseStringCipherExecutor] - <Generated encryption key [wiJcwptgTi6rbQ806GzdCTmJ7bIH0Wpur4_7-SNJ9sA] of size [256] for [Ticket-granting Cookie]. The generated key MUST be added to CAS settings.>[m
[33m2018-03-09 17:16:20,934 WARN [org.apereo.cas.util.cipher.BaseStringCipherExecutor] - <Secret key for signing is not defined for [Ticket-granting Cookie]. CAS will attempt to auto-generate the signing key>[m
[33m2018-03-09 17:16:20,934 WARN [org.apereo.cas.util.cipher.BaseStringCipherExecutor] - <Generated signing key [RO52kgBbIVaOXQbZFnAcbscIREDNxOgIkkSXl6KvU_68qnYi5NkZ6PnqtyUipSsnhjSci7nHIz_70kYpOJ_DMw] of size [512] for [Ticket-granting Cookie]. The generated key MUST be added to CAS settings.>[m
[33m2018-03-09 17:16:21,312 WARN [org.apereo.cas.util.cipher.BaseBinaryCipherExecutor] - <Secret key for signing is not defined. CAS will attempt to auto-generate the signing key>[m
[33m2018-03-09 17:16:21,313 WARN [org.apereo.cas.util.cipher.BaseBinaryCipherExecutor] - <Generated signing key [DpbIE2GSSSD8zOw3kh5vO3s1ZqSc0sReSnBp_GdiEXCpO4SFH-h4XIL0TZvh_99Sw6t4ahNx-F7Hwt7oK7VUWw] of size [512]. The generated key MUST be added to CAS settings.>[m
[33m2018-03-09 17:16:21,313 WARN [org.apereo.cas.util.cipher.BaseBinaryCipherExecutor] - <No encryption key is defined. CAS will attempt to auto-generate keys>[m
[33m2018-03-09 17:16:21,313 WARN [org.apereo.cas.util.cipher.BaseBinaryCipherExecutor] - <Generated encryption key [JWRdJVpdWwgqndgA] of size [16]. The generated key MUST be added to CAS settings.>[m
[32m2018-03-09 17:16:21,465 INFO [org.apereo.cas.support.events.listener.DefaultCasEventListener] - <[36m>[m
[32m2018-03-09 17:16:21,468 INFO [org.apereo.cas.support.events.listener.DefaultCasEventListener] - <

  ____    _____      _      ____   __   __
 |  _ \  | ____|    / \    |  _ \  \ \ / /
 | |_) | |  _|     / _ \   | | | |  \ V / 
 |  _ <  | |___   / ___ \  | |_| |   | |  
 |_| \_\ |_____| /_/   \_\ |____/    |_|  
                                          
>[m
[32m2018-03-09 17:16:21,468 INFO [org.apereo.cas.support.events.listener.DefaultCasEventListener] - <[0m>[m
[32m2018-03-09 17:16:21,468 INFO [org.apereo.cas.support.events.listener.DefaultCasEventListener] - <Ready to process requests @ [2018-03-09T09:16:21.464Z]>[m
[32m2018-03-09 17:16:21,470 INFO [org.apereo.cas.web.CasWebApplication] - <Started CasWebApplication in 28.028 seconds (JVM running for 29.994)>[m
[32m2018-03-09 17:16:32,308 INFO [org.apereo.cas.web.flow.InitialFlowSetupAction] - <Setting path for cookies for warn cookie generator to: [/cas/] >[m
[32m2018-03-09 17:16:32,308 INFO [org.apereo.cas.web.flow.InitialFlowSetupAction] - <Setting path for cookies for warn cookie generator to: [/cas/] >[m
[32m2018-03-09 17:16:32,399 INFO [org.apereo.inspektr.audit.support.Slf4jLoggingAuditTrailManager] - <Audit trail record BEGIN
=============================================================
WHO: audit:unknown
WHAT: [event=success,timestamp=Fri Mar 09 17:16:32 CST 2018,source=RankedAuthenticationProviderWebflowEventResolver]
ACTION: AUTHENTICATION_EVENT_TRIGGERED
APPLICATION: CAS
WHEN: Fri Mar 09 17:16:32 CST 2018
CLIENT IP ADDRESS: 0:0:0:0:0:0:0:1
SERVER IP ADDRESS: 0:0:0:0:0:0:0:1
=============================================================

>[m
[32m2018-03-09 17:16:32,399 INFO [org.apereo.inspektr.audit.support.Slf4jLoggingAuditTrailManager] - <Audit trail record BEGIN
=============================================================
WHO: audit:unknown
WHAT: [event=success,timestamp=Fri Mar 09 17:16:32 CST 2018,source=RankedAuthenticationProviderWebflowEventResolver]
ACTION: AUTHENTICATION_EVENT_TRIGGERED
APPLICATION: CAS
WHEN: Fri Mar 09 17:16:32 CST 2018
CLIENT IP ADDRESS: 0:0:0:0:0:0:0:1
SERVER IP ADDRESS: 0:0:0:0:0:0:0:1
=============================================================

>[m
[32m2018-03-09 17:16:37,258 INFO [org.apereo.cas.authentication.AbstractAuthenticationManager] - <Authenticated principal [zhangsan] with attributes [{address=广州越秀, email=mxzdhealer@163.com}] via credentials [[zhangsan]].>[m
[32m2018-03-09 17:16:37,263 INFO [org.apereo.inspektr.audit.support.Slf4jLoggingAuditTrailManager] - <Audit trail record BEGIN
=============================================================
WHO: zhangsan
WHAT: Supplied credentials: [zhangsan]
ACTION: AUTHENTICATION_SUCCESS
APPLICATION: CAS
WHEN: Fri Mar 09 17:16:37 CST 2018
CLIENT IP ADDRESS: 0:0:0:0:0:0:0:1
SERVER IP ADDRESS: 0:0:0:0:0:0:0:1
=============================================================

>[m
[32m2018-03-09 17:16:37,263 INFO [org.apereo.inspektr.audit.support.Slf4jLoggingAuditTrailManager] - <Audit trail record BEGIN
=============================================================
WHO: zhangsan
WHAT: Supplied credentials: [zhangsan]
ACTION: AUTHENTICATION_SUCCESS
APPLICATION: CAS
WHEN: Fri Mar 09 17:16:37 CST 2018
CLIENT IP ADDRESS: 0:0:0:0:0:0:0:1
SERVER IP ADDRESS: 0:0:0:0:0:0:0:1
=============================================================

>[m
[32m2018-03-09 17:16:37,295 INFO [org.apereo.inspektr.audit.support.Slf4jLoggingAuditTrailManager] - <Audit trail record BEGIN
=============================================================
WHO: zhangsan
WHAT: TGT-**********************************************SDR39XvsxX-JeandeMBP
ACTION: TICKET_GRANTING_TICKET_CREATED
APPLICATION: CAS
WHEN: Fri Mar 09 17:16:37 CST 2018
CLIENT IP ADDRESS: 0:0:0:0:0:0:0:1
SERVER IP ADDRESS: 0:0:0:0:0:0:0:1
=============================================================

>[m
[32m2018-03-09 17:16:37,295 INFO [org.apereo.inspektr.audit.support.Slf4jLoggingAuditTrailManager] - <Audit trail record BEGIN
=============================================================
WHO: zhangsan
WHAT: TGT-**********************************************SDR39XvsxX-JeandeMBP
ACTION: TICKET_GRANTING_TICKET_CREATED
APPLICATION: CAS
WHEN: Fri Mar 09 17:16:37 CST 2018
CLIENT IP ADDRESS: 0:0:0:0:0:0:0:1
SERVER IP ADDRESS: 0:0:0:0:0:0:0:1
=============================================================

>[m
[32m2018-03-09 17:16:38,154 INFO [org.apereo.inspektr.audit.support.Slf4jLoggingAuditTrailManager] - <Audit trail record BEGIN
=============================================================
WHO: audit:unknown
WHAT: [event=success,timestamp=Fri Mar 09 17:16:38 CST 2018,source=RankedAuthenticationProviderWebflowEventResolver]
ACTION: AUTHENTICATION_EVENT_TRIGGERED
APPLICATION: CAS
WHEN: Fri Mar 09 17:16:38 CST 2018
CLIENT IP ADDRESS: 0:0:0:0:0:0:0:1
SERVER IP ADDRESS: 0:0:0:0:0:0:0:1
=============================================================

>[m
[32m2018-03-09 17:16:38,154 INFO [org.apereo.inspektr.audit.support.Slf4jLoggingAuditTrailManager] - <Audit trail record BEGIN
=============================================================
WHO: audit:unknown
WHAT: [event=success,timestamp=Fri Mar 09 17:16:38 CST 2018,source=RankedAuthenticationProviderWebflowEventResolver]
ACTION: AUTHENTICATION_EVENT_TRIGGERED
APPLICATION: CAS
WHEN: Fri Mar 09 17:16:38 CST 2018
CLIENT IP ADDRESS: 0:0:0:0:0:0:0:1
SERVER IP ADDRESS: 0:0:0:0:0:0:0:1
=============================================================

>[m
[32m2018-03-09 17:16:41,385 INFO [org.apereo.cas.services.DefaultServicesManager] - <Loaded [3] service(s) from [InMemoryServiceRegistry].>[m
[32m2018-03-09 17:16:41,390 INFO [org.apereo.cas.ticket.registry.DefaultTicketRegistryCleaner] - <[0] expired tickets removed.>[m
[32m2018-03-09 17:16:45,823 INFO [org.apereo.cas.authentication.AbstractAuthenticationManager] - <Authenticated principal [zhangsan] with attributes [{address=广州越秀, email=mxzdhealer@163.com}] via credentials [[zhangsan]].>[m
[32m2018-03-09 17:16:45,824 INFO [org.apereo.inspektr.audit.support.Slf4jLoggingAuditTrailManager] - <Audit trail record BEGIN
=============================================================
WHO: zhangsan
WHAT: Supplied credentials: [zhangsan]
ACTION: AUTHENTICATION_SUCCESS
APPLICATION: CAS
WHEN: Fri Mar 09 17:16:45 CST 2018
CLIENT IP ADDRESS: 0:0:0:0:0:0:0:1
SERVER IP ADDRESS: 0:0:0:0:0:0:0:1
=============================================================

>[m
[32m2018-03-09 17:16:45,824 INFO [org.apereo.inspektr.audit.support.Slf4jLoggingAuditTrailManager] - <Audit trail record BEGIN
=============================================================
WHO: zhangsan
WHAT: Supplied credentials: [zhangsan]
ACTION: AUTHENTICATION_SUCCESS
APPLICATION: CAS
WHEN: Fri Mar 09 17:16:45 CST 2018
CLIENT IP ADDRESS: 0:0:0:0:0:0:0:1
SERVER IP ADDRESS: 0:0:0:0:0:0:0:1
=============================================================

>[m
[32m2018-03-09 17:16:45,900 INFO [org.apereo.inspektr.audit.support.Slf4jLoggingAuditTrailManager] - <Audit trail record BEGIN
=============================================================
WHO: zhangsan
WHAT: TGT-**********************************************bnYQ1iaB1M-JeandeMBP
ACTION: TICKET_GRANTING_TICKET_CREATED
APPLICATION: CAS
WHEN: Fri Mar 09 17:16:45 CST 2018
CLIENT IP ADDRESS: 0:0:0:0:0:0:0:1
SERVER IP ADDRESS: 0:0:0:0:0:0:0:1
=============================================================

>[m
[32m2018-03-09 17:16:45,900 INFO [org.apereo.inspektr.audit.support.Slf4jLoggingAuditTrailManager] - <Audit trail record BEGIN
=============================================================
WHO: zhangsan
WHAT: TGT-**********************************************bnYQ1iaB1M-JeandeMBP
ACTION: TICKET_GRANTING_TICKET_CREATED
APPLICATION: CAS
WHEN: Fri Mar 09 17:16:45 CST 2018
CLIENT IP ADDRESS: 0:0:0:0:0:0:0:1
SERVER IP ADDRESS: 0:0:0:0:0:0:0:1
=============================================================

>[m
[32m2018-03-09 17:16:45,918 INFO [org.apereo.cas.DefaultCentralAuthenticationService] - <Granted ticket [ST-1-UKmpYpMM1C64wcxVhYoY-JeandeMBP] for service [http://localhost:8083/start] and principal [zhangsan]>[m
[32m2018-03-09 17:16:45,919 INFO [org.apereo.inspektr.audit.support.Slf4jLoggingAuditTrailManager] - <Audit trail record BEGIN
=============================================================
WHO: zhangsan
WHAT: ST-1-UKmpYpMM1C64wcxVhYoY-JeandeMBP for http://localhost:8083/start
ACTION: SERVICE_TICKET_CREATED
APPLICATION: CAS
WHEN: Fri Mar 09 17:16:45 CST 2018
CLIENT IP ADDRESS: 0:0:0:0:0:0:0:1
SERVER IP ADDRESS: 0:0:0:0:0:0:0:1
=============================================================

>[m
[32m2018-03-09 17:16:45,919 INFO [org.apereo.inspektr.audit.support.Slf4jLoggingAuditTrailManager] - <Audit trail record BEGIN
=============================================================
WHO: zhangsan
WHAT: ST-1-UKmpYpMM1C64wcxVhYoY-JeandeMBP for http://localhost:8083/start
ACTION: SERVICE_TICKET_CREATED
APPLICATION: CAS
WHEN: Fri Mar 09 17:16:45 CST 2018
CLIENT IP ADDRESS: 0:0:0:0:0:0:0:1
SERVER IP ADDRESS: 0:0:0:0:0:0:0:1
=============================================================

>[m
[32m2018-03-09 17:16:48,580 INFO [org.apereo.inspektr.audit.support.Slf4jLoggingAuditTrailManager] - <Audit trail record BEGIN
=============================================================
WHO: zhangsan
WHAT: ST-1-UKmpYpMM1C64wcxVhYoY-JeandeMBP
ACTION: SERVICE_TICKET_VALIDATED
APPLICATION: CAS
WHEN: Fri Mar 09 17:16:48 CST 2018
CLIENT IP ADDRESS: 127.0.0.1
SERVER IP ADDRESS: 127.0.0.1
=============================================================

>[m
[32m2018-03-09 17:16:48,580 INFO [org.apereo.inspektr.audit.support.Slf4jLoggingAuditTrailManager] - <Audit trail record BEGIN
=============================================================
WHO: zhangsan
WHAT: ST-1-UKmpYpMM1C64wcxVhYoY-JeandeMBP
ACTION: SERVICE_TICKET_VALIDATED
APPLICATION: CAS
WHEN: Fri Mar 09 17:16:48 CST 2018
CLIENT IP ADDRESS: 127.0.0.1
SERVER IP ADDRESS: 127.0.0.1
=============================================================

>[m
[32m2018-03-09 17:16:56,330 INFO [org.apereo.inspektr.audit.support.Slf4jLoggingAuditTrailManager] - <Audit trail record BEGIN
=============================================================
WHO: audit:unknown
WHAT: [event=success,timestamp=Fri Mar 09 17:16:56 CST 2018,source=RankedAuthenticationProviderWebflowEventResolver]
ACTION: AUTHENTICATION_EVENT_TRIGGERED
APPLICATION: CAS
WHEN: Fri Mar 09 17:16:56 CST 2018
CLIENT IP ADDRESS: 0:0:0:0:0:0:0:1
SERVER IP ADDRESS: 0:0:0:0:0:0:0:1
=============================================================

>[m
[32m2018-03-09 17:16:56,330 INFO [org.apereo.inspektr.audit.support.Slf4jLoggingAuditTrailManager] - <Audit trail record BEGIN
=============================================================
WHO: audit:unknown
WHAT: [event=success,timestamp=Fri Mar 09 17:16:56 CST 2018,source=RankedAuthenticationProviderWebflowEventResolver]
ACTION: AUTHENTICATION_EVENT_TRIGGERED
APPLICATION: CAS
WHEN: Fri Mar 09 17:16:56 CST 2018
CLIENT IP ADDRESS: 0:0:0:0:0:0:0:1
SERVER IP ADDRESS: 0:0:0:0:0:0:0:1
=============================================================

>[m
[32m2018-03-09 17:17:00,553 INFO [org.apereo.cas.authentication.AbstractAuthenticationManager] - <Authenticated principal [zhangsan] with attributes [{address=广州越秀, email=mxzdhealer@163.com}] via credentials [[zhangsan]].>[m
[32m2018-03-09 17:17:00,554 INFO [org.apereo.inspektr.audit.support.Slf4jLoggingAuditTrailManager] - <Audit trail record BEGIN
=============================================================
WHO: zhangsan
WHAT: Supplied credentials: [zhangsan]
ACTION: AUTHENTICATION_SUCCESS
APPLICATION: CAS
WHEN: Fri Mar 09 17:17:00 CST 2018
CLIENT IP ADDRESS: 0:0:0:0:0:0:0:1
SERVER IP ADDRESS: 0:0:0:0:0:0:0:1
=============================================================

>[m
[32m2018-03-09 17:17:00,554 INFO [org.apereo.inspektr.audit.support.Slf4jLoggingAuditTrailManager] - <Audit trail record BEGIN
=============================================================
WHO: zhangsan
WHAT: Supplied credentials: [zhangsan]
ACTION: AUTHENTICATION_SUCCESS
APPLICATION: CAS
WHEN: Fri Mar 09 17:17:00 CST 2018
CLIENT IP ADDRESS: 0:0:0:0:0:0:0:1
SERVER IP ADDRESS: 0:0:0:0:0:0:0:1
=============================================================

>[m
[32m2018-03-09 17:17:00,557 INFO [org.apereo.inspektr.audit.support.Slf4jLoggingAuditTrailManager] - <Audit trail record BEGIN
=============================================================
WHO: zhangsan
WHAT: TGT-**********************************************Ydk63Xnfqb-JeandeMBP
ACTION: TICKET_GRANTING_TICKET_CREATED
APPLICATION: CAS
WHEN: Fri Mar 09 17:17:00 CST 2018
CLIENT IP ADDRESS: 0:0:0:0:0:0:0:1
SERVER IP ADDRESS: 0:0:0:0:0:0:0:1
=============================================================

>[m
[32m2018-03-09 17:17:00,557 INFO [org.apereo.inspektr.audit.support.Slf4jLoggingAuditTrailManager] - <Audit trail record BEGIN
=============================================================
WHO: zhangsan
WHAT: TGT-**********************************************Ydk63Xnfqb-JeandeMBP
ACTION: TICKET_GRANTING_TICKET_CREATED
APPLICATION: CAS
WHEN: Fri Mar 09 17:17:00 CST 2018
CLIENT IP ADDRESS: 0:0:0:0:0:0:0:1
SERVER IP ADDRESS: 0:0:0:0:0:0:0:1
=============================================================

>[m
[32m2018-03-09 17:17:00,560 INFO [org.apereo.cas.DefaultCentralAuthenticationService] - <Granted ticket [ST-2-SWhImGvFaCD6I0RudHXz-JeandeMBP] for service [http://localhost:8083/] and principal [zhangsan]>[m
[32m2018-03-09 17:17:00,560 INFO [org.apereo.inspektr.audit.support.Slf4jLoggingAuditTrailManager] - <Audit trail record BEGIN
=============================================================
WHO: zhangsan
WHAT: ST-2-SWhImGvFaCD6I0RudHXz-JeandeMBP for http://localhost:8083/
ACTION: SERVICE_TICKET_CREATED
APPLICATION: CAS
WHEN: Fri Mar 09 17:17:00 CST 2018
CLIENT IP ADDRESS: 0:0:0:0:0:0:0:1
SERVER IP ADDRESS: 0:0:0:0:0:0:0:1
=============================================================

>[m
[32m2018-03-09 17:17:00,560 INFO [org.apereo.inspektr.audit.support.Slf4jLoggingAuditTrailManager] - <Audit trail record BEGIN
=============================================================
WHO: zhangsan
WHAT: ST-2-SWhImGvFaCD6I0RudHXz-JeandeMBP for http://localhost:8083/
ACTION: SERVICE_TICKET_CREATED
APPLICATION: CAS
WHEN: Fri Mar 09 17:17:00 CST 2018
CLIENT IP ADDRESS: 0:0:0:0:0:0:0:1
SERVER IP ADDRESS: 0:0:0:0:0:0:0:1
=============================================================

>[m
[32m2018-03-09 17:17:00,568 INFO [org.apereo.inspektr.audit.support.Slf4jLoggingAuditTrailManager] - <Audit trail record BEGIN
=============================================================
WHO: zhangsan
WHAT: ST-2-SWhImGvFaCD6I0RudHXz-JeandeMBP
ACTION: SERVICE_TICKET_VALIDATED
APPLICATION: CAS
WHEN: Fri Mar 09 17:17:00 CST 2018
CLIENT IP ADDRESS: 127.0.0.1
SERVER IP ADDRESS: 127.0.0.1
=============================================================

>[m
[32m2018-03-09 17:17:00,568 INFO [org.apereo.inspektr.audit.support.Slf4jLoggingAuditTrailManager] - <Audit trail record BEGIN
=============================================================
WHO: zhangsan
WHAT: ST-2-SWhImGvFaCD6I0RudHXz-JeandeMBP
ACTION: SERVICE_TICKET_VALIDATED
APPLICATION: CAS
WHEN: Fri Mar 09 17:17:00 CST 2018
CLIENT IP ADDRESS: 127.0.0.1
SERVER IP ADDRESS: 127.0.0.1
=============================================================

>[m
[32m2018-03-09 17:17:08,074 INFO [org.apereo.inspektr.audit.support.Slf4jLoggingAuditTrailManager] - <Audit trail record BEGIN
=============================================================
WHO: audit:unknown
WHAT: [event=success,timestamp=Fri Mar 09 17:17:08 CST 2018,source=RankedAuthenticationProviderWebflowEventResolver]
ACTION: AUTHENTICATION_EVENT_TRIGGERED
APPLICATION: CAS
WHEN: Fri Mar 09 17:17:08 CST 2018
CLIENT IP ADDRESS: 0:0:0:0:0:0:0:1
SERVER IP ADDRESS: 0:0:0:0:0:0:0:1
=============================================================

>[m
[32m2018-03-09 17:17:08,074 INFO [org.apereo.inspektr.audit.support.Slf4jLoggingAuditTrailManager] - <Audit trail record BEGIN
=============================================================
WHO: audit:unknown
WHAT: [event=success,timestamp=Fri Mar 09 17:17:08 CST 2018,source=RankedAuthenticationProviderWebflowEventResolver]
ACTION: AUTHENTICATION_EVENT_TRIGGERED
APPLICATION: CAS
WHEN: Fri Mar 09 17:17:08 CST 2018
CLIENT IP ADDRESS: 0:0:0:0:0:0:0:1
SERVER IP ADDRESS: 0:0:0:0:0:0:0:1
=============================================================

>[m
[32m2018-03-09 17:17:09,798 INFO [org.apereo.inspektr.audit.support.Slf4jLoggingAuditTrailManager] - <Audit trail record BEGIN
=============================================================
WHO: audit:unknown
WHAT: [event=success,timestamp=Fri Mar 09 17:17:09 CST 2018,source=RankedAuthenticationProviderWebflowEventResolver]
ACTION: AUTHENTICATION_EVENT_TRIGGERED
APPLICATION: CAS
WHEN: Fri Mar 09 17:17:09 CST 2018
CLIENT IP ADDRESS: 0:0:0:0:0:0:0:1
SERVER IP ADDRESS: 0:0:0:0:0:0:0:1
=============================================================

>[m
[32m2018-03-09 17:17:09,798 INFO [org.apereo.inspektr.audit.support.Slf4jLoggingAuditTrailManager] - <Audit trail record BEGIN
=============================================================
WHO: audit:unknown
WHAT: [event=success,timestamp=Fri Mar 09 17:17:09 CST 2018,source=RankedAuthenticationProviderWebflowEventResolver]
ACTION: AUTHENTICATION_EVENT_TRIGGERED
APPLICATION: CAS
WHEN: Fri Mar 09 17:17:09 CST 2018
CLIENT IP ADDRESS: 0:0:0:0:0:0:0:1
SERVER IP ADDRESS: 0:0:0:0:0:0:0:1
=============================================================

>[m
[32m2018-03-09 17:17:41,389 INFO [org.apereo.cas.services.DefaultServicesManager] - <Loaded [3] service(s) from [InMemoryServiceRegistry].>[m
[32m2018-03-09 17:18:11,394 INFO [org.apereo.cas.ticket.registry.DefaultTicketRegistryCleaner] - <[0] expired tickets removed.>[m
[32m2018-03-09 17:18:31,550 INFO [org.apereo.inspektr.audit.support.Slf4jLoggingAuditTrailManager] - <Audit trail record BEGIN
=============================================================
WHO: audit:unknown
WHAT: [event=success,timestamp=Fri Mar 09 17:18:31 CST 2018,source=RankedAuthenticationProviderWebflowEventResolver]
ACTION: AUTHENTICATION_EVENT_TRIGGERED
APPLICATION: CAS
WHEN: Fri Mar 09 17:18:31 CST 2018
CLIENT IP ADDRESS: 0:0:0:0:0:0:0:1
SERVER IP ADDRESS: 0:0:0:0:0:0:0:1
=============================================================

>[m
[32m2018-03-09 17:18:31,550 INFO [org.apereo.inspektr.audit.support.Slf4jLoggingAuditTrailManager] - <Audit trail record BEGIN
=============================================================
WHO: audit:unknown
WHAT: [event=success,timestamp=Fri Mar 09 17:18:31 CST 2018,source=RankedAuthenticationProviderWebflowEventResolver]
ACTION: AUTHENTICATION_EVENT_TRIGGERED
APPLICATION: CAS
WHEN: Fri Mar 09 17:18:31 CST 2018
CLIENT IP ADDRESS: 0:0:0:0:0:0:0:1
SERVER IP ADDRESS: 0:0:0:0:0:0:0:1
=============================================================

>[m
[32m2018-03-09 17:18:32,244 INFO [org.apereo.inspektr.audit.support.Slf4jLoggingAuditTrailManager] - <Audit trail record BEGIN
=============================================================
WHO: audit:unknown
WHAT: [event=success,timestamp=Fri Mar 09 17:18:32 CST 2018,source=RankedAuthenticationProviderWebflowEventResolver]
ACTION: AUTHENTICATION_EVENT_TRIGGERED
APPLICATION: CAS
WHEN: Fri Mar 09 17:18:32 CST 2018
CLIENT IP ADDRESS: 0:0:0:0:0:0:0:1
SERVER IP ADDRESS: 0:0:0:0:0:0:0:1
=============================================================

>[m
[32m2018-03-09 17:18:32,244 INFO [org.apereo.inspektr.audit.support.Slf4jLoggingAuditTrailManager] - <Audit trail record BEGIN
=============================================================
WHO: audit:unknown
WHAT: [event=success,timestamp=Fri Mar 09 17:18:32 CST 2018,source=RankedAuthenticationProviderWebflowEventResolver]
ACTION: AUTHENTICATION_EVENT_TRIGGERED
APPLICATION: CAS
WHEN: Fri Mar 09 17:18:32 CST 2018
CLIENT IP ADDRESS: 0:0:0:0:0:0:0:1
SERVER IP ADDRESS: 0:0:0:0:0:0:0:1
=============================================================

>[m
[32m2018-03-09 17:18:32,684 INFO [org.apereo.inspektr.audit.support.Slf4jLoggingAuditTrailManager] - <Audit trail record BEGIN
=============================================================
WHO: audit:unknown
WHAT: [event=success,timestamp=Fri Mar 09 17:18:32 CST 2018,source=RankedAuthenticationProviderWebflowEventResolver]
ACTION: AUTHENTICATION_EVENT_TRIGGERED
APPLICATION: CAS
WHEN: Fri Mar 09 17:18:32 CST 2018
CLIENT IP ADDRESS: 0:0:0:0:0:0:0:1
SERVER IP ADDRESS: 0:0:0:0:0:0:0:1
=============================================================

>[m
[32m2018-03-09 17:18:32,684 INFO [org.apereo.inspektr.audit.support.Slf4jLoggingAuditTrailManager] - <Audit trail record BEGIN
=============================================================
WHO: audit:unknown
WHAT: [event=success,timestamp=Fri Mar 09 17:18:32 CST 2018,source=RankedAuthenticationProviderWebflowEventResolver]
ACTION: AUTHENTICATION_EVENT_TRIGGERED
APPLICATION: CAS
WHEN: Fri Mar 09 17:18:32 CST 2018
CLIENT IP ADDRESS: 0:0:0:0:0:0:0:1
SERVER IP ADDRESS: 0:0:0:0:0:0:0:1
=============================================================

>[m
[32m2018-03-09 17:18:33,583 INFO [org.apereo.cas.authentication.AbstractAuthenticationManager] - <Authenticated principal [zhangsan] with attributes [{address=广州越秀, email=mxzdhealer@163.com}] via credentials [[zhangsan]].>[m
[32m2018-03-09 17:18:33,584 INFO [org.apereo.inspektr.audit.support.Slf4jLoggingAuditTrailManager] - <Audit trail record BEGIN
=============================================================
WHO: zhangsan
WHAT: Supplied credentials: [zhangsan]
ACTION: AUTHENTICATION_SUCCESS
APPLICATION: CAS
WHEN: Fri Mar 09 17:18:33 CST 2018
CLIENT IP ADDRESS: 0:0:0:0:0:0:0:1
SERVER IP ADDRESS: 0:0:0:0:0:0:0:1
=============================================================

>[m
[32m2018-03-09 17:18:33,584 INFO [org.apereo.inspektr.audit.support.Slf4jLoggingAuditTrailManager] - <Audit trail record BEGIN
=============================================================
WHO: zhangsan
WHAT: Supplied credentials: [zhangsan]
ACTION: AUTHENTICATION_SUCCESS
APPLICATION: CAS
WHEN: Fri Mar 09 17:18:33 CST 2018
CLIENT IP ADDRESS: 0:0:0:0:0:0:0:1
SERVER IP ADDRESS: 0:0:0:0:0:0:0:1
=============================================================

>[m
[32m2018-03-09 17:18:33,587 INFO [org.apereo.inspektr.audit.support.Slf4jLoggingAuditTrailManager] - <Audit trail record BEGIN
=============================================================
WHO: zhangsan
WHAT: TGT-**********************************************RgfHp6wIAf-JeandeMBP
ACTION: TICKET_GRANTING_TICKET_CREATED
APPLICATION: CAS
WHEN: Fri Mar 09 17:18:33 CST 2018
CLIENT IP ADDRESS: 0:0:0:0:0:0:0:1
SERVER IP ADDRESS: 0:0:0:0:0:0:0:1
=============================================================

>[m
[32m2018-03-09 17:18:33,587 INFO [org.apereo.inspektr.audit.support.Slf4jLoggingAuditTrailManager] - <Audit trail record BEGIN
=============================================================
WHO: zhangsan
WHAT: TGT-**********************************************RgfHp6wIAf-JeandeMBP
ACTION: TICKET_GRANTING_TICKET_CREATED
APPLICATION: CAS
WHEN: Fri Mar 09 17:18:33 CST 2018
CLIENT IP ADDRESS: 0:0:0:0:0:0:0:1
SERVER IP ADDRESS: 0:0:0:0:0:0:0:1
=============================================================

>[m
[32m2018-03-09 17:18:33,590 INFO [org.apereo.cas.DefaultCentralAuthenticationService] - <Granted ticket [ST-3-gyopU7om1iAoArihNKJM-JeandeMBP] for service [http://localhost:8084/start] and principal [zhangsan]>[m
[32m2018-03-09 17:18:33,590 INFO [org.apereo.inspektr.audit.support.Slf4jLoggingAuditTrailManager] - <Audit trail record BEGIN
=============================================================
WHO: zhangsan
WHAT: ST-3-gyopU7om1iAoArihNKJM-JeandeMBP for http://localhost:8084/start
ACTION: SERVICE_TICKET_CREATED
APPLICATION: CAS
WHEN: Fri Mar 09 17:18:33 CST 2018
CLIENT IP ADDRESS: 0:0:0:0:0:0:0:1
SERVER IP ADDRESS: 0:0:0:0:0:0:0:1
=============================================================

>[m
[32m2018-03-09 17:18:33,590 INFO [org.apereo.inspektr.audit.support.Slf4jLoggingAuditTrailManager] - <Audit trail record BEGIN
=============================================================
WHO: zhangsan
WHAT: ST-3-gyopU7om1iAoArihNKJM-JeandeMBP for http://localhost:8084/start
ACTION: SERVICE_TICKET_CREATED
APPLICATION: CAS
WHEN: Fri Mar 09 17:18:33 CST 2018
CLIENT IP ADDRESS: 0:0:0:0:0:0:0:1
SERVER IP ADDRESS: 0:0:0:0:0:0:0:1
=============================================================

>[m
[32m2018-03-09 17:18:33,600 INFO [org.apereo.inspektr.audit.support.Slf4jLoggingAuditTrailManager] - <Audit trail record BEGIN
=============================================================
WHO: zhangsan
WHAT: ST-3-gyopU7om1iAoArihNKJM-JeandeMBP
ACTION: SERVICE_TICKET_VALIDATED
APPLICATION: CAS
WHEN: Fri Mar 09 17:18:33 CST 2018
CLIENT IP ADDRESS: 127.0.0.1
SERVER IP ADDRESS: 127.0.0.1
=============================================================

>[m
[32m2018-03-09 17:18:33,600 INFO [org.apereo.inspektr.audit.support.Slf4jLoggingAuditTrailManager] - <Audit trail record BEGIN
=============================================================
WHO: zhangsan
WHAT: ST-3-gyopU7om1iAoArihNKJM-JeandeMBP
ACTION: SERVICE_TICKET_VALIDATED
APPLICATION: CAS
WHEN: Fri Mar 09 17:18:33 CST 2018
CLIENT IP ADDRESS: 127.0.0.1
SERVER IP ADDRESS: 127.0.0.1
=============================================================

>[m
[32m2018-03-09 17:18:35,154 INFO [org.apereo.inspektr.audit.support.Slf4jLoggingAuditTrailManager] - <Audit trail record BEGIN
=============================================================
WHO: audit:unknown
WHAT: [event=success,timestamp=Fri Mar 09 17:18:35 CST 2018,source=RankedAuthenticationProviderWebflowEventResolver]
ACTION: AUTHENTICATION_EVENT_TRIGGERED
APPLICATION: CAS
WHEN: Fri Mar 09 17:18:35 CST 2018
CLIENT IP ADDRESS: 0:0:0:0:0:0:0:1
SERVER IP ADDRESS: 0:0:0:0:0:0:0:1
=============================================================

>[m
[32m2018-03-09 17:18:35,154 INFO [org.apereo.inspektr.audit.support.Slf4jLoggingAuditTrailManager] - <Audit trail record BEGIN
=============================================================
WHO: audit:unknown
WHAT: [event=success,timestamp=Fri Mar 09 17:18:35 CST 2018,source=RankedAuthenticationProviderWebflowEventResolver]
ACTION: AUTHENTICATION_EVENT_TRIGGERED
APPLICATION: CAS
WHEN: Fri Mar 09 17:18:35 CST 2018
CLIENT IP ADDRESS: 0:0:0:0:0:0:0:1
SERVER IP ADDRESS: 0:0:0:0:0:0:0:1
=============================================================

>[m
[32m2018-03-09 17:18:36,366 INFO [org.apereo.inspektr.audit.support.Slf4jLoggingAuditTrailManager] - <Audit trail record BEGIN
=============================================================
WHO: audit:unknown
WHAT: [event=success,timestamp=Fri Mar 09 17:18:36 CST 2018,source=RankedAuthenticationProviderWebflowEventResolver]
ACTION: AUTHENTICATION_EVENT_TRIGGERED
APPLICATION: CAS
WHEN: Fri Mar 09 17:18:36 CST 2018
CLIENT IP ADDRESS: 0:0:0:0:0:0:0:1
SERVER IP ADDRESS: 0:0:0:0:0:0:0:1
=============================================================

>[m
[32m2018-03-09 17:18:36,366 INFO [org.apereo.inspektr.audit.support.Slf4jLoggingAuditTrailManager] - <Audit trail record BEGIN
=============================================================
WHO: audit:unknown
WHAT: [event=success,timestamp=Fri Mar 09 17:18:36 CST 2018,source=RankedAuthenticationProviderWebflowEventResolver]
ACTION: AUTHENTICATION_EVENT_TRIGGERED
APPLICATION: CAS
WHEN: Fri Mar 09 17:18:36 CST 2018
CLIENT IP ADDRESS: 0:0:0:0:0:0:0:1
SERVER IP ADDRESS: 0:0:0:0:0:0:0:1
=============================================================

>[m
[32m2018-03-09 17:18:37,019 INFO [org.apereo.inspektr.audit.support.Slf4jLoggingAuditTrailManager] - <Audit trail record BEGIN
=============================================================
WHO: audit:unknown
WHAT: [event=success,timestamp=Fri Mar 09 17:18:37 CST 2018,source=RankedAuthenticationProviderWebflowEventResolver]
ACTION: AUTHENTICATION_EVENT_TRIGGERED
APPLICATION: CAS
WHEN: Fri Mar 09 17:18:37 CST 2018
CLIENT IP ADDRESS: 0:0:0:0:0:0:0:1
SERVER IP ADDRESS: 0:0:0:0:0:0:0:1
=============================================================

>[m
[32m2018-03-09 17:18:37,019 INFO [org.apereo.inspektr.audit.support.Slf4jLoggingAuditTrailManager] - <Audit trail record BEGIN
=============================================================
WHO: audit:unknown
WHAT: [event=success,timestamp=Fri Mar 09 17:18:37 CST 2018,source=RankedAuthenticationProviderWebflowEventResolver]
ACTION: AUTHENTICATION_EVENT_TRIGGERED
APPLICATION: CAS
WHEN: Fri Mar 09 17:18:37 CST 2018
CLIENT IP ADDRESS: 0:0:0:0:0:0:0:1
SERVER IP ADDRESS: 0:0:0:0:0:0:0:1
=============================================================

>[m
[32m2018-03-09 17:18:37,841 INFO [org.apereo.cas.authentication.AbstractAuthenticationManager] - <Authenticated principal [zhangsan] with attributes [{address=广州越秀, email=mxzdhealer@163.com}] via credentials [[zhangsan]].>[m
[32m2018-03-09 17:18:37,842 INFO [org.apereo.inspektr.audit.support.Slf4jLoggingAuditTrailManager] - <Audit trail record BEGIN
=============================================================
WHO: zhangsan
WHAT: Supplied credentials: [zhangsan]
ACTION: AUTHENTICATION_SUCCESS
APPLICATION: CAS
WHEN: Fri Mar 09 17:18:37 CST 2018
CLIENT IP ADDRESS: 0:0:0:0:0:0:0:1
SERVER IP ADDRESS: 0:0:0:0:0:0:0:1
=============================================================

>[m
[32m2018-03-09 17:18:37,842 INFO [org.apereo.inspektr.audit.support.Slf4jLoggingAuditTrailManager] - <Audit trail record BEGIN
=============================================================
WHO: zhangsan
WHAT: Supplied credentials: [zhangsan]
ACTION: AUTHENTICATION_SUCCESS
APPLICATION: CAS
WHEN: Fri Mar 09 17:18:37 CST 2018
CLIENT IP ADDRESS: 0:0:0:0:0:0:0:1
SERVER IP ADDRESS: 0:0:0:0:0:0:0:1
=============================================================

>[m
[32m2018-03-09 17:18:37,845 INFO [org.apereo.inspektr.audit.support.Slf4jLoggingAuditTrailManager] - <Audit trail record BEGIN
=============================================================
WHO: zhangsan
WHAT: TGT-**********************************************hpi6B0ZWCp-JeandeMBP
ACTION: TICKET_GRANTING_TICKET_CREATED
APPLICATION: CAS
WHEN: Fri Mar 09 17:18:37 CST 2018
CLIENT IP ADDRESS: 0:0:0:0:0:0:0:1
SERVER IP ADDRESS: 0:0:0:0:0:0:0:1
=============================================================

>[m
[32m2018-03-09 17:18:37,845 INFO [org.apereo.inspektr.audit.support.Slf4jLoggingAuditTrailManager] - <Audit trail record BEGIN
=============================================================
WHO: zhangsan
WHAT: TGT-**********************************************hpi6B0ZWCp-JeandeMBP
ACTION: TICKET_GRANTING_TICKET_CREATED
APPLICATION: CAS
WHEN: Fri Mar 09 17:18:37 CST 2018
CLIENT IP ADDRESS: 0:0:0:0:0:0:0:1
SERVER IP ADDRESS: 0:0:0:0:0:0:0:1
=============================================================

>[m
[32m2018-03-09 17:18:37,848 INFO [org.apereo.cas.DefaultCentralAuthenticationService] - <Granted ticket [ST-4-ybvtHf6EidhuJfJieaqF-JeandeMBP] for service [http://localhost:8084/start] and principal [zhangsan]>[m
[32m2018-03-09 17:18:37,849 INFO [org.apereo.inspektr.audit.support.Slf4jLoggingAuditTrailManager] - <Audit trail record BEGIN
=============================================================
WHO: zhangsan
WHAT: ST-4-ybvtHf6EidhuJfJieaqF-JeandeMBP for http://localhost:8084/start
ACTION: SERVICE_TICKET_CREATED
APPLICATION: CAS
WHEN: Fri Mar 09 17:18:37 CST 2018
CLIENT IP ADDRESS: 0:0:0:0:0:0:0:1
SERVER IP ADDRESS: 0:0:0:0:0:0:0:1
=============================================================

>[m
[32m2018-03-09 17:18:37,849 INFO [org.apereo.inspektr.audit.support.Slf4jLoggingAuditTrailManager] - <Audit trail record BEGIN
=============================================================
WHO: zhangsan
WHAT: ST-4-ybvtHf6EidhuJfJieaqF-JeandeMBP for http://localhost:8084/start
ACTION: SERVICE_TICKET_CREATED
APPLICATION: CAS
WHEN: Fri Mar 09 17:18:37 CST 2018
CLIENT IP ADDRESS: 0:0:0:0:0:0:0:1
SERVER IP ADDRESS: 0:0:0:0:0:0:0:1
=============================================================

>[m
[32m2018-03-09 17:18:37,857 INFO [org.apereo.inspektr.audit.support.Slf4jLoggingAuditTrailManager] - <Audit trail record BEGIN
=============================================================
WHO: zhangsan
WHAT: ST-4-ybvtHf6EidhuJfJieaqF-JeandeMBP
ACTION: SERVICE_TICKET_VALIDATED
APPLICATION: CAS
WHEN: Fri Mar 09 17:18:37 CST 2018
CLIENT IP ADDRESS: 127.0.0.1
SERVER IP ADDRESS: 127.0.0.1
=============================================================

>[m
[32m2018-03-09 17:18:37,857 INFO [org.apereo.inspektr.audit.support.Slf4jLoggingAuditTrailManager] - <Audit trail record BEGIN
=============================================================
WHO: zhangsan
WHAT: ST-4-ybvtHf6EidhuJfJieaqF-JeandeMBP
ACTION: SERVICE_TICKET_VALIDATED
APPLICATION: CAS
WHEN: Fri Mar 09 17:18:37 CST 2018
CLIENT IP ADDRESS: 127.0.0.1
SERVER IP ADDRESS: 127.0.0.1
=============================================================

>[m
[32m2018-03-09 17:18:39,085 INFO [org.apereo.inspektr.audit.support.Slf4jLoggingAuditTrailManager] - <Audit trail record BEGIN
=============================================================
WHO: audit:unknown
WHAT: [event=success,timestamp=Fri Mar 09 17:18:39 CST 2018,source=RankedAuthenticationProviderWebflowEventResolver]
ACTION: AUTHENTICATION_EVENT_TRIGGERED
APPLICATION: CAS
WHEN: Fri Mar 09 17:18:39 CST 2018
CLIENT IP ADDRESS: 0:0:0:0:0:0:0:1
SERVER IP ADDRESS: 0:0:0:0:0:0:0:1
=============================================================

>[m
[32m2018-03-09 17:18:39,085 INFO [org.apereo.inspektr.audit.support.Slf4jLoggingAuditTrailManager] - <Audit trail record BEGIN
=============================================================
WHO: audit:unknown
WHAT: [event=success,timestamp=Fri Mar 09 17:18:39 CST 2018,source=RankedAuthenticationProviderWebflowEventResolver]
ACTION: AUTHENTICATION_EVENT_TRIGGERED
APPLICATION: CAS
WHEN: Fri Mar 09 17:18:39 CST 2018
CLIENT IP ADDRESS: 0:0:0:0:0:0:0:1
SERVER IP ADDRESS: 0:0:0:0:0:0:0:1
=============================================================

>[m
[32m2018-03-09 17:18:40,466 INFO [org.apereo.cas.authentication.AbstractAuthenticationManager] - <Authenticated principal [zhangsan] with attributes [{address=广州越秀, email=mxzdhealer@163.com}] via credentials [[zhangsan]].>[m
[32m2018-03-09 17:18:40,467 INFO [org.apereo.inspektr.audit.support.Slf4jLoggingAuditTrailManager] - <Audit trail record BEGIN
=============================================================
WHO: zhangsan
WHAT: Supplied credentials: [zhangsan]
ACTION: AUTHENTICATION_SUCCESS
APPLICATION: CAS
WHEN: Fri Mar 09 17:18:40 CST 2018
CLIENT IP ADDRESS: 0:0:0:0:0:0:0:1
SERVER IP ADDRESS: 0:0:0:0:0:0:0:1
=============================================================

>[m
[32m2018-03-09 17:18:40,467 INFO [org.apereo.inspektr.audit.support.Slf4jLoggingAuditTrailManager] - <Audit trail record BEGIN
=============================================================
WHO: zhangsan
WHAT: Supplied credentials: [zhangsan]
ACTION: AUTHENTICATION_SUCCESS
APPLICATION: CAS
WHEN: Fri Mar 09 17:18:40 CST 2018
CLIENT IP ADDRESS: 0:0:0:0:0:0:0:1
SERVER IP ADDRESS: 0:0:0:0:0:0:0:1
=============================================================

>[m
[32m2018-03-09 17:18:40,469 INFO [org.apereo.inspektr.audit.support.Slf4jLoggingAuditTrailManager] - <Audit trail record BEGIN
=============================================================
WHO: zhangsan
WHAT: TGT-**********************************************jNi26USH56-JeandeMBP
ACTION: TICKET_GRANTING_TICKET_CREATED
APPLICATION: CAS
WHEN: Fri Mar 09 17:18:40 CST 2018
CLIENT IP ADDRESS: 0:0:0:0:0:0:0:1
SERVER IP ADDRESS: 0:0:0:0:0:0:0:1
=============================================================

>[m
[32m2018-03-09 17:18:40,469 INFO [org.apereo.inspektr.audit.support.Slf4jLoggingAuditTrailManager] - <Audit trail record BEGIN
=============================================================
WHO: zhangsan
WHAT: TGT-**********************************************jNi26USH56-JeandeMBP
ACTION: TICKET_GRANTING_TICKET_CREATED
APPLICATION: CAS
WHEN: Fri Mar 09 17:18:40 CST 2018
CLIENT IP ADDRESS: 0:0:0:0:0:0:0:1
SERVER IP ADDRESS: 0:0:0:0:0:0:0:1
=============================================================

>[m
[32m2018-03-09 17:18:40,472 INFO [org.apereo.cas.DefaultCentralAuthenticationService] - <Granted ticket [ST-5-GcySvlE6W4SIZ2wemGSr-JeandeMBP] for service [http://localhost:8084/] and principal [zhangsan]>[m
[32m2018-03-09 17:18:40,473 INFO [org.apereo.inspektr.audit.support.Slf4jLoggingAuditTrailManager] - <Audit trail record BEGIN
=============================================================
WHO: zhangsan
WHAT: ST-5-GcySvlE6W4SIZ2wemGSr-JeandeMBP for http://localhost:8084/
ACTION: SERVICE_TICKET_CREATED
APPLICATION: CAS
WHEN: Fri Mar 09 17:18:40 CST 2018
CLIENT IP ADDRESS: 0:0:0:0:0:0:0:1
SERVER IP ADDRESS: 0:0:0:0:0:0:0:1
=============================================================

>[m
[32m2018-03-09 17:18:40,473 INFO [org.apereo.inspektr.audit.support.Slf4jLoggingAuditTrailManager] - <Audit trail record BEGIN
=============================================================
WHO: zhangsan
WHAT: ST-5-GcySvlE6W4SIZ2wemGSr-JeandeMBP for http://localhost:8084/
ACTION: SERVICE_TICKET_CREATED
APPLICATION: CAS
WHEN: Fri Mar 09 17:18:40 CST 2018
CLIENT IP ADDRESS: 0:0:0:0:0:0:0:1
SERVER IP ADDRESS: 0:0:0:0:0:0:0:1
=============================================================

>[m
[32m2018-03-09 17:18:40,479 INFO [org.apereo.inspektr.audit.support.Slf4jLoggingAuditTrailManager] - <Audit trail record BEGIN
=============================================================
WHO: zhangsan
WHAT: ST-5-GcySvlE6W4SIZ2wemGSr-JeandeMBP
ACTION: SERVICE_TICKET_VALIDATED
APPLICATION: CAS
WHEN: Fri Mar 09 17:18:40 CST 2018
CLIENT IP ADDRESS: 127.0.0.1
SERVER IP ADDRESS: 127.0.0.1
=============================================================

>[m
[32m2018-03-09 17:18:40,479 INFO [org.apereo.inspektr.audit.support.Slf4jLoggingAuditTrailManager] - <Audit trail record BEGIN
=============================================================
WHO: zhangsan
WHAT: ST-5-GcySvlE6W4SIZ2wemGSr-JeandeMBP
ACTION: SERVICE_TICKET_VALIDATED
APPLICATION: CAS
WHEN: Fri Mar 09 17:18:40 CST 2018
CLIENT IP ADDRESS: 127.0.0.1
SERVER IP ADDRESS: 127.0.0.1
=============================================================

>[m
[32m2018-03-09 17:18:41,394 INFO [org.apereo.cas.services.DefaultServicesManager] - <Loaded [3] service(s) from [InMemoryServiceRegistry].>[m
[32m2018-03-09 17:18:44,278 INFO [org.apereo.inspektr.audit.support.Slf4jLoggingAuditTrailManager] - <Audit trail record BEGIN
=============================================================
WHO: audit:unknown
WHAT: [event=success,timestamp=Fri Mar 09 17:18:44 CST 2018,source=RankedAuthenticationProviderWebflowEventResolver]
ACTION: AUTHENTICATION_EVENT_TRIGGERED
APPLICATION: CAS
WHEN: Fri Mar 09 17:18:44 CST 2018
CLIENT IP ADDRESS: 0:0:0:0:0:0:0:1
SERVER IP ADDRESS: 0:0:0:0:0:0:0:1
=============================================================

>[m
[32m2018-03-09 17:18:44,278 INFO [org.apereo.inspektr.audit.support.Slf4jLoggingAuditTrailManager] - <Audit trail record BEGIN
=============================================================
WHO: audit:unknown
WHAT: [event=success,timestamp=Fri Mar 09 17:18:44 CST 2018,source=RankedAuthenticationProviderWebflowEventResolver]
ACTION: AUTHENTICATION_EVENT_TRIGGERED
APPLICATION: CAS
WHEN: Fri Mar 09 17:18:44 CST 2018
CLIENT IP ADDRESS: 0:0:0:0:0:0:0:1
SERVER IP ADDRESS: 0:0:0:0:0:0:0:1
=============================================================

>[m
