[32m2018-03-09 11:18:24,571 INFO [org.springframework.cloud.config.client.ConfigServicePropertySourceLocator] - <Fetching config from server at: http://localhost:8888/config>[m
[32m2018-03-09 11:18:26,036 INFO [org.springframework.cloud.config.client.ConfigServicePropertySourceLocator] - <Located environment: name=sso, profiles=[dev], label=null, version=null, state=null>[m
[32m2018-03-09 11:18:26,037 INFO [org.springframework.cloud.bootstrap.config.PropertySourceBootstrapConfiguration] - <Located property source: CompositePropertySource [name='configService', propertySources=[MapPropertySource [name='classpath:/config/sso-dev.properties']]]>[m
[32m2018-03-09 11:18:36,260 INFO [org.apereo.cas.web.CasWebApplication] - <The following profiles are active: dev>[m
[32m2018-03-09 11:18:36,304 INFO [org.apereo.cas.web.CasWebApplicationContext] - <Refreshing CasWebApplicationContext>[m
[32m2018-03-09 11:19:08,487 INFO [org.apereo.cas.services.DefaultServicesManager] - <Loaded [1] service(s) from [InMemoryServiceRegistry].>[m
[32m2018-03-09 11:19:08,522 INFO [org.apereo.cas.services.DefaultServicesManager] - <Loaded [1] service(s) from [InMemoryServiceRegistry].>[m
[32m2018-03-09 11:19:08,523 INFO [org.apereo.cas.services.ServiceRegistryInitializer] - <Service registry contains [1] service definitions>[m
[32m2018-03-09 11:19:27,405 INFO [org.apereo.cas.support.events.listener.CasConfigurationEventListener] - <Refreshing CAS configuration. Stand by...>[m
[33m2018-03-09 11:19:33,229 WARN [org.apereo.cas.util.cipher.BaseStringCipherExecutor] - <Secret key for encryption is not defined for [Ticket-granting Cookie]; CAS will attempt to auto-generate the encryption key>[m
[33m2018-03-09 11:19:33,240 WARN [org.apereo.cas.util.cipher.BaseStringCipherExecutor] - <Generated encryption key [N4lRPwceSDtsmWdWUZTEXO542hz6gD4QW39LQyjwI7A] of size [256] for [Ticket-granting Cookie]. The generated key MUST be added to CAS settings.>[m
[33m2018-03-09 11:19:33,240 WARN [org.apereo.cas.util.cipher.BaseStringCipherExecutor] - <Secret key for signing is not defined for [Ticket-granting Cookie]. CAS will attempt to auto-generate the signing key>[m
[33m2018-03-09 11:19:33,240 WARN [org.apereo.cas.util.cipher.BaseStringCipherExecutor] - <Generated signing key [L7WoFZpLgNNYj59lb-d7kkqNkz5uFrTRPuIy16DnLP4YeUNBPo-XEV_mNyN3Eksz8iwu1nKZ_ertwrLIdfszxg] of size [512] for [Ticket-granting Cookie]. The generated key MUST be added to CAS settings.>[m
[33m2018-03-09 11:19:33,573 WARN [org.apereo.cas.util.cipher.BaseBinaryCipherExecutor] - <Secret key for signing is not defined. CAS will attempt to auto-generate the signing key>[m
[33m2018-03-09 11:19:33,573 WARN [org.apereo.cas.util.cipher.BaseBinaryCipherExecutor] - <Generated signing key [Lc83dTpJR9kQd2z0rb_L-npK9s7VYIsa4zNwGhld5hit5p4BdyLikM4oIvIgsqIvKAeCygp0QTLynPAwoyauow] of size [512]. The generated key MUST be added to CAS settings.>[m
[33m2018-03-09 11:19:33,573 WARN [org.apereo.cas.util.cipher.BaseBinaryCipherExecutor] - <No encryption key is defined. CAS will attempt to auto-generate keys>[m
[33m2018-03-09 11:19:33,574 WARN [org.apereo.cas.util.cipher.BaseBinaryCipherExecutor] - <Generated encryption key [PKLUWhEarCDJJCQm] of size [16]. The generated key MUST be added to CAS settings.>[m
[32m2018-03-09 11:19:33,796 INFO [org.apereo.cas.support.events.listener.DefaultCasEventListener] - <[36m>[m
[32m2018-03-09 11:19:33,799 INFO [org.apereo.cas.support.events.listener.DefaultCasEventListener] - <

  ____    _____      _      ____   __   __
 |  _ \  | ____|    / \    |  _ \  \ \ / /
 | |_) | |  _|     / _ \   | | | |  \ V / 
 |  _ <  | |___   / ___ \  | |_| |   | |  
 |_| \_\ |_____| /_/   \_\ |____/    |_|  
                                          
>[m
[32m2018-03-09 11:19:33,799 INFO [org.apereo.cas.support.events.listener.DefaultCasEventListener] - <[0m>[m
[32m2018-03-09 11:19:33,799 INFO [org.apereo.cas.support.events.listener.DefaultCasEventListener] - <Ready to process requests @ [2018-03-09T03:19:33.795Z]>[m
[32m2018-03-09 11:19:33,801 INFO [org.apereo.cas.web.CasWebApplication] - <Started CasWebApplication in 101.735 seconds (JVM running for 109.051)>[m
[32m2018-03-09 11:19:53,643 INFO [org.apereo.cas.services.DefaultServicesManager] - <Loaded [1] service(s) from [InMemoryServiceRegistry].>[m
[32m2018-03-09 11:19:53,656 INFO [org.apereo.cas.ticket.registry.DefaultTicketRegistryCleaner] - <[0] expired tickets removed.>[m
[32m2018-03-09 11:20:28,685 INFO [org.apereo.cas.web.flow.InitialFlowSetupAction] - <Setting path for cookies for warn cookie generator to: [/cas/] >[m
[32m2018-03-09 11:20:28,685 INFO [org.apereo.cas.web.flow.InitialFlowSetupAction] - <Setting path for cookies for warn cookie generator to: [/cas/] >[m
[32m2018-03-09 11:20:28,717 INFO [org.apereo.inspektr.audit.support.Slf4jLoggingAuditTrailManager] - <Audit trail record BEGIN
=============================================================
WHO: audit:unknown
WHAT: [event=success,timestamp=Fri Mar 09 11:20:28 CST 2018,source=RankedAuthenticationProviderWebflowEventResolver]
ACTION: AUTHENTICATION_EVENT_TRIGGERED
APPLICATION: CAS
WHEN: Fri Mar 09 11:20:28 CST 2018
CLIENT IP ADDRESS: 0:0:0:0:0:0:0:1
SERVER IP ADDRESS: 0:0:0:0:0:0:0:1
=============================================================

>[m
[32m2018-03-09 11:20:28,717 INFO [org.apereo.inspektr.audit.support.Slf4jLoggingAuditTrailManager] - <Audit trail record BEGIN
=============================================================
WHO: audit:unknown
WHAT: [event=success,timestamp=Fri Mar 09 11:20:28 CST 2018,source=RankedAuthenticationProviderWebflowEventResolver]
ACTION: AUTHENTICATION_EVENT_TRIGGERED
APPLICATION: CAS
WHEN: Fri Mar 09 11:20:28 CST 2018
CLIENT IP ADDRESS: 0:0:0:0:0:0:0:1
SERVER IP ADDRESS: 0:0:0:0:0:0:0:1
=============================================================

>[m
[32m2018-03-09 11:20:46,701 INFO [org.apereo.cas.authentication.PolicyBasedAuthenticationManager] - <[QueryDatabaseAuthenticationHandler] failed authenticating [admin]>[m
[32m2018-03-09 11:20:46,708 INFO [org.apereo.cas.authentication.PolicyBasedAuthenticationManager] - <[QueryAndEncodeDatabaseAuthenticationHandler] failed authenticating [admin]>[m
[33m2018-03-09 11:20:46,710 WARN [org.apereo.cas.authentication.PolicyBasedAuthenticationManager] - <Authentication has failed. Credentials may be incorrect or CAS cannot find authentication handler that supports [admin] of type [UsernamePasswordCredential], which suggests a configuration problem.>[m
[32m2018-03-09 11:20:46,713 INFO [org.apereo.inspektr.audit.support.Slf4jLoggingAuditTrailManager] - <Audit trail record BEGIN
=============================================================
WHO: admin
WHAT: Supplied credentials: [admin]
ACTION: AUTHENTICATION_FAILED
APPLICATION: CAS
WHEN: Fri Mar 09 11:20:46 CST 2018
CLIENT IP ADDRESS: 0:0:0:0:0:0:0:1
SERVER IP ADDRESS: 0:0:0:0:0:0:0:1
=============================================================

>[m
[32m2018-03-09 11:20:46,713 INFO [org.apereo.inspektr.audit.support.Slf4jLoggingAuditTrailManager] - <Audit trail record BEGIN
=============================================================
WHO: admin
WHAT: Supplied credentials: [admin]
ACTION: AUTHENTICATION_FAILED
APPLICATION: CAS
WHEN: Fri Mar 09 11:20:46 CST 2018
CLIENT IP ADDRESS: 0:0:0:0:0:0:0:1
SERVER IP ADDRESS: 0:0:0:0:0:0:0:1
=============================================================

>[m
[32m2018-03-09 11:20:53,645 INFO [org.apereo.cas.services.DefaultServicesManager] - <Loaded [1] service(s) from [InMemoryServiceRegistry].>[m
[32m2018-03-09 11:21:23,658 INFO [org.apereo.cas.ticket.registry.DefaultTicketRegistryCleaner] - <[0] expired tickets removed.>[m
[32m2018-03-09 11:21:53,649 INFO [org.apereo.cas.services.DefaultServicesManager] - <Loaded [1] service(s) from [InMemoryServiceRegistry].>[m
[32m2018-03-09 11:22:03,101 INFO [org.apereo.cas.authentication.PolicyBasedAuthenticationManager] - <[QueryDatabaseAuthenticationHandler] failed authenticating [zhagnsan]>[m
[32m2018-03-09 11:22:03,103 INFO [org.apereo.cas.authentication.PolicyBasedAuthenticationManager] - <[QueryAndEncodeDatabaseAuthenticationHandler] failed authenticating [zhagnsan]>[m
[33m2018-03-09 11:22:03,104 WARN [org.apereo.cas.authentication.PolicyBasedAuthenticationManager] - <Authentication has failed. Credentials may be incorrect or CAS cannot find authentication handler that supports [zhagnsan] of type [UsernamePasswordCredential], which suggests a configuration problem.>[m
[32m2018-03-09 11:22:03,104 INFO [org.apereo.inspektr.audit.support.Slf4jLoggingAuditTrailManager] - <Audit trail record BEGIN
=============================================================
WHO: zhagnsan
WHAT: Supplied credentials: [zhagnsan]
ACTION: AUTHENTICATION_FAILED
APPLICATION: CAS
WHEN: Fri Mar 09 11:22:03 CST 2018
CLIENT IP ADDRESS: 0:0:0:0:0:0:0:1
SERVER IP ADDRESS: 0:0:0:0:0:0:0:1
=============================================================

>[m
[32m2018-03-09 11:22:03,104 INFO [org.apereo.inspektr.audit.support.Slf4jLoggingAuditTrailManager] - <Audit trail record BEGIN
=============================================================
WHO: zhagnsan
WHAT: Supplied credentials: [zhagnsan]
ACTION: AUTHENTICATION_FAILED
APPLICATION: CAS
WHEN: Fri Mar 09 11:22:03 CST 2018
CLIENT IP ADDRESS: 0:0:0:0:0:0:0:1
SERVER IP ADDRESS: 0:0:0:0:0:0:0:1
=============================================================

>[m
[32m2018-03-09 11:22:14,075 INFO [org.apereo.cas.authentication.PolicyBasedAuthenticationManager] - <[QueryDatabaseAuthenticationHandler] failed authenticating [zhagnsan]>[m
[32m2018-03-09 11:22:14,077 INFO [org.apereo.cas.authentication.PolicyBasedAuthenticationManager] - <[QueryAndEncodeDatabaseAuthenticationHandler] failed authenticating [zhagnsan]>[m
[33m2018-03-09 11:22:14,077 WARN [org.apereo.cas.authentication.PolicyBasedAuthenticationManager] - <Authentication has failed. Credentials may be incorrect or CAS cannot find authentication handler that supports [zhagnsan] of type [UsernamePasswordCredential], which suggests a configuration problem.>[m
[32m2018-03-09 11:22:14,078 INFO [org.apereo.inspektr.audit.support.Slf4jLoggingAuditTrailManager] - <Audit trail record BEGIN
=============================================================
WHO: zhagnsan
WHAT: Supplied credentials: [zhagnsan]
ACTION: AUTHENTICATION_FAILED
APPLICATION: CAS
WHEN: Fri Mar 09 11:22:14 CST 2018
CLIENT IP ADDRESS: 0:0:0:0:0:0:0:1
SERVER IP ADDRESS: 0:0:0:0:0:0:0:1
=============================================================

>[m
[32m2018-03-09 11:22:14,078 INFO [org.apereo.inspektr.audit.support.Slf4jLoggingAuditTrailManager] - <Audit trail record BEGIN
=============================================================
WHO: zhagnsan
WHAT: Supplied credentials: [zhagnsan]
ACTION: AUTHENTICATION_FAILED
APPLICATION: CAS
WHEN: Fri Mar 09 11:22:14 CST 2018
CLIENT IP ADDRESS: 0:0:0:0:0:0:0:1
SERVER IP ADDRESS: 0:0:0:0:0:0:0:1
=============================================================

>[m
[32m2018-03-09 11:22:26,323 INFO [org.apereo.cas.authentication.PolicyBasedAuthenticationManager] - <[QueryDatabaseAuthenticationHandler] failed authenticating [zhangsan@foxmail.com]>[m
[32m2018-03-09 11:22:26,324 INFO [org.apereo.cas.authentication.PolicyBasedAuthenticationManager] - <[QueryAndEncodeDatabaseAuthenticationHandler] failed authenticating [zhangsan@foxmail.com]>[m
[33m2018-03-09 11:22:26,325 WARN [org.apereo.cas.authentication.PolicyBasedAuthenticationManager] - <Authentication has failed. Credentials may be incorrect or CAS cannot find authentication handler that supports [zhangsan@foxmail.com] of type [UsernamePasswordCredential], which suggests a configuration problem.>[m
[32m2018-03-09 11:22:26,325 INFO [org.apereo.inspektr.audit.support.Slf4jLoggingAuditTrailManager] - <Audit trail record BEGIN
=============================================================
WHO: zhangsan@foxmail.com
WHAT: Supplied credentials: [zhangsan@foxmail.com]
ACTION: AUTHENTICATION_FAILED
APPLICATION: CAS
WHEN: Fri Mar 09 11:22:26 CST 2018
CLIENT IP ADDRESS: 0:0:0:0:0:0:0:1
SERVER IP ADDRESS: 0:0:0:0:0:0:0:1
=============================================================

>[m
[32m2018-03-09 11:22:26,325 INFO [org.apereo.inspektr.audit.support.Slf4jLoggingAuditTrailManager] - <Audit trail record BEGIN
=============================================================
WHO: zhangsan@foxmail.com
WHAT: Supplied credentials: [zhangsan@foxmail.com]
ACTION: AUTHENTICATION_FAILED
APPLICATION: CAS
WHEN: Fri Mar 09 11:22:26 CST 2018
CLIENT IP ADDRESS: 0:0:0:0:0:0:0:1
SERVER IP ADDRESS: 0:0:0:0:0:0:0:1
=============================================================

>[m
[32m2018-03-09 11:22:42,854 INFO [org.apereo.cas.authentication.AbstractAuthenticationManager] - <Authenticated principal [zhangsan] with attributes [{}] via credentials [[zhangsan]].>[m
[32m2018-03-09 11:22:42,856 INFO [org.apereo.inspektr.audit.support.Slf4jLoggingAuditTrailManager] - <Audit trail record BEGIN
=============================================================
WHO: zhangsan
WHAT: Supplied credentials: [zhangsan]
ACTION: AUTHENTICATION_SUCCESS
APPLICATION: CAS
WHEN: Fri Mar 09 11:22:42 CST 2018
CLIENT IP ADDRESS: 0:0:0:0:0:0:0:1
SERVER IP ADDRESS: 0:0:0:0:0:0:0:1
=============================================================

>[m
[32m2018-03-09 11:22:42,856 INFO [org.apereo.inspektr.audit.support.Slf4jLoggingAuditTrailManager] - <Audit trail record BEGIN
=============================================================
WHO: zhangsan
WHAT: Supplied credentials: [zhangsan]
ACTION: AUTHENTICATION_SUCCESS
APPLICATION: CAS
WHEN: Fri Mar 09 11:22:42 CST 2018
CLIENT IP ADDRESS: 0:0:0:0:0:0:0:1
SERVER IP ADDRESS: 0:0:0:0:0:0:0:1
=============================================================

>[m
[32m2018-03-09 11:22:42,871 INFO [org.apereo.inspektr.audit.support.Slf4jLoggingAuditTrailManager] - <Audit trail record BEGIN
=============================================================
WHO: zhangsan
WHAT: TGT-**********************************************5Tg1N3nOtx-JeandeMBP
ACTION: TICKET_GRANTING_TICKET_CREATED
APPLICATION: CAS
WHEN: Fri Mar 09 11:22:42 CST 2018
CLIENT IP ADDRESS: 0:0:0:0:0:0:0:1
SERVER IP ADDRESS: 0:0:0:0:0:0:0:1
=============================================================

>[m
[32m2018-03-09 11:22:42,871 INFO [org.apereo.inspektr.audit.support.Slf4jLoggingAuditTrailManager] - <Audit trail record BEGIN
=============================================================
WHO: zhangsan
WHAT: TGT-**********************************************5Tg1N3nOtx-JeandeMBP
ACTION: TICKET_GRANTING_TICKET_CREATED
APPLICATION: CAS
WHEN: Fri Mar 09 11:22:42 CST 2018
CLIENT IP ADDRESS: 0:0:0:0:0:0:0:1
SERVER IP ADDRESS: 0:0:0:0:0:0:0:1
=============================================================

>[m
[32m2018-03-09 11:22:53,653 INFO [org.apereo.cas.services.DefaultServicesManager] - <Loaded [1] service(s) from [InMemoryServiceRegistry].>[m
[32m2018-03-09 11:22:53,660 INFO [org.apereo.cas.ticket.registry.DefaultTicketRegistryCleaner] - <[0] expired tickets removed.>[m
[32m2018-03-09 11:23:53,485 INFO [org.apereo.inspektr.audit.support.Slf4jLoggingAuditTrailManager] - <Audit trail record BEGIN
=============================================================
WHO: audit:unknown
WHAT: [event=success,timestamp=Fri Mar 09 11:23:53 CST 2018,source=RankedAuthenticationProviderWebflowEventResolver]
ACTION: AUTHENTICATION_EVENT_TRIGGERED
APPLICATION: CAS
WHEN: Fri Mar 09 11:23:53 CST 2018
CLIENT IP ADDRESS: 127.0.0.1
SERVER IP ADDRESS: 127.0.0.1
=============================================================

>[m
[32m2018-03-09 11:23:53,485 INFO [org.apereo.inspektr.audit.support.Slf4jLoggingAuditTrailManager] - <Audit trail record BEGIN
=============================================================
WHO: audit:unknown
WHAT: [event=success,timestamp=Fri Mar 09 11:23:53 CST 2018,source=RankedAuthenticationProviderWebflowEventResolver]
ACTION: AUTHENTICATION_EVENT_TRIGGERED
APPLICATION: CAS
WHEN: Fri Mar 09 11:23:53 CST 2018
CLIENT IP ADDRESS: 127.0.0.1
SERVER IP ADDRESS: 127.0.0.1
=============================================================

>[m
[32m2018-03-09 11:23:53,658 INFO [org.apereo.cas.services.DefaultServicesManager] - <Loaded [1] service(s) from [InMemoryServiceRegistry].>[m
[32m2018-03-09 11:23:54,420 INFO [org.apereo.inspektr.audit.support.Slf4jLoggingAuditTrailManager] - <Audit trail record BEGIN
=============================================================
WHO: audit:unknown
WHAT: [event=success,timestamp=Fri Mar 09 11:23:54 CST 2018,source=RankedAuthenticationProviderWebflowEventResolver]
ACTION: AUTHENTICATION_EVENT_TRIGGERED
APPLICATION: CAS
WHEN: Fri Mar 09 11:23:54 CST 2018
CLIENT IP ADDRESS: 127.0.0.1
SERVER IP ADDRESS: 127.0.0.1
=============================================================

>[m
[32m2018-03-09 11:23:54,420 INFO [org.apereo.inspektr.audit.support.Slf4jLoggingAuditTrailManager] - <Audit trail record BEGIN
=============================================================
WHO: audit:unknown
WHAT: [event=success,timestamp=Fri Mar 09 11:23:54 CST 2018,source=RankedAuthenticationProviderWebflowEventResolver]
ACTION: AUTHENTICATION_EVENT_TRIGGERED
APPLICATION: CAS
WHEN: Fri Mar 09 11:23:54 CST 2018
CLIENT IP ADDRESS: 127.0.0.1
SERVER IP ADDRESS: 127.0.0.1
=============================================================

>[m
[32m2018-03-09 11:24:00,959 INFO [org.apereo.inspektr.audit.support.Slf4jLoggingAuditTrailManager] - <Audit trail record BEGIN
=============================================================
WHO: audit:unknown
WHAT: [event=success,timestamp=Fri Mar 09 11:24:00 CST 2018,source=RankedAuthenticationProviderWebflowEventResolver]
ACTION: AUTHENTICATION_EVENT_TRIGGERED
APPLICATION: CAS
WHEN: Fri Mar 09 11:24:00 CST 2018
CLIENT IP ADDRESS: 127.0.0.1
SERVER IP ADDRESS: 127.0.0.1
=============================================================

>[m
[32m2018-03-09 11:24:00,959 INFO [org.apereo.inspektr.audit.support.Slf4jLoggingAuditTrailManager] - <Audit trail record BEGIN
=============================================================
WHO: audit:unknown
WHAT: [event=success,timestamp=Fri Mar 09 11:24:00 CST 2018,source=RankedAuthenticationProviderWebflowEventResolver]
ACTION: AUTHENTICATION_EVENT_TRIGGERED
APPLICATION: CAS
WHEN: Fri Mar 09 11:24:00 CST 2018
CLIENT IP ADDRESS: 127.0.0.1
SERVER IP ADDRESS: 127.0.0.1
=============================================================

>[m
[32m2018-03-09 11:24:23,662 INFO [org.apereo.cas.ticket.registry.DefaultTicketRegistryCleaner] - <[0] expired tickets removed.>[m
[32m2018-03-09 11:24:53,663 INFO [org.apereo.cas.services.DefaultServicesManager] - <Loaded [1] service(s) from [InMemoryServiceRegistry].>[m
[32m2018-03-09 11:25:53,663 INFO [org.apereo.cas.ticket.registry.DefaultTicketRegistryCleaner] - <[0] expired tickets removed.>[m
[32m2018-03-09 11:25:53,664 INFO [org.apereo.cas.services.DefaultServicesManager] - <Loaded [1] service(s) from [InMemoryServiceRegistry].>[m
[32m2018-03-09 11:26:53,671 INFO [org.apereo.cas.services.DefaultServicesManager] - <Loaded [1] service(s) from [InMemoryServiceRegistry].>[m
[32m2018-03-09 11:27:23,668 INFO [org.apereo.cas.ticket.registry.DefaultTicketRegistryCleaner] - <[0] expired tickets removed.>[m
[32m2018-03-09 11:27:53,675 INFO [org.apereo.cas.services.DefaultServicesManager] - <Loaded [1] service(s) from [InMemoryServiceRegistry].>[m
[32m2018-03-09 11:28:37,971 INFO [org.apereo.inspektr.audit.support.Slf4jLoggingAuditTrailManager] - <Audit trail record BEGIN
=============================================================
WHO: audit:unknown
WHAT: [event=success,timestamp=Fri Mar 09 11:28:37 CST 2018,source=RankedAuthenticationProviderWebflowEventResolver]
ACTION: AUTHENTICATION_EVENT_TRIGGERED
APPLICATION: CAS
WHEN: Fri Mar 09 11:28:37 CST 2018
CLIENT IP ADDRESS: 127.0.0.1
SERVER IP ADDRESS: 127.0.0.1
=============================================================

>[m
[32m2018-03-09 11:28:37,971 INFO [org.apereo.inspektr.audit.support.Slf4jLoggingAuditTrailManager] - <Audit trail record BEGIN
=============================================================
WHO: audit:unknown
WHAT: [event=success,timestamp=Fri Mar 09 11:28:37 CST 2018,source=RankedAuthenticationProviderWebflowEventResolver]
ACTION: AUTHENTICATION_EVENT_TRIGGERED
APPLICATION: CAS
WHEN: Fri Mar 09 11:28:37 CST 2018
CLIENT IP ADDRESS: 127.0.0.1
SERVER IP ADDRESS: 127.0.0.1
=============================================================

>[m
[32m2018-03-09 11:28:48,719 INFO [org.apereo.cas.authentication.AbstractAuthenticationManager] - <Authenticated principal [zhangsan] with attributes [{}] via credentials [[zhangsan]].>[m
[32m2018-03-09 11:28:48,720 INFO [org.apereo.inspektr.audit.support.Slf4jLoggingAuditTrailManager] - <Audit trail record BEGIN
=============================================================
WHO: zhangsan
WHAT: Supplied credentials: [zhangsan]
ACTION: AUTHENTICATION_SUCCESS
APPLICATION: CAS
WHEN: Fri Mar 09 11:28:48 CST 2018
CLIENT IP ADDRESS: 127.0.0.1
SERVER IP ADDRESS: 127.0.0.1
=============================================================

>[m
[32m2018-03-09 11:28:48,720 INFO [org.apereo.inspektr.audit.support.Slf4jLoggingAuditTrailManager] - <Audit trail record BEGIN
=============================================================
WHO: zhangsan
WHAT: Supplied credentials: [zhangsan]
ACTION: AUTHENTICATION_SUCCESS
APPLICATION: CAS
WHEN: Fri Mar 09 11:28:48 CST 2018
CLIENT IP ADDRESS: 127.0.0.1
SERVER IP ADDRESS: 127.0.0.1
=============================================================

>[m
[32m2018-03-09 11:28:48,721 INFO [org.apereo.inspektr.audit.support.Slf4jLoggingAuditTrailManager] - <Audit trail record BEGIN
=============================================================
WHO: zhangsan
WHAT: TGT-**********************************************iSytdOeGu2-JeandeMBP
ACTION: TICKET_GRANTING_TICKET_CREATED
APPLICATION: CAS
WHEN: Fri Mar 09 11:28:48 CST 2018
CLIENT IP ADDRESS: 127.0.0.1
SERVER IP ADDRESS: 127.0.0.1
=============================================================

>[m
[32m2018-03-09 11:28:48,721 INFO [org.apereo.inspektr.audit.support.Slf4jLoggingAuditTrailManager] - <Audit trail record BEGIN
=============================================================
WHO: zhangsan
WHAT: TGT-**********************************************iSytdOeGu2-JeandeMBP
ACTION: TICKET_GRANTING_TICKET_CREATED
APPLICATION: CAS
WHEN: Fri Mar 09 11:28:48 CST 2018
CLIENT IP ADDRESS: 127.0.0.1
SERVER IP ADDRESS: 127.0.0.1
=============================================================

>[m
[32m2018-03-09 11:28:53,672 INFO [org.apereo.cas.ticket.registry.DefaultTicketRegistryCleaner] - <[0] expired tickets removed.>[m
[32m2018-03-09 11:28:53,676 INFO [org.apereo.cas.services.DefaultServicesManager] - <Loaded [1] service(s) from [InMemoryServiceRegistry].>[m
[32m2018-03-09 11:29:00,254 INFO [org.apereo.inspektr.audit.support.Slf4jLoggingAuditTrailManager] - <Audit trail record BEGIN
=============================================================
WHO: audit:unknown
WHAT: [event=success,timestamp=Fri Mar 09 11:29:00 CST 2018,source=RankedAuthenticationProviderWebflowEventResolver]
ACTION: AUTHENTICATION_EVENT_TRIGGERED
APPLICATION: CAS
WHEN: Fri Mar 09 11:29:00 CST 2018
CLIENT IP ADDRESS: 127.0.0.1
SERVER IP ADDRESS: 127.0.0.1
=============================================================

>[m
[32m2018-03-09 11:29:00,254 INFO [org.apereo.inspektr.audit.support.Slf4jLoggingAuditTrailManager] - <Audit trail record BEGIN
=============================================================
WHO: audit:unknown
WHAT: [event=success,timestamp=Fri Mar 09 11:29:00 CST 2018,source=RankedAuthenticationProviderWebflowEventResolver]
ACTION: AUTHENTICATION_EVENT_TRIGGERED
APPLICATION: CAS
WHEN: Fri Mar 09 11:29:00 CST 2018
CLIENT IP ADDRESS: 127.0.0.1
SERVER IP ADDRESS: 127.0.0.1
=============================================================

>[m
[32m2018-03-09 11:29:01,998 INFO [org.apereo.inspektr.audit.support.Slf4jLoggingAuditTrailManager] - <Audit trail record BEGIN
=============================================================
WHO: audit:unknown
WHAT: [event=success,timestamp=Fri Mar 09 11:29:01 CST 2018,source=RankedAuthenticationProviderWebflowEventResolver]
ACTION: AUTHENTICATION_EVENT_TRIGGERED
APPLICATION: CAS
WHEN: Fri Mar 09 11:29:01 CST 2018
CLIENT IP ADDRESS: 127.0.0.1
SERVER IP ADDRESS: 127.0.0.1
=============================================================

>[m
[32m2018-03-09 11:29:01,998 INFO [org.apereo.inspektr.audit.support.Slf4jLoggingAuditTrailManager] - <Audit trail record BEGIN
=============================================================
WHO: audit:unknown
WHAT: [event=success,timestamp=Fri Mar 09 11:29:01 CST 2018,source=RankedAuthenticationProviderWebflowEventResolver]
ACTION: AUTHENTICATION_EVENT_TRIGGERED
APPLICATION: CAS
WHEN: Fri Mar 09 11:29:01 CST 2018
CLIENT IP ADDRESS: 127.0.0.1
SERVER IP ADDRESS: 127.0.0.1
=============================================================

>[m
[32m2018-03-09 11:29:03,215 INFO [org.apereo.inspektr.audit.support.Slf4jLoggingAuditTrailManager] - <Audit trail record BEGIN
=============================================================
WHO: audit:unknown
WHAT: [event=success,timestamp=Fri Mar 09 11:29:03 CST 2018,source=RankedAuthenticationProviderWebflowEventResolver]
ACTION: AUTHENTICATION_EVENT_TRIGGERED
APPLICATION: CAS
WHEN: Fri Mar 09 11:29:03 CST 2018
CLIENT IP ADDRESS: 127.0.0.1
SERVER IP ADDRESS: 127.0.0.1
=============================================================

>[m
[32m2018-03-09 11:29:03,215 INFO [org.apereo.inspektr.audit.support.Slf4jLoggingAuditTrailManager] - <Audit trail record BEGIN
=============================================================
WHO: audit:unknown
WHAT: [event=success,timestamp=Fri Mar 09 11:29:03 CST 2018,source=RankedAuthenticationProviderWebflowEventResolver]
ACTION: AUTHENTICATION_EVENT_TRIGGERED
APPLICATION: CAS
WHEN: Fri Mar 09 11:29:03 CST 2018
CLIENT IP ADDRESS: 127.0.0.1
SERVER IP ADDRESS: 127.0.0.1
=============================================================

>[m
[32m2018-03-09 11:29:03,893 INFO [org.apereo.inspektr.audit.support.Slf4jLoggingAuditTrailManager] - <Audit trail record BEGIN
=============================================================
WHO: audit:unknown
WHAT: [event=success,timestamp=Fri Mar 09 11:29:03 CST 2018,source=RankedAuthenticationProviderWebflowEventResolver]
ACTION: AUTHENTICATION_EVENT_TRIGGERED
APPLICATION: CAS
WHEN: Fri Mar 09 11:29:03 CST 2018
CLIENT IP ADDRESS: 127.0.0.1
SERVER IP ADDRESS: 127.0.0.1
=============================================================

>[m
[32m2018-03-09 11:29:03,893 INFO [org.apereo.inspektr.audit.support.Slf4jLoggingAuditTrailManager] - <Audit trail record BEGIN
=============================================================
WHO: audit:unknown
WHAT: [event=success,timestamp=Fri Mar 09 11:29:03 CST 2018,source=RankedAuthenticationProviderWebflowEventResolver]
ACTION: AUTHENTICATION_EVENT_TRIGGERED
APPLICATION: CAS
WHEN: Fri Mar 09 11:29:03 CST 2018
CLIENT IP ADDRESS: 127.0.0.1
SERVER IP ADDRESS: 127.0.0.1
=============================================================

>[m
[32m2018-03-09 11:29:04,400 INFO [org.apereo.inspektr.audit.support.Slf4jLoggingAuditTrailManager] - <Audit trail record BEGIN
=============================================================
WHO: audit:unknown
WHAT: [event=success,timestamp=Fri Mar 09 11:29:04 CST 2018,source=RankedAuthenticationProviderWebflowEventResolver]
ACTION: AUTHENTICATION_EVENT_TRIGGERED
APPLICATION: CAS
WHEN: Fri Mar 09 11:29:04 CST 2018
CLIENT IP ADDRESS: 127.0.0.1
SERVER IP ADDRESS: 127.0.0.1
=============================================================

>[m
[32m2018-03-09 11:29:04,400 INFO [org.apereo.inspektr.audit.support.Slf4jLoggingAuditTrailManager] - <Audit trail record BEGIN
=============================================================
WHO: audit:unknown
WHAT: [event=success,timestamp=Fri Mar 09 11:29:04 CST 2018,source=RankedAuthenticationProviderWebflowEventResolver]
ACTION: AUTHENTICATION_EVENT_TRIGGERED
APPLICATION: CAS
WHEN: Fri Mar 09 11:29:04 CST 2018
CLIENT IP ADDRESS: 127.0.0.1
SERVER IP ADDRESS: 127.0.0.1
=============================================================

>[m
[32m2018-03-09 11:29:06,936 INFO [org.apereo.inspektr.audit.support.Slf4jLoggingAuditTrailManager] - <Audit trail record BEGIN
=============================================================
WHO: audit:unknown
WHAT: [event=success,timestamp=Fri Mar 09 11:29:06 CST 2018,source=RankedAuthenticationProviderWebflowEventResolver]
ACTION: AUTHENTICATION_EVENT_TRIGGERED
APPLICATION: CAS
WHEN: Fri Mar 09 11:29:06 CST 2018
CLIENT IP ADDRESS: 127.0.0.1
SERVER IP ADDRESS: 127.0.0.1
=============================================================

>[m
[32m2018-03-09 11:29:06,936 INFO [org.apereo.inspektr.audit.support.Slf4jLoggingAuditTrailManager] - <Audit trail record BEGIN
=============================================================
WHO: audit:unknown
WHAT: [event=success,timestamp=Fri Mar 09 11:29:06 CST 2018,source=RankedAuthenticationProviderWebflowEventResolver]
ACTION: AUTHENTICATION_EVENT_TRIGGERED
APPLICATION: CAS
WHEN: Fri Mar 09 11:29:06 CST 2018
CLIENT IP ADDRESS: 127.0.0.1
SERVER IP ADDRESS: 127.0.0.1
=============================================================

>[m
[32m2018-03-09 11:29:07,807 INFO [org.apereo.inspektr.audit.support.Slf4jLoggingAuditTrailManager] - <Audit trail record BEGIN
=============================================================
WHO: audit:unknown
WHAT: [event=success,timestamp=Fri Mar 09 11:29:07 CST 2018,source=RankedAuthenticationProviderWebflowEventResolver]
ACTION: AUTHENTICATION_EVENT_TRIGGERED
APPLICATION: CAS
WHEN: Fri Mar 09 11:29:07 CST 2018
CLIENT IP ADDRESS: 127.0.0.1
SERVER IP ADDRESS: 127.0.0.1
=============================================================

>[m
[32m2018-03-09 11:29:07,807 INFO [org.apereo.inspektr.audit.support.Slf4jLoggingAuditTrailManager] - <Audit trail record BEGIN
=============================================================
WHO: audit:unknown
WHAT: [event=success,timestamp=Fri Mar 09 11:29:07 CST 2018,source=RankedAuthenticationProviderWebflowEventResolver]
ACTION: AUTHENTICATION_EVENT_TRIGGERED
APPLICATION: CAS
WHEN: Fri Mar 09 11:29:07 CST 2018
CLIENT IP ADDRESS: 127.0.0.1
SERVER IP ADDRESS: 127.0.0.1
=============================================================

>[m
[32m2018-03-09 11:29:09,602 INFO [org.apereo.inspektr.audit.support.Slf4jLoggingAuditTrailManager] - <Audit trail record BEGIN
=============================================================
WHO: audit:unknown
WHAT: [event=success,timestamp=Fri Mar 09 11:29:09 CST 2018,source=RankedAuthenticationProviderWebflowEventResolver]
ACTION: AUTHENTICATION_EVENT_TRIGGERED
APPLICATION: CAS
WHEN: Fri Mar 09 11:29:09 CST 2018
CLIENT IP ADDRESS: 127.0.0.1
SERVER IP ADDRESS: 127.0.0.1
=============================================================

>[m
[32m2018-03-09 11:29:09,602 INFO [org.apereo.inspektr.audit.support.Slf4jLoggingAuditTrailManager] - <Audit trail record BEGIN
=============================================================
WHO: audit:unknown
WHAT: [event=success,timestamp=Fri Mar 09 11:29:09 CST 2018,source=RankedAuthenticationProviderWebflowEventResolver]
ACTION: AUTHENTICATION_EVENT_TRIGGERED
APPLICATION: CAS
WHEN: Fri Mar 09 11:29:09 CST 2018
CLIENT IP ADDRESS: 127.0.0.1
SERVER IP ADDRESS: 127.0.0.1
=============================================================

>[m
[32m2018-03-09 11:29:26,841 INFO [org.apereo.cas.logout.DefaultLogoutManager] - <Performing logout operations for [TGT-**********************************************iSytdOeGu2-JeandeMBP]>[m
[32m2018-03-09 11:29:26,843 INFO [org.apereo.cas.logout.DefaultLogoutManager] - <[0] logout requests were processed>[m
[32m2018-03-09 11:29:26,845 INFO [org.apereo.inspektr.audit.support.Slf4jLoggingAuditTrailManager] - <Audit trail record BEGIN
=============================================================
WHO: zhangsan
WHAT: TGT-**********************************************iSytdOeGu2-JeandeMBP
ACTION: TICKET_GRANTING_TICKET_DESTROYED
APPLICATION: CAS
WHEN: Fri Mar 09 11:29:26 CST 2018
CLIENT IP ADDRESS: 127.0.0.1
SERVER IP ADDRESS: 127.0.0.1
=============================================================

>[m
[32m2018-03-09 11:29:26,845 INFO [org.apereo.inspektr.audit.support.Slf4jLoggingAuditTrailManager] - <Audit trail record BEGIN
=============================================================
WHO: zhangsan
WHAT: TGT-**********************************************iSytdOeGu2-JeandeMBP
ACTION: TICKET_GRANTING_TICKET_DESTROYED
APPLICATION: CAS
WHEN: Fri Mar 09 11:29:26 CST 2018
CLIENT IP ADDRESS: 127.0.0.1
SERVER IP ADDRESS: 127.0.0.1
=============================================================

>[m
[32m2018-03-09 11:29:30,886 INFO [org.apereo.inspektr.audit.support.Slf4jLoggingAuditTrailManager] - <Audit trail record BEGIN
=============================================================
WHO: audit:unknown
WHAT: [event=success,timestamp=Fri Mar 09 11:29:30 CST 2018,source=RankedAuthenticationProviderWebflowEventResolver]
ACTION: AUTHENTICATION_EVENT_TRIGGERED
APPLICATION: CAS
WHEN: Fri Mar 09 11:29:30 CST 2018
CLIENT IP ADDRESS: 127.0.0.1
SERVER IP ADDRESS: 127.0.0.1
=============================================================

>[m
[32m2018-03-09 11:29:30,886 INFO [org.apereo.inspektr.audit.support.Slf4jLoggingAuditTrailManager] - <Audit trail record BEGIN
=============================================================
WHO: audit:unknown
WHAT: [event=success,timestamp=Fri Mar 09 11:29:30 CST 2018,source=RankedAuthenticationProviderWebflowEventResolver]
ACTION: AUTHENTICATION_EVENT_TRIGGERED
APPLICATION: CAS
WHEN: Fri Mar 09 11:29:30 CST 2018
CLIENT IP ADDRESS: 127.0.0.1
SERVER IP ADDRESS: 127.0.0.1
=============================================================

>[m
[32m2018-03-09 11:29:53,678 INFO [org.apereo.cas.services.DefaultServicesManager] - <Loaded [1] service(s) from [InMemoryServiceRegistry].>[m
[32m2018-03-09 11:30:16,666 INFO [org.apereo.inspektr.audit.support.Slf4jLoggingAuditTrailManager] - <Audit trail record BEGIN
=============================================================
WHO: audit:unknown
WHAT: [event=success,timestamp=Fri Mar 09 11:30:16 CST 2018,source=RankedAuthenticationProviderWebflowEventResolver]
ACTION: AUTHENTICATION_EVENT_TRIGGERED
APPLICATION: CAS
WHEN: Fri Mar 09 11:30:16 CST 2018
CLIENT IP ADDRESS: 127.0.0.1
SERVER IP ADDRESS: 127.0.0.1
=============================================================

>[m
[32m2018-03-09 11:30:16,666 INFO [org.apereo.inspektr.audit.support.Slf4jLoggingAuditTrailManager] - <Audit trail record BEGIN
=============================================================
WHO: audit:unknown
WHAT: [event=success,timestamp=Fri Mar 09 11:30:16 CST 2018,source=RankedAuthenticationProviderWebflowEventResolver]
ACTION: AUTHENTICATION_EVENT_TRIGGERED
APPLICATION: CAS
WHEN: Fri Mar 09 11:30:16 CST 2018
CLIENT IP ADDRESS: 127.0.0.1
SERVER IP ADDRESS: 127.0.0.1
=============================================================

>[m
[32m2018-03-09 11:30:23,676 INFO [org.apereo.cas.ticket.registry.DefaultTicketRegistryCleaner] - <[0] expired tickets removed.>[m
[32m2018-03-09 11:30:53,680 INFO [org.apereo.cas.services.DefaultServicesManager] - <Loaded [1] service(s) from [InMemoryServiceRegistry].>[m
[32m2018-03-09 11:31:53,678 INFO [org.apereo.cas.ticket.registry.DefaultTicketRegistryCleaner] - <[0] expired tickets removed.>[m
[32m2018-03-09 11:31:53,681 INFO [org.apereo.cas.services.DefaultServicesManager] - <Loaded [1] service(s) from [InMemoryServiceRegistry].>[m
[32m2018-03-09 11:32:53,686 INFO [org.apereo.cas.services.DefaultServicesManager] - <Loaded [1] service(s) from [InMemoryServiceRegistry].>[m
[32m2018-03-09 11:33:23,680 INFO [org.apereo.cas.ticket.registry.DefaultTicketRegistryCleaner] - <[0] expired tickets removed.>[m
[32m2018-03-09 11:33:53,687 INFO [org.apereo.cas.services.DefaultServicesManager] - <Loaded [1] service(s) from [InMemoryServiceRegistry].>[m
[32m2018-03-09 11:34:53,683 INFO [org.apereo.cas.ticket.registry.DefaultTicketRegistryCleaner] - <[0] expired tickets removed.>[m
[32m2018-03-09 11:34:53,688 INFO [org.apereo.cas.services.DefaultServicesManager] - <Loaded [1] service(s) from [InMemoryServiceRegistry].>[m
[32m2018-03-09 11:35:53,692 INFO [org.apereo.cas.services.DefaultServicesManager] - <Loaded [1] service(s) from [InMemoryServiceRegistry].>[m
[32m2018-03-09 11:36:23,687 INFO [org.apereo.cas.ticket.registry.DefaultTicketRegistryCleaner] - <[0] expired tickets removed.>[m
[32m2018-03-09 11:36:53,695 INFO [org.apereo.cas.services.DefaultServicesManager] - <Loaded [1] service(s) from [InMemoryServiceRegistry].>[m
[32m2018-03-09 11:37:53,689 INFO [org.apereo.cas.ticket.registry.DefaultTicketRegistryCleaner] - <[0] expired tickets removed.>[m
[32m2018-03-09 11:37:53,698 INFO [org.apereo.cas.services.DefaultServicesManager] - <Loaded [1] service(s) from [InMemoryServiceRegistry].>[m
[32m2018-03-09 11:38:53,699 INFO [org.apereo.cas.services.DefaultServicesManager] - <Loaded [1] service(s) from [InMemoryServiceRegistry].>[m
[32m2018-03-09 11:39:23,691 INFO [org.apereo.cas.ticket.registry.DefaultTicketRegistryCleaner] - <[0] expired tickets removed.>[m
[32m2018-03-09 11:39:53,704 INFO [org.apereo.cas.services.DefaultServicesManager] - <Loaded [1] service(s) from [InMemoryServiceRegistry].>[m
[32m2018-03-09 11:40:53,696 INFO [org.apereo.cas.ticket.registry.DefaultTicketRegistryCleaner] - <[0] expired tickets removed.>[m
[32m2018-03-09 11:40:53,706 INFO [org.apereo.cas.services.DefaultServicesManager] - <Loaded [1] service(s) from [InMemoryServiceRegistry].>[m
[32m2018-03-09 11:41:53,711 INFO [org.apereo.cas.services.DefaultServicesManager] - <Loaded [1] service(s) from [InMemoryServiceRegistry].>[m
[32m2018-03-09 11:42:23,702 INFO [org.apereo.cas.ticket.registry.DefaultTicketRegistryCleaner] - <[0] expired tickets removed.>[m
[32m2018-03-09 11:42:53,714 INFO [org.apereo.cas.services.DefaultServicesManager] - <Loaded [1] service(s) from [InMemoryServiceRegistry].>[m
[32m2018-03-09 11:43:53,705 INFO [org.apereo.cas.ticket.registry.DefaultTicketRegistryCleaner] - <[0] expired tickets removed.>[m
[32m2018-03-09 11:43:53,715 INFO [org.apereo.cas.services.DefaultServicesManager] - <Loaded [1] service(s) from [InMemoryServiceRegistry].>[m
[32m2018-03-09 11:44:53,720 INFO [org.apereo.cas.services.DefaultServicesManager] - <Loaded [1] service(s) from [InMemoryServiceRegistry].>[m
[32m2018-03-09 11:45:23,710 INFO [org.apereo.cas.ticket.registry.DefaultTicketRegistryCleaner] - <[0] expired tickets removed.>[m
[32m2018-03-09 11:45:53,724 INFO [org.apereo.cas.services.DefaultServicesManager] - <Loaded [1] service(s) from [InMemoryServiceRegistry].>[m
[32m2018-03-09 11:46:53,716 INFO [org.apereo.cas.ticket.registry.DefaultTicketRegistryCleaner] - <[0] expired tickets removed.>[m
[32m2018-03-09 11:46:53,726 INFO [org.apereo.cas.services.DefaultServicesManager] - <Loaded [1] service(s) from [InMemoryServiceRegistry].>[m
[32m2018-03-09 11:47:53,727 INFO [org.apereo.cas.services.DefaultServicesManager] - <Loaded [1] service(s) from [InMemoryServiceRegistry].>[m
[32m2018-03-09 11:48:23,720 INFO [org.apereo.cas.ticket.registry.DefaultTicketRegistryCleaner] - <[0] expired tickets removed.>[m
[32m2018-03-09 11:48:53,731 INFO [org.apereo.cas.services.DefaultServicesManager] - <Loaded [1] service(s) from [InMemoryServiceRegistry].>[m
[32m2018-03-09 11:49:53,725 INFO [org.apereo.cas.ticket.registry.DefaultTicketRegistryCleaner] - <[0] expired tickets removed.>[m
[32m2018-03-09 11:49:53,733 INFO [org.apereo.cas.services.DefaultServicesManager] - <Loaded [1] service(s) from [InMemoryServiceRegistry].>[m
[32m2018-03-09 11:50:53,738 INFO [org.apereo.cas.services.DefaultServicesManager] - <Loaded [1] service(s) from [InMemoryServiceRegistry].>[m
[32m2018-03-09 11:51:23,727 INFO [org.apereo.cas.ticket.registry.DefaultTicketRegistryCleaner] - <[0] expired tickets removed.>[m
[32m2018-03-09 11:51:53,743 INFO [org.apereo.cas.services.DefaultServicesManager] - <Loaded [1] service(s) from [InMemoryServiceRegistry].>[m
[32m2018-03-09 11:52:53,732 INFO [org.apereo.cas.ticket.registry.DefaultTicketRegistryCleaner] - <[0] expired tickets removed.>[m
[32m2018-03-09 11:52:53,744 INFO [org.apereo.cas.services.DefaultServicesManager] - <Loaded [1] service(s) from [InMemoryServiceRegistry].>[m
[32m2018-03-09 11:53:53,745 INFO [org.apereo.cas.services.DefaultServicesManager] - <Loaded [1] service(s) from [InMemoryServiceRegistry].>[m
[32m2018-03-09 11:54:23,736 INFO [org.apereo.cas.ticket.registry.DefaultTicketRegistryCleaner] - <[0] expired tickets removed.>[m
[32m2018-03-09 11:54:53,746 INFO [org.apereo.cas.services.DefaultServicesManager] - <Loaded [1] service(s) from [InMemoryServiceRegistry].>[m
[32m2018-03-09 11:55:53,739 INFO [org.apereo.cas.ticket.registry.DefaultTicketRegistryCleaner] - <[0] expired tickets removed.>[m
[32m2018-03-09 11:55:53,748 INFO [org.apereo.cas.services.DefaultServicesManager] - <Loaded [1] service(s) from [InMemoryServiceRegistry].>[m
[32m2018-03-09 11:56:53,750 INFO [org.apereo.cas.services.DefaultServicesManager] - <Loaded [1] service(s) from [InMemoryServiceRegistry].>[m
[32m2018-03-09 11:57:23,742 INFO [org.apereo.cas.ticket.registry.DefaultTicketRegistryCleaner] - <[0] expired tickets removed.>[m
[32m2018-03-09 11:57:53,754 INFO [org.apereo.cas.services.DefaultServicesManager] - <Loaded [1] service(s) from [InMemoryServiceRegistry].>[m
[32m2018-03-09 11:58:53,746 INFO [org.apereo.cas.ticket.registry.DefaultTicketRegistryCleaner] - <[0] expired tickets removed.>[m
[32m2018-03-09 11:58:53,755 INFO [org.apereo.cas.services.DefaultServicesManager] - <Loaded [1] service(s) from [InMemoryServiceRegistry].>[m
[32m2018-03-09 11:59:53,759 INFO [org.apereo.cas.services.DefaultServicesManager] - <Loaded [1] service(s) from [InMemoryServiceRegistry].>[m
