type=GAUGE, name=jvm.fd.usage, value=0.00439453125
type=GAUGE, name=jvm.gc.PS-MarkSweep.count, value=3
type=GAUGE, name=jvm.gc.PS-MarkSweep.time, value=391
type=GAUGE, name=jvm.gc.PS-Scavenge.count, value=23
type=GAUGE, name=jvm.gc.PS-Scavenge.time, value=492
type=GAUGE, name=jvm.memory.heap.committed, value=1649410048
type=GAUGE, name=jvm.memory.heap.init, value=268435456
type=GAUGE, name=jvm.memory.heap.max, value=3817865216
type=GAUGE, name=jvm.memory.heap.usage, value=0.19962977760606204
type=GAUGE, name=jvm.memory.heap.used, value=762159584
type=GAUGE, name=jvm.memory.non-heap.committed, value=115236864
type=GAUGE, name=jvm.memory.non-heap.init, value=2555904
type=GAUGE, name=jvm.memory.non-heap.max, value=-1
type=GAUGE, name=jvm.memory.non-heap.usage, value=-1.11355624E8
type=GAUGE, name=jvm.memory.non-heap.used, value=111356392
type=GAUGE, name=jvm.memory.pools.Code-Cache.committed, value=31653888
type=GAUGE, name=jvm.memory.pools.Code-Cache.init, value=2555904
type=GAUGE, name=jvm.memory.pools.Code-Cache.max, value=251658240
type=GAUGE, name=jvm.memory.pools.Code-Cache.usage, value=0.11914037068684896
type=GAUGE, name=jvm.memory.pools.Code-Cache.used, value=29982656
type=GAUGE, name=jvm.memory.pools.Compressed-Class-Space.committed, value=9306112
type=GAUGE, name=jvm.memory.pools.Compressed-Class-Space.init, value=0
type=GAUGE, name=jvm.memory.pools.Compressed-Class-Space.max, value=1073741824
type=GAUGE, name=jvm.memory.pools.Compressed-Class-Space.usage, value=0.008294589817523956
type=GAUGE, name=jvm.memory.pools.Compressed-Class-Space.used, value=8906248
type=GAUGE, name=jvm.memory.pools.Metaspace.committed, value=74276864
type=GAUGE, name=jvm.memory.pools.Metaspace.init, value=0
type=GAUGE, name=jvm.memory.pools.Metaspace.max, value=-1
type=GAUGE, name=jvm.memory.pools.Metaspace.usage, value=0.9759891855423514
type=GAUGE, name=jvm.memory.pools.Metaspace.used, value=72493416
type=GAUGE, name=jvm.memory.pools.PS-Eden-Space.committed, value=1343225856
type=GAUGE, name=jvm.memory.pools.PS-Eden-Space.init, value=67108864
type=GAUGE, name=jvm.memory.pools.PS-Eden-Space.max, value=1343225856
type=GAUGE, name=jvm.memory.pools.PS-Eden-Space.usage, value=0.4881472501970659
type=GAUGE, name=jvm.memory.pools.PS-Eden-Space.used, value=655692008
type=GAUGE, name=jvm.memory.pools.PS-Eden-Space.used-after-gc, value=0
type=GAUGE, name=jvm.memory.pools.PS-Old-Gen.committed, value=264241152
type=GAUGE, name=jvm.memory.pools.PS-Old-Gen.init, value=179306496
type=GAUGE, name=jvm.memory.pools.PS-Old-Gen.max, value=2863661056
type=GAUGE, name=jvm.memory.pools.PS-Old-Gen.usage, value=0.022581367953624188
type=GAUGE, name=jvm.memory.pools.PS-Old-Gen.used, value=64665384
type=GAUGE, name=jvm.memory.pools.PS-Old-Gen.used-after-gc, value=63205144
type=GAUGE, name=jvm.memory.pools.PS-Survivor-Space.committed, value=41943040
type=GAUGE, name=jvm.memory.pools.PS-Survivor-Space.init, value=11010048
type=GAUGE, name=jvm.memory.pools.PS-Survivor-Space.max, value=41943040
type=GAUGE, name=jvm.memory.pools.PS-Survivor-Space.usage, value=0.9966419219970704
type=GAUGE, name=jvm.memory.pools.PS-Survivor-Space.used, value=41802192
type=GAUGE, name=jvm.memory.pools.PS-Survivor-Space.used-after-gc, value=41802192
type=GAUGE, name=jvm.memory.total.committed, value=1764646912
type=GAUGE, name=jvm.memory.total.init, value=270991360
type=GAUGE, name=jvm.memory.total.max, value=3817865215
type=GAUGE, name=jvm.memory.total.used, value=873543512
type=GAUGE, name=thread-states.blocked.count, value=0
type=GAUGE, name=thread-states.count, value=31
type=GAUGE, name=thread-states.daemon.count, value=23
type=GAUGE, name=thread-states.deadlock.count, value=0
type=GAUGE, name=thread-states.deadlocks, value=[]
type=GAUGE, name=thread-states.new.count, value=0
type=GAUGE, name=thread-states.runnable.count, value=9
type=GAUGE, name=thread-states.terminated.count, value=0
type=GAUGE, name=thread-states.timed_waiting.count, value=9
type=GAUGE, name=thread-states.waiting.count, value=13
type=COUNTER, name=org.apereo.cas.DefaultCentralAuthenticationService$$EnhancerBySpringCGLIB$$11e78af8.CREATE_PROXY_GRANTING_TICKET_COUNTER, count=0
type=COUNTER, name=org.apereo.cas.DefaultCentralAuthenticationService$$EnhancerBySpringCGLIB$$11e78af8.CREATE_TICKET_GRANTING_TICKET_COUNTER, count=0
type=COUNTER, name=org.apereo.cas.DefaultCentralAuthenticationService$$EnhancerBySpringCGLIB$$11e78af8.DELETE_TICKET_COUNTER, count=0
type=COUNTER, name=org.apereo.cas.DefaultCentralAuthenticationService$$EnhancerBySpringCGLIB$$11e78af8.DESTROY_TICKET_GRANTING_TICKET_COUNTER, count=0
type=COUNTER, name=org.apereo.cas.DefaultCentralAuthenticationService$$EnhancerBySpringCGLIB$$11e78af8.GET_TICKETS_COUNTER, count=0
type=COUNTER, name=org.apereo.cas.DefaultCentralAuthenticationService$$EnhancerBySpringCGLIB$$11e78af8.GET_TICKET_COUNTER, count=0
type=COUNTER, name=org.apereo.cas.DefaultCentralAuthenticationService$$EnhancerBySpringCGLIB$$11e78af8.GRANT_PROXY_TICKET_COUNTER, count=0
type=COUNTER, name=org.apereo.cas.DefaultCentralAuthenticationService$$EnhancerBySpringCGLIB$$11e78af8.GRANT_SERVICE_TICKET_COUNTER, count=0
type=COUNTER, name=org.apereo.cas.DefaultCentralAuthenticationService$$EnhancerBySpringCGLIB$$11e78af8.VALIDATE_SERVICE_TICKET_COUNTER, count=0
type=COUNTER, name=org.apereo.cas.authentication.PolicyBasedAuthenticationManager.AUTHENTICATE_COUNT, count=0
type=METER, name=org.apereo.cas.DefaultCentralAuthenticationService$$EnhancerBySpringCGLIB$$11e78af8.CREATE_PROXY_GRANTING_TICKET_METER, count=0, mean_rate=0.0, m1=0.0, m5=0.0, m15=0.0, rate_unit=events/millisecond
type=METER, name=org.apereo.cas.DefaultCentralAuthenticationService$$EnhancerBySpringCGLIB$$11e78af8.CREATE_TICKET_GRANTING_TICKET_METER, count=0, mean_rate=0.0, m1=0.0, m5=0.0, m15=0.0, rate_unit=events/millisecond
type=METER, name=org.apereo.cas.DefaultCentralAuthenticationService$$EnhancerBySpringCGLIB$$11e78af8.DELETE_TICKET_METER, count=0, mean_rate=0.0, m1=0.0, m5=0.0, m15=0.0, rate_unit=events/millisecond
type=METER, name=org.apereo.cas.DefaultCentralAuthenticationService$$EnhancerBySpringCGLIB$$11e78af8.DESTROY_TICKET_GRANTING_TICKET_METER, count=0, mean_rate=0.0, m1=0.0, m5=0.0, m15=0.0, rate_unit=events/millisecond
type=METER, name=org.apereo.cas.DefaultCentralAuthenticationService$$EnhancerBySpringCGLIB$$11e78af8.GET_TICKETS_METER, count=0, mean_rate=0.0, m1=0.0, m5=0.0, m15=0.0, rate_unit=events/millisecond
type=METER, name=org.apereo.cas.DefaultCentralAuthenticationService$$EnhancerBySpringCGLIB$$11e78af8.GET_TICKET_METER, count=0, mean_rate=0.0, m1=0.0, m5=0.0, m15=0.0, rate_unit=events/millisecond
type=METER, name=org.apereo.cas.DefaultCentralAuthenticationService$$EnhancerBySpringCGLIB$$11e78af8.GRANT_PROXY_TICKET_METER, count=0, mean_rate=0.0, m1=0.0, m5=0.0, m15=0.0, rate_unit=events/millisecond
type=METER, name=org.apereo.cas.DefaultCentralAuthenticationService$$EnhancerBySpringCGLIB$$11e78af8.GRANT_SERVICE_TICKET_METER, count=0, mean_rate=0.0, m1=0.0, m5=0.0, m15=0.0, rate_unit=events/millisecond
type=METER, name=org.apereo.cas.DefaultCentralAuthenticationService$$EnhancerBySpringCGLIB$$11e78af8.VALIDATE_SERVICE_TICKET_METER, count=0, mean_rate=0.0, m1=0.0, m5=0.0, m15=0.0, rate_unit=events/millisecond
type=METER, name=org.apereo.cas.authentication.PolicyBasedAuthenticationManager.AUTHENTICATE_METER, count=0, mean_rate=0.0, m1=0.0, m5=0.0, m15=0.0, rate_unit=events/millisecond
type=TIMER, name=org.apereo.cas.DefaultCentralAuthenticationService$$EnhancerBySpringCGLIB$$11e78af8.CREATE_PROXY_GRANTING_TICKET_TIMER, count=0, min=0.0, max=0.0, mean=0.0, stddev=0.0, median=0.0, p75=0.0, p95=0.0, p98=0.0, p99=0.0, p999=0.0, mean_rate=0.0, m1=0.0, m5=0.0, m15=0.0, rate_unit=events/millisecond, duration_unit=milliseconds
type=TIMER, name=org.apereo.cas.DefaultCentralAuthenticationService$$EnhancerBySpringCGLIB$$11e78af8.CREATE_TICKET_GRANTING_TICKET_TIMER, count=0, min=0.0, max=0.0, mean=0.0, stddev=0.0, median=0.0, p75=0.0, p95=0.0, p98=0.0, p99=0.0, p999=0.0, mean_rate=0.0, m1=0.0, m5=0.0, m15=0.0, rate_unit=events/millisecond, duration_unit=milliseconds
type=TIMER, name=org.apereo.cas.DefaultCentralAuthenticationService$$EnhancerBySpringCGLIB$$11e78af8.DELETE_TICKET_TIMER, count=0, min=0.0, max=0.0, mean=0.0, stddev=0.0, median=0.0, p75=0.0, p95=0.0, p98=0.0, p99=0.0, p999=0.0, mean_rate=0.0, m1=0.0, m5=0.0, m15=0.0, rate_unit=events/millisecond, duration_unit=milliseconds
type=TIMER, name=org.apereo.cas.DefaultCentralAuthenticationService$$EnhancerBySpringCGLIB$$11e78af8.DESTROY_TICKET_GRANTING_TICKET_TIMER, count=0, min=0.0, max=0.0, mean=0.0, stddev=0.0, median=0.0, p75=0.0, p95=0.0, p98=0.0, p99=0.0, p999=0.0, mean_rate=0.0, m1=0.0, m5=0.0, m15=0.0, rate_unit=events/millisecond, duration_unit=milliseconds
type=TIMER, name=org.apereo.cas.DefaultCentralAuthenticationService$$EnhancerBySpringCGLIB$$11e78af8.GET_TICKETS_TIMER, count=0, min=0.0, max=0.0, mean=0.0, stddev=0.0, median=0.0, p75=0.0, p95=0.0, p98=0.0, p99=0.0, p999=0.0, mean_rate=0.0, m1=0.0, m5=0.0, m15=0.0, rate_unit=events/millisecond, duration_unit=milliseconds
type=TIMER, name=org.apereo.cas.DefaultCentralAuthenticationService$$EnhancerBySpringCGLIB$$11e78af8.GET_TICKET_TIMER, count=0, min=0.0, max=0.0, mean=0.0, stddev=0.0, median=0.0, p75=0.0, p95=0.0, p98=0.0, p99=0.0, p999=0.0, mean_rate=0.0, m1=0.0, m5=0.0, m15=0.0, rate_unit=events/millisecond, duration_unit=milliseconds
type=TIMER, name=org.apereo.cas.DefaultCentralAuthenticationService$$EnhancerBySpringCGLIB$$11e78af8.GRANT_PROXY_TICKET_TIMER, count=0, min=0.0, max=0.0, mean=0.0, stddev=0.0, median=0.0, p75=0.0, p95=0.0, p98=0.0, p99=0.0, p999=0.0, mean_rate=0.0, m1=0.0, m5=0.0, m15=0.0, rate_unit=events/millisecond, duration_unit=milliseconds
type=TIMER, name=org.apereo.cas.DefaultCentralAuthenticationService$$EnhancerBySpringCGLIB$$11e78af8.GRANT_SERVICE_TICKET_TIMER, count=0, min=0.0, max=0.0, mean=0.0, stddev=0.0, median=0.0, p75=0.0, p95=0.0, p98=0.0, p99=0.0, p999=0.0, mean_rate=0.0, m1=0.0, m5=0.0, m15=0.0, rate_unit=events/millisecond, duration_unit=milliseconds
type=TIMER, name=org.apereo.cas.DefaultCentralAuthenticationService$$EnhancerBySpringCGLIB$$11e78af8.VALIDATE_SERVICE_TICKET_TIMER, count=0, min=0.0, max=0.0, mean=0.0, stddev=0.0, median=0.0, p75=0.0, p95=0.0, p98=0.0, p99=0.0, p999=0.0, mean_rate=0.0, m1=0.0, m5=0.0, m15=0.0, rate_unit=events/millisecond, duration_unit=milliseconds
type=TIMER, name=org.apereo.cas.authentication.PolicyBasedAuthenticationManager.AUTHENTICATE_TIMER, count=0, min=0.0, max=0.0, mean=0.0, stddev=0.0, median=0.0, p75=0.0, p95=0.0, p98=0.0, p99=0.0, p999=0.0, mean_rate=0.0, m1=0.0, m5=0.0, m15=0.0, rate_unit=events/millisecond, duration_unit=milliseconds
type=GAUGE, name=jvm.fd.usage, value=0.005859375
type=GAUGE, name=jvm.gc.PS-MarkSweep.count, value=3
type=GAUGE, name=jvm.gc.PS-MarkSweep.time, value=391
type=GAUGE, name=jvm.gc.PS-Scavenge.count, value=24
type=GAUGE, name=jvm.gc.PS-Scavenge.time, value=523
type=GAUGE, name=jvm.memory.heap.committed, value=1617952768
type=GAUGE, name=jvm.memory.heap.init, value=268435456
type=GAUGE, name=jvm.memory.heap.max, value=3817865216
type=GAUGE, name=jvm.memory.heap.usage, value=0.08418624907265454
type=GAUGE, name=jvm.memory.heap.used, value=321411752
type=GAUGE, name=jvm.memory.non-heap.committed, value=126640128
type=GAUGE, name=jvm.memory.non-heap.init, value=2555904
type=GAUGE, name=jvm.memory.non-heap.max, value=-1
type=GAUGE, name=jvm.memory.non-heap.usage, value=-1.23845816E8
type=GAUGE, name=jvm.memory.non-heap.used, value=123845816
type=GAUGE, name=jvm.memory.pools.Code-Cache.committed, value=32309248
type=GAUGE, name=jvm.memory.pools.Code-Cache.init, value=2555904
type=GAUGE, name=jvm.memory.pools.Code-Cache.max, value=251658240
type=GAUGE, name=jvm.memory.pools.Code-Cache.usage, value=0.1274693806966146
type=GAUGE, name=jvm.memory.pools.Code-Cache.used, value=32078720
type=GAUGE, name=jvm.memory.pools.Compressed-Class-Space.committed, value=10616832
type=GAUGE, name=jvm.memory.pools.Compressed-Class-Space.init, value=0
type=GAUGE, name=jvm.memory.pools.Compressed-Class-Space.max, value=1073741824
type=GAUGE, name=jvm.memory.pools.Compressed-Class-Space.usage, value=0.009379856288433075
type=GAUGE, name=jvm.memory.pools.Compressed-Class-Space.used, value=10071544
type=GAUGE, name=jvm.memory.pools.Metaspace.committed, value=83714048
type=GAUGE, name=jvm.memory.pools.Metaspace.init, value=0
type=GAUGE, name=jvm.memory.pools.Metaspace.max, value=-1
type=GAUGE, name=jvm.memory.pools.Metaspace.usage, value=0.9759170647201292
type=GAUGE, name=jvm.memory.pools.Metaspace.used, value=81697968
type=GAUGE, name=jvm.memory.pools.PS-Eden-Space.committed, value=1307574272
type=GAUGE, name=jvm.memory.pools.PS-Eden-Space.init, value=67108864
type=GAUGE, name=jvm.memory.pools.PS-Eden-Space.max, value=1323302912
type=GAUGE, name=jvm.memory.pools.PS-Eden-Space.usage, value=0.14482181990392234
type=GAUGE, name=jvm.memory.pools.PS-Eden-Space.used, value=191643136
type=GAUGE, name=jvm.memory.pools.PS-Eden-Space.used-after-gc, value=0
type=GAUGE, name=jvm.memory.pools.PS-Old-Gen.committed, value=264241152
type=GAUGE, name=jvm.memory.pools.PS-Old-Gen.init, value=179306496
type=GAUGE, name=jvm.memory.pools.PS-Old-Gen.max, value=2863661056
type=GAUGE, name=jvm.memory.pools.PS-Old-Gen.usage, value=0.0292043640516652
type=GAUGE, name=jvm.memory.pools.PS-Old-Gen.used, value=83631400
type=GAUGE, name=jvm.memory.pools.PS-Old-Gen.used-after-gc, value=63205144
type=GAUGE, name=jvm.memory.pools.PS-Survivor-Space.committed, value=46137344
type=GAUGE, name=jvm.memory.pools.PS-Survivor-Space.init, value=11010048
type=GAUGE, name=jvm.memory.pools.PS-Survivor-Space.max, value=46137344
type=GAUGE, name=jvm.memory.pools.PS-Survivor-Space.usage, value=0.9999972256747159
type=GAUGE, name=jvm.memory.pools.PS-Survivor-Space.used, value=46137216
type=GAUGE, name=jvm.memory.pools.PS-Survivor-Space.used-after-gc, value=46137216
type=GAUGE, name=jvm.memory.total.committed, value=1744592896
type=GAUGE, name=jvm.memory.total.init, value=270991360
type=GAUGE, name=jvm.memory.total.max, value=3817865215
type=GAUGE, name=jvm.memory.total.used, value=445271360
type=GAUGE, name=thread-states.blocked.count, value=0
type=GAUGE, name=thread-states.count, value=38
type=GAUGE, name=thread-states.daemon.count, value=25
type=GAUGE, name=thread-states.deadlock.count, value=0
type=GAUGE, name=thread-states.deadlocks, value=[]
type=GAUGE, name=thread-states.new.count, value=0
type=GAUGE, name=thread-states.runnable.count, value=7
type=GAUGE, name=thread-states.terminated.count, value=0
type=GAUGE, name=thread-states.timed_waiting.count, value=15
type=GAUGE, name=thread-states.waiting.count, value=16
type=COUNTER, name=org.apereo.cas.DefaultCentralAuthenticationService$$EnhancerBySpringCGLIB$$11e78af8.CREATE_PROXY_GRANTING_TICKET_COUNTER, count=0
type=COUNTER, name=org.apereo.cas.DefaultCentralAuthenticationService$$EnhancerBySpringCGLIB$$11e78af8.CREATE_TICKET_GRANTING_TICKET_COUNTER, count=0
type=COUNTER, name=org.apereo.cas.DefaultCentralAuthenticationService$$EnhancerBySpringCGLIB$$11e78af8.DELETE_TICKET_COUNTER, count=0
type=COUNTER, name=org.apereo.cas.DefaultCentralAuthenticationService$$EnhancerBySpringCGLIB$$11e78af8.DESTROY_TICKET_GRANTING_TICKET_COUNTER, count=0
type=COUNTER, name=org.apereo.cas.DefaultCentralAuthenticationService$$EnhancerBySpringCGLIB$$11e78af8.GET_TICKETS_COUNTER, count=0
type=COUNTER, name=org.apereo.cas.DefaultCentralAuthenticationService$$EnhancerBySpringCGLIB$$11e78af8.GET_TICKET_COUNTER, count=0
type=COUNTER, name=org.apereo.cas.DefaultCentralAuthenticationService$$EnhancerBySpringCGLIB$$11e78af8.GRANT_PROXY_TICKET_COUNTER, count=0
type=COUNTER, name=org.apereo.cas.DefaultCentralAuthenticationService$$EnhancerBySpringCGLIB$$11e78af8.GRANT_SERVICE_TICKET_COUNTER, count=0
type=COUNTER, name=org.apereo.cas.DefaultCentralAuthenticationService$$EnhancerBySpringCGLIB$$11e78af8.VALIDATE_SERVICE_TICKET_COUNTER, count=0
type=COUNTER, name=org.apereo.cas.authentication.PolicyBasedAuthenticationManager.AUTHENTICATE_COUNT, count=6
type=METER, name=org.apereo.cas.DefaultCentralAuthenticationService$$EnhancerBySpringCGLIB$$11e78af8.CREATE_PROXY_GRANTING_TICKET_METER, count=0, mean_rate=0.0, m1=0.0, m5=0.0, m15=0.0, rate_unit=events/millisecond
type=METER, name=org.apereo.cas.DefaultCentralAuthenticationService$$EnhancerBySpringCGLIB$$11e78af8.CREATE_TICKET_GRANTING_TICKET_METER, count=0, mean_rate=0.0, m1=0.0, m5=0.0, m15=0.0, rate_unit=events/millisecond
type=METER, name=org.apereo.cas.DefaultCentralAuthenticationService$$EnhancerBySpringCGLIB$$11e78af8.DELETE_TICKET_METER, count=0, mean_rate=0.0, m1=0.0, m5=0.0, m15=0.0, rate_unit=events/millisecond
type=METER, name=org.apereo.cas.DefaultCentralAuthenticationService$$EnhancerBySpringCGLIB$$11e78af8.DESTROY_TICKET_GRANTING_TICKET_METER, count=0, mean_rate=0.0, m1=0.0, m5=0.0, m15=0.0, rate_unit=events/millisecond
type=METER, name=org.apereo.cas.DefaultCentralAuthenticationService$$EnhancerBySpringCGLIB$$11e78af8.GET_TICKETS_METER, count=0, mean_rate=0.0, m1=0.0, m5=0.0, m15=0.0, rate_unit=events/millisecond
type=METER, name=org.apereo.cas.DefaultCentralAuthenticationService$$EnhancerBySpringCGLIB$$11e78af8.GET_TICKET_METER, count=0, mean_rate=0.0, m1=0.0, m5=0.0, m15=0.0, rate_unit=events/millisecond
type=METER, name=org.apereo.cas.DefaultCentralAuthenticationService$$EnhancerBySpringCGLIB$$11e78af8.GRANT_PROXY_TICKET_METER, count=0, mean_rate=0.0, m1=0.0, m5=0.0, m15=0.0, rate_unit=events/millisecond
type=METER, name=org.apereo.cas.DefaultCentralAuthenticationService$$EnhancerBySpringCGLIB$$11e78af8.GRANT_SERVICE_TICKET_METER, count=0, mean_rate=0.0, m1=0.0, m5=0.0, m15=0.0, rate_unit=events/millisecond
type=METER, name=org.apereo.cas.DefaultCentralAuthenticationService$$EnhancerBySpringCGLIB$$11e78af8.VALIDATE_SERVICE_TICKET_METER, count=0, mean_rate=0.0, m1=0.0, m5=0.0, m15=0.0, rate_unit=events/millisecond
type=METER, name=org.apereo.cas.authentication.PolicyBasedAuthenticationManager.AUTHENTICATE_METER, count=6, mean_rate=0.0, m1=0.0, m5=0.0, m15=0.0, rate_unit=events/millisecond
type=TIMER, name=org.apereo.cas.DefaultCentralAuthenticationService$$EnhancerBySpringCGLIB$$11e78af8.CREATE_PROXY_GRANTING_TICKET_TIMER, count=0, min=0.0, max=0.0, mean=0.0, stddev=0.0, median=0.0, p75=0.0, p95=0.0, p98=0.0, p99=0.0, p999=0.0, mean_rate=0.0, m1=0.0, m5=0.0, m15=0.0, rate_unit=events/millisecond, duration_unit=milliseconds
type=TIMER, name=org.apereo.cas.DefaultCentralAuthenticationService$$EnhancerBySpringCGLIB$$11e78af8.CREATE_TICKET_GRANTING_TICKET_TIMER, count=0, min=0.0, max=0.0, mean=0.0, stddev=0.0, median=0.0, p75=0.0, p95=0.0, p98=0.0, p99=0.0, p999=0.0, mean_rate=0.0, m1=0.0, m5=0.0, m15=0.0, rate_unit=events/millisecond, duration_unit=milliseconds
type=TIMER, name=org.apereo.cas.DefaultCentralAuthenticationService$$EnhancerBySpringCGLIB$$11e78af8.DELETE_TICKET_TIMER, count=0, min=0.0, max=0.0, mean=0.0, stddev=0.0, median=0.0, p75=0.0, p95=0.0, p98=0.0, p99=0.0, p999=0.0, mean_rate=0.0, m1=0.0, m5=0.0, m15=0.0, rate_unit=events/millisecond, duration_unit=milliseconds
type=TIMER, name=org.apereo.cas.DefaultCentralAuthenticationService$$EnhancerBySpringCGLIB$$11e78af8.DESTROY_TICKET_GRANTING_TICKET_TIMER, count=0, min=0.0, max=0.0, mean=0.0, stddev=0.0, median=0.0, p75=0.0, p95=0.0, p98=0.0, p99=0.0, p999=0.0, mean_rate=0.0, m1=0.0, m5=0.0, m15=0.0, rate_unit=events/millisecond, duration_unit=milliseconds
type=TIMER, name=org.apereo.cas.DefaultCentralAuthenticationService$$EnhancerBySpringCGLIB$$11e78af8.GET_TICKETS_TIMER, count=0, min=0.0, max=0.0, mean=0.0, stddev=0.0, median=0.0, p75=0.0, p95=0.0, p98=0.0, p99=0.0, p999=0.0, mean_rate=0.0, m1=0.0, m5=0.0, m15=0.0, rate_unit=events/millisecond, duration_unit=milliseconds
type=TIMER, name=org.apereo.cas.DefaultCentralAuthenticationService$$EnhancerBySpringCGLIB$$11e78af8.GET_TICKET_TIMER, count=0, min=0.0, max=0.0, mean=0.0, stddev=0.0, median=0.0, p75=0.0, p95=0.0, p98=0.0, p99=0.0, p999=0.0, mean_rate=0.0, m1=0.0, m5=0.0, m15=0.0, rate_unit=events/millisecond, duration_unit=milliseconds
type=TIMER, name=org.apereo.cas.DefaultCentralAuthenticationService$$EnhancerBySpringCGLIB$$11e78af8.GRANT_PROXY_TICKET_TIMER, count=0, min=0.0, max=0.0, mean=0.0, stddev=0.0, median=0.0, p75=0.0, p95=0.0, p98=0.0, p99=0.0, p999=0.0, mean_rate=0.0, m1=0.0, m5=0.0, m15=0.0, rate_unit=events/millisecond, duration_unit=milliseconds
type=TIMER, name=org.apereo.cas.DefaultCentralAuthenticationService$$EnhancerBySpringCGLIB$$11e78af8.GRANT_SERVICE_TICKET_TIMER, count=0, min=0.0, max=0.0, mean=0.0, stddev=0.0, median=0.0, p75=0.0, p95=0.0, p98=0.0, p99=0.0, p999=0.0, mean_rate=0.0, m1=0.0, m5=0.0, m15=0.0, rate_unit=events/millisecond, duration_unit=milliseconds
type=TIMER, name=org.apereo.cas.DefaultCentralAuthenticationService$$EnhancerBySpringCGLIB$$11e78af8.VALIDATE_SERVICE_TICKET_TIMER, count=0, min=0.0, max=0.0, mean=0.0, stddev=0.0, median=0.0, p75=0.0, p95=0.0, p98=0.0, p99=0.0, p999=0.0, mean_rate=0.0, m1=0.0, m5=0.0, m15=0.0, rate_unit=events/millisecond, duration_unit=milliseconds
type=TIMER, name=org.apereo.cas.authentication.PolicyBasedAuthenticationManager.AUTHENTICATE_TIMER, count=6, min=9.951709, max=2171.288517, mean=620.7126230978371, stddev=972.2394929352381, median=11.090575, p75=2168.812092, p95=2171.288517, p98=2171.288517, p99=2171.288517, p999=2171.288517, mean_rate=0.0, m1=0.0, m5=0.0, m15=0.0, rate_unit=events/millisecond, duration_unit=milliseconds
type=GAUGE, name=jvm.fd.usage, value=0.0056640625
type=GAUGE, name=jvm.gc.PS-MarkSweep.count, value=3
type=GAUGE, name=jvm.gc.PS-MarkSweep.time, value=391
type=GAUGE, name=jvm.gc.PS-Scavenge.count, value=24
type=GAUGE, name=jvm.gc.PS-Scavenge.time, value=523
type=GAUGE, name=jvm.memory.heap.committed, value=1617952768
type=GAUGE, name=jvm.memory.heap.init, value=268435456
type=GAUGE, name=jvm.memory.heap.max, value=3817865216
type=GAUGE, name=jvm.memory.heap.usage, value=0.09006342040546253
type=GAUGE, name=jvm.memory.heap.used, value=343850000
type=GAUGE, name=jvm.memory.non-heap.committed, value=127361024
type=GAUGE, name=jvm.memory.non-heap.init, value=2555904
type=GAUGE, name=jvm.memory.non-heap.max, value=-1
type=GAUGE, name=jvm.memory.non-heap.usage, value=-1.24319424E8
type=GAUGE, name=jvm.memory.non-heap.used, value=124318272
type=GAUGE, name=jvm.memory.pools.Code-Cache.committed, value=32768000
type=GAUGE, name=jvm.memory.pools.Code-Cache.init, value=2555904
type=GAUGE, name=jvm.memory.pools.Code-Cache.max, value=251658240
type=GAUGE, name=jvm.memory.pools.Code-Cache.usage, value=0.12888387044270833
type=GAUGE, name=jvm.memory.pools.Code-Cache.used, value=32434688
type=GAUGE, name=jvm.memory.pools.Compressed-Class-Space.committed, value=10616832
type=GAUGE, name=jvm.memory.pools.Compressed-Class-Space.init, value=0
type=GAUGE, name=jvm.memory.pools.Compressed-Class-Space.max, value=1073741824
type=GAUGE, name=jvm.memory.pools.Compressed-Class-Space.usage, value=0.009382963180541992
type=GAUGE, name=jvm.memory.pools.Compressed-Class-Space.used, value=10074880
type=GAUGE, name=jvm.memory.pools.Metaspace.committed, value=83976192
type=GAUGE, name=jvm.memory.pools.Metaspace.init, value=0
type=GAUGE, name=jvm.memory.pools.Metaspace.max, value=-1
type=GAUGE, name=jvm.memory.pools.Metaspace.usage, value=0.9742004972075895
type=GAUGE, name=jvm.memory.pools.Metaspace.used, value=81809648
type=GAUGE, name=jvm.memory.pools.PS-Eden-Space.committed, value=1307574272
type=GAUGE, name=jvm.memory.pools.PS-Eden-Space.init, value=67108864
type=GAUGE, name=jvm.memory.pools.PS-Eden-Space.max, value=1323302912
type=GAUGE, name=jvm.memory.pools.PS-Eden-Space.usage, value=0.1617780646129191
type=GAUGE, name=jvm.memory.pools.PS-Eden-Space.used, value=214081384
type=GAUGE, name=jvm.memory.pools.PS-Eden-Space.used-after-gc, value=0
type=GAUGE, name=jvm.memory.pools.PS-Old-Gen.committed, value=264241152
type=GAUGE, name=jvm.memory.pools.PS-Old-Gen.init, value=179306496
type=GAUGE, name=jvm.memory.pools.PS-Old-Gen.max, value=2863661056
type=GAUGE, name=jvm.memory.pools.PS-Old-Gen.usage, value=0.0292043640516652
type=GAUGE, name=jvm.memory.pools.PS-Old-Gen.used, value=83631400
type=GAUGE, name=jvm.memory.pools.PS-Old-Gen.used-after-gc, value=63205144
type=GAUGE, name=jvm.memory.pools.PS-Survivor-Space.committed, value=46137344
type=GAUGE, name=jvm.memory.pools.PS-Survivor-Space.init, value=11010048
type=GAUGE, name=jvm.memory.pools.PS-Survivor-Space.max, value=46137344
type=GAUGE, name=jvm.memory.pools.PS-Survivor-Space.usage, value=0.9999972256747159
type=GAUGE, name=jvm.memory.pools.PS-Survivor-Space.used, value=46137216
type=GAUGE, name=jvm.memory.pools.PS-Survivor-Space.used-after-gc, value=46137216
type=GAUGE, name=jvm.memory.total.committed, value=1745313792
type=GAUGE, name=jvm.memory.total.init, value=270991360
type=GAUGE, name=jvm.memory.total.max, value=3817865215
type=GAUGE, name=jvm.memory.total.used, value=468179280
type=GAUGE, name=thread-states.blocked.count, value=0
type=GAUGE, name=thread-states.count, value=38
type=GAUGE, name=thread-states.daemon.count, value=25
type=GAUGE, name=thread-states.deadlock.count, value=0
type=GAUGE, name=thread-states.deadlocks, value=[]
type=GAUGE, name=thread-states.new.count, value=0
type=GAUGE, name=thread-states.runnable.count, value=8
type=GAUGE, name=thread-states.terminated.count, value=0
type=GAUGE, name=thread-states.timed_waiting.count, value=14
type=GAUGE, name=thread-states.waiting.count, value=16
type=COUNTER, name=org.apereo.cas.DefaultCentralAuthenticationService$$EnhancerBySpringCGLIB$$11e78af8.CREATE_PROXY_GRANTING_TICKET_COUNTER, count=0
type=COUNTER, name=org.apereo.cas.DefaultCentralAuthenticationService$$EnhancerBySpringCGLIB$$11e78af8.CREATE_TICKET_GRANTING_TICKET_COUNTER, count=0
type=COUNTER, name=org.apereo.cas.DefaultCentralAuthenticationService$$EnhancerBySpringCGLIB$$11e78af8.DELETE_TICKET_COUNTER, count=0
type=COUNTER, name=org.apereo.cas.DefaultCentralAuthenticationService$$EnhancerBySpringCGLIB$$11e78af8.DESTROY_TICKET_GRANTING_TICKET_COUNTER, count=0
type=COUNTER, name=org.apereo.cas.DefaultCentralAuthenticationService$$EnhancerBySpringCGLIB$$11e78af8.GET_TICKETS_COUNTER, count=0
type=COUNTER, name=org.apereo.cas.DefaultCentralAuthenticationService$$EnhancerBySpringCGLIB$$11e78af8.GET_TICKET_COUNTER, count=0
type=COUNTER, name=org.apereo.cas.DefaultCentralAuthenticationService$$EnhancerBySpringCGLIB$$11e78af8.GRANT_PROXY_TICKET_COUNTER, count=0
type=COUNTER, name=org.apereo.cas.DefaultCentralAuthenticationService$$EnhancerBySpringCGLIB$$11e78af8.GRANT_SERVICE_TICKET_COUNTER, count=0
type=COUNTER, name=org.apereo.cas.DefaultCentralAuthenticationService$$EnhancerBySpringCGLIB$$11e78af8.VALIDATE_SERVICE_TICKET_COUNTER, count=0
type=COUNTER, name=org.apereo.cas.authentication.PolicyBasedAuthenticationManager.AUTHENTICATE_COUNT, count=6
type=METER, name=org.apereo.cas.DefaultCentralAuthenticationService$$EnhancerBySpringCGLIB$$11e78af8.CREATE_PROXY_GRANTING_TICKET_METER, count=0, mean_rate=0.0, m1=0.0, m5=0.0, m15=0.0, rate_unit=events/millisecond
type=METER, name=org.apereo.cas.DefaultCentralAuthenticationService$$EnhancerBySpringCGLIB$$11e78af8.CREATE_TICKET_GRANTING_TICKET_METER, count=0, mean_rate=0.0, m1=0.0, m5=0.0, m15=0.0, rate_unit=events/millisecond
type=METER, name=org.apereo.cas.DefaultCentralAuthenticationService$$EnhancerBySpringCGLIB$$11e78af8.DELETE_TICKET_METER, count=0, mean_rate=0.0, m1=0.0, m5=0.0, m15=0.0, rate_unit=events/millisecond
type=METER, name=org.apereo.cas.DefaultCentralAuthenticationService$$EnhancerBySpringCGLIB$$11e78af8.DESTROY_TICKET_GRANTING_TICKET_METER, count=0, mean_rate=0.0, m1=0.0, m5=0.0, m15=0.0, rate_unit=events/millisecond
type=METER, name=org.apereo.cas.DefaultCentralAuthenticationService$$EnhancerBySpringCGLIB$$11e78af8.GET_TICKETS_METER, count=0, mean_rate=0.0, m1=0.0, m5=0.0, m15=0.0, rate_unit=events/millisecond
type=METER, name=org.apereo.cas.DefaultCentralAuthenticationService$$EnhancerBySpringCGLIB$$11e78af8.GET_TICKET_METER, count=0, mean_rate=0.0, m1=0.0, m5=0.0, m15=0.0, rate_unit=events/millisecond
type=METER, name=org.apereo.cas.DefaultCentralAuthenticationService$$EnhancerBySpringCGLIB$$11e78af8.GRANT_PROXY_TICKET_METER, count=0, mean_rate=0.0, m1=0.0, m5=0.0, m15=0.0, rate_unit=events/millisecond
type=METER, name=org.apereo.cas.DefaultCentralAuthenticationService$$EnhancerBySpringCGLIB$$11e78af8.GRANT_SERVICE_TICKET_METER, count=0, mean_rate=0.0, m1=0.0, m5=0.0, m15=0.0, rate_unit=events/millisecond
type=METER, name=org.apereo.cas.DefaultCentralAuthenticationService$$EnhancerBySpringCGLIB$$11e78af8.VALIDATE_SERVICE_TICKET_METER, count=0, mean_rate=0.0, m1=0.0, m5=0.0, m15=0.0, rate_unit=events/millisecond
type=METER, name=org.apereo.cas.authentication.PolicyBasedAuthenticationManager.AUTHENTICATE_METER, count=6, mean_rate=0.0, m1=0.0, m5=0.0, m15=0.0, rate_unit=events/millisecond
type=TIMER, name=org.apereo.cas.DefaultCentralAuthenticationService$$EnhancerBySpringCGLIB$$11e78af8.CREATE_PROXY_GRANTING_TICKET_TIMER, count=0, min=0.0, max=0.0, mean=0.0, stddev=0.0, median=0.0, p75=0.0, p95=0.0, p98=0.0, p99=0.0, p999=0.0, mean_rate=0.0, m1=0.0, m5=0.0, m15=0.0, rate_unit=events/millisecond, duration_unit=milliseconds
type=TIMER, name=org.apereo.cas.DefaultCentralAuthenticationService$$EnhancerBySpringCGLIB$$11e78af8.CREATE_TICKET_GRANTING_TICKET_TIMER, count=0, min=0.0, max=0.0, mean=0.0, stddev=0.0, median=0.0, p75=0.0, p95=0.0, p98=0.0, p99=0.0, p999=0.0, mean_rate=0.0, m1=0.0, m5=0.0, m15=0.0, rate_unit=events/millisecond, duration_unit=milliseconds
type=TIMER, name=org.apereo.cas.DefaultCentralAuthenticationService$$EnhancerBySpringCGLIB$$11e78af8.DELETE_TICKET_TIMER, count=0, min=0.0, max=0.0, mean=0.0, stddev=0.0, median=0.0, p75=0.0, p95=0.0, p98=0.0, p99=0.0, p999=0.0, mean_rate=0.0, m1=0.0, m5=0.0, m15=0.0, rate_unit=events/millisecond, duration_unit=milliseconds
type=TIMER, name=org.apereo.cas.DefaultCentralAuthenticationService$$EnhancerBySpringCGLIB$$11e78af8.DESTROY_TICKET_GRANTING_TICKET_TIMER, count=0, min=0.0, max=0.0, mean=0.0, stddev=0.0, median=0.0, p75=0.0, p95=0.0, p98=0.0, p99=0.0, p999=0.0, mean_rate=0.0, m1=0.0, m5=0.0, m15=0.0, rate_unit=events/millisecond, duration_unit=milliseconds
type=TIMER, name=org.apereo.cas.DefaultCentralAuthenticationService$$EnhancerBySpringCGLIB$$11e78af8.GET_TICKETS_TIMER, count=0, min=0.0, max=0.0, mean=0.0, stddev=0.0, median=0.0, p75=0.0, p95=0.0, p98=0.0, p99=0.0, p999=0.0, mean_rate=0.0, m1=0.0, m5=0.0, m15=0.0, rate_unit=events/millisecond, duration_unit=milliseconds
type=TIMER, name=org.apereo.cas.DefaultCentralAuthenticationService$$EnhancerBySpringCGLIB$$11e78af8.GET_TICKET_TIMER, count=0, min=0.0, max=0.0, mean=0.0, stddev=0.0, median=0.0, p75=0.0, p95=0.0, p98=0.0, p99=0.0, p999=0.0, mean_rate=0.0, m1=0.0, m5=0.0, m15=0.0, rate_unit=events/millisecond, duration_unit=milliseconds
type=TIMER, name=org.apereo.cas.DefaultCentralAuthenticationService$$EnhancerBySpringCGLIB$$11e78af8.GRANT_PROXY_TICKET_TIMER, count=0, min=0.0, max=0.0, mean=0.0, stddev=0.0, median=0.0, p75=0.0, p95=0.0, p98=0.0, p99=0.0, p999=0.0, mean_rate=0.0, m1=0.0, m5=0.0, m15=0.0, rate_unit=events/millisecond, duration_unit=milliseconds
type=TIMER, name=org.apereo.cas.DefaultCentralAuthenticationService$$EnhancerBySpringCGLIB$$11e78af8.GRANT_SERVICE_TICKET_TIMER, count=0, min=0.0, max=0.0, mean=0.0, stddev=0.0, median=0.0, p75=0.0, p95=0.0, p98=0.0, p99=0.0, p999=0.0, mean_rate=0.0, m1=0.0, m5=0.0, m15=0.0, rate_unit=events/millisecond, duration_unit=milliseconds
type=TIMER, name=org.apereo.cas.DefaultCentralAuthenticationService$$EnhancerBySpringCGLIB$$11e78af8.VALIDATE_SERVICE_TICKET_TIMER, count=0, min=0.0, max=0.0, mean=0.0, stddev=0.0, median=0.0, p75=0.0, p95=0.0, p98=0.0, p99=0.0, p999=0.0, mean_rate=0.0, m1=0.0, m5=0.0, m15=0.0, rate_unit=events/millisecond, duration_unit=milliseconds
type=TIMER, name=org.apereo.cas.authentication.PolicyBasedAuthenticationManager.AUTHENTICATE_TIMER, count=6, min=9.951709, max=2171.288517, mean=620.7126230978371, stddev=972.2394929352381, median=11.090575, p75=2168.812092, p95=2171.288517, p98=2171.288517, p99=2171.288517, p999=2171.288517, mean_rate=0.0, m1=0.0, m5=0.0, m15=0.0, rate_unit=events/millisecond, duration_unit=milliseconds
type=GAUGE, name=jvm.fd.usage, value=0.0056640625
type=GAUGE, name=jvm.gc.PS-MarkSweep.count, value=3
type=GAUGE, name=jvm.gc.PS-MarkSweep.time, value=391
type=GAUGE, name=jvm.gc.PS-Scavenge.count, value=24
type=GAUGE, name=jvm.gc.PS-Scavenge.time, value=523
type=GAUGE, name=jvm.memory.heap.committed, value=1617952768
type=GAUGE, name=jvm.memory.heap.init, value=268435456
type=GAUGE, name=jvm.memory.heap.max, value=3817865216
type=GAUGE, name=jvm.memory.heap.usage, value=0.09006342040546253
type=GAUGE, name=jvm.memory.heap.used, value=343850000
type=GAUGE, name=jvm.memory.non-heap.committed, value=127361024
type=GAUGE, name=jvm.memory.non-heap.init, value=2555904
type=GAUGE, name=jvm.memory.non-heap.max, value=-1
type=GAUGE, name=jvm.memory.non-heap.usage, value=-1.2443608E8
type=GAUGE, name=jvm.memory.non-heap.used, value=124438448
type=GAUGE, name=jvm.memory.pools.Code-Cache.committed, value=32768000
type=GAUGE, name=jvm.memory.pools.Code-Cache.init, value=2555904
type=GAUGE, name=jvm.memory.pools.Code-Cache.max, value=251658240
type=GAUGE, name=jvm.memory.pools.Code-Cache.usage, value=0.12925135294596354
type=GAUGE, name=jvm.memory.pools.Code-Cache.used, value=32527168
type=GAUGE, name=jvm.memory.pools.Compressed-Class-Space.committed, value=10616832
type=GAUGE, name=jvm.memory.pools.Compressed-Class-Space.init, value=0
type=GAUGE, name=jvm.memory.pools.Compressed-Class-Space.max, value=1073741824
type=GAUGE, name=jvm.memory.pools.Compressed-Class-Space.usage, value=0.009382963180541992
type=GAUGE, name=jvm.memory.pools.Compressed-Class-Space.used, value=10074880
type=GAUGE, name=jvm.memory.pools.Metaspace.committed, value=83976192
type=GAUGE, name=jvm.memory.pools.Metaspace.init, value=0
type=GAUGE, name=jvm.memory.pools.Metaspace.max, value=-1
type=GAUGE, name=jvm.memory.pools.Metaspace.usage, value=0.97458136706175
type=GAUGE, name=jvm.memory.pools.Metaspace.used, value=81841632
type=GAUGE, name=jvm.memory.pools.PS-Eden-Space.committed, value=1307574272
type=GAUGE, name=jvm.memory.pools.PS-Eden-Space.init, value=67108864
type=GAUGE, name=jvm.memory.pools.PS-Eden-Space.max, value=1323302912
type=GAUGE, name=jvm.memory.pools.PS-Eden-Space.usage, value=0.1617780646129191
type=GAUGE, name=jvm.memory.pools.PS-Eden-Space.used, value=214081384
type=GAUGE, name=jvm.memory.pools.PS-Eden-Space.used-after-gc, value=0
type=GAUGE, name=jvm.memory.pools.PS-Old-Gen.committed, value=264241152
type=GAUGE, name=jvm.memory.pools.PS-Old-Gen.init, value=179306496
type=GAUGE, name=jvm.memory.pools.PS-Old-Gen.max, value=2863661056
type=GAUGE, name=jvm.memory.pools.PS-Old-Gen.usage, value=0.0292043640516652
type=GAUGE, name=jvm.memory.pools.PS-Old-Gen.used, value=83631400
type=GAUGE, name=jvm.memory.pools.PS-Old-Gen.used-after-gc, value=63205144
type=GAUGE, name=jvm.memory.pools.PS-Survivor-Space.committed, value=46137344
type=GAUGE, name=jvm.memory.pools.PS-Survivor-Space.init, value=11010048
type=GAUGE, name=jvm.memory.pools.PS-Survivor-Space.max, value=46137344
type=GAUGE, name=jvm.memory.pools.PS-Survivor-Space.usage, value=0.9999972256747159
type=GAUGE, name=jvm.memory.pools.PS-Survivor-Space.used, value=46137216
type=GAUGE, name=jvm.memory.pools.PS-Survivor-Space.used-after-gc, value=46137216
type=GAUGE, name=jvm.memory.total.committed, value=1745313792
type=GAUGE, name=jvm.memory.total.init, value=270991360
type=GAUGE, name=jvm.memory.total.max, value=3817865215
type=GAUGE, name=jvm.memory.total.used, value=468310896
type=GAUGE, name=thread-states.blocked.count, value=0
type=GAUGE, name=thread-states.count, value=38
type=GAUGE, name=thread-states.daemon.count, value=25
type=GAUGE, name=thread-states.deadlock.count, value=0
type=GAUGE, name=thread-states.deadlocks, value=[]
type=GAUGE, name=thread-states.new.count, value=0
type=GAUGE, name=thread-states.runnable.count, value=7
type=GAUGE, name=thread-states.terminated.count, value=0
type=GAUGE, name=thread-states.timed_waiting.count, value=15
type=GAUGE, name=thread-states.waiting.count, value=16
type=COUNTER, name=org.apereo.cas.DefaultCentralAuthenticationService$$EnhancerBySpringCGLIB$$11e78af8.CREATE_PROXY_GRANTING_TICKET_COUNTER, count=0
type=COUNTER, name=org.apereo.cas.DefaultCentralAuthenticationService$$EnhancerBySpringCGLIB$$11e78af8.CREATE_TICKET_GRANTING_TICKET_COUNTER, count=0
type=COUNTER, name=org.apereo.cas.DefaultCentralAuthenticationService$$EnhancerBySpringCGLIB$$11e78af8.DELETE_TICKET_COUNTER, count=0
type=COUNTER, name=org.apereo.cas.DefaultCentralAuthenticationService$$EnhancerBySpringCGLIB$$11e78af8.DESTROY_TICKET_GRANTING_TICKET_COUNTER, count=0
type=COUNTER, name=org.apereo.cas.DefaultCentralAuthenticationService$$EnhancerBySpringCGLIB$$11e78af8.GET_TICKETS_COUNTER, count=0
type=COUNTER, name=org.apereo.cas.DefaultCentralAuthenticationService$$EnhancerBySpringCGLIB$$11e78af8.GET_TICKET_COUNTER, count=0
type=COUNTER, name=org.apereo.cas.DefaultCentralAuthenticationService$$EnhancerBySpringCGLIB$$11e78af8.GRANT_PROXY_TICKET_COUNTER, count=0
type=COUNTER, name=org.apereo.cas.DefaultCentralAuthenticationService$$EnhancerBySpringCGLIB$$11e78af8.GRANT_SERVICE_TICKET_COUNTER, count=0
type=COUNTER, name=org.apereo.cas.DefaultCentralAuthenticationService$$EnhancerBySpringCGLIB$$11e78af8.VALIDATE_SERVICE_TICKET_COUNTER, count=0
type=COUNTER, name=org.apereo.cas.authentication.PolicyBasedAuthenticationManager.AUTHENTICATE_COUNT, count=6
type=METER, name=org.apereo.cas.DefaultCentralAuthenticationService$$EnhancerBySpringCGLIB$$11e78af8.CREATE_PROXY_GRANTING_TICKET_METER, count=0, mean_rate=0.0, m1=0.0, m5=0.0, m15=0.0, rate_unit=events/millisecond
type=METER, name=org.apereo.cas.DefaultCentralAuthenticationService$$EnhancerBySpringCGLIB$$11e78af8.CREATE_TICKET_GRANTING_TICKET_METER, count=0, mean_rate=0.0, m1=0.0, m5=0.0, m15=0.0, rate_unit=events/millisecond
type=METER, name=org.apereo.cas.DefaultCentralAuthenticationService$$EnhancerBySpringCGLIB$$11e78af8.DELETE_TICKET_METER, count=0, mean_rate=0.0, m1=0.0, m5=0.0, m15=0.0, rate_unit=events/millisecond
type=METER, name=org.apereo.cas.DefaultCentralAuthenticationService$$EnhancerBySpringCGLIB$$11e78af8.DESTROY_TICKET_GRANTING_TICKET_METER, count=0, mean_rate=0.0, m1=0.0, m5=0.0, m15=0.0, rate_unit=events/millisecond
type=METER, name=org.apereo.cas.DefaultCentralAuthenticationService$$EnhancerBySpringCGLIB$$11e78af8.GET_TICKETS_METER, count=0, mean_rate=0.0, m1=0.0, m5=0.0, m15=0.0, rate_unit=events/millisecond
type=METER, name=org.apereo.cas.DefaultCentralAuthenticationService$$EnhancerBySpringCGLIB$$11e78af8.GET_TICKET_METER, count=0, mean_rate=0.0, m1=0.0, m5=0.0, m15=0.0, rate_unit=events/millisecond
type=METER, name=org.apereo.cas.DefaultCentralAuthenticationService$$EnhancerBySpringCGLIB$$11e78af8.GRANT_PROXY_TICKET_METER, count=0, mean_rate=0.0, m1=0.0, m5=0.0, m15=0.0, rate_unit=events/millisecond
type=METER, name=org.apereo.cas.DefaultCentralAuthenticationService$$EnhancerBySpringCGLIB$$11e78af8.GRANT_SERVICE_TICKET_METER, count=0, mean_rate=0.0, m1=0.0, m5=0.0, m15=0.0, rate_unit=events/millisecond
type=METER, name=org.apereo.cas.DefaultCentralAuthenticationService$$EnhancerBySpringCGLIB$$11e78af8.VALIDATE_SERVICE_TICKET_METER, count=0, mean_rate=0.0, m1=0.0, m5=0.0, m15=0.0, rate_unit=events/millisecond
type=METER, name=org.apereo.cas.authentication.PolicyBasedAuthenticationManager.AUTHENTICATE_METER, count=6, mean_rate=0.0, m1=0.0, m5=0.0, m15=0.0, rate_unit=events/millisecond
type=TIMER, name=org.apereo.cas.DefaultCentralAuthenticationService$$EnhancerBySpringCGLIB$$11e78af8.CREATE_PROXY_GRANTING_TICKET_TIMER, count=0, min=0.0, max=0.0, mean=0.0, stddev=0.0, median=0.0, p75=0.0, p95=0.0, p98=0.0, p99=0.0, p999=0.0, mean_rate=0.0, m1=0.0, m5=0.0, m15=0.0, rate_unit=events/millisecond, duration_unit=milliseconds
type=TIMER, name=org.apereo.cas.DefaultCentralAuthenticationService$$EnhancerBySpringCGLIB$$11e78af8.CREATE_TICKET_GRANTING_TICKET_TIMER, count=0, min=0.0, max=0.0, mean=0.0, stddev=0.0, median=0.0, p75=0.0, p95=0.0, p98=0.0, p99=0.0, p999=0.0, mean_rate=0.0, m1=0.0, m5=0.0, m15=0.0, rate_unit=events/millisecond, duration_unit=milliseconds
type=TIMER, name=org.apereo.cas.DefaultCentralAuthenticationService$$EnhancerBySpringCGLIB$$11e78af8.DELETE_TICKET_TIMER, count=0, min=0.0, max=0.0, mean=0.0, stddev=0.0, median=0.0, p75=0.0, p95=0.0, p98=0.0, p99=0.0, p999=0.0, mean_rate=0.0, m1=0.0, m5=0.0, m15=0.0, rate_unit=events/millisecond, duration_unit=milliseconds
type=TIMER, name=org.apereo.cas.DefaultCentralAuthenticationService$$EnhancerBySpringCGLIB$$11e78af8.DESTROY_TICKET_GRANTING_TICKET_TIMER, count=0, min=0.0, max=0.0, mean=0.0, stddev=0.0, median=0.0, p75=0.0, p95=0.0, p98=0.0, p99=0.0, p999=0.0, mean_rate=0.0, m1=0.0, m5=0.0, m15=0.0, rate_unit=events/millisecond, duration_unit=milliseconds
type=TIMER, name=org.apereo.cas.DefaultCentralAuthenticationService$$EnhancerBySpringCGLIB$$11e78af8.GET_TICKETS_TIMER, count=0, min=0.0, max=0.0, mean=0.0, stddev=0.0, median=0.0, p75=0.0, p95=0.0, p98=0.0, p99=0.0, p999=0.0, mean_rate=0.0, m1=0.0, m5=0.0, m15=0.0, rate_unit=events/millisecond, duration_unit=milliseconds
type=TIMER, name=org.apereo.cas.DefaultCentralAuthenticationService$$EnhancerBySpringCGLIB$$11e78af8.GET_TICKET_TIMER, count=0, min=0.0, max=0.0, mean=0.0, stddev=0.0, median=0.0, p75=0.0, p95=0.0, p98=0.0, p99=0.0, p999=0.0, mean_rate=0.0, m1=0.0, m5=0.0, m15=0.0, rate_unit=events/millisecond, duration_unit=milliseconds
type=TIMER, name=org.apereo.cas.DefaultCentralAuthenticationService$$EnhancerBySpringCGLIB$$11e78af8.GRANT_PROXY_TICKET_TIMER, count=0, min=0.0, max=0.0, mean=0.0, stddev=0.0, median=0.0, p75=0.0, p95=0.0, p98=0.0, p99=0.0, p999=0.0, mean_rate=0.0, m1=0.0, m5=0.0, m15=0.0, rate_unit=events/millisecond, duration_unit=milliseconds
type=TIMER, name=org.apereo.cas.DefaultCentralAuthenticationService$$EnhancerBySpringCGLIB$$11e78af8.GRANT_SERVICE_TICKET_TIMER, count=0, min=0.0, max=0.0, mean=0.0, stddev=0.0, median=0.0, p75=0.0, p95=0.0, p98=0.0, p99=0.0, p999=0.0, mean_rate=0.0, m1=0.0, m5=0.0, m15=0.0, rate_unit=events/millisecond, duration_unit=milliseconds
type=TIMER, name=org.apereo.cas.DefaultCentralAuthenticationService$$EnhancerBySpringCGLIB$$11e78af8.VALIDATE_SERVICE_TICKET_TIMER, count=0, min=0.0, max=0.0, mean=0.0, stddev=0.0, median=0.0, p75=0.0, p95=0.0, p98=0.0, p99=0.0, p999=0.0, mean_rate=0.0, m1=0.0, m5=0.0, m15=0.0, rate_unit=events/millisecond, duration_unit=milliseconds
type=TIMER, name=org.apereo.cas.authentication.PolicyBasedAuthenticationManager.AUTHENTICATE_TIMER, count=6, min=9.951709, max=2171.288517, mean=620.7126230978371, stddev=972.2394929352381, median=11.090575, p75=2168.812092, p95=2171.288517, p98=2171.288517, p99=2171.288517, p999=2171.288517, mean_rate=0.0, m1=0.0, m5=0.0, m15=0.0, rate_unit=events/millisecond, duration_unit=milliseconds
type=GAUGE, name=jvm.fd.usage, value=0.00576171875
type=GAUGE, name=jvm.gc.PS-MarkSweep.count, value=3
type=GAUGE, name=jvm.gc.PS-MarkSweep.time, value=391
type=GAUGE, name=jvm.gc.PS-Scavenge.count, value=24
type=GAUGE, name=jvm.gc.PS-Scavenge.time, value=523
type=GAUGE, name=jvm.memory.heap.committed, value=1617952768
type=GAUGE, name=jvm.memory.heap.init, value=268435456
type=GAUGE, name=jvm.memory.heap.max, value=3817865216
type=GAUGE, name=jvm.memory.heap.usage, value=0.09006417475372708
type=GAUGE, name=jvm.memory.heap.used, value=343852880
type=GAUGE, name=jvm.memory.non-heap.committed, value=127688704
type=GAUGE, name=jvm.memory.non-heap.init, value=2555904
type=GAUGE, name=jvm.memory.non-heap.max, value=-1
type=GAUGE, name=jvm.memory.non-heap.usage, value=-1.2489428E8
type=GAUGE, name=jvm.memory.non-heap.used, value=124895000
type=GAUGE, name=jvm.memory.pools.Code-Cache.committed, value=33095680
type=GAUGE, name=jvm.memory.pools.Code-Cache.init, value=2555904
type=GAUGE, name=jvm.memory.pools.Code-Cache.max, value=251658240
type=GAUGE, name=jvm.memory.pools.Code-Cache.usage, value=0.1306841532389323
type=GAUGE, name=jvm.memory.pools.Code-Cache.used, value=32887744
type=GAUGE, name=jvm.memory.pools.Compressed-Class-Space.committed, value=10616832
type=GAUGE, name=jvm.memory.pools.Compressed-Class-Space.init, value=0
type=GAUGE, name=jvm.memory.pools.Compressed-Class-Space.max, value=1073741824
type=GAUGE, name=jvm.memory.pools.Compressed-Class-Space.usage, value=0.009382963180541992
type=GAUGE, name=jvm.memory.pools.Compressed-Class-Space.used, value=10074880
type=GAUGE, name=jvm.memory.pools.Metaspace.committed, value=83976192
type=GAUGE, name=jvm.memory.pools.Metaspace.init, value=0
type=GAUGE, name=jvm.memory.pools.Metaspace.max, value=-1
type=GAUGE, name=jvm.memory.pools.Metaspace.usage, value=0.975800950821871
type=GAUGE, name=jvm.memory.pools.Metaspace.used, value=81944048
type=GAUGE, name=jvm.memory.pools.PS-Eden-Space.committed, value=1307574272
type=GAUGE, name=jvm.memory.pools.PS-Eden-Space.init, value=67108864
type=GAUGE, name=jvm.memory.pools.PS-Eden-Space.max, value=1323302912
type=GAUGE, name=jvm.memory.pools.PS-Eden-Space.usage, value=0.16178024098536858
type=GAUGE, name=jvm.memory.pools.PS-Eden-Space.used, value=214084264
type=GAUGE, name=jvm.memory.pools.PS-Eden-Space.used-after-gc, value=0
type=GAUGE, name=jvm.memory.pools.PS-Old-Gen.committed, value=264241152
type=GAUGE, name=jvm.memory.pools.PS-Old-Gen.init, value=179306496
type=GAUGE, name=jvm.memory.pools.PS-Old-Gen.max, value=2863661056
type=GAUGE, name=jvm.memory.pools.PS-Old-Gen.usage, value=0.0292043640516652
type=GAUGE, name=jvm.memory.pools.PS-Old-Gen.used, value=83631400
type=GAUGE, name=jvm.memory.pools.PS-Old-Gen.used-after-gc, value=63205144
type=GAUGE, name=jvm.memory.pools.PS-Survivor-Space.committed, value=46137344
type=GAUGE, name=jvm.memory.pools.PS-Survivor-Space.init, value=11010048
type=GAUGE, name=jvm.memory.pools.PS-Survivor-Space.max, value=46137344
type=GAUGE, name=jvm.memory.pools.PS-Survivor-Space.usage, value=0.9999972256747159
type=GAUGE, name=jvm.memory.pools.PS-Survivor-Space.used, value=46137216
type=GAUGE, name=jvm.memory.pools.PS-Survivor-Space.used-after-gc, value=46137216
type=GAUGE, name=jvm.memory.total.committed, value=1745641472
type=GAUGE, name=jvm.memory.total.init, value=270991360
type=GAUGE, name=jvm.memory.total.max, value=3817865215
type=GAUGE, name=jvm.memory.total.used, value=468778192
type=GAUGE, name=thread-states.blocked.count, value=0
type=GAUGE, name=thread-states.count, value=38
type=GAUGE, name=thread-states.daemon.count, value=25
type=GAUGE, name=thread-states.deadlock.count, value=0
type=GAUGE, name=thread-states.deadlocks, value=[]
type=GAUGE, name=thread-states.new.count, value=0
type=GAUGE, name=thread-states.runnable.count, value=8
type=GAUGE, name=thread-states.terminated.count, value=0
type=GAUGE, name=thread-states.timed_waiting.count, value=15
type=GAUGE, name=thread-states.waiting.count, value=16
type=COUNTER, name=org.apereo.cas.DefaultCentralAuthenticationService$$EnhancerBySpringCGLIB$$11e78af8.CREATE_PROXY_GRANTING_TICKET_COUNTER, count=0
type=COUNTER, name=org.apereo.cas.DefaultCentralAuthenticationService$$EnhancerBySpringCGLIB$$11e78af8.CREATE_TICKET_GRANTING_TICKET_COUNTER, count=0
type=COUNTER, name=org.apereo.cas.DefaultCentralAuthenticationService$$EnhancerBySpringCGLIB$$11e78af8.DELETE_TICKET_COUNTER, count=0
type=COUNTER, name=org.apereo.cas.DefaultCentralAuthenticationService$$EnhancerBySpringCGLIB$$11e78af8.DESTROY_TICKET_GRANTING_TICKET_COUNTER, count=0
type=COUNTER, name=org.apereo.cas.DefaultCentralAuthenticationService$$EnhancerBySpringCGLIB$$11e78af8.GET_TICKETS_COUNTER, count=0
type=COUNTER, name=org.apereo.cas.DefaultCentralAuthenticationService$$EnhancerBySpringCGLIB$$11e78af8.GET_TICKET_COUNTER, count=0
type=COUNTER, name=org.apereo.cas.DefaultCentralAuthenticationService$$EnhancerBySpringCGLIB$$11e78af8.GRANT_PROXY_TICKET_COUNTER, count=0
type=COUNTER, name=org.apereo.cas.DefaultCentralAuthenticationService$$EnhancerBySpringCGLIB$$11e78af8.GRANT_SERVICE_TICKET_COUNTER, count=0
type=COUNTER, name=org.apereo.cas.DefaultCentralAuthenticationService$$EnhancerBySpringCGLIB$$11e78af8.VALIDATE_SERVICE_TICKET_COUNTER, count=0
type=COUNTER, name=org.apereo.cas.authentication.PolicyBasedAuthenticationManager.AUTHENTICATE_COUNT, count=6
type=METER, name=org.apereo.cas.DefaultCentralAuthenticationService$$EnhancerBySpringCGLIB$$11e78af8.CREATE_PROXY_GRANTING_TICKET_METER, count=0, mean_rate=0.0, m1=0.0, m5=0.0, m15=0.0, rate_unit=events/millisecond
type=METER, name=org.apereo.cas.DefaultCentralAuthenticationService$$EnhancerBySpringCGLIB$$11e78af8.CREATE_TICKET_GRANTING_TICKET_METER, count=0, mean_rate=0.0, m1=0.0, m5=0.0, m15=0.0, rate_unit=events/millisecond
type=METER, name=org.apereo.cas.DefaultCentralAuthenticationService$$EnhancerBySpringCGLIB$$11e78af8.DELETE_TICKET_METER, count=0, mean_rate=0.0, m1=0.0, m5=0.0, m15=0.0, rate_unit=events/millisecond
type=METER, name=org.apereo.cas.DefaultCentralAuthenticationService$$EnhancerBySpringCGLIB$$11e78af8.DESTROY_TICKET_GRANTING_TICKET_METER, count=0, mean_rate=0.0, m1=0.0, m5=0.0, m15=0.0, rate_unit=events/millisecond
type=METER, name=org.apereo.cas.DefaultCentralAuthenticationService$$EnhancerBySpringCGLIB$$11e78af8.GET_TICKETS_METER, count=0, mean_rate=0.0, m1=0.0, m5=0.0, m15=0.0, rate_unit=events/millisecond
type=METER, name=org.apereo.cas.DefaultCentralAuthenticationService$$EnhancerBySpringCGLIB$$11e78af8.GET_TICKET_METER, count=0, mean_rate=0.0, m1=0.0, m5=0.0, m15=0.0, rate_unit=events/millisecond
type=METER, name=org.apereo.cas.DefaultCentralAuthenticationService$$EnhancerBySpringCGLIB$$11e78af8.GRANT_PROXY_TICKET_METER, count=0, mean_rate=0.0, m1=0.0, m5=0.0, m15=0.0, rate_unit=events/millisecond
type=METER, name=org.apereo.cas.DefaultCentralAuthenticationService$$EnhancerBySpringCGLIB$$11e78af8.GRANT_SERVICE_TICKET_METER, count=0, mean_rate=0.0, m1=0.0, m5=0.0, m15=0.0, rate_unit=events/millisecond
type=METER, name=org.apereo.cas.DefaultCentralAuthenticationService$$EnhancerBySpringCGLIB$$11e78af8.VALIDATE_SERVICE_TICKET_METER, count=0, mean_rate=0.0, m1=0.0, m5=0.0, m15=0.0, rate_unit=events/millisecond
type=METER, name=org.apereo.cas.authentication.PolicyBasedAuthenticationManager.AUTHENTICATE_METER, count=6, mean_rate=0.0, m1=0.0, m5=0.0, m15=0.0, rate_unit=events/millisecond
type=TIMER, name=org.apereo.cas.DefaultCentralAuthenticationService$$EnhancerBySpringCGLIB$$11e78af8.CREATE_PROXY_GRANTING_TICKET_TIMER, count=0, min=0.0, max=0.0, mean=0.0, stddev=0.0, median=0.0, p75=0.0, p95=0.0, p98=0.0, p99=0.0, p999=0.0, mean_rate=0.0, m1=0.0, m5=0.0, m15=0.0, rate_unit=events/millisecond, duration_unit=milliseconds
type=TIMER, name=org.apereo.cas.DefaultCentralAuthenticationService$$EnhancerBySpringCGLIB$$11e78af8.CREATE_TICKET_GRANTING_TICKET_TIMER, count=0, min=0.0, max=0.0, mean=0.0, stddev=0.0, median=0.0, p75=0.0, p95=0.0, p98=0.0, p99=0.0, p999=0.0, mean_rate=0.0, m1=0.0, m5=0.0, m15=0.0, rate_unit=events/millisecond, duration_unit=milliseconds
type=TIMER, name=org.apereo.cas.DefaultCentralAuthenticationService$$EnhancerBySpringCGLIB$$11e78af8.DELETE_TICKET_TIMER, count=0, min=0.0, max=0.0, mean=0.0, stddev=0.0, median=0.0, p75=0.0, p95=0.0, p98=0.0, p99=0.0, p999=0.0, mean_rate=0.0, m1=0.0, m5=0.0, m15=0.0, rate_unit=events/millisecond, duration_unit=milliseconds
type=TIMER, name=org.apereo.cas.DefaultCentralAuthenticationService$$EnhancerBySpringCGLIB$$11e78af8.DESTROY_TICKET_GRANTING_TICKET_TIMER, count=0, min=0.0, max=0.0, mean=0.0, stddev=0.0, median=0.0, p75=0.0, p95=0.0, p98=0.0, p99=0.0, p999=0.0, mean_rate=0.0, m1=0.0, m5=0.0, m15=0.0, rate_unit=events/millisecond, duration_unit=milliseconds
type=TIMER, name=org.apereo.cas.DefaultCentralAuthenticationService$$EnhancerBySpringCGLIB$$11e78af8.GET_TICKETS_TIMER, count=0, min=0.0, max=0.0, mean=0.0, stddev=0.0, median=0.0, p75=0.0, p95=0.0, p98=0.0, p99=0.0, p999=0.0, mean_rate=0.0, m1=0.0, m5=0.0, m15=0.0, rate_unit=events/millisecond, duration_unit=milliseconds
type=TIMER, name=org.apereo.cas.DefaultCentralAuthenticationService$$EnhancerBySpringCGLIB$$11e78af8.GET_TICKET_TIMER, count=0, min=0.0, max=0.0, mean=0.0, stddev=0.0, median=0.0, p75=0.0, p95=0.0, p98=0.0, p99=0.0, p999=0.0, mean_rate=0.0, m1=0.0, m5=0.0, m15=0.0, rate_unit=events/millisecond, duration_unit=milliseconds
type=TIMER, name=org.apereo.cas.DefaultCentralAuthenticationService$$EnhancerBySpringCGLIB$$11e78af8.GRANT_PROXY_TICKET_TIMER, count=0, min=0.0, max=0.0, mean=0.0, stddev=0.0, median=0.0, p75=0.0, p95=0.0, p98=0.0, p99=0.0, p999=0.0, mean_rate=0.0, m1=0.0, m5=0.0, m15=0.0, rate_unit=events/millisecond, duration_unit=milliseconds
type=TIMER, name=org.apereo.cas.DefaultCentralAuthenticationService$$EnhancerBySpringCGLIB$$11e78af8.GRANT_SERVICE_TICKET_TIMER, count=0, min=0.0, max=0.0, mean=0.0, stddev=0.0, median=0.0, p75=0.0, p95=0.0, p98=0.0, p99=0.0, p999=0.0, mean_rate=0.0, m1=0.0, m5=0.0, m15=0.0, rate_unit=events/millisecond, duration_unit=milliseconds
type=TIMER, name=org.apereo.cas.DefaultCentralAuthenticationService$$EnhancerBySpringCGLIB$$11e78af8.VALIDATE_SERVICE_TICKET_TIMER, count=0, min=0.0, max=0.0, mean=0.0, stddev=0.0, median=0.0, p75=0.0, p95=0.0, p98=0.0, p99=0.0, p999=0.0, mean_rate=0.0, m1=0.0, m5=0.0, m15=0.0, rate_unit=events/millisecond, duration_unit=milliseconds
type=TIMER, name=org.apereo.cas.authentication.PolicyBasedAuthenticationManager.AUTHENTICATE_TIMER, count=6, min=9.951709, max=2171.288517, mean=620.7126230978371, stddev=972.2394929352381, median=11.090575, p75=2168.812092, p95=2171.288517, p98=2171.288517, p99=2171.288517, p999=2171.288517, mean_rate=0.0, m1=0.0, m5=0.0, m15=0.0, rate_unit=events/millisecond, duration_unit=milliseconds
type=GAUGE, name=jvm.fd.usage, value=0.00576171875
type=GAUGE, name=jvm.gc.PS-MarkSweep.count, value=3
type=GAUGE, name=jvm.gc.PS-MarkSweep.time, value=391
type=GAUGE, name=jvm.gc.PS-Scavenge.count, value=24
type=GAUGE, name=jvm.gc.PS-Scavenge.time, value=523
type=GAUGE, name=jvm.memory.heap.committed, value=1617952768
type=GAUGE, name=jvm.memory.heap.init, value=268435456
type=GAUGE, name=jvm.memory.heap.max, value=3817865216
type=GAUGE, name=jvm.memory.heap.usage, value=0.09263617964244027
type=GAUGE, name=jvm.memory.heap.used, value=353672448
type=GAUGE, name=jvm.memory.non-heap.committed, value=129851392
type=GAUGE, name=jvm.memory.non-heap.init, value=2555904
type=GAUGE, name=jvm.memory.non-heap.max, value=-1
type=GAUGE, name=jvm.memory.non-heap.usage, value=-1.26857384E8
type=GAUGE, name=jvm.memory.non-heap.used, value=126857384
type=GAUGE, name=jvm.memory.pools.Code-Cache.committed, value=34734080
type=GAUGE, name=jvm.memory.pools.Code-Cache.init, value=2555904
type=GAUGE, name=jvm.memory.pools.Code-Cache.max, value=251658240
type=GAUGE, name=jvm.memory.pools.Code-Cache.usage, value=0.13702926635742188
type=GAUGE, name=jvm.memory.pools.Code-Cache.used, value=34484544
type=GAUGE, name=jvm.memory.pools.Compressed-Class-Space.committed, value=10616832
type=GAUGE, name=jvm.memory.pools.Compressed-Class-Space.init, value=0
type=GAUGE, name=jvm.memory.pools.Compressed-Class-Space.max, value=1073741824
type=GAUGE, name=jvm.memory.pools.Compressed-Class-Space.usage, value=0.009391427040100098
type=GAUGE, name=jvm.memory.pools.Compressed-Class-Space.used, value=10083968
type=GAUGE, name=jvm.memory.pools.Metaspace.committed, value=84500480
type=GAUGE, name=jvm.memory.pools.Metaspace.init, value=0
type=GAUGE, name=jvm.memory.pools.Metaspace.max, value=-1
type=GAUGE, name=jvm.memory.pools.Metaspace.usage, value=0.9738316279386815
type=GAUGE, name=jvm.memory.pools.Metaspace.used, value=82289240
type=GAUGE, name=jvm.memory.pools.PS-Eden-Space.committed, value=1307574272
type=GAUGE, name=jvm.memory.pools.PS-Eden-Space.init, value=67108864
type=GAUGE, name=jvm.memory.pools.PS-Eden-Space.max, value=1323302912
type=GAUGE, name=jvm.memory.pools.PS-Eden-Space.usage, value=0.16920074003434218
type=GAUGE, name=jvm.memory.pools.PS-Eden-Space.used, value=223903832
type=GAUGE, name=jvm.memory.pools.PS-Eden-Space.used-after-gc, value=0
type=GAUGE, name=jvm.memory.pools.PS-Old-Gen.committed, value=264241152
type=GAUGE, name=jvm.memory.pools.PS-Old-Gen.init, value=179306496
type=GAUGE, name=jvm.memory.pools.PS-Old-Gen.max, value=2863661056
type=GAUGE, name=jvm.memory.pools.PS-Old-Gen.usage, value=0.0292043640516652
type=GAUGE, name=jvm.memory.pools.PS-Old-Gen.used, value=83631400
type=GAUGE, name=jvm.memory.pools.PS-Old-Gen.used-after-gc, value=63205144
type=GAUGE, name=jvm.memory.pools.PS-Survivor-Space.committed, value=46137344
type=GAUGE, name=jvm.memory.pools.PS-Survivor-Space.init, value=11010048
type=GAUGE, name=jvm.memory.pools.PS-Survivor-Space.max, value=46137344
type=GAUGE, name=jvm.memory.pools.PS-Survivor-Space.usage, value=0.9999972256747159
type=GAUGE, name=jvm.memory.pools.PS-Survivor-Space.used, value=46137216
type=GAUGE, name=jvm.memory.pools.PS-Survivor-Space.used-after-gc, value=46137216
type=GAUGE, name=jvm.memory.total.committed, value=1747804160
type=GAUGE, name=jvm.memory.total.init, value=270991360
type=GAUGE, name=jvm.memory.total.max, value=3817865215
type=GAUGE, name=jvm.memory.total.used, value=480540984
type=GAUGE, name=thread-states.blocked.count, value=0
type=GAUGE, name=thread-states.count, value=38
type=GAUGE, name=thread-states.daemon.count, value=25
type=GAUGE, name=thread-states.deadlock.count, value=0
type=GAUGE, name=thread-states.deadlocks, value=[]
type=GAUGE, name=thread-states.new.count, value=0
type=GAUGE, name=thread-states.runnable.count, value=7
type=GAUGE, name=thread-states.terminated.count, value=0
type=GAUGE, name=thread-states.timed_waiting.count, value=15
type=GAUGE, name=thread-states.waiting.count, value=16
type=COUNTER, name=org.apereo.cas.DefaultCentralAuthenticationService$$EnhancerBySpringCGLIB$$11e78af8.CREATE_PROXY_GRANTING_TICKET_COUNTER, count=0
type=COUNTER, name=org.apereo.cas.DefaultCentralAuthenticationService$$EnhancerBySpringCGLIB$$11e78af8.CREATE_TICKET_GRANTING_TICKET_COUNTER, count=0
type=COUNTER, name=org.apereo.cas.DefaultCentralAuthenticationService$$EnhancerBySpringCGLIB$$11e78af8.DELETE_TICKET_COUNTER, count=0
type=COUNTER, name=org.apereo.cas.DefaultCentralAuthenticationService$$EnhancerBySpringCGLIB$$11e78af8.DESTROY_TICKET_GRANTING_TICKET_COUNTER, count=0
type=COUNTER, name=org.apereo.cas.DefaultCentralAuthenticationService$$EnhancerBySpringCGLIB$$11e78af8.GET_TICKETS_COUNTER, count=0
type=COUNTER, name=org.apereo.cas.DefaultCentralAuthenticationService$$EnhancerBySpringCGLIB$$11e78af8.GET_TICKET_COUNTER, count=0
type=COUNTER, name=org.apereo.cas.DefaultCentralAuthenticationService$$EnhancerBySpringCGLIB$$11e78af8.GRANT_PROXY_TICKET_COUNTER, count=0
type=COUNTER, name=org.apereo.cas.DefaultCentralAuthenticationService$$EnhancerBySpringCGLIB$$11e78af8.GRANT_SERVICE_TICKET_COUNTER, count=0
type=COUNTER, name=org.apereo.cas.DefaultCentralAuthenticationService$$EnhancerBySpringCGLIB$$11e78af8.VALIDATE_SERVICE_TICKET_COUNTER, count=0
type=COUNTER, name=org.apereo.cas.authentication.PolicyBasedAuthenticationManager.AUTHENTICATE_COUNT, count=12
type=METER, name=org.apereo.cas.DefaultCentralAuthenticationService$$EnhancerBySpringCGLIB$$11e78af8.CREATE_PROXY_GRANTING_TICKET_METER, count=0, mean_rate=0.0, m1=0.0, m5=0.0, m15=0.0, rate_unit=events/millisecond
type=METER, name=org.apereo.cas.DefaultCentralAuthenticationService$$EnhancerBySpringCGLIB$$11e78af8.CREATE_TICKET_GRANTING_TICKET_METER, count=0, mean_rate=0.0, m1=0.0, m5=0.0, m15=0.0, rate_unit=events/millisecond
type=METER, name=org.apereo.cas.DefaultCentralAuthenticationService$$EnhancerBySpringCGLIB$$11e78af8.DELETE_TICKET_METER, count=0, mean_rate=0.0, m1=0.0, m5=0.0, m15=0.0, rate_unit=events/millisecond
type=METER, name=org.apereo.cas.DefaultCentralAuthenticationService$$EnhancerBySpringCGLIB$$11e78af8.DESTROY_TICKET_GRANTING_TICKET_METER, count=0, mean_rate=0.0, m1=0.0, m5=0.0, m15=0.0, rate_unit=events/millisecond
type=METER, name=org.apereo.cas.DefaultCentralAuthenticationService$$EnhancerBySpringCGLIB$$11e78af8.GET_TICKETS_METER, count=0, mean_rate=0.0, m1=0.0, m5=0.0, m15=0.0, rate_unit=events/millisecond
type=METER, name=org.apereo.cas.DefaultCentralAuthenticationService$$EnhancerBySpringCGLIB$$11e78af8.GET_TICKET_METER, count=0, mean_rate=0.0, m1=0.0, m5=0.0, m15=0.0, rate_unit=events/millisecond
type=METER, name=org.apereo.cas.DefaultCentralAuthenticationService$$EnhancerBySpringCGLIB$$11e78af8.GRANT_PROXY_TICKET_METER, count=0, mean_rate=0.0, m1=0.0, m5=0.0, m15=0.0, rate_unit=events/millisecond
type=METER, name=org.apereo.cas.DefaultCentralAuthenticationService$$EnhancerBySpringCGLIB$$11e78af8.GRANT_SERVICE_TICKET_METER, count=0, mean_rate=0.0, m1=0.0, m5=0.0, m15=0.0, rate_unit=events/millisecond
type=METER, name=org.apereo.cas.DefaultCentralAuthenticationService$$EnhancerBySpringCGLIB$$11e78af8.VALIDATE_SERVICE_TICKET_METER, count=0, mean_rate=0.0, m1=0.0, m5=0.0, m15=0.0, rate_unit=events/millisecond
type=METER, name=org.apereo.cas.authentication.PolicyBasedAuthenticationManager.AUTHENTICATE_METER, count=12, mean_rate=0.0, m1=0.0, m5=0.0, m15=0.0, rate_unit=events/millisecond
type=TIMER, name=org.apereo.cas.DefaultCentralAuthenticationService$$EnhancerBySpringCGLIB$$11e78af8.CREATE_PROXY_GRANTING_TICKET_TIMER, count=0, min=0.0, max=0.0, mean=0.0, stddev=0.0, median=0.0, p75=0.0, p95=0.0, p98=0.0, p99=0.0, p999=0.0, mean_rate=0.0, m1=0.0, m5=0.0, m15=0.0, rate_unit=events/millisecond, duration_unit=milliseconds
type=TIMER, name=org.apereo.cas.DefaultCentralAuthenticationService$$EnhancerBySpringCGLIB$$11e78af8.CREATE_TICKET_GRANTING_TICKET_TIMER, count=0, min=0.0, max=0.0, mean=0.0, stddev=0.0, median=0.0, p75=0.0, p95=0.0, p98=0.0, p99=0.0, p999=0.0, mean_rate=0.0, m1=0.0, m5=0.0, m15=0.0, rate_unit=events/millisecond, duration_unit=milliseconds
type=TIMER, name=org.apereo.cas.DefaultCentralAuthenticationService$$EnhancerBySpringCGLIB$$11e78af8.DELETE_TICKET_TIMER, count=0, min=0.0, max=0.0, mean=0.0, stddev=0.0, median=0.0, p75=0.0, p95=0.0, p98=0.0, p99=0.0, p999=0.0, mean_rate=0.0, m1=0.0, m5=0.0, m15=0.0, rate_unit=events/millisecond, duration_unit=milliseconds
type=TIMER, name=org.apereo.cas.DefaultCentralAuthenticationService$$EnhancerBySpringCGLIB$$11e78af8.DESTROY_TICKET_GRANTING_TICKET_TIMER, count=0, min=0.0, max=0.0, mean=0.0, stddev=0.0, median=0.0, p75=0.0, p95=0.0, p98=0.0, p99=0.0, p999=0.0, mean_rate=0.0, m1=0.0, m5=0.0, m15=0.0, rate_unit=events/millisecond, duration_unit=milliseconds
type=TIMER, name=org.apereo.cas.DefaultCentralAuthenticationService$$EnhancerBySpringCGLIB$$11e78af8.GET_TICKETS_TIMER, count=0, min=0.0, max=0.0, mean=0.0, stddev=0.0, median=0.0, p75=0.0, p95=0.0, p98=0.0, p99=0.0, p999=0.0, mean_rate=0.0, m1=0.0, m5=0.0, m15=0.0, rate_unit=events/millisecond, duration_unit=milliseconds
type=TIMER, name=org.apereo.cas.DefaultCentralAuthenticationService$$EnhancerBySpringCGLIB$$11e78af8.GET_TICKET_TIMER, count=0, min=0.0, max=0.0, mean=0.0, stddev=0.0, median=0.0, p75=0.0, p95=0.0, p98=0.0, p99=0.0, p999=0.0, mean_rate=0.0, m1=0.0, m5=0.0, m15=0.0, rate_unit=events/millisecond, duration_unit=milliseconds
type=TIMER, name=org.apereo.cas.DefaultCentralAuthenticationService$$EnhancerBySpringCGLIB$$11e78af8.GRANT_PROXY_TICKET_TIMER, count=0, min=0.0, max=0.0, mean=0.0, stddev=0.0, median=0.0, p75=0.0, p95=0.0, p98=0.0, p99=0.0, p999=0.0, mean_rate=0.0, m1=0.0, m5=0.0, m15=0.0, rate_unit=events/millisecond, duration_unit=milliseconds
type=TIMER, name=org.apereo.cas.DefaultCentralAuthenticationService$$EnhancerBySpringCGLIB$$11e78af8.GRANT_SERVICE_TICKET_TIMER, count=0, min=0.0, max=0.0, mean=0.0, stddev=0.0, median=0.0, p75=0.0, p95=0.0, p98=0.0, p99=0.0, p999=0.0, mean_rate=0.0, m1=0.0, m5=0.0, m15=0.0, rate_unit=events/millisecond, duration_unit=milliseconds
type=TIMER, name=org.apereo.cas.DefaultCentralAuthenticationService$$EnhancerBySpringCGLIB$$11e78af8.VALIDATE_SERVICE_TICKET_TIMER, count=0, min=0.0, max=0.0, mean=0.0, stddev=0.0, median=0.0, p75=0.0, p95=0.0, p98=0.0, p99=0.0, p999=0.0, mean_rate=0.0, m1=0.0, m5=0.0, m15=0.0, rate_unit=events/millisecond, duration_unit=milliseconds
type=TIMER, name=org.apereo.cas.authentication.PolicyBasedAuthenticationManager.AUTHENTICATE_TIMER, count=12, min=5.512277999999999, max=2171.288517, mean=106.42763824689266, stddev=454.51245927465874, median=5.787033999999999, p75=5.851992999999999, p95=11.147694, p98=2171.288517, p99=2171.288517, p999=2171.288517, mean_rate=0.0, m1=0.0, m5=0.0, m15=0.0, rate_unit=events/millisecond, duration_unit=milliseconds
