type=GAUGE, name=jvm.fd.usage, value=0.00556640625
type=GAUGE, name=jvm.gc.PS-MarkSweep.count, value=3
type=GAUGE, name=jvm.gc.PS-MarkSweep.time, value=412
type=GAUGE, name=jvm.gc.PS-Scavenge.count, value=24
type=GAUGE, name=jvm.gc.PS-Scavenge.time, value=320
type=GAUGE, name=jvm.memory.heap.committed, value=1545601024
type=GAUGE, name=jvm.memory.heap.init, value=268435456
type=GAUGE, name=jvm.memory.heap.max, value=3817865216
type=GAUGE, name=jvm.memory.heap.usage, value=0.2001871382983888
type=GAUGE, name=jvm.memory.heap.used, value=764287512
type=GAUGE, name=jvm.memory.non-heap.committed, value=127451136
type=GAUGE, name=jvm.memory.non-heap.init, value=2555904
type=GAUGE, name=jvm.memory.non-heap.max, value=-1
type=GAUGE, name=jvm.memory.non-heap.usage, value=-1.24455056E8
type=GAUGE, name=jvm.memory.non-heap.used, value=124455056
type=GAUGE, name=jvm.memory.pools.Code-Cache.committed, value=33161216
type=GAUGE, name=jvm.memory.pools.Code-Cache.init, value=2555904
type=GAUGE, name=jvm.memory.pools.Code-Cache.max, value=251658240
type=GAUGE, name=jvm.memory.pools.Code-Cache.usage, value=0.1304857889811198
type=GAUGE, name=jvm.memory.pools.Code-Cache.used, value=32837824
type=GAUGE, name=jvm.memory.pools.Compressed-Class-Space.committed, value=10575872
type=GAUGE, name=jvm.memory.pools.Compressed-Class-Space.init, value=0
type=GAUGE, name=jvm.memory.pools.Compressed-Class-Space.max, value=1073741824
type=GAUGE, name=jvm.memory.pools.Compressed-Class-Space.usage, value=0.009345978498458862
type=GAUGE, name=jvm.memory.pools.Compressed-Class-Space.used, value=10035168
type=GAUGE, name=jvm.memory.pools.Metaspace.committed, value=83714048
type=GAUGE, name=jvm.memory.pools.Metaspace.init, value=0
type=GAUGE, name=jvm.memory.pools.Metaspace.max, value=-1
type=GAUGE, name=jvm.memory.pools.Metaspace.usage, value=0.97454209835845
type=GAUGE, name=jvm.memory.pools.Metaspace.used, value=81582864
type=GAUGE, name=jvm.memory.pools.PS-Eden-Space.committed, value=1327497216
type=GAUGE, name=jvm.memory.pools.PS-Eden-Space.init, value=67108864
type=GAUGE, name=jvm.memory.pools.PS-Eden-Space.max, value=1346895872
type=GAUGE, name=jvm.memory.pools.PS-Eden-Space.usage, value=0.46025556458161004
type=GAUGE, name=jvm.memory.pools.PS-Eden-Space.used, value=619916320
type=GAUGE, name=jvm.memory.pools.PS-Eden-Space.used-after-gc, value=0
type=GAUGE, name=jvm.memory.pools.PS-Old-Gen.committed, value=185597952
type=GAUGE, name=jvm.memory.pools.PS-Old-Gen.init, value=179306496
type=GAUGE, name=jvm.memory.pools.PS-Old-Gen.max, value=2863661056
type=GAUGE, name=jvm.memory.pools.PS-Old-Gen.usage, value=0.03907223578906679
type=GAUGE, name=jvm.memory.pools.PS-Old-Gen.used, value=111889640
type=GAUGE, name=jvm.memory.pools.PS-Old-Gen.used-after-gc, value=59091536
type=GAUGE, name=jvm.memory.pools.PS-Survivor-Space.committed, value=32505856
type=GAUGE, name=jvm.memory.pools.PS-Survivor-Space.init, value=11010048
type=GAUGE, name=jvm.memory.pools.PS-Survivor-Space.max, value=32505856
type=GAUGE, name=jvm.memory.pools.PS-Survivor-Space.usage, value=0.9992523193359375
type=GAUGE, name=jvm.memory.pools.PS-Survivor-Space.used, value=32481552
type=GAUGE, name=jvm.memory.pools.PS-Survivor-Space.used-after-gc, value=32481552
type=GAUGE, name=jvm.memory.total.committed, value=1673052160
type=GAUGE, name=jvm.memory.total.init, value=270991360
type=GAUGE, name=jvm.memory.total.max, value=3817865215
type=GAUGE, name=jvm.memory.total.used, value=888753376
type=GAUGE, name=thread-states.blocked.count, value=0
type=GAUGE, name=thread-states.count, value=38
type=GAUGE, name=thread-states.daemon.count, value=25
type=GAUGE, name=thread-states.deadlock.count, value=0
type=GAUGE, name=thread-states.deadlocks, value=[]
type=GAUGE, name=thread-states.new.count, value=0
type=GAUGE, name=thread-states.runnable.count, value=9
type=GAUGE, name=thread-states.terminated.count, value=0
type=GAUGE, name=thread-states.timed_waiting.count, value=14
type=GAUGE, name=thread-states.waiting.count, value=16
type=COUNTER, name=org.apereo.cas.DefaultCentralAuthenticationService$$EnhancerBySpringCGLIB$$ebb98862.CREATE_PROXY_GRANTING_TICKET_COUNTER, count=0
type=COUNTER, name=org.apereo.cas.DefaultCentralAuthenticationService$$EnhancerBySpringCGLIB$$ebb98862.CREATE_TICKET_GRANTING_TICKET_COUNTER, count=0
type=COUNTER, name=org.apereo.cas.DefaultCentralAuthenticationService$$EnhancerBySpringCGLIB$$ebb98862.DELETE_TICKET_COUNTER, count=0
type=COUNTER, name=org.apereo.cas.DefaultCentralAuthenticationService$$EnhancerBySpringCGLIB$$ebb98862.DESTROY_TICKET_GRANTING_TICKET_COUNTER, count=0
type=COUNTER, name=org.apereo.cas.DefaultCentralAuthenticationService$$EnhancerBySpringCGLIB$$ebb98862.GET_TICKETS_COUNTER, count=0
type=COUNTER, name=org.apereo.cas.DefaultCentralAuthenticationService$$EnhancerBySpringCGLIB$$ebb98862.GET_TICKET_COUNTER, count=0
type=COUNTER, name=org.apereo.cas.DefaultCentralAuthenticationService$$EnhancerBySpringCGLIB$$ebb98862.GRANT_PROXY_TICKET_COUNTER, count=0
type=COUNTER, name=org.apereo.cas.DefaultCentralAuthenticationService$$EnhancerBySpringCGLIB$$ebb98862.GRANT_SERVICE_TICKET_COUNTER, count=0
type=COUNTER, name=org.apereo.cas.DefaultCentralAuthenticationService$$EnhancerBySpringCGLIB$$ebb98862.VALIDATE_SERVICE_TICKET_COUNTER, count=0
type=COUNTER, name=org.apereo.cas.authentication.PolicyBasedAuthenticationManager.AUTHENTICATE_COUNT, count=2
type=METER, name=org.apereo.cas.DefaultCentralAuthenticationService$$EnhancerBySpringCGLIB$$ebb98862.CREATE_PROXY_GRANTING_TICKET_METER, count=0, mean_rate=0.0, m1=0.0, m5=0.0, m15=0.0, rate_unit=events/millisecond
type=METER, name=org.apereo.cas.DefaultCentralAuthenticationService$$EnhancerBySpringCGLIB$$ebb98862.CREATE_TICKET_GRANTING_TICKET_METER, count=0, mean_rate=0.0, m1=0.0, m5=0.0, m15=0.0, rate_unit=events/millisecond
type=METER, name=org.apereo.cas.DefaultCentralAuthenticationService$$EnhancerBySpringCGLIB$$ebb98862.DELETE_TICKET_METER, count=0, mean_rate=0.0, m1=0.0, m5=0.0, m15=0.0, rate_unit=events/millisecond
type=METER, name=org.apereo.cas.DefaultCentralAuthenticationService$$EnhancerBySpringCGLIB$$ebb98862.DESTROY_TICKET_GRANTING_TICKET_METER, count=0, mean_rate=0.0, m1=0.0, m5=0.0, m15=0.0, rate_unit=events/millisecond
type=METER, name=org.apereo.cas.DefaultCentralAuthenticationService$$EnhancerBySpringCGLIB$$ebb98862.GET_TICKETS_METER, count=0, mean_rate=0.0, m1=0.0, m5=0.0, m15=0.0, rate_unit=events/millisecond
type=METER, name=org.apereo.cas.DefaultCentralAuthenticationService$$EnhancerBySpringCGLIB$$ebb98862.GET_TICKET_METER, count=0, mean_rate=0.0, m1=0.0, m5=0.0, m15=0.0, rate_unit=events/millisecond
type=METER, name=org.apereo.cas.DefaultCentralAuthenticationService$$EnhancerBySpringCGLIB$$ebb98862.GRANT_PROXY_TICKET_METER, count=0, mean_rate=0.0, m1=0.0, m5=0.0, m15=0.0, rate_unit=events/millisecond
type=METER, name=org.apereo.cas.DefaultCentralAuthenticationService$$EnhancerBySpringCGLIB$$ebb98862.GRANT_SERVICE_TICKET_METER, count=0, mean_rate=0.0, m1=0.0, m5=0.0, m15=0.0, rate_unit=events/millisecond
type=METER, name=org.apereo.cas.DefaultCentralAuthenticationService$$EnhancerBySpringCGLIB$$ebb98862.VALIDATE_SERVICE_TICKET_METER, count=0, mean_rate=0.0, m1=0.0, m5=0.0, m15=0.0, rate_unit=events/millisecond
type=METER, name=org.apereo.cas.authentication.PolicyBasedAuthenticationManager.AUTHENTICATE_METER, count=2, mean_rate=0.0, m1=0.0, m5=0.0, m15=0.0, rate_unit=events/millisecond
type=TIMER, name=org.apereo.cas.DefaultCentralAuthenticationService$$EnhancerBySpringCGLIB$$ebb98862.CREATE_PROXY_GRANTING_TICKET_TIMER, count=0, min=0.0, max=0.0, mean=0.0, stddev=0.0, median=0.0, p75=0.0, p95=0.0, p98=0.0, p99=0.0, p999=0.0, mean_rate=0.0, m1=0.0, m5=0.0, m15=0.0, rate_unit=events/millisecond, duration_unit=milliseconds
type=TIMER, name=org.apereo.cas.DefaultCentralAuthenticationService$$EnhancerBySpringCGLIB$$ebb98862.CREATE_TICKET_GRANTING_TICKET_TIMER, count=0, min=0.0, max=0.0, mean=0.0, stddev=0.0, median=0.0, p75=0.0, p95=0.0, p98=0.0, p99=0.0, p999=0.0, mean_rate=0.0, m1=0.0, m5=0.0, m15=0.0, rate_unit=events/millisecond, duration_unit=milliseconds
type=TIMER, name=org.apereo.cas.DefaultCentralAuthenticationService$$EnhancerBySpringCGLIB$$ebb98862.DELETE_TICKET_TIMER, count=0, min=0.0, max=0.0, mean=0.0, stddev=0.0, median=0.0, p75=0.0, p95=0.0, p98=0.0, p99=0.0, p999=0.0, mean_rate=0.0, m1=0.0, m5=0.0, m15=0.0, rate_unit=events/millisecond, duration_unit=milliseconds
type=TIMER, name=org.apereo.cas.DefaultCentralAuthenticationService$$EnhancerBySpringCGLIB$$ebb98862.DESTROY_TICKET_GRANTING_TICKET_TIMER, count=0, min=0.0, max=0.0, mean=0.0, stddev=0.0, median=0.0, p75=0.0, p95=0.0, p98=0.0, p99=0.0, p999=0.0, mean_rate=0.0, m1=0.0, m5=0.0, m15=0.0, rate_unit=events/millisecond, duration_unit=milliseconds
type=TIMER, name=org.apereo.cas.DefaultCentralAuthenticationService$$EnhancerBySpringCGLIB$$ebb98862.GET_TICKETS_TIMER, count=0, min=0.0, max=0.0, mean=0.0, stddev=0.0, median=0.0, p75=0.0, p95=0.0, p98=0.0, p99=0.0, p999=0.0, mean_rate=0.0, m1=0.0, m5=0.0, m15=0.0, rate_unit=events/millisecond, duration_unit=milliseconds
type=TIMER, name=org.apereo.cas.DefaultCentralAuthenticationService$$EnhancerBySpringCGLIB$$ebb98862.GET_TICKET_TIMER, count=0, min=0.0, max=0.0, mean=0.0, stddev=0.0, median=0.0, p75=0.0, p95=0.0, p98=0.0, p99=0.0, p999=0.0, mean_rate=0.0, m1=0.0, m5=0.0, m15=0.0, rate_unit=events/millisecond, duration_unit=milliseconds
type=TIMER, name=org.apereo.cas.DefaultCentralAuthenticationService$$EnhancerBySpringCGLIB$$ebb98862.GRANT_PROXY_TICKET_TIMER, count=0, min=0.0, max=0.0, mean=0.0, stddev=0.0, median=0.0, p75=0.0, p95=0.0, p98=0.0, p99=0.0, p999=0.0, mean_rate=0.0, m1=0.0, m5=0.0, m15=0.0, rate_unit=events/millisecond, duration_unit=milliseconds
type=TIMER, name=org.apereo.cas.DefaultCentralAuthenticationService$$EnhancerBySpringCGLIB$$ebb98862.GRANT_SERVICE_TICKET_TIMER, count=0, min=0.0, max=0.0, mean=0.0, stddev=0.0, median=0.0, p75=0.0, p95=0.0, p98=0.0, p99=0.0, p999=0.0, mean_rate=0.0, m1=0.0, m5=0.0, m15=0.0, rate_unit=events/millisecond, duration_unit=milliseconds
type=TIMER, name=org.apereo.cas.DefaultCentralAuthenticationService$$EnhancerBySpringCGLIB$$ebb98862.VALIDATE_SERVICE_TICKET_TIMER, count=0, min=0.0, max=0.0, mean=0.0, stddev=0.0, median=0.0, p75=0.0, p95=0.0, p98=0.0, p99=0.0, p999=0.0, mean_rate=0.0, m1=0.0, m5=0.0, m15=0.0, rate_unit=events/millisecond, duration_unit=milliseconds
type=TIMER, name=org.apereo.cas.authentication.PolicyBasedAuthenticationManager.AUTHENTICATE_TIMER, count=2, min=348.83514099999996, max=350.621962, mean=349.7285515, stddev=0.8934105, median=350.621962, p75=350.621962, p95=350.621962, p98=350.621962, p99=350.621962, p999=350.621962, mean_rate=0.0, m1=0.0, m5=0.0, m15=0.0, rate_unit=events/millisecond, duration_unit=milliseconds
type=GAUGE, name=jvm.fd.usage, value=0.00556640625
type=GAUGE, name=jvm.gc.PS-MarkSweep.count, value=3
type=GAUGE, name=jvm.gc.PS-MarkSweep.time, value=412
type=GAUGE, name=jvm.gc.PS-Scavenge.count, value=24
type=GAUGE, name=jvm.gc.PS-Scavenge.time, value=320
type=GAUGE, name=jvm.memory.heap.committed, value=1545601024
type=GAUGE, name=jvm.memory.heap.init, value=268435456
type=GAUGE, name=jvm.memory.heap.max, value=3817865216
type=GAUGE, name=jvm.memory.heap.usage, value=0.20229753443448958
type=GAUGE, name=jvm.memory.heap.used, value=772344720
type=GAUGE, name=jvm.memory.non-heap.committed, value=127451136
type=GAUGE, name=jvm.memory.non-heap.init, value=2555904
type=GAUGE, name=jvm.memory.non-heap.max, value=-1
type=GAUGE, name=jvm.memory.non-heap.usage, value=-1.24501088E8
type=GAUGE, name=jvm.memory.non-heap.used, value=124501088
type=GAUGE, name=jvm.memory.pools.Code-Cache.committed, value=33161216
type=GAUGE, name=jvm.memory.pools.Code-Cache.init, value=2555904
type=GAUGE, name=jvm.memory.pools.Code-Cache.max, value=251658240
type=GAUGE, name=jvm.memory.pools.Code-Cache.usage, value=0.13065414428710936
type=GAUGE, name=jvm.memory.pools.Code-Cache.used, value=32880192
type=GAUGE, name=jvm.memory.pools.Compressed-Class-Space.committed, value=10575872
type=GAUGE, name=jvm.memory.pools.Compressed-Class-Space.init, value=0
type=GAUGE, name=jvm.memory.pools.Compressed-Class-Space.max, value=1073741824
type=GAUGE, name=jvm.memory.pools.Compressed-Class-Space.usage, value=0.009345978498458862
type=GAUGE, name=jvm.memory.pools.Compressed-Class-Space.used, value=10035168
type=GAUGE, name=jvm.memory.pools.Metaspace.committed, value=83714048
type=GAUGE, name=jvm.memory.pools.Metaspace.init, value=0
type=GAUGE, name=jvm.memory.pools.Metaspace.max, value=-1
type=GAUGE, name=jvm.memory.pools.Metaspace.usage, value=0.9745763100596927
type=GAUGE, name=jvm.memory.pools.Metaspace.used, value=81585728
type=GAUGE, name=jvm.memory.pools.PS-Eden-Space.committed, value=1327497216
type=GAUGE, name=jvm.memory.pools.PS-Eden-Space.init, value=67108864
type=GAUGE, name=jvm.memory.pools.PS-Eden-Space.max, value=1346895872
type=GAUGE, name=jvm.memory.pools.PS-Eden-Space.usage, value=0.4662376216711725
type=GAUGE, name=jvm.memory.pools.PS-Eden-Space.used, value=627973528
type=GAUGE, name=jvm.memory.pools.PS-Eden-Space.used-after-gc, value=0
type=GAUGE, name=jvm.memory.pools.PS-Old-Gen.committed, value=185597952
type=GAUGE, name=jvm.memory.pools.PS-Old-Gen.init, value=179306496
type=GAUGE, name=jvm.memory.pools.PS-Old-Gen.max, value=2863661056
type=GAUGE, name=jvm.memory.pools.PS-Old-Gen.usage, value=0.03907223578906679
type=GAUGE, name=jvm.memory.pools.PS-Old-Gen.used, value=111889640
type=GAUGE, name=jvm.memory.pools.PS-Old-Gen.used-after-gc, value=59091536
type=GAUGE, name=jvm.memory.pools.PS-Survivor-Space.committed, value=32505856
type=GAUGE, name=jvm.memory.pools.PS-Survivor-Space.init, value=11010048
type=GAUGE, name=jvm.memory.pools.PS-Survivor-Space.max, value=32505856
type=GAUGE, name=jvm.memory.pools.PS-Survivor-Space.usage, value=0.9992523193359375
type=GAUGE, name=jvm.memory.pools.PS-Survivor-Space.used, value=32481552
type=GAUGE, name=jvm.memory.pools.PS-Survivor-Space.used-after-gc, value=32481552
type=GAUGE, name=jvm.memory.total.committed, value=1673052160
type=GAUGE, name=jvm.memory.total.init, value=270991360
type=GAUGE, name=jvm.memory.total.max, value=3817865215
type=GAUGE, name=jvm.memory.total.used, value=896845808
type=GAUGE, name=thread-states.blocked.count, value=0
type=GAUGE, name=thread-states.count, value=38
type=GAUGE, name=thread-states.daemon.count, value=25
type=GAUGE, name=thread-states.deadlock.count, value=0
type=GAUGE, name=thread-states.deadlocks, value=[]
type=GAUGE, name=thread-states.new.count, value=0
type=GAUGE, name=thread-states.runnable.count, value=8
type=GAUGE, name=thread-states.terminated.count, value=0
type=GAUGE, name=thread-states.timed_waiting.count, value=13
type=GAUGE, name=thread-states.waiting.count, value=17
type=COUNTER, name=org.apereo.cas.DefaultCentralAuthenticationService$$EnhancerBySpringCGLIB$$ebb98862.CREATE_PROXY_GRANTING_TICKET_COUNTER, count=0
type=COUNTER, name=org.apereo.cas.DefaultCentralAuthenticationService$$EnhancerBySpringCGLIB$$ebb98862.CREATE_TICKET_GRANTING_TICKET_COUNTER, count=0
type=COUNTER, name=org.apereo.cas.DefaultCentralAuthenticationService$$EnhancerBySpringCGLIB$$ebb98862.DELETE_TICKET_COUNTER, count=0
type=COUNTER, name=org.apereo.cas.DefaultCentralAuthenticationService$$EnhancerBySpringCGLIB$$ebb98862.DESTROY_TICKET_GRANTING_TICKET_COUNTER, count=0
type=COUNTER, name=org.apereo.cas.DefaultCentralAuthenticationService$$EnhancerBySpringCGLIB$$ebb98862.GET_TICKETS_COUNTER, count=0
type=COUNTER, name=org.apereo.cas.DefaultCentralAuthenticationService$$EnhancerBySpringCGLIB$$ebb98862.GET_TICKET_COUNTER, count=0
type=COUNTER, name=org.apereo.cas.DefaultCentralAuthenticationService$$EnhancerBySpringCGLIB$$ebb98862.GRANT_PROXY_TICKET_COUNTER, count=0
type=COUNTER, name=org.apereo.cas.DefaultCentralAuthenticationService$$EnhancerBySpringCGLIB$$ebb98862.GRANT_SERVICE_TICKET_COUNTER, count=0
type=COUNTER, name=org.apereo.cas.DefaultCentralAuthenticationService$$EnhancerBySpringCGLIB$$ebb98862.VALIDATE_SERVICE_TICKET_COUNTER, count=0
type=COUNTER, name=org.apereo.cas.authentication.PolicyBasedAuthenticationManager.AUTHENTICATE_COUNT, count=2
type=METER, name=org.apereo.cas.DefaultCentralAuthenticationService$$EnhancerBySpringCGLIB$$ebb98862.CREATE_PROXY_GRANTING_TICKET_METER, count=0, mean_rate=0.0, m1=0.0, m5=0.0, m15=0.0, rate_unit=events/millisecond
type=METER, name=org.apereo.cas.DefaultCentralAuthenticationService$$EnhancerBySpringCGLIB$$ebb98862.CREATE_TICKET_GRANTING_TICKET_METER, count=0, mean_rate=0.0, m1=0.0, m5=0.0, m15=0.0, rate_unit=events/millisecond
type=METER, name=org.apereo.cas.DefaultCentralAuthenticationService$$EnhancerBySpringCGLIB$$ebb98862.DELETE_TICKET_METER, count=0, mean_rate=0.0, m1=0.0, m5=0.0, m15=0.0, rate_unit=events/millisecond
type=METER, name=org.apereo.cas.DefaultCentralAuthenticationService$$EnhancerBySpringCGLIB$$ebb98862.DESTROY_TICKET_GRANTING_TICKET_METER, count=0, mean_rate=0.0, m1=0.0, m5=0.0, m15=0.0, rate_unit=events/millisecond
type=METER, name=org.apereo.cas.DefaultCentralAuthenticationService$$EnhancerBySpringCGLIB$$ebb98862.GET_TICKETS_METER, count=0, mean_rate=0.0, m1=0.0, m5=0.0, m15=0.0, rate_unit=events/millisecond
type=METER, name=org.apereo.cas.DefaultCentralAuthenticationService$$EnhancerBySpringCGLIB$$ebb98862.GET_TICKET_METER, count=0, mean_rate=0.0, m1=0.0, m5=0.0, m15=0.0, rate_unit=events/millisecond
type=METER, name=org.apereo.cas.DefaultCentralAuthenticationService$$EnhancerBySpringCGLIB$$ebb98862.GRANT_PROXY_TICKET_METER, count=0, mean_rate=0.0, m1=0.0, m5=0.0, m15=0.0, rate_unit=events/millisecond
type=METER, name=org.apereo.cas.DefaultCentralAuthenticationService$$EnhancerBySpringCGLIB$$ebb98862.GRANT_SERVICE_TICKET_METER, count=0, mean_rate=0.0, m1=0.0, m5=0.0, m15=0.0, rate_unit=events/millisecond
type=METER, name=org.apereo.cas.DefaultCentralAuthenticationService$$EnhancerBySpringCGLIB$$ebb98862.VALIDATE_SERVICE_TICKET_METER, count=0, mean_rate=0.0, m1=0.0, m5=0.0, m15=0.0, rate_unit=events/millisecond
type=METER, name=org.apereo.cas.authentication.PolicyBasedAuthenticationManager.AUTHENTICATE_METER, count=2, mean_rate=0.0, m1=0.0, m5=0.0, m15=0.0, rate_unit=events/millisecond
type=TIMER, name=org.apereo.cas.DefaultCentralAuthenticationService$$EnhancerBySpringCGLIB$$ebb98862.CREATE_PROXY_GRANTING_TICKET_TIMER, count=0, min=0.0, max=0.0, mean=0.0, stddev=0.0, median=0.0, p75=0.0, p95=0.0, p98=0.0, p99=0.0, p999=0.0, mean_rate=0.0, m1=0.0, m5=0.0, m15=0.0, rate_unit=events/millisecond, duration_unit=milliseconds
type=TIMER, name=org.apereo.cas.DefaultCentralAuthenticationService$$EnhancerBySpringCGLIB$$ebb98862.CREATE_TICKET_GRANTING_TICKET_TIMER, count=0, min=0.0, max=0.0, mean=0.0, stddev=0.0, median=0.0, p75=0.0, p95=0.0, p98=0.0, p99=0.0, p999=0.0, mean_rate=0.0, m1=0.0, m5=0.0, m15=0.0, rate_unit=events/millisecond, duration_unit=milliseconds
type=TIMER, name=org.apereo.cas.DefaultCentralAuthenticationService$$EnhancerBySpringCGLIB$$ebb98862.DELETE_TICKET_TIMER, count=0, min=0.0, max=0.0, mean=0.0, stddev=0.0, median=0.0, p75=0.0, p95=0.0, p98=0.0, p99=0.0, p999=0.0, mean_rate=0.0, m1=0.0, m5=0.0, m15=0.0, rate_unit=events/millisecond, duration_unit=milliseconds
type=TIMER, name=org.apereo.cas.DefaultCentralAuthenticationService$$EnhancerBySpringCGLIB$$ebb98862.DESTROY_TICKET_GRANTING_TICKET_TIMER, count=0, min=0.0, max=0.0, mean=0.0, stddev=0.0, median=0.0, p75=0.0, p95=0.0, p98=0.0, p99=0.0, p999=0.0, mean_rate=0.0, m1=0.0, m5=0.0, m15=0.0, rate_unit=events/millisecond, duration_unit=milliseconds
type=TIMER, name=org.apereo.cas.DefaultCentralAuthenticationService$$EnhancerBySpringCGLIB$$ebb98862.GET_TICKETS_TIMER, count=0, min=0.0, max=0.0, mean=0.0, stddev=0.0, median=0.0, p75=0.0, p95=0.0, p98=0.0, p99=0.0, p999=0.0, mean_rate=0.0, m1=0.0, m5=0.0, m15=0.0, rate_unit=events/millisecond, duration_unit=milliseconds
type=TIMER, name=org.apereo.cas.DefaultCentralAuthenticationService$$EnhancerBySpringCGLIB$$ebb98862.GET_TICKET_TIMER, count=0, min=0.0, max=0.0, mean=0.0, stddev=0.0, median=0.0, p75=0.0, p95=0.0, p98=0.0, p99=0.0, p999=0.0, mean_rate=0.0, m1=0.0, m5=0.0, m15=0.0, rate_unit=events/millisecond, duration_unit=milliseconds
type=TIMER, name=org.apereo.cas.DefaultCentralAuthenticationService$$EnhancerBySpringCGLIB$$ebb98862.GRANT_PROXY_TICKET_TIMER, count=0, min=0.0, max=0.0, mean=0.0, stddev=0.0, median=0.0, p75=0.0, p95=0.0, p98=0.0, p99=0.0, p999=0.0, mean_rate=0.0, m1=0.0, m5=0.0, m15=0.0, rate_unit=events/millisecond, duration_unit=milliseconds
type=TIMER, name=org.apereo.cas.DefaultCentralAuthenticationService$$EnhancerBySpringCGLIB$$ebb98862.GRANT_SERVICE_TICKET_TIMER, count=0, min=0.0, max=0.0, mean=0.0, stddev=0.0, median=0.0, p75=0.0, p95=0.0, p98=0.0, p99=0.0, p999=0.0, mean_rate=0.0, m1=0.0, m5=0.0, m15=0.0, rate_unit=events/millisecond, duration_unit=milliseconds
type=TIMER, name=org.apereo.cas.DefaultCentralAuthenticationService$$EnhancerBySpringCGLIB$$ebb98862.VALIDATE_SERVICE_TICKET_TIMER, count=0, min=0.0, max=0.0, mean=0.0, stddev=0.0, median=0.0, p75=0.0, p95=0.0, p98=0.0, p99=0.0, p999=0.0, mean_rate=0.0, m1=0.0, m5=0.0, m15=0.0, rate_unit=events/millisecond, duration_unit=milliseconds
type=TIMER, name=org.apereo.cas.authentication.PolicyBasedAuthenticationManager.AUTHENTICATE_TIMER, count=2, min=348.83514099999996, max=350.621962, mean=349.7285515, stddev=0.8934105, median=350.621962, p75=350.621962, p95=350.621962, p98=350.621962, p99=350.621962, p999=350.621962, mean_rate=0.0, m1=0.0, m5=0.0, m15=0.0, rate_unit=events/millisecond, duration_unit=milliseconds
type=GAUGE, name=jvm.fd.usage, value=0.00556640625
type=GAUGE, name=jvm.gc.PS-MarkSweep.count, value=3
type=GAUGE, name=jvm.gc.PS-MarkSweep.time, value=412
type=GAUGE, name=jvm.gc.PS-Scavenge.count, value=24
type=GAUGE, name=jvm.gc.PS-Scavenge.time, value=320
type=GAUGE, name=jvm.memory.heap.committed, value=1545601024
type=GAUGE, name=jvm.memory.heap.init, value=268435456
type=GAUGE, name=jvm.memory.heap.max, value=3817865216
type=GAUGE, name=jvm.memory.heap.usage, value=0.20229753443448958
type=GAUGE, name=jvm.memory.heap.used, value=772344720
type=GAUGE, name=jvm.memory.non-heap.committed, value=127451136
type=GAUGE, name=jvm.memory.non-heap.init, value=2555904
type=GAUGE, name=jvm.memory.non-heap.max, value=-1
type=GAUGE, name=jvm.memory.non-heap.usage, value=-1.24510096E8
type=GAUGE, name=jvm.memory.non-heap.used, value=124510096
type=GAUGE, name=jvm.memory.pools.Code-Cache.committed, value=33161216
type=GAUGE, name=jvm.memory.pools.Code-Cache.init, value=2555904
type=GAUGE, name=jvm.memory.pools.Code-Cache.max, value=251658240
type=GAUGE, name=jvm.memory.pools.Code-Cache.usage, value=0.13067550659179689
type=GAUGE, name=jvm.memory.pools.Code-Cache.used, value=32885568
type=GAUGE, name=jvm.memory.pools.Compressed-Class-Space.committed, value=10575872
type=GAUGE, name=jvm.memory.pools.Compressed-Class-Space.init, value=0
type=GAUGE, name=jvm.memory.pools.Compressed-Class-Space.max, value=1073741824
type=GAUGE, name=jvm.memory.pools.Compressed-Class-Space.usage, value=0.009345978498458862
type=GAUGE, name=jvm.memory.pools.Compressed-Class-Space.used, value=10035168
type=GAUGE, name=jvm.memory.pools.Metaspace.committed, value=83714048
type=GAUGE, name=jvm.memory.pools.Metaspace.init, value=0
type=GAUGE, name=jvm.memory.pools.Metaspace.max, value=-1
type=GAUGE, name=jvm.memory.pools.Metaspace.usage, value=0.9746196958484196
type=GAUGE, name=jvm.memory.pools.Metaspace.used, value=81589360
type=GAUGE, name=jvm.memory.pools.PS-Eden-Space.committed, value=1327497216
type=GAUGE, name=jvm.memory.pools.PS-Eden-Space.init, value=67108864
type=GAUGE, name=jvm.memory.pools.PS-Eden-Space.max, value=1346895872
type=GAUGE, name=jvm.memory.pools.PS-Eden-Space.usage, value=0.4662376216711725
type=GAUGE, name=jvm.memory.pools.PS-Eden-Space.used, value=627973528
type=GAUGE, name=jvm.memory.pools.PS-Eden-Space.used-after-gc, value=0
type=GAUGE, name=jvm.memory.pools.PS-Old-Gen.committed, value=185597952
type=GAUGE, name=jvm.memory.pools.PS-Old-Gen.init, value=179306496
type=GAUGE, name=jvm.memory.pools.PS-Old-Gen.max, value=2863661056
type=GAUGE, name=jvm.memory.pools.PS-Old-Gen.usage, value=0.03907223578906679
type=GAUGE, name=jvm.memory.pools.PS-Old-Gen.used, value=111889640
type=GAUGE, name=jvm.memory.pools.PS-Old-Gen.used-after-gc, value=59091536
type=GAUGE, name=jvm.memory.pools.PS-Survivor-Space.committed, value=32505856
type=GAUGE, name=jvm.memory.pools.PS-Survivor-Space.init, value=11010048
type=GAUGE, name=jvm.memory.pools.PS-Survivor-Space.max, value=32505856
type=GAUGE, name=jvm.memory.pools.PS-Survivor-Space.usage, value=0.9992523193359375
type=GAUGE, name=jvm.memory.pools.PS-Survivor-Space.used, value=32481552
type=GAUGE, name=jvm.memory.pools.PS-Survivor-Space.used-after-gc, value=32481552
type=GAUGE, name=jvm.memory.total.committed, value=1673052160
type=GAUGE, name=jvm.memory.total.init, value=270991360
type=GAUGE, name=jvm.memory.total.max, value=3817865215
type=GAUGE, name=jvm.memory.total.used, value=896854816
type=GAUGE, name=thread-states.blocked.count, value=0
type=GAUGE, name=thread-states.count, value=38
type=GAUGE, name=thread-states.daemon.count, value=25
type=GAUGE, name=thread-states.deadlock.count, value=0
type=GAUGE, name=thread-states.deadlocks, value=[]
type=GAUGE, name=thread-states.new.count, value=0
type=GAUGE, name=thread-states.runnable.count, value=7
type=GAUGE, name=thread-states.terminated.count, value=0
type=GAUGE, name=thread-states.timed_waiting.count, value=15
type=GAUGE, name=thread-states.waiting.count, value=16
type=COUNTER, name=org.apereo.cas.DefaultCentralAuthenticationService$$EnhancerBySpringCGLIB$$ebb98862.CREATE_PROXY_GRANTING_TICKET_COUNTER, count=0
type=COUNTER, name=org.apereo.cas.DefaultCentralAuthenticationService$$EnhancerBySpringCGLIB$$ebb98862.CREATE_TICKET_GRANTING_TICKET_COUNTER, count=0
type=COUNTER, name=org.apereo.cas.DefaultCentralAuthenticationService$$EnhancerBySpringCGLIB$$ebb98862.DELETE_TICKET_COUNTER, count=0
type=COUNTER, name=org.apereo.cas.DefaultCentralAuthenticationService$$EnhancerBySpringCGLIB$$ebb98862.DESTROY_TICKET_GRANTING_TICKET_COUNTER, count=0
type=COUNTER, name=org.apereo.cas.DefaultCentralAuthenticationService$$EnhancerBySpringCGLIB$$ebb98862.GET_TICKETS_COUNTER, count=0
type=COUNTER, name=org.apereo.cas.DefaultCentralAuthenticationService$$EnhancerBySpringCGLIB$$ebb98862.GET_TICKET_COUNTER, count=0
type=COUNTER, name=org.apereo.cas.DefaultCentralAuthenticationService$$EnhancerBySpringCGLIB$$ebb98862.GRANT_PROXY_TICKET_COUNTER, count=0
type=COUNTER, name=org.apereo.cas.DefaultCentralAuthenticationService$$EnhancerBySpringCGLIB$$ebb98862.GRANT_SERVICE_TICKET_COUNTER, count=0
type=COUNTER, name=org.apereo.cas.DefaultCentralAuthenticationService$$EnhancerBySpringCGLIB$$ebb98862.VALIDATE_SERVICE_TICKET_COUNTER, count=0
type=COUNTER, name=org.apereo.cas.authentication.PolicyBasedAuthenticationManager.AUTHENTICATE_COUNT, count=2
type=METER, name=org.apereo.cas.DefaultCentralAuthenticationService$$EnhancerBySpringCGLIB$$ebb98862.CREATE_PROXY_GRANTING_TICKET_METER, count=0, mean_rate=0.0, m1=0.0, m5=0.0, m15=0.0, rate_unit=events/millisecond
type=METER, name=org.apereo.cas.DefaultCentralAuthenticationService$$EnhancerBySpringCGLIB$$ebb98862.CREATE_TICKET_GRANTING_TICKET_METER, count=0, mean_rate=0.0, m1=0.0, m5=0.0, m15=0.0, rate_unit=events/millisecond
type=METER, name=org.apereo.cas.DefaultCentralAuthenticationService$$EnhancerBySpringCGLIB$$ebb98862.DELETE_TICKET_METER, count=0, mean_rate=0.0, m1=0.0, m5=0.0, m15=0.0, rate_unit=events/millisecond
type=METER, name=org.apereo.cas.DefaultCentralAuthenticationService$$EnhancerBySpringCGLIB$$ebb98862.DESTROY_TICKET_GRANTING_TICKET_METER, count=0, mean_rate=0.0, m1=0.0, m5=0.0, m15=0.0, rate_unit=events/millisecond
type=METER, name=org.apereo.cas.DefaultCentralAuthenticationService$$EnhancerBySpringCGLIB$$ebb98862.GET_TICKETS_METER, count=0, mean_rate=0.0, m1=0.0, m5=0.0, m15=0.0, rate_unit=events/millisecond
type=METER, name=org.apereo.cas.DefaultCentralAuthenticationService$$EnhancerBySpringCGLIB$$ebb98862.GET_TICKET_METER, count=0, mean_rate=0.0, m1=0.0, m5=0.0, m15=0.0, rate_unit=events/millisecond
type=METER, name=org.apereo.cas.DefaultCentralAuthenticationService$$EnhancerBySpringCGLIB$$ebb98862.GRANT_PROXY_TICKET_METER, count=0, mean_rate=0.0, m1=0.0, m5=0.0, m15=0.0, rate_unit=events/millisecond
type=METER, name=org.apereo.cas.DefaultCentralAuthenticationService$$EnhancerBySpringCGLIB$$ebb98862.GRANT_SERVICE_TICKET_METER, count=0, mean_rate=0.0, m1=0.0, m5=0.0, m15=0.0, rate_unit=events/millisecond
type=METER, name=org.apereo.cas.DefaultCentralAuthenticationService$$EnhancerBySpringCGLIB$$ebb98862.VALIDATE_SERVICE_TICKET_METER, count=0, mean_rate=0.0, m1=0.0, m5=0.0, m15=0.0, rate_unit=events/millisecond
type=METER, name=org.apereo.cas.authentication.PolicyBasedAuthenticationManager.AUTHENTICATE_METER, count=2, mean_rate=0.0, m1=0.0, m5=0.0, m15=0.0, rate_unit=events/millisecond
type=TIMER, name=org.apereo.cas.DefaultCentralAuthenticationService$$EnhancerBySpringCGLIB$$ebb98862.CREATE_PROXY_GRANTING_TICKET_TIMER, count=0, min=0.0, max=0.0, mean=0.0, stddev=0.0, median=0.0, p75=0.0, p95=0.0, p98=0.0, p99=0.0, p999=0.0, mean_rate=0.0, m1=0.0, m5=0.0, m15=0.0, rate_unit=events/millisecond, duration_unit=milliseconds
type=TIMER, name=org.apereo.cas.DefaultCentralAuthenticationService$$EnhancerBySpringCGLIB$$ebb98862.CREATE_TICKET_GRANTING_TICKET_TIMER, count=0, min=0.0, max=0.0, mean=0.0, stddev=0.0, median=0.0, p75=0.0, p95=0.0, p98=0.0, p99=0.0, p999=0.0, mean_rate=0.0, m1=0.0, m5=0.0, m15=0.0, rate_unit=events/millisecond, duration_unit=milliseconds
type=TIMER, name=org.apereo.cas.DefaultCentralAuthenticationService$$EnhancerBySpringCGLIB$$ebb98862.DELETE_TICKET_TIMER, count=0, min=0.0, max=0.0, mean=0.0, stddev=0.0, median=0.0, p75=0.0, p95=0.0, p98=0.0, p99=0.0, p999=0.0, mean_rate=0.0, m1=0.0, m5=0.0, m15=0.0, rate_unit=events/millisecond, duration_unit=milliseconds
type=TIMER, name=org.apereo.cas.DefaultCentralAuthenticationService$$EnhancerBySpringCGLIB$$ebb98862.DESTROY_TICKET_GRANTING_TICKET_TIMER, count=0, min=0.0, max=0.0, mean=0.0, stddev=0.0, median=0.0, p75=0.0, p95=0.0, p98=0.0, p99=0.0, p999=0.0, mean_rate=0.0, m1=0.0, m5=0.0, m15=0.0, rate_unit=events/millisecond, duration_unit=milliseconds
type=TIMER, name=org.apereo.cas.DefaultCentralAuthenticationService$$EnhancerBySpringCGLIB$$ebb98862.GET_TICKETS_TIMER, count=0, min=0.0, max=0.0, mean=0.0, stddev=0.0, median=0.0, p75=0.0, p95=0.0, p98=0.0, p99=0.0, p999=0.0, mean_rate=0.0, m1=0.0, m5=0.0, m15=0.0, rate_unit=events/millisecond, duration_unit=milliseconds
type=TIMER, name=org.apereo.cas.DefaultCentralAuthenticationService$$EnhancerBySpringCGLIB$$ebb98862.GET_TICKET_TIMER, count=0, min=0.0, max=0.0, mean=0.0, stddev=0.0, median=0.0, p75=0.0, p95=0.0, p98=0.0, p99=0.0, p999=0.0, mean_rate=0.0, m1=0.0, m5=0.0, m15=0.0, rate_unit=events/millisecond, duration_unit=milliseconds
type=TIMER, name=org.apereo.cas.DefaultCentralAuthenticationService$$EnhancerBySpringCGLIB$$ebb98862.GRANT_PROXY_TICKET_TIMER, count=0, min=0.0, max=0.0, mean=0.0, stddev=0.0, median=0.0, p75=0.0, p95=0.0, p98=0.0, p99=0.0, p999=0.0, mean_rate=0.0, m1=0.0, m5=0.0, m15=0.0, rate_unit=events/millisecond, duration_unit=milliseconds
type=TIMER, name=org.apereo.cas.DefaultCentralAuthenticationService$$EnhancerBySpringCGLIB$$ebb98862.GRANT_SERVICE_TICKET_TIMER, count=0, min=0.0, max=0.0, mean=0.0, stddev=0.0, median=0.0, p75=0.0, p95=0.0, p98=0.0, p99=0.0, p999=0.0, mean_rate=0.0, m1=0.0, m5=0.0, m15=0.0, rate_unit=events/millisecond, duration_unit=milliseconds
type=TIMER, name=org.apereo.cas.DefaultCentralAuthenticationService$$EnhancerBySpringCGLIB$$ebb98862.VALIDATE_SERVICE_TICKET_TIMER, count=0, min=0.0, max=0.0, mean=0.0, stddev=0.0, median=0.0, p75=0.0, p95=0.0, p98=0.0, p99=0.0, p999=0.0, mean_rate=0.0, m1=0.0, m5=0.0, m15=0.0, rate_unit=events/millisecond, duration_unit=milliseconds
type=TIMER, name=org.apereo.cas.authentication.PolicyBasedAuthenticationManager.AUTHENTICATE_TIMER, count=2, min=348.83514099999996, max=350.621962, mean=349.7285515, stddev=0.8934105, median=350.621962, p75=350.621962, p95=350.621962, p98=350.621962, p99=350.621962, p999=350.621962, mean_rate=0.0, m1=0.0, m5=0.0, m15=0.0, rate_unit=events/millisecond, duration_unit=milliseconds
