type=GAUGE, name=jvm.fd.usage, value=0.004296875
type=GAUGE, name=jvm.gc.PS-MarkSweep.count, value=3
type=GAUGE, name=jvm.gc.PS-MarkSweep.time, value=366
type=GAUGE, name=jvm.gc.PS-Scavenge.count, value=22
type=GAUGE, name=jvm.gc.PS-Scavenge.time, value=395
type=GAUGE, name=jvm.memory.heap.committed, value=1624768512
type=GAUGE, name=jvm.memory.heap.init, value=268435456
type=GAUGE, name=jvm.memory.heap.max, value=3817865216
type=GAUGE, name=jvm.memory.heap.usage, value=0.09513547583550944
type=GAUGE, name=jvm.memory.heap.used, value=363214424
type=GAUGE, name=jvm.memory.non-heap.committed, value=111788032
type=GAUGE, name=jvm.memory.non-heap.init, value=2555904
type=GAUGE, name=jvm.memory.non-heap.max, value=-1
type=GAUGE, name=jvm.memory.non-heap.usage, value=-1.0970028E8
type=GAUGE, name=jvm.memory.non-heap.used, value=109701640
type=GAUGE, name=jvm.memory.pools.Code-Cache.committed, value=29818880
type=GAUGE, name=jvm.memory.pools.Code-Cache.init, value=2555904
type=GAUGE, name=jvm.memory.pools.Code-Cache.max, value=251658240
type=GAUGE, name=jvm.memory.pools.Code-Cache.usage, value=0.11776707967122396
type=GAUGE, name=jvm.memory.pools.Code-Cache.used, value=29637056
type=GAUGE, name=jvm.memory.pools.Compressed-Class-Space.committed, value=9134080
type=GAUGE, name=jvm.memory.pools.Compressed-Class-Space.init, value=0
type=GAUGE, name=jvm.memory.pools.Compressed-Class-Space.max, value=1073741824
type=GAUGE, name=jvm.memory.pools.Compressed-Class-Space.usage, value=0.008185766637325287
type=GAUGE, name=jvm.memory.pools.Compressed-Class-Space.used, value=8789400
type=GAUGE, name=jvm.memory.pools.Metaspace.committed, value=72835072
type=GAUGE, name=jvm.memory.pools.Metaspace.init, value=0
type=GAUGE, name=jvm.memory.pools.Metaspace.max, value=-1
type=GAUGE, name=jvm.memory.pools.Metaspace.usage, value=0.9786358967284332
type=GAUGE, name=jvm.memory.pools.Metaspace.used, value=71281120
type=GAUGE, name=jvm.memory.pools.PS-Eden-Space.committed, value=1329594368
type=GAUGE, name=jvm.memory.pools.PS-Eden-Space.init, value=67108864
type=GAUGE, name=jvm.memory.pools.PS-Eden-Space.max, value=1339031552
type=GAUGE, name=jvm.memory.pools.PS-Eden-Space.usage, value=0.19149892593419635
type=GAUGE, name=jvm.memory.pools.PS-Eden-Space.used, value=256423104
type=GAUGE, name=jvm.memory.pools.PS-Eden-Space.used-after-gc, value=0
type=GAUGE, name=jvm.memory.pools.PS-Old-Gen.committed, value=253755392
type=GAUGE, name=jvm.memory.pools.PS-Old-Gen.init, value=179306496
type=GAUGE, name=jvm.memory.pools.PS-Old-Gen.max, value=2863661056
type=GAUGE, name=jvm.memory.pools.PS-Old-Gen.usage, value=0.02283926998377283
type=GAUGE, name=jvm.memory.pools.PS-Old-Gen.used, value=65403928
type=GAUGE, name=jvm.memory.pools.PS-Old-Gen.used-after-gc, value=59589688
type=GAUGE, name=jvm.memory.pools.PS-Survivor-Space.committed, value=41418752
type=GAUGE, name=jvm.memory.pools.PS-Survivor-Space.init, value=11010048
type=GAUGE, name=jvm.memory.pools.PS-Survivor-Space.max, value=41418752
type=GAUGE, name=jvm.memory.pools.PS-Survivor-Space.usage, value=0.9993832745129549
type=GAUGE, name=jvm.memory.pools.PS-Survivor-Space.used, value=41393208
type=GAUGE, name=jvm.memory.pools.PS-Survivor-Space.used-after-gc, value=41393208
type=GAUGE, name=jvm.memory.total.committed, value=1736556544
type=GAUGE, name=jvm.memory.total.init, value=270991360
type=GAUGE, name=jvm.memory.total.max, value=3817865215
type=GAUGE, name=jvm.memory.total.used, value=472934192
type=GAUGE, name=thread-states.blocked.count, value=0
type=GAUGE, name=thread-states.count, value=31
type=GAUGE, name=thread-states.daemon.count, value=23
type=GAUGE, name=thread-states.deadlock.count, value=0
type=GAUGE, name=thread-states.deadlocks, value=[]
type=GAUGE, name=thread-states.new.count, value=0
type=GAUGE, name=thread-states.runnable.count, value=7
type=GAUGE, name=thread-states.terminated.count, value=0
type=GAUGE, name=thread-states.timed_waiting.count, value=9
type=GAUGE, name=thread-states.waiting.count, value=14
type=COUNTER, name=org.apereo.cas.DefaultCentralAuthenticationService$$EnhancerBySpringCGLIB$$11e78af8.CREATE_PROXY_GRANTING_TICKET_COUNTER, count=0
type=COUNTER, name=org.apereo.cas.DefaultCentralAuthenticationService$$EnhancerBySpringCGLIB$$11e78af8.CREATE_TICKET_GRANTING_TICKET_COUNTER, count=0
type=COUNTER, name=org.apereo.cas.DefaultCentralAuthenticationService$$EnhancerBySpringCGLIB$$11e78af8.DELETE_TICKET_COUNTER, count=0
type=COUNTER, name=org.apereo.cas.DefaultCentralAuthenticationService$$EnhancerBySpringCGLIB$$11e78af8.DESTROY_TICKET_GRANTING_TICKET_COUNTER, count=0
type=COUNTER, name=org.apereo.cas.DefaultCentralAuthenticationService$$EnhancerBySpringCGLIB$$11e78af8.GET_TICKETS_COUNTER, count=0
type=COUNTER, name=org.apereo.cas.DefaultCentralAuthenticationService$$EnhancerBySpringCGLIB$$11e78af8.GET_TICKET_COUNTER, count=0
type=COUNTER, name=org.apereo.cas.DefaultCentralAuthenticationService$$EnhancerBySpringCGLIB$$11e78af8.GRANT_PROXY_TICKET_COUNTER, count=0
type=COUNTER, name=org.apereo.cas.DefaultCentralAuthenticationService$$EnhancerBySpringCGLIB$$11e78af8.GRANT_SERVICE_TICKET_COUNTER, count=0
type=COUNTER, name=org.apereo.cas.DefaultCentralAuthenticationService$$EnhancerBySpringCGLIB$$11e78af8.VALIDATE_SERVICE_TICKET_COUNTER, count=0
type=COUNTER, name=org.apereo.cas.authentication.PolicyBasedAuthenticationManager.AUTHENTICATE_COUNT, count=0
type=METER, name=org.apereo.cas.DefaultCentralAuthenticationService$$EnhancerBySpringCGLIB$$11e78af8.CREATE_PROXY_GRANTING_TICKET_METER, count=0, mean_rate=0.0, m1=0.0, m5=0.0, m15=0.0, rate_unit=events/millisecond
type=METER, name=org.apereo.cas.DefaultCentralAuthenticationService$$EnhancerBySpringCGLIB$$11e78af8.CREATE_TICKET_GRANTING_TICKET_METER, count=0, mean_rate=0.0, m1=0.0, m5=0.0, m15=0.0, rate_unit=events/millisecond
type=METER, name=org.apereo.cas.DefaultCentralAuthenticationService$$EnhancerBySpringCGLIB$$11e78af8.DELETE_TICKET_METER, count=0, mean_rate=0.0, m1=0.0, m5=0.0, m15=0.0, rate_unit=events/millisecond
type=METER, name=org.apereo.cas.DefaultCentralAuthenticationService$$EnhancerBySpringCGLIB$$11e78af8.DESTROY_TICKET_GRANTING_TICKET_METER, count=0, mean_rate=0.0, m1=0.0, m5=0.0, m15=0.0, rate_unit=events/millisecond
type=METER, name=org.apereo.cas.DefaultCentralAuthenticationService$$EnhancerBySpringCGLIB$$11e78af8.GET_TICKETS_METER, count=0, mean_rate=0.0, m1=0.0, m5=0.0, m15=0.0, rate_unit=events/millisecond
type=METER, name=org.apereo.cas.DefaultCentralAuthenticationService$$EnhancerBySpringCGLIB$$11e78af8.GET_TICKET_METER, count=0, mean_rate=0.0, m1=0.0, m5=0.0, m15=0.0, rate_unit=events/millisecond
type=METER, name=org.apereo.cas.DefaultCentralAuthenticationService$$EnhancerBySpringCGLIB$$11e78af8.GRANT_PROXY_TICKET_METER, count=0, mean_rate=0.0, m1=0.0, m5=0.0, m15=0.0, rate_unit=events/millisecond
type=METER, name=org.apereo.cas.DefaultCentralAuthenticationService$$EnhancerBySpringCGLIB$$11e78af8.GRANT_SERVICE_TICKET_METER, count=0, mean_rate=0.0, m1=0.0, m5=0.0, m15=0.0, rate_unit=events/millisecond
type=METER, name=org.apereo.cas.DefaultCentralAuthenticationService$$EnhancerBySpringCGLIB$$11e78af8.VALIDATE_SERVICE_TICKET_METER, count=0, mean_rate=0.0, m1=0.0, m5=0.0, m15=0.0, rate_unit=events/millisecond
type=METER, name=org.apereo.cas.authentication.PolicyBasedAuthenticationManager.AUTHENTICATE_METER, count=0, mean_rate=0.0, m1=0.0, m5=0.0, m15=0.0, rate_unit=events/millisecond
type=TIMER, name=org.apereo.cas.DefaultCentralAuthenticationService$$EnhancerBySpringCGLIB$$11e78af8.CREATE_PROXY_GRANTING_TICKET_TIMER, count=0, min=0.0, max=0.0, mean=0.0, stddev=0.0, median=0.0, p75=0.0, p95=0.0, p98=0.0, p99=0.0, p999=0.0, mean_rate=0.0, m1=0.0, m5=0.0, m15=0.0, rate_unit=events/millisecond, duration_unit=milliseconds
type=TIMER, name=org.apereo.cas.DefaultCentralAuthenticationService$$EnhancerBySpringCGLIB$$11e78af8.CREATE_TICKET_GRANTING_TICKET_TIMER, count=0, min=0.0, max=0.0, mean=0.0, stddev=0.0, median=0.0, p75=0.0, p95=0.0, p98=0.0, p99=0.0, p999=0.0, mean_rate=0.0, m1=0.0, m5=0.0, m15=0.0, rate_unit=events/millisecond, duration_unit=milliseconds
type=TIMER, name=org.apereo.cas.DefaultCentralAuthenticationService$$EnhancerBySpringCGLIB$$11e78af8.DELETE_TICKET_TIMER, count=0, min=0.0, max=0.0, mean=0.0, stddev=0.0, median=0.0, p75=0.0, p95=0.0, p98=0.0, p99=0.0, p999=0.0, mean_rate=0.0, m1=0.0, m5=0.0, m15=0.0, rate_unit=events/millisecond, duration_unit=milliseconds
type=TIMER, name=org.apereo.cas.DefaultCentralAuthenticationService$$EnhancerBySpringCGLIB$$11e78af8.DESTROY_TICKET_GRANTING_TICKET_TIMER, count=0, min=0.0, max=0.0, mean=0.0, stddev=0.0, median=0.0, p75=0.0, p95=0.0, p98=0.0, p99=0.0, p999=0.0, mean_rate=0.0, m1=0.0, m5=0.0, m15=0.0, rate_unit=events/millisecond, duration_unit=milliseconds
type=TIMER, name=org.apereo.cas.DefaultCentralAuthenticationService$$EnhancerBySpringCGLIB$$11e78af8.GET_TICKETS_TIMER, count=0, min=0.0, max=0.0, mean=0.0, stddev=0.0, median=0.0, p75=0.0, p95=0.0, p98=0.0, p99=0.0, p999=0.0, mean_rate=0.0, m1=0.0, m5=0.0, m15=0.0, rate_unit=events/millisecond, duration_unit=milliseconds
type=TIMER, name=org.apereo.cas.DefaultCentralAuthenticationService$$EnhancerBySpringCGLIB$$11e78af8.GET_TICKET_TIMER, count=0, min=0.0, max=0.0, mean=0.0, stddev=0.0, median=0.0, p75=0.0, p95=0.0, p98=0.0, p99=0.0, p999=0.0, mean_rate=0.0, m1=0.0, m5=0.0, m15=0.0, rate_unit=events/millisecond, duration_unit=milliseconds
type=TIMER, name=org.apereo.cas.DefaultCentralAuthenticationService$$EnhancerBySpringCGLIB$$11e78af8.GRANT_PROXY_TICKET_TIMER, count=0, min=0.0, max=0.0, mean=0.0, stddev=0.0, median=0.0, p75=0.0, p95=0.0, p98=0.0, p99=0.0, p999=0.0, mean_rate=0.0, m1=0.0, m5=0.0, m15=0.0, rate_unit=events/millisecond, duration_unit=milliseconds
type=TIMER, name=org.apereo.cas.DefaultCentralAuthenticationService$$EnhancerBySpringCGLIB$$11e78af8.GRANT_SERVICE_TICKET_TIMER, count=0, min=0.0, max=0.0, mean=0.0, stddev=0.0, median=0.0, p75=0.0, p95=0.0, p98=0.0, p99=0.0, p999=0.0, mean_rate=0.0, m1=0.0, m5=0.0, m15=0.0, rate_unit=events/millisecond, duration_unit=milliseconds
type=TIMER, name=org.apereo.cas.DefaultCentralAuthenticationService$$EnhancerBySpringCGLIB$$11e78af8.VALIDATE_SERVICE_TICKET_TIMER, count=0, min=0.0, max=0.0, mean=0.0, stddev=0.0, median=0.0, p75=0.0, p95=0.0, p98=0.0, p99=0.0, p999=0.0, mean_rate=0.0, m1=0.0, m5=0.0, m15=0.0, rate_unit=events/millisecond, duration_unit=milliseconds
type=TIMER, name=org.apereo.cas.authentication.PolicyBasedAuthenticationManager.AUTHENTICATE_TIMER, count=0, min=0.0, max=0.0, mean=0.0, stddev=0.0, median=0.0, p75=0.0, p95=0.0, p98=0.0, p99=0.0, p999=0.0, mean_rate=0.0, m1=0.0, m5=0.0, m15=0.0, rate_unit=events/millisecond, duration_unit=milliseconds
type=GAUGE, name=jvm.fd.usage, value=0.004296875
type=GAUGE, name=jvm.gc.PS-MarkSweep.count, value=3
type=GAUGE, name=jvm.gc.PS-MarkSweep.time, value=366
type=GAUGE, name=jvm.gc.PS-Scavenge.count, value=22
type=GAUGE, name=jvm.gc.PS-Scavenge.time, value=395
type=GAUGE, name=jvm.memory.heap.committed, value=1624768512
type=GAUGE, name=jvm.memory.heap.init, value=268435456
type=GAUGE, name=jvm.memory.heap.max, value=3817865216
type=GAUGE, name=jvm.memory.heap.usage, value=0.10442382678393641
type=GAUGE, name=jvm.memory.heap.used, value=398676096
type=GAUGE, name=jvm.memory.non-heap.committed, value=111788032
type=GAUGE, name=jvm.memory.non-heap.init, value=2555904
type=GAUGE, name=jvm.memory.non-heap.max, value=-1
type=GAUGE, name=jvm.memory.non-heap.usage, value=-1.09471184E8
type=GAUGE, name=jvm.memory.non-heap.used, value=109471184
type=GAUGE, name=jvm.memory.pools.Code-Cache.committed, value=29818880
type=GAUGE, name=jvm.memory.pools.Code-Cache.init, value=2555904
type=GAUGE, name=jvm.memory.pools.Code-Cache.max, value=251658240
type=GAUGE, name=jvm.memory.pools.Code-Cache.usage, value=0.11637166341145834
type=GAUGE, name=jvm.memory.pools.Code-Cache.used, value=29285888
type=GAUGE, name=jvm.memory.pools.Compressed-Class-Space.committed, value=9134080
type=GAUGE, name=jvm.memory.pools.Compressed-Class-Space.init, value=0
type=GAUGE, name=jvm.memory.pools.Compressed-Class-Space.max, value=1073741824
type=GAUGE, name=jvm.memory.pools.Compressed-Class-Space.usage, value=0.008196845650672913
type=GAUGE, name=jvm.memory.pools.Compressed-Class-Space.used, value=8801296
type=GAUGE, name=jvm.memory.pools.Metaspace.committed, value=72835072
type=GAUGE, name=jvm.memory.pools.Metaspace.init, value=0
type=GAUGE, name=jvm.memory.pools.Metaspace.max, value=-1
type=GAUGE, name=jvm.memory.pools.Metaspace.usage, value=0.9800812443763356
type=GAUGE, name=jvm.memory.pools.Metaspace.used, value=71384288
type=GAUGE, name=jvm.memory.pools.PS-Eden-Space.committed, value=1329594368
type=GAUGE, name=jvm.memory.pools.PS-Eden-Space.init, value=67108864
type=GAUGE, name=jvm.memory.pools.PS-Eden-Space.max, value=1339031552
type=GAUGE, name=jvm.memory.pools.PS-Eden-Space.usage, value=0.21797765673560468
type=GAUGE, name=jvm.memory.pools.PS-Eden-Space.used, value=291878960
type=GAUGE, name=jvm.memory.pools.PS-Eden-Space.used-after-gc, value=0
type=GAUGE, name=jvm.memory.pools.PS-Old-Gen.committed, value=253755392
type=GAUGE, name=jvm.memory.pools.PS-Old-Gen.init, value=179306496
type=GAUGE, name=jvm.memory.pools.PS-Old-Gen.max, value=2863661056
type=GAUGE, name=jvm.memory.pools.PS-Old-Gen.usage, value=0.02283926998377283
type=GAUGE, name=jvm.memory.pools.PS-Old-Gen.used, value=65403928
type=GAUGE, name=jvm.memory.pools.PS-Old-Gen.used-after-gc, value=59589688
type=GAUGE, name=jvm.memory.pools.PS-Survivor-Space.committed, value=41418752
type=GAUGE, name=jvm.memory.pools.PS-Survivor-Space.init, value=11010048
type=GAUGE, name=jvm.memory.pools.PS-Survivor-Space.max, value=41418752
type=GAUGE, name=jvm.memory.pools.PS-Survivor-Space.usage, value=0.9993832745129549
type=GAUGE, name=jvm.memory.pools.PS-Survivor-Space.used, value=41393208
type=GAUGE, name=jvm.memory.pools.PS-Survivor-Space.used-after-gc, value=41393208
type=GAUGE, name=jvm.memory.total.committed, value=1736556544
type=GAUGE, name=jvm.memory.total.init, value=270991360
type=GAUGE, name=jvm.memory.total.max, value=3817865215
type=GAUGE, name=jvm.memory.total.used, value=508160736
type=GAUGE, name=thread-states.blocked.count, value=0
type=GAUGE, name=thread-states.count, value=36
type=GAUGE, name=thread-states.daemon.count, value=23
type=GAUGE, name=thread-states.deadlock.count, value=0
type=GAUGE, name=thread-states.deadlocks, value=[]
type=GAUGE, name=thread-states.new.count, value=0
type=GAUGE, name=thread-states.runnable.count, value=8
type=GAUGE, name=thread-states.terminated.count, value=0
type=GAUGE, name=thread-states.timed_waiting.count, value=12
type=GAUGE, name=thread-states.waiting.count, value=16
type=COUNTER, name=org.apereo.cas.DefaultCentralAuthenticationService$$EnhancerBySpringCGLIB$$11e78af8.CREATE_PROXY_GRANTING_TICKET_COUNTER, count=0
type=COUNTER, name=org.apereo.cas.DefaultCentralAuthenticationService$$EnhancerBySpringCGLIB$$11e78af8.CREATE_TICKET_GRANTING_TICKET_COUNTER, count=0
type=COUNTER, name=org.apereo.cas.DefaultCentralAuthenticationService$$EnhancerBySpringCGLIB$$11e78af8.DELETE_TICKET_COUNTER, count=0
type=COUNTER, name=org.apereo.cas.DefaultCentralAuthenticationService$$EnhancerBySpringCGLIB$$11e78af8.DESTROY_TICKET_GRANTING_TICKET_COUNTER, count=0
type=COUNTER, name=org.apereo.cas.DefaultCentralAuthenticationService$$EnhancerBySpringCGLIB$$11e78af8.GET_TICKETS_COUNTER, count=0
type=COUNTER, name=org.apereo.cas.DefaultCentralAuthenticationService$$EnhancerBySpringCGLIB$$11e78af8.GET_TICKET_COUNTER, count=0
type=COUNTER, name=org.apereo.cas.DefaultCentralAuthenticationService$$EnhancerBySpringCGLIB$$11e78af8.GRANT_PROXY_TICKET_COUNTER, count=0
type=COUNTER, name=org.apereo.cas.DefaultCentralAuthenticationService$$EnhancerBySpringCGLIB$$11e78af8.GRANT_SERVICE_TICKET_COUNTER, count=0
type=COUNTER, name=org.apereo.cas.DefaultCentralAuthenticationService$$EnhancerBySpringCGLIB$$11e78af8.VALIDATE_SERVICE_TICKET_COUNTER, count=0
type=COUNTER, name=org.apereo.cas.authentication.PolicyBasedAuthenticationManager.AUTHENTICATE_COUNT, count=0
type=METER, name=org.apereo.cas.DefaultCentralAuthenticationService$$EnhancerBySpringCGLIB$$11e78af8.CREATE_PROXY_GRANTING_TICKET_METER, count=0, mean_rate=0.0, m1=0.0, m5=0.0, m15=0.0, rate_unit=events/millisecond
type=METER, name=org.apereo.cas.DefaultCentralAuthenticationService$$EnhancerBySpringCGLIB$$11e78af8.CREATE_TICKET_GRANTING_TICKET_METER, count=0, mean_rate=0.0, m1=0.0, m5=0.0, m15=0.0, rate_unit=events/millisecond
type=METER, name=org.apereo.cas.DefaultCentralAuthenticationService$$EnhancerBySpringCGLIB$$11e78af8.DELETE_TICKET_METER, count=0, mean_rate=0.0, m1=0.0, m5=0.0, m15=0.0, rate_unit=events/millisecond
type=METER, name=org.apereo.cas.DefaultCentralAuthenticationService$$EnhancerBySpringCGLIB$$11e78af8.DESTROY_TICKET_GRANTING_TICKET_METER, count=0, mean_rate=0.0, m1=0.0, m5=0.0, m15=0.0, rate_unit=events/millisecond
type=METER, name=org.apereo.cas.DefaultCentralAuthenticationService$$EnhancerBySpringCGLIB$$11e78af8.GET_TICKETS_METER, count=0, mean_rate=0.0, m1=0.0, m5=0.0, m15=0.0, rate_unit=events/millisecond
type=METER, name=org.apereo.cas.DefaultCentralAuthenticationService$$EnhancerBySpringCGLIB$$11e78af8.GET_TICKET_METER, count=0, mean_rate=0.0, m1=0.0, m5=0.0, m15=0.0, rate_unit=events/millisecond
type=METER, name=org.apereo.cas.DefaultCentralAuthenticationService$$EnhancerBySpringCGLIB$$11e78af8.GRANT_PROXY_TICKET_METER, count=0, mean_rate=0.0, m1=0.0, m5=0.0, m15=0.0, rate_unit=events/millisecond
type=METER, name=org.apereo.cas.DefaultCentralAuthenticationService$$EnhancerBySpringCGLIB$$11e78af8.GRANT_SERVICE_TICKET_METER, count=0, mean_rate=0.0, m1=0.0, m5=0.0, m15=0.0, rate_unit=events/millisecond
type=METER, name=org.apereo.cas.DefaultCentralAuthenticationService$$EnhancerBySpringCGLIB$$11e78af8.VALIDATE_SERVICE_TICKET_METER, count=0, mean_rate=0.0, m1=0.0, m5=0.0, m15=0.0, rate_unit=events/millisecond
type=METER, name=org.apereo.cas.authentication.PolicyBasedAuthenticationManager.AUTHENTICATE_METER, count=0, mean_rate=0.0, m1=0.0, m5=0.0, m15=0.0, rate_unit=events/millisecond
type=TIMER, name=org.apereo.cas.DefaultCentralAuthenticationService$$EnhancerBySpringCGLIB$$11e78af8.CREATE_PROXY_GRANTING_TICKET_TIMER, count=0, min=0.0, max=0.0, mean=0.0, stddev=0.0, median=0.0, p75=0.0, p95=0.0, p98=0.0, p99=0.0, p999=0.0, mean_rate=0.0, m1=0.0, m5=0.0, m15=0.0, rate_unit=events/millisecond, duration_unit=milliseconds
type=TIMER, name=org.apereo.cas.DefaultCentralAuthenticationService$$EnhancerBySpringCGLIB$$11e78af8.CREATE_TICKET_GRANTING_TICKET_TIMER, count=0, min=0.0, max=0.0, mean=0.0, stddev=0.0, median=0.0, p75=0.0, p95=0.0, p98=0.0, p99=0.0, p999=0.0, mean_rate=0.0, m1=0.0, m5=0.0, m15=0.0, rate_unit=events/millisecond, duration_unit=milliseconds
type=TIMER, name=org.apereo.cas.DefaultCentralAuthenticationService$$EnhancerBySpringCGLIB$$11e78af8.DELETE_TICKET_TIMER, count=0, min=0.0, max=0.0, mean=0.0, stddev=0.0, median=0.0, p75=0.0, p95=0.0, p98=0.0, p99=0.0, p999=0.0, mean_rate=0.0, m1=0.0, m5=0.0, m15=0.0, rate_unit=events/millisecond, duration_unit=milliseconds
type=TIMER, name=org.apereo.cas.DefaultCentralAuthenticationService$$EnhancerBySpringCGLIB$$11e78af8.DESTROY_TICKET_GRANTING_TICKET_TIMER, count=0, min=0.0, max=0.0, mean=0.0, stddev=0.0, median=0.0, p75=0.0, p95=0.0, p98=0.0, p99=0.0, p999=0.0, mean_rate=0.0, m1=0.0, m5=0.0, m15=0.0, rate_unit=events/millisecond, duration_unit=milliseconds
type=TIMER, name=org.apereo.cas.DefaultCentralAuthenticationService$$EnhancerBySpringCGLIB$$11e78af8.GET_TICKETS_TIMER, count=0, min=0.0, max=0.0, mean=0.0, stddev=0.0, median=0.0, p75=0.0, p95=0.0, p98=0.0, p99=0.0, p999=0.0, mean_rate=0.0, m1=0.0, m5=0.0, m15=0.0, rate_unit=events/millisecond, duration_unit=milliseconds
type=TIMER, name=org.apereo.cas.DefaultCentralAuthenticationService$$EnhancerBySpringCGLIB$$11e78af8.GET_TICKET_TIMER, count=0, min=0.0, max=0.0, mean=0.0, stddev=0.0, median=0.0, p75=0.0, p95=0.0, p98=0.0, p99=0.0, p999=0.0, mean_rate=0.0, m1=0.0, m5=0.0, m15=0.0, rate_unit=events/millisecond, duration_unit=milliseconds
type=TIMER, name=org.apereo.cas.DefaultCentralAuthenticationService$$EnhancerBySpringCGLIB$$11e78af8.GRANT_PROXY_TICKET_TIMER, count=0, min=0.0, max=0.0, mean=0.0, stddev=0.0, median=0.0, p75=0.0, p95=0.0, p98=0.0, p99=0.0, p999=0.0, mean_rate=0.0, m1=0.0, m5=0.0, m15=0.0, rate_unit=events/millisecond, duration_unit=milliseconds
type=TIMER, name=org.apereo.cas.DefaultCentralAuthenticationService$$EnhancerBySpringCGLIB$$11e78af8.GRANT_SERVICE_TICKET_TIMER, count=0, min=0.0, max=0.0, mean=0.0, stddev=0.0, median=0.0, p75=0.0, p95=0.0, p98=0.0, p99=0.0, p999=0.0, mean_rate=0.0, m1=0.0, m5=0.0, m15=0.0, rate_unit=events/millisecond, duration_unit=milliseconds
type=TIMER, name=org.apereo.cas.DefaultCentralAuthenticationService$$EnhancerBySpringCGLIB$$11e78af8.VALIDATE_SERVICE_TICKET_TIMER, count=0, min=0.0, max=0.0, mean=0.0, stddev=0.0, median=0.0, p75=0.0, p95=0.0, p98=0.0, p99=0.0, p999=0.0, mean_rate=0.0, m1=0.0, m5=0.0, m15=0.0, rate_unit=events/millisecond, duration_unit=milliseconds
type=TIMER, name=org.apereo.cas.authentication.PolicyBasedAuthenticationManager.AUTHENTICATE_TIMER, count=0, min=0.0, max=0.0, mean=0.0, stddev=0.0, median=0.0, p75=0.0, p95=0.0, p98=0.0, p99=0.0, p999=0.0, mean_rate=0.0, m1=0.0, m5=0.0, m15=0.0, rate_unit=events/millisecond, duration_unit=milliseconds
type=GAUGE, name=jvm.fd.usage, value=0.004296875
type=GAUGE, name=jvm.gc.PS-MarkSweep.count, value=3
type=GAUGE, name=jvm.gc.PS-MarkSweep.time, value=366
type=GAUGE, name=jvm.gc.PS-Scavenge.count, value=22
type=GAUGE, name=jvm.gc.PS-Scavenge.time, value=395
type=GAUGE, name=jvm.memory.heap.committed, value=1624768512
type=GAUGE, name=jvm.memory.heap.init, value=268435456
type=GAUGE, name=jvm.memory.heap.max, value=3817865216
type=GAUGE, name=jvm.memory.heap.usage, value=0.10442382678393641
type=GAUGE, name=jvm.memory.heap.used, value=398676096
type=GAUGE, name=jvm.memory.non-heap.committed, value=111788032
type=GAUGE, name=jvm.memory.non-heap.init, value=2555904
type=GAUGE, name=jvm.memory.non-heap.max, value=-1
type=GAUGE, name=jvm.memory.non-heap.usage, value=-1.09638504E8
type=GAUGE, name=jvm.memory.non-heap.used, value=109638504
type=GAUGE, name=jvm.memory.pools.Code-Cache.committed, value=29818880
type=GAUGE, name=jvm.memory.pools.Code-Cache.init, value=2555904
type=GAUGE, name=jvm.memory.pools.Code-Cache.max, value=251658240
type=GAUGE, name=jvm.memory.pools.Code-Cache.usage, value=0.1169036865234375
type=GAUGE, name=jvm.memory.pools.Code-Cache.used, value=29419776
type=GAUGE, name=jvm.memory.pools.Compressed-Class-Space.committed, value=9134080
type=GAUGE, name=jvm.memory.pools.Compressed-Class-Space.init, value=0
type=GAUGE, name=jvm.memory.pools.Compressed-Class-Space.max, value=1073741824
type=GAUGE, name=jvm.memory.pools.Compressed-Class-Space.usage, value=0.008197374641895294
type=GAUGE, name=jvm.memory.pools.Compressed-Class-Space.used, value=8801864
type=GAUGE, name=jvm.memory.pools.Metaspace.committed, value=72835072
type=GAUGE, name=jvm.memory.pools.Metaspace.init, value=0
type=GAUGE, name=jvm.memory.pools.Metaspace.max, value=-1
type=GAUGE, name=jvm.memory.pools.Metaspace.usage, value=0.9805392654791362
type=GAUGE, name=jvm.memory.pools.Metaspace.used, value=71417648
type=GAUGE, name=jvm.memory.pools.PS-Eden-Space.committed, value=1329594368
type=GAUGE, name=jvm.memory.pools.PS-Eden-Space.init, value=67108864
type=GAUGE, name=jvm.memory.pools.PS-Eden-Space.max, value=1339031552
type=GAUGE, name=jvm.memory.pools.PS-Eden-Space.usage, value=0.21797765673560468
type=GAUGE, name=jvm.memory.pools.PS-Eden-Space.used, value=291878960
type=GAUGE, name=jvm.memory.pools.PS-Eden-Space.used-after-gc, value=0
type=GAUGE, name=jvm.memory.pools.PS-Old-Gen.committed, value=253755392
type=GAUGE, name=jvm.memory.pools.PS-Old-Gen.init, value=179306496
type=GAUGE, name=jvm.memory.pools.PS-Old-Gen.max, value=2863661056
type=GAUGE, name=jvm.memory.pools.PS-Old-Gen.usage, value=0.02283926998377283
type=GAUGE, name=jvm.memory.pools.PS-Old-Gen.used, value=65403928
type=GAUGE, name=jvm.memory.pools.PS-Old-Gen.used-after-gc, value=59589688
type=GAUGE, name=jvm.memory.pools.PS-Survivor-Space.committed, value=41418752
type=GAUGE, name=jvm.memory.pools.PS-Survivor-Space.init, value=11010048
type=GAUGE, name=jvm.memory.pools.PS-Survivor-Space.max, value=41418752
type=GAUGE, name=jvm.memory.pools.PS-Survivor-Space.usage, value=0.9993832745129549
type=GAUGE, name=jvm.memory.pools.PS-Survivor-Space.used, value=41393208
type=GAUGE, name=jvm.memory.pools.PS-Survivor-Space.used-after-gc, value=41393208
type=GAUGE, name=jvm.memory.total.committed, value=1736556544
type=GAUGE, name=jvm.memory.total.init, value=270991360
type=GAUGE, name=jvm.memory.total.max, value=3817865215
type=GAUGE, name=jvm.memory.total.used, value=508333040
type=GAUGE, name=thread-states.blocked.count, value=0
type=GAUGE, name=thread-states.count, value=36
type=GAUGE, name=thread-states.daemon.count, value=23
type=GAUGE, name=thread-states.deadlock.count, value=0
type=GAUGE, name=thread-states.deadlocks, value=[]
type=GAUGE, name=thread-states.new.count, value=0
type=GAUGE, name=thread-states.runnable.count, value=8
type=GAUGE, name=thread-states.terminated.count, value=0
type=GAUGE, name=thread-states.timed_waiting.count, value=13
type=GAUGE, name=thread-states.waiting.count, value=16
type=COUNTER, name=org.apereo.cas.DefaultCentralAuthenticationService$$EnhancerBySpringCGLIB$$11e78af8.CREATE_PROXY_GRANTING_TICKET_COUNTER, count=0
type=COUNTER, name=org.apereo.cas.DefaultCentralAuthenticationService$$EnhancerBySpringCGLIB$$11e78af8.CREATE_TICKET_GRANTING_TICKET_COUNTER, count=0
type=COUNTER, name=org.apereo.cas.DefaultCentralAuthenticationService$$EnhancerBySpringCGLIB$$11e78af8.DELETE_TICKET_COUNTER, count=0
type=COUNTER, name=org.apereo.cas.DefaultCentralAuthenticationService$$EnhancerBySpringCGLIB$$11e78af8.DESTROY_TICKET_GRANTING_TICKET_COUNTER, count=0
type=COUNTER, name=org.apereo.cas.DefaultCentralAuthenticationService$$EnhancerBySpringCGLIB$$11e78af8.GET_TICKETS_COUNTER, count=0
type=COUNTER, name=org.apereo.cas.DefaultCentralAuthenticationService$$EnhancerBySpringCGLIB$$11e78af8.GET_TICKET_COUNTER, count=0
type=COUNTER, name=org.apereo.cas.DefaultCentralAuthenticationService$$EnhancerBySpringCGLIB$$11e78af8.GRANT_PROXY_TICKET_COUNTER, count=0
type=COUNTER, name=org.apereo.cas.DefaultCentralAuthenticationService$$EnhancerBySpringCGLIB$$11e78af8.GRANT_SERVICE_TICKET_COUNTER, count=0
type=COUNTER, name=org.apereo.cas.DefaultCentralAuthenticationService$$EnhancerBySpringCGLIB$$11e78af8.VALIDATE_SERVICE_TICKET_COUNTER, count=0
type=COUNTER, name=org.apereo.cas.authentication.PolicyBasedAuthenticationManager.AUTHENTICATE_COUNT, count=0
type=METER, name=org.apereo.cas.DefaultCentralAuthenticationService$$EnhancerBySpringCGLIB$$11e78af8.CREATE_PROXY_GRANTING_TICKET_METER, count=0, mean_rate=0.0, m1=0.0, m5=0.0, m15=0.0, rate_unit=events/millisecond
type=METER, name=org.apereo.cas.DefaultCentralAuthenticationService$$EnhancerBySpringCGLIB$$11e78af8.CREATE_TICKET_GRANTING_TICKET_METER, count=0, mean_rate=0.0, m1=0.0, m5=0.0, m15=0.0, rate_unit=events/millisecond
type=METER, name=org.apereo.cas.DefaultCentralAuthenticationService$$EnhancerBySpringCGLIB$$11e78af8.DELETE_TICKET_METER, count=0, mean_rate=0.0, m1=0.0, m5=0.0, m15=0.0, rate_unit=events/millisecond
type=METER, name=org.apereo.cas.DefaultCentralAuthenticationService$$EnhancerBySpringCGLIB$$11e78af8.DESTROY_TICKET_GRANTING_TICKET_METER, count=0, mean_rate=0.0, m1=0.0, m5=0.0, m15=0.0, rate_unit=events/millisecond
type=METER, name=org.apereo.cas.DefaultCentralAuthenticationService$$EnhancerBySpringCGLIB$$11e78af8.GET_TICKETS_METER, count=0, mean_rate=0.0, m1=0.0, m5=0.0, m15=0.0, rate_unit=events/millisecond
type=METER, name=org.apereo.cas.DefaultCentralAuthenticationService$$EnhancerBySpringCGLIB$$11e78af8.GET_TICKET_METER, count=0, mean_rate=0.0, m1=0.0, m5=0.0, m15=0.0, rate_unit=events/millisecond
type=METER, name=org.apereo.cas.DefaultCentralAuthenticationService$$EnhancerBySpringCGLIB$$11e78af8.GRANT_PROXY_TICKET_METER, count=0, mean_rate=0.0, m1=0.0, m5=0.0, m15=0.0, rate_unit=events/millisecond
type=METER, name=org.apereo.cas.DefaultCentralAuthenticationService$$EnhancerBySpringCGLIB$$11e78af8.GRANT_SERVICE_TICKET_METER, count=0, mean_rate=0.0, m1=0.0, m5=0.0, m15=0.0, rate_unit=events/millisecond
type=METER, name=org.apereo.cas.DefaultCentralAuthenticationService$$EnhancerBySpringCGLIB$$11e78af8.VALIDATE_SERVICE_TICKET_METER, count=0, mean_rate=0.0, m1=0.0, m5=0.0, m15=0.0, rate_unit=events/millisecond
type=METER, name=org.apereo.cas.authentication.PolicyBasedAuthenticationManager.AUTHENTICATE_METER, count=0, mean_rate=0.0, m1=0.0, m5=0.0, m15=0.0, rate_unit=events/millisecond
type=TIMER, name=org.apereo.cas.DefaultCentralAuthenticationService$$EnhancerBySpringCGLIB$$11e78af8.CREATE_PROXY_GRANTING_TICKET_TIMER, count=0, min=0.0, max=0.0, mean=0.0, stddev=0.0, median=0.0, p75=0.0, p95=0.0, p98=0.0, p99=0.0, p999=0.0, mean_rate=0.0, m1=0.0, m5=0.0, m15=0.0, rate_unit=events/millisecond, duration_unit=milliseconds
type=TIMER, name=org.apereo.cas.DefaultCentralAuthenticationService$$EnhancerBySpringCGLIB$$11e78af8.CREATE_TICKET_GRANTING_TICKET_TIMER, count=0, min=0.0, max=0.0, mean=0.0, stddev=0.0, median=0.0, p75=0.0, p95=0.0, p98=0.0, p99=0.0, p999=0.0, mean_rate=0.0, m1=0.0, m5=0.0, m15=0.0, rate_unit=events/millisecond, duration_unit=milliseconds
type=TIMER, name=org.apereo.cas.DefaultCentralAuthenticationService$$EnhancerBySpringCGLIB$$11e78af8.DELETE_TICKET_TIMER, count=0, min=0.0, max=0.0, mean=0.0, stddev=0.0, median=0.0, p75=0.0, p95=0.0, p98=0.0, p99=0.0, p999=0.0, mean_rate=0.0, m1=0.0, m5=0.0, m15=0.0, rate_unit=events/millisecond, duration_unit=milliseconds
type=TIMER, name=org.apereo.cas.DefaultCentralAuthenticationService$$EnhancerBySpringCGLIB$$11e78af8.DESTROY_TICKET_GRANTING_TICKET_TIMER, count=0, min=0.0, max=0.0, mean=0.0, stddev=0.0, median=0.0, p75=0.0, p95=0.0, p98=0.0, p99=0.0, p999=0.0, mean_rate=0.0, m1=0.0, m5=0.0, m15=0.0, rate_unit=events/millisecond, duration_unit=milliseconds
type=TIMER, name=org.apereo.cas.DefaultCentralAuthenticationService$$EnhancerBySpringCGLIB$$11e78af8.GET_TICKETS_TIMER, count=0, min=0.0, max=0.0, mean=0.0, stddev=0.0, median=0.0, p75=0.0, p95=0.0, p98=0.0, p99=0.0, p999=0.0, mean_rate=0.0, m1=0.0, m5=0.0, m15=0.0, rate_unit=events/millisecond, duration_unit=milliseconds
type=TIMER, name=org.apereo.cas.DefaultCentralAuthenticationService$$EnhancerBySpringCGLIB$$11e78af8.GET_TICKET_TIMER, count=0, min=0.0, max=0.0, mean=0.0, stddev=0.0, median=0.0, p75=0.0, p95=0.0, p98=0.0, p99=0.0, p999=0.0, mean_rate=0.0, m1=0.0, m5=0.0, m15=0.0, rate_unit=events/millisecond, duration_unit=milliseconds
type=TIMER, name=org.apereo.cas.DefaultCentralAuthenticationService$$EnhancerBySpringCGLIB$$11e78af8.GRANT_PROXY_TICKET_TIMER, count=0, min=0.0, max=0.0, mean=0.0, stddev=0.0, median=0.0, p75=0.0, p95=0.0, p98=0.0, p99=0.0, p999=0.0, mean_rate=0.0, m1=0.0, m5=0.0, m15=0.0, rate_unit=events/millisecond, duration_unit=milliseconds
type=TIMER, name=org.apereo.cas.DefaultCentralAuthenticationService$$EnhancerBySpringCGLIB$$11e78af8.GRANT_SERVICE_TICKET_TIMER, count=0, min=0.0, max=0.0, mean=0.0, stddev=0.0, median=0.0, p75=0.0, p95=0.0, p98=0.0, p99=0.0, p999=0.0, mean_rate=0.0, m1=0.0, m5=0.0, m15=0.0, rate_unit=events/millisecond, duration_unit=milliseconds
type=TIMER, name=org.apereo.cas.DefaultCentralAuthenticationService$$EnhancerBySpringCGLIB$$11e78af8.VALIDATE_SERVICE_TICKET_TIMER, count=0, min=0.0, max=0.0, mean=0.0, stddev=0.0, median=0.0, p75=0.0, p95=0.0, p98=0.0, p99=0.0, p999=0.0, mean_rate=0.0, m1=0.0, m5=0.0, m15=0.0, rate_unit=events/millisecond, duration_unit=milliseconds
type=TIMER, name=org.apereo.cas.authentication.PolicyBasedAuthenticationManager.AUTHENTICATE_TIMER, count=0, min=0.0, max=0.0, mean=0.0, stddev=0.0, median=0.0, p75=0.0, p95=0.0, p98=0.0, p99=0.0, p999=0.0, mean_rate=0.0, m1=0.0, m5=0.0, m15=0.0, rate_unit=events/millisecond, duration_unit=milliseconds
type=GAUGE, name=jvm.fd.usage, value=0.004296875
type=GAUGE, name=jvm.gc.PS-MarkSweep.count, value=3
type=GAUGE, name=jvm.gc.PS-MarkSweep.time, value=366
type=GAUGE, name=jvm.gc.PS-Scavenge.count, value=22
type=GAUGE, name=jvm.gc.PS-Scavenge.time, value=395
type=GAUGE, name=jvm.memory.heap.committed, value=1624768512
type=GAUGE, name=jvm.memory.heap.init, value=268435456
type=GAUGE, name=jvm.memory.heap.max, value=3817865216
type=GAUGE, name=jvm.memory.heap.usage, value=0.10442382678393641
type=GAUGE, name=jvm.memory.heap.used, value=398676096
type=GAUGE, name=jvm.memory.non-heap.committed, value=112050176
type=GAUGE, name=jvm.memory.non-heap.init, value=2555904
type=GAUGE, name=jvm.memory.non-heap.max, value=-1
type=GAUGE, name=jvm.memory.non-heap.usage, value=-1.09568688E8
type=GAUGE, name=jvm.memory.non-heap.used, value=109568688
type=GAUGE, name=jvm.memory.pools.Code-Cache.committed, value=29818880
type=GAUGE, name=jvm.memory.pools.Code-Cache.init, value=2555904
type=GAUGE, name=jvm.memory.pools.Code-Cache.max, value=251658240
type=GAUGE, name=jvm.memory.pools.Code-Cache.usage, value=0.11647974650065104
type=GAUGE, name=jvm.memory.pools.Code-Cache.used, value=29313088
type=GAUGE, name=jvm.memory.pools.Compressed-Class-Space.committed, value=9134080
type=GAUGE, name=jvm.memory.pools.Compressed-Class-Space.init, value=0
type=GAUGE, name=jvm.memory.pools.Compressed-Class-Space.max, value=1073741824
type=GAUGE, name=jvm.memory.pools.Compressed-Class-Space.usage, value=0.008197374641895294
type=GAUGE, name=jvm.memory.pools.Compressed-Class-Space.used, value=8801864
type=GAUGE, name=jvm.memory.pools.Metaspace.committed, value=73097216
type=GAUGE, name=jvm.memory.pools.Metaspace.init, value=0
type=GAUGE, name=jvm.memory.pools.Metaspace.max, value=-1
type=GAUGE, name=jvm.memory.pools.Metaspace.usage, value=0.9775296503768351
type=GAUGE, name=jvm.memory.pools.Metaspace.used, value=71454696
type=GAUGE, name=jvm.memory.pools.PS-Eden-Space.committed, value=1329594368
type=GAUGE, name=jvm.memory.pools.PS-Eden-Space.init, value=67108864
type=GAUGE, name=jvm.memory.pools.PS-Eden-Space.max, value=1339031552
type=GAUGE, name=jvm.memory.pools.PS-Eden-Space.usage, value=0.21797765673560468
type=GAUGE, name=jvm.memory.pools.PS-Eden-Space.used, value=291878960
type=GAUGE, name=jvm.memory.pools.PS-Eden-Space.used-after-gc, value=0
type=GAUGE, name=jvm.memory.pools.PS-Old-Gen.committed, value=253755392
type=GAUGE, name=jvm.memory.pools.PS-Old-Gen.init, value=179306496
type=GAUGE, name=jvm.memory.pools.PS-Old-Gen.max, value=2863661056
type=GAUGE, name=jvm.memory.pools.PS-Old-Gen.usage, value=0.02283926998377283
type=GAUGE, name=jvm.memory.pools.PS-Old-Gen.used, value=65403928
type=GAUGE, name=jvm.memory.pools.PS-Old-Gen.used-after-gc, value=59589688
type=GAUGE, name=jvm.memory.pools.PS-Survivor-Space.committed, value=41418752
type=GAUGE, name=jvm.memory.pools.PS-Survivor-Space.init, value=11010048
type=GAUGE, name=jvm.memory.pools.PS-Survivor-Space.max, value=41418752
type=GAUGE, name=jvm.memory.pools.PS-Survivor-Space.usage, value=0.9993832745129549
type=GAUGE, name=jvm.memory.pools.PS-Survivor-Space.used, value=41393208
type=GAUGE, name=jvm.memory.pools.PS-Survivor-Space.used-after-gc, value=41393208
type=GAUGE, name=jvm.memory.total.committed, value=1736818688
type=GAUGE, name=jvm.memory.total.init, value=270991360
type=GAUGE, name=jvm.memory.total.max, value=3817865215
type=GAUGE, name=jvm.memory.total.used, value=508191728
type=GAUGE, name=thread-states.blocked.count, value=0
type=GAUGE, name=thread-states.count, value=36
type=GAUGE, name=thread-states.daemon.count, value=23
type=GAUGE, name=thread-states.deadlock.count, value=0
type=GAUGE, name=thread-states.deadlocks, value=[]
type=GAUGE, name=thread-states.new.count, value=0
type=GAUGE, name=thread-states.runnable.count, value=8
type=GAUGE, name=thread-states.terminated.count, value=0
type=GAUGE, name=thread-states.timed_waiting.count, value=13
type=GAUGE, name=thread-states.waiting.count, value=16
type=COUNTER, name=org.apereo.cas.DefaultCentralAuthenticationService$$EnhancerBySpringCGLIB$$11e78af8.CREATE_PROXY_GRANTING_TICKET_COUNTER, count=0
type=COUNTER, name=org.apereo.cas.DefaultCentralAuthenticationService$$EnhancerBySpringCGLIB$$11e78af8.CREATE_TICKET_GRANTING_TICKET_COUNTER, count=0
type=COUNTER, name=org.apereo.cas.DefaultCentralAuthenticationService$$EnhancerBySpringCGLIB$$11e78af8.DELETE_TICKET_COUNTER, count=0
type=COUNTER, name=org.apereo.cas.DefaultCentralAuthenticationService$$EnhancerBySpringCGLIB$$11e78af8.DESTROY_TICKET_GRANTING_TICKET_COUNTER, count=0
type=COUNTER, name=org.apereo.cas.DefaultCentralAuthenticationService$$EnhancerBySpringCGLIB$$11e78af8.GET_TICKETS_COUNTER, count=0
type=COUNTER, name=org.apereo.cas.DefaultCentralAuthenticationService$$EnhancerBySpringCGLIB$$11e78af8.GET_TICKET_COUNTER, count=0
type=COUNTER, name=org.apereo.cas.DefaultCentralAuthenticationService$$EnhancerBySpringCGLIB$$11e78af8.GRANT_PROXY_TICKET_COUNTER, count=0
type=COUNTER, name=org.apereo.cas.DefaultCentralAuthenticationService$$EnhancerBySpringCGLIB$$11e78af8.GRANT_SERVICE_TICKET_COUNTER, count=0
type=COUNTER, name=org.apereo.cas.DefaultCentralAuthenticationService$$EnhancerBySpringCGLIB$$11e78af8.VALIDATE_SERVICE_TICKET_COUNTER, count=0
type=COUNTER, name=org.apereo.cas.authentication.PolicyBasedAuthenticationManager.AUTHENTICATE_COUNT, count=0
type=METER, name=org.apereo.cas.DefaultCentralAuthenticationService$$EnhancerBySpringCGLIB$$11e78af8.CREATE_PROXY_GRANTING_TICKET_METER, count=0, mean_rate=0.0, m1=0.0, m5=0.0, m15=0.0, rate_unit=events/millisecond
type=METER, name=org.apereo.cas.DefaultCentralAuthenticationService$$EnhancerBySpringCGLIB$$11e78af8.CREATE_TICKET_GRANTING_TICKET_METER, count=0, mean_rate=0.0, m1=0.0, m5=0.0, m15=0.0, rate_unit=events/millisecond
type=METER, name=org.apereo.cas.DefaultCentralAuthenticationService$$EnhancerBySpringCGLIB$$11e78af8.DELETE_TICKET_METER, count=0, mean_rate=0.0, m1=0.0, m5=0.0, m15=0.0, rate_unit=events/millisecond
type=METER, name=org.apereo.cas.DefaultCentralAuthenticationService$$EnhancerBySpringCGLIB$$11e78af8.DESTROY_TICKET_GRANTING_TICKET_METER, count=0, mean_rate=0.0, m1=0.0, m5=0.0, m15=0.0, rate_unit=events/millisecond
type=METER, name=org.apereo.cas.DefaultCentralAuthenticationService$$EnhancerBySpringCGLIB$$11e78af8.GET_TICKETS_METER, count=0, mean_rate=0.0, m1=0.0, m5=0.0, m15=0.0, rate_unit=events/millisecond
type=METER, name=org.apereo.cas.DefaultCentralAuthenticationService$$EnhancerBySpringCGLIB$$11e78af8.GET_TICKET_METER, count=0, mean_rate=0.0, m1=0.0, m5=0.0, m15=0.0, rate_unit=events/millisecond
type=METER, name=org.apereo.cas.DefaultCentralAuthenticationService$$EnhancerBySpringCGLIB$$11e78af8.GRANT_PROXY_TICKET_METER, count=0, mean_rate=0.0, m1=0.0, m5=0.0, m15=0.0, rate_unit=events/millisecond
type=METER, name=org.apereo.cas.DefaultCentralAuthenticationService$$EnhancerBySpringCGLIB$$11e78af8.GRANT_SERVICE_TICKET_METER, count=0, mean_rate=0.0, m1=0.0, m5=0.0, m15=0.0, rate_unit=events/millisecond
type=METER, name=org.apereo.cas.DefaultCentralAuthenticationService$$EnhancerBySpringCGLIB$$11e78af8.VALIDATE_SERVICE_TICKET_METER, count=0, mean_rate=0.0, m1=0.0, m5=0.0, m15=0.0, rate_unit=events/millisecond
type=METER, name=org.apereo.cas.authentication.PolicyBasedAuthenticationManager.AUTHENTICATE_METER, count=0, mean_rate=0.0, m1=0.0, m5=0.0, m15=0.0, rate_unit=events/millisecond
type=TIMER, name=org.apereo.cas.DefaultCentralAuthenticationService$$EnhancerBySpringCGLIB$$11e78af8.CREATE_PROXY_GRANTING_TICKET_TIMER, count=0, min=0.0, max=0.0, mean=0.0, stddev=0.0, median=0.0, p75=0.0, p95=0.0, p98=0.0, p99=0.0, p999=0.0, mean_rate=0.0, m1=0.0, m5=0.0, m15=0.0, rate_unit=events/millisecond, duration_unit=milliseconds
type=TIMER, name=org.apereo.cas.DefaultCentralAuthenticationService$$EnhancerBySpringCGLIB$$11e78af8.CREATE_TICKET_GRANTING_TICKET_TIMER, count=0, min=0.0, max=0.0, mean=0.0, stddev=0.0, median=0.0, p75=0.0, p95=0.0, p98=0.0, p99=0.0, p999=0.0, mean_rate=0.0, m1=0.0, m5=0.0, m15=0.0, rate_unit=events/millisecond, duration_unit=milliseconds
type=TIMER, name=org.apereo.cas.DefaultCentralAuthenticationService$$EnhancerBySpringCGLIB$$11e78af8.DELETE_TICKET_TIMER, count=0, min=0.0, max=0.0, mean=0.0, stddev=0.0, median=0.0, p75=0.0, p95=0.0, p98=0.0, p99=0.0, p999=0.0, mean_rate=0.0, m1=0.0, m5=0.0, m15=0.0, rate_unit=events/millisecond, duration_unit=milliseconds
type=TIMER, name=org.apereo.cas.DefaultCentralAuthenticationService$$EnhancerBySpringCGLIB$$11e78af8.DESTROY_TICKET_GRANTING_TICKET_TIMER, count=0, min=0.0, max=0.0, mean=0.0, stddev=0.0, median=0.0, p75=0.0, p95=0.0, p98=0.0, p99=0.0, p999=0.0, mean_rate=0.0, m1=0.0, m5=0.0, m15=0.0, rate_unit=events/millisecond, duration_unit=milliseconds
type=TIMER, name=org.apereo.cas.DefaultCentralAuthenticationService$$EnhancerBySpringCGLIB$$11e78af8.GET_TICKETS_TIMER, count=0, min=0.0, max=0.0, mean=0.0, stddev=0.0, median=0.0, p75=0.0, p95=0.0, p98=0.0, p99=0.0, p999=0.0, mean_rate=0.0, m1=0.0, m5=0.0, m15=0.0, rate_unit=events/millisecond, duration_unit=milliseconds
type=TIMER, name=org.apereo.cas.DefaultCentralAuthenticationService$$EnhancerBySpringCGLIB$$11e78af8.GET_TICKET_TIMER, count=0, min=0.0, max=0.0, mean=0.0, stddev=0.0, median=0.0, p75=0.0, p95=0.0, p98=0.0, p99=0.0, p999=0.0, mean_rate=0.0, m1=0.0, m5=0.0, m15=0.0, rate_unit=events/millisecond, duration_unit=milliseconds
type=TIMER, name=org.apereo.cas.DefaultCentralAuthenticationService$$EnhancerBySpringCGLIB$$11e78af8.GRANT_PROXY_TICKET_TIMER, count=0, min=0.0, max=0.0, mean=0.0, stddev=0.0, median=0.0, p75=0.0, p95=0.0, p98=0.0, p99=0.0, p999=0.0, mean_rate=0.0, m1=0.0, m5=0.0, m15=0.0, rate_unit=events/millisecond, duration_unit=milliseconds
type=TIMER, name=org.apereo.cas.DefaultCentralAuthenticationService$$EnhancerBySpringCGLIB$$11e78af8.GRANT_SERVICE_TICKET_TIMER, count=0, min=0.0, max=0.0, mean=0.0, stddev=0.0, median=0.0, p75=0.0, p95=0.0, p98=0.0, p99=0.0, p999=0.0, mean_rate=0.0, m1=0.0, m5=0.0, m15=0.0, rate_unit=events/millisecond, duration_unit=milliseconds
type=TIMER, name=org.apereo.cas.DefaultCentralAuthenticationService$$EnhancerBySpringCGLIB$$11e78af8.VALIDATE_SERVICE_TICKET_TIMER, count=0, min=0.0, max=0.0, mean=0.0, stddev=0.0, median=0.0, p75=0.0, p95=0.0, p98=0.0, p99=0.0, p999=0.0, mean_rate=0.0, m1=0.0, m5=0.0, m15=0.0, rate_unit=events/millisecond, duration_unit=milliseconds
type=TIMER, name=org.apereo.cas.authentication.PolicyBasedAuthenticationManager.AUTHENTICATE_TIMER, count=0, min=0.0, max=0.0, mean=0.0, stddev=0.0, median=0.0, p75=0.0, p95=0.0, p98=0.0, p99=0.0, p999=0.0, mean_rate=0.0, m1=0.0, m5=0.0, m15=0.0, rate_unit=events/millisecond, duration_unit=milliseconds
type=GAUGE, name=jvm.fd.usage, value=0.004296875
type=GAUGE, name=jvm.gc.PS-MarkSweep.count, value=3
type=GAUGE, name=jvm.gc.PS-MarkSweep.time, value=366
type=GAUGE, name=jvm.gc.PS-Scavenge.count, value=22
type=GAUGE, name=jvm.gc.PS-Scavenge.time, value=395
type=GAUGE, name=jvm.memory.heap.committed, value=1624768512
type=GAUGE, name=jvm.memory.heap.init, value=268435456
type=GAUGE, name=jvm.memory.heap.max, value=3817865216
type=GAUGE, name=jvm.memory.heap.usage, value=0.10442382678393641
type=GAUGE, name=jvm.memory.heap.used, value=398676096
type=GAUGE, name=jvm.memory.non-heap.committed, value=112050176
type=GAUGE, name=jvm.memory.non-heap.init, value=2555904
type=GAUGE, name=jvm.memory.non-heap.max, value=-1
type=GAUGE, name=jvm.memory.non-heap.usage, value=-1.08542024E8
type=GAUGE, name=jvm.memory.non-heap.used, value=108542024
type=GAUGE, name=jvm.memory.pools.Code-Cache.committed, value=29818880
type=GAUGE, name=jvm.memory.pools.Code-Cache.init, value=2555904
type=GAUGE, name=jvm.memory.pools.Code-Cache.max, value=251658240
type=GAUGE, name=jvm.memory.pools.Code-Cache.usage, value=0.1123291015625
type=GAUGE, name=jvm.memory.pools.Code-Cache.used, value=28268544
type=GAUGE, name=jvm.memory.pools.Compressed-Class-Space.committed, value=9134080
type=GAUGE, name=jvm.memory.pools.Compressed-Class-Space.init, value=0
type=GAUGE, name=jvm.memory.pools.Compressed-Class-Space.max, value=1073741824
type=GAUGE, name=jvm.memory.pools.Compressed-Class-Space.usage, value=0.008197374641895294
type=GAUGE, name=jvm.memory.pools.Compressed-Class-Space.used, value=8801864
type=GAUGE, name=jvm.memory.pools.Metaspace.committed, value=73097216
type=GAUGE, name=jvm.memory.pools.Metaspace.init, value=0
type=GAUGE, name=jvm.memory.pools.Metaspace.max, value=-1
type=GAUGE, name=jvm.memory.pools.Metaspace.usage, value=0.9778383899053009
type=GAUGE, name=jvm.memory.pools.Metaspace.used, value=71477264
type=GAUGE, name=jvm.memory.pools.PS-Eden-Space.committed, value=1329594368
type=GAUGE, name=jvm.memory.pools.PS-Eden-Space.init, value=67108864
type=GAUGE, name=jvm.memory.pools.PS-Eden-Space.max, value=1339031552
type=GAUGE, name=jvm.memory.pools.PS-Eden-Space.usage, value=0.21797765673560468
type=GAUGE, name=jvm.memory.pools.PS-Eden-Space.used, value=291878960
type=GAUGE, name=jvm.memory.pools.PS-Eden-Space.used-after-gc, value=0
type=GAUGE, name=jvm.memory.pools.PS-Old-Gen.committed, value=253755392
type=GAUGE, name=jvm.memory.pools.PS-Old-Gen.init, value=179306496
type=GAUGE, name=jvm.memory.pools.PS-Old-Gen.max, value=2863661056
type=GAUGE, name=jvm.memory.pools.PS-Old-Gen.usage, value=0.02283926998377283
type=GAUGE, name=jvm.memory.pools.PS-Old-Gen.used, value=65403928
type=GAUGE, name=jvm.memory.pools.PS-Old-Gen.used-after-gc, value=59589688
type=GAUGE, name=jvm.memory.pools.PS-Survivor-Space.committed, value=41418752
type=GAUGE, name=jvm.memory.pools.PS-Survivor-Space.init, value=11010048
type=GAUGE, name=jvm.memory.pools.PS-Survivor-Space.max, value=41418752
type=GAUGE, name=jvm.memory.pools.PS-Survivor-Space.usage, value=0.9993832745129549
type=GAUGE, name=jvm.memory.pools.PS-Survivor-Space.used, value=41393208
type=GAUGE, name=jvm.memory.pools.PS-Survivor-Space.used-after-gc, value=41393208
type=GAUGE, name=jvm.memory.total.committed, value=1736818688
type=GAUGE, name=jvm.memory.total.init, value=270991360
type=GAUGE, name=jvm.memory.total.max, value=3817865215
type=GAUGE, name=jvm.memory.total.used, value=507233160
type=GAUGE, name=thread-states.blocked.count, value=0
type=GAUGE, name=thread-states.count, value=36
type=GAUGE, name=thread-states.daemon.count, value=23
type=GAUGE, name=thread-states.deadlock.count, value=0
type=GAUGE, name=thread-states.deadlocks, value=[]
type=GAUGE, name=thread-states.new.count, value=0
type=GAUGE, name=thread-states.runnable.count, value=7
type=GAUGE, name=thread-states.terminated.count, value=0
type=GAUGE, name=thread-states.timed_waiting.count, value=12
type=GAUGE, name=thread-states.waiting.count, value=16
type=COUNTER, name=org.apereo.cas.DefaultCentralAuthenticationService$$EnhancerBySpringCGLIB$$11e78af8.CREATE_PROXY_GRANTING_TICKET_COUNTER, count=0
type=COUNTER, name=org.apereo.cas.DefaultCentralAuthenticationService$$EnhancerBySpringCGLIB$$11e78af8.CREATE_TICKET_GRANTING_TICKET_COUNTER, count=0
type=COUNTER, name=org.apereo.cas.DefaultCentralAuthenticationService$$EnhancerBySpringCGLIB$$11e78af8.DELETE_TICKET_COUNTER, count=0
type=COUNTER, name=org.apereo.cas.DefaultCentralAuthenticationService$$EnhancerBySpringCGLIB$$11e78af8.DESTROY_TICKET_GRANTING_TICKET_COUNTER, count=0
type=COUNTER, name=org.apereo.cas.DefaultCentralAuthenticationService$$EnhancerBySpringCGLIB$$11e78af8.GET_TICKETS_COUNTER, count=0
type=COUNTER, name=org.apereo.cas.DefaultCentralAuthenticationService$$EnhancerBySpringCGLIB$$11e78af8.GET_TICKET_COUNTER, count=0
type=COUNTER, name=org.apereo.cas.DefaultCentralAuthenticationService$$EnhancerBySpringCGLIB$$11e78af8.GRANT_PROXY_TICKET_COUNTER, count=0
type=COUNTER, name=org.apereo.cas.DefaultCentralAuthenticationService$$EnhancerBySpringCGLIB$$11e78af8.GRANT_SERVICE_TICKET_COUNTER, count=0
type=COUNTER, name=org.apereo.cas.DefaultCentralAuthenticationService$$EnhancerBySpringCGLIB$$11e78af8.VALIDATE_SERVICE_TICKET_COUNTER, count=0
type=COUNTER, name=org.apereo.cas.authentication.PolicyBasedAuthenticationManager.AUTHENTICATE_COUNT, count=0
type=METER, name=org.apereo.cas.DefaultCentralAuthenticationService$$EnhancerBySpringCGLIB$$11e78af8.CREATE_PROXY_GRANTING_TICKET_METER, count=0, mean_rate=0.0, m1=0.0, m5=0.0, m15=0.0, rate_unit=events/millisecond
type=METER, name=org.apereo.cas.DefaultCentralAuthenticationService$$EnhancerBySpringCGLIB$$11e78af8.CREATE_TICKET_GRANTING_TICKET_METER, count=0, mean_rate=0.0, m1=0.0, m5=0.0, m15=0.0, rate_unit=events/millisecond
type=METER, name=org.apereo.cas.DefaultCentralAuthenticationService$$EnhancerBySpringCGLIB$$11e78af8.DELETE_TICKET_METER, count=0, mean_rate=0.0, m1=0.0, m5=0.0, m15=0.0, rate_unit=events/millisecond
type=METER, name=org.apereo.cas.DefaultCentralAuthenticationService$$EnhancerBySpringCGLIB$$11e78af8.DESTROY_TICKET_GRANTING_TICKET_METER, count=0, mean_rate=0.0, m1=0.0, m5=0.0, m15=0.0, rate_unit=events/millisecond
type=METER, name=org.apereo.cas.DefaultCentralAuthenticationService$$EnhancerBySpringCGLIB$$11e78af8.GET_TICKETS_METER, count=0, mean_rate=0.0, m1=0.0, m5=0.0, m15=0.0, rate_unit=events/millisecond
type=METER, name=org.apereo.cas.DefaultCentralAuthenticationService$$EnhancerBySpringCGLIB$$11e78af8.GET_TICKET_METER, count=0, mean_rate=0.0, m1=0.0, m5=0.0, m15=0.0, rate_unit=events/millisecond
type=METER, name=org.apereo.cas.DefaultCentralAuthenticationService$$EnhancerBySpringCGLIB$$11e78af8.GRANT_PROXY_TICKET_METER, count=0, mean_rate=0.0, m1=0.0, m5=0.0, m15=0.0, rate_unit=events/millisecond
type=METER, name=org.apereo.cas.DefaultCentralAuthenticationService$$EnhancerBySpringCGLIB$$11e78af8.GRANT_SERVICE_TICKET_METER, count=0, mean_rate=0.0, m1=0.0, m5=0.0, m15=0.0, rate_unit=events/millisecond
type=METER, name=org.apereo.cas.DefaultCentralAuthenticationService$$EnhancerBySpringCGLIB$$11e78af8.VALIDATE_SERVICE_TICKET_METER, count=0, mean_rate=0.0, m1=0.0, m5=0.0, m15=0.0, rate_unit=events/millisecond
type=METER, name=org.apereo.cas.authentication.PolicyBasedAuthenticationManager.AUTHENTICATE_METER, count=0, mean_rate=0.0, m1=0.0, m5=0.0, m15=0.0, rate_unit=events/millisecond
type=TIMER, name=org.apereo.cas.DefaultCentralAuthenticationService$$EnhancerBySpringCGLIB$$11e78af8.CREATE_PROXY_GRANTING_TICKET_TIMER, count=0, min=0.0, max=0.0, mean=0.0, stddev=0.0, median=0.0, p75=0.0, p95=0.0, p98=0.0, p99=0.0, p999=0.0, mean_rate=0.0, m1=0.0, m5=0.0, m15=0.0, rate_unit=events/millisecond, duration_unit=milliseconds
type=TIMER, name=org.apereo.cas.DefaultCentralAuthenticationService$$EnhancerBySpringCGLIB$$11e78af8.CREATE_TICKET_GRANTING_TICKET_TIMER, count=0, min=0.0, max=0.0, mean=0.0, stddev=0.0, median=0.0, p75=0.0, p95=0.0, p98=0.0, p99=0.0, p999=0.0, mean_rate=0.0, m1=0.0, m5=0.0, m15=0.0, rate_unit=events/millisecond, duration_unit=milliseconds
type=TIMER, name=org.apereo.cas.DefaultCentralAuthenticationService$$EnhancerBySpringCGLIB$$11e78af8.DELETE_TICKET_TIMER, count=0, min=0.0, max=0.0, mean=0.0, stddev=0.0, median=0.0, p75=0.0, p95=0.0, p98=0.0, p99=0.0, p999=0.0, mean_rate=0.0, m1=0.0, m5=0.0, m15=0.0, rate_unit=events/millisecond, duration_unit=milliseconds
type=TIMER, name=org.apereo.cas.DefaultCentralAuthenticationService$$EnhancerBySpringCGLIB$$11e78af8.DESTROY_TICKET_GRANTING_TICKET_TIMER, count=0, min=0.0, max=0.0, mean=0.0, stddev=0.0, median=0.0, p75=0.0, p95=0.0, p98=0.0, p99=0.0, p999=0.0, mean_rate=0.0, m1=0.0, m5=0.0, m15=0.0, rate_unit=events/millisecond, duration_unit=milliseconds
type=TIMER, name=org.apereo.cas.DefaultCentralAuthenticationService$$EnhancerBySpringCGLIB$$11e78af8.GET_TICKETS_TIMER, count=0, min=0.0, max=0.0, mean=0.0, stddev=0.0, median=0.0, p75=0.0, p95=0.0, p98=0.0, p99=0.0, p999=0.0, mean_rate=0.0, m1=0.0, m5=0.0, m15=0.0, rate_unit=events/millisecond, duration_unit=milliseconds
type=TIMER, name=org.apereo.cas.DefaultCentralAuthenticationService$$EnhancerBySpringCGLIB$$11e78af8.GET_TICKET_TIMER, count=0, min=0.0, max=0.0, mean=0.0, stddev=0.0, median=0.0, p75=0.0, p95=0.0, p98=0.0, p99=0.0, p999=0.0, mean_rate=0.0, m1=0.0, m5=0.0, m15=0.0, rate_unit=events/millisecond, duration_unit=milliseconds
type=TIMER, name=org.apereo.cas.DefaultCentralAuthenticationService$$EnhancerBySpringCGLIB$$11e78af8.GRANT_PROXY_TICKET_TIMER, count=0, min=0.0, max=0.0, mean=0.0, stddev=0.0, median=0.0, p75=0.0, p95=0.0, p98=0.0, p99=0.0, p999=0.0, mean_rate=0.0, m1=0.0, m5=0.0, m15=0.0, rate_unit=events/millisecond, duration_unit=milliseconds
type=TIMER, name=org.apereo.cas.DefaultCentralAuthenticationService$$EnhancerBySpringCGLIB$$11e78af8.GRANT_SERVICE_TICKET_TIMER, count=0, min=0.0, max=0.0, mean=0.0, stddev=0.0, median=0.0, p75=0.0, p95=0.0, p98=0.0, p99=0.0, p999=0.0, mean_rate=0.0, m1=0.0, m5=0.0, m15=0.0, rate_unit=events/millisecond, duration_unit=milliseconds
type=TIMER, name=org.apereo.cas.DefaultCentralAuthenticationService$$EnhancerBySpringCGLIB$$11e78af8.VALIDATE_SERVICE_TICKET_TIMER, count=0, min=0.0, max=0.0, mean=0.0, stddev=0.0, median=0.0, p75=0.0, p95=0.0, p98=0.0, p99=0.0, p999=0.0, mean_rate=0.0, m1=0.0, m5=0.0, m15=0.0, rate_unit=events/millisecond, duration_unit=milliseconds
type=TIMER, name=org.apereo.cas.authentication.PolicyBasedAuthenticationManager.AUTHENTICATE_TIMER, count=0, min=0.0, max=0.0, mean=0.0, stddev=0.0, median=0.0, p75=0.0, p95=0.0, p98=0.0, p99=0.0, p999=0.0, mean_rate=0.0, m1=0.0, m5=0.0, m15=0.0, rate_unit=events/millisecond, duration_unit=milliseconds
type=GAUGE, name=jvm.fd.usage, value=0.004296875
type=GAUGE, name=jvm.gc.PS-MarkSweep.count, value=3
type=GAUGE, name=jvm.gc.PS-MarkSweep.time, value=366
type=GAUGE, name=jvm.gc.PS-Scavenge.count, value=22
type=GAUGE, name=jvm.gc.PS-Scavenge.time, value=395
type=GAUGE, name=jvm.memory.heap.committed, value=1624768512
type=GAUGE, name=jvm.memory.heap.init, value=268435456
type=GAUGE, name=jvm.memory.heap.max, value=3817865216
type=GAUGE, name=jvm.memory.heap.usage, value=0.10442382678393641
type=GAUGE, name=jvm.memory.heap.used, value=398676096
type=GAUGE, name=jvm.memory.non-heap.committed, value=112050176
type=GAUGE, name=jvm.memory.non-heap.init, value=2555904
type=GAUGE, name=jvm.memory.non-heap.max, value=-1
type=GAUGE, name=jvm.memory.non-heap.usage, value=-1.08740664E8
type=GAUGE, name=jvm.memory.non-heap.used, value=108741232
type=GAUGE, name=jvm.memory.pools.Code-Cache.committed, value=29818880
type=GAUGE, name=jvm.memory.pools.Code-Cache.init, value=2555904
type=GAUGE, name=jvm.memory.pools.Code-Cache.max, value=251658240
type=GAUGE, name=jvm.memory.pools.Code-Cache.usage, value=0.11282831827799479
type=GAUGE, name=jvm.memory.pools.Code-Cache.used, value=28394176
type=GAUGE, name=jvm.memory.pools.Compressed-Class-Space.committed, value=9134080
type=GAUGE, name=jvm.memory.pools.Compressed-Class-Space.init, value=0
type=GAUGE, name=jvm.memory.pools.Compressed-Class-Space.max, value=1073741824
type=GAUGE, name=jvm.memory.pools.Compressed-Class-Space.usage, value=0.008197374641895294
type=GAUGE, name=jvm.memory.pools.Compressed-Class-Space.used, value=8801864
type=GAUGE, name=jvm.memory.pools.Metaspace.committed, value=73097216
type=GAUGE, name=jvm.memory.pools.Metaspace.init, value=0
type=GAUGE, name=jvm.memory.pools.Metaspace.max, value=-1
type=GAUGE, name=jvm.memory.pools.Metaspace.usage, value=0.9788284139302925
type=GAUGE, name=jvm.memory.pools.Metaspace.used, value=71549632
type=GAUGE, name=jvm.memory.pools.PS-Eden-Space.committed, value=1329594368
type=GAUGE, name=jvm.memory.pools.PS-Eden-Space.init, value=67108864
type=GAUGE, name=jvm.memory.pools.PS-Eden-Space.max, value=1339031552
type=GAUGE, name=jvm.memory.pools.PS-Eden-Space.usage, value=0.21797765673560468
type=GAUGE, name=jvm.memory.pools.PS-Eden-Space.used, value=291878960
type=GAUGE, name=jvm.memory.pools.PS-Eden-Space.used-after-gc, value=0
type=GAUGE, name=jvm.memory.pools.PS-Old-Gen.committed, value=253755392
type=GAUGE, name=jvm.memory.pools.PS-Old-Gen.init, value=179306496
type=GAUGE, name=jvm.memory.pools.PS-Old-Gen.max, value=2863661056
type=GAUGE, name=jvm.memory.pools.PS-Old-Gen.usage, value=0.02283926998377283
type=GAUGE, name=jvm.memory.pools.PS-Old-Gen.used, value=65403928
type=GAUGE, name=jvm.memory.pools.PS-Old-Gen.used-after-gc, value=59589688
type=GAUGE, name=jvm.memory.pools.PS-Survivor-Space.committed, value=41418752
type=GAUGE, name=jvm.memory.pools.PS-Survivor-Space.init, value=11010048
type=GAUGE, name=jvm.memory.pools.PS-Survivor-Space.max, value=41418752
type=GAUGE, name=jvm.memory.pools.PS-Survivor-Space.usage, value=0.9993832745129549
type=GAUGE, name=jvm.memory.pools.PS-Survivor-Space.used, value=41393208
type=GAUGE, name=jvm.memory.pools.PS-Survivor-Space.used-after-gc, value=41393208
type=GAUGE, name=jvm.memory.total.committed, value=1736818688
type=GAUGE, name=jvm.memory.total.init, value=270991360
type=GAUGE, name=jvm.memory.total.max, value=3817865215
type=GAUGE, name=jvm.memory.total.used, value=507431944
type=GAUGE, name=thread-states.blocked.count, value=0
type=GAUGE, name=thread-states.count, value=36
type=GAUGE, name=thread-states.daemon.count, value=23
type=GAUGE, name=thread-states.deadlock.count, value=0
type=GAUGE, name=thread-states.deadlocks, value=[]
type=GAUGE, name=thread-states.new.count, value=0
type=GAUGE, name=thread-states.runnable.count, value=7
type=GAUGE, name=thread-states.terminated.count, value=0
type=GAUGE, name=thread-states.timed_waiting.count, value=13
type=GAUGE, name=thread-states.waiting.count, value=16
type=COUNTER, name=org.apereo.cas.DefaultCentralAuthenticationService$$EnhancerBySpringCGLIB$$11e78af8.CREATE_PROXY_GRANTING_TICKET_COUNTER, count=0
type=COUNTER, name=org.apereo.cas.DefaultCentralAuthenticationService$$EnhancerBySpringCGLIB$$11e78af8.CREATE_TICKET_GRANTING_TICKET_COUNTER, count=0
type=COUNTER, name=org.apereo.cas.DefaultCentralAuthenticationService$$EnhancerBySpringCGLIB$$11e78af8.DELETE_TICKET_COUNTER, count=0
type=COUNTER, name=org.apereo.cas.DefaultCentralAuthenticationService$$EnhancerBySpringCGLIB$$11e78af8.DESTROY_TICKET_GRANTING_TICKET_COUNTER, count=0
type=COUNTER, name=org.apereo.cas.DefaultCentralAuthenticationService$$EnhancerBySpringCGLIB$$11e78af8.GET_TICKETS_COUNTER, count=0
type=COUNTER, name=org.apereo.cas.DefaultCentralAuthenticationService$$EnhancerBySpringCGLIB$$11e78af8.GET_TICKET_COUNTER, count=0
type=COUNTER, name=org.apereo.cas.DefaultCentralAuthenticationService$$EnhancerBySpringCGLIB$$11e78af8.GRANT_PROXY_TICKET_COUNTER, count=0
type=COUNTER, name=org.apereo.cas.DefaultCentralAuthenticationService$$EnhancerBySpringCGLIB$$11e78af8.GRANT_SERVICE_TICKET_COUNTER, count=0
type=COUNTER, name=org.apereo.cas.DefaultCentralAuthenticationService$$EnhancerBySpringCGLIB$$11e78af8.VALIDATE_SERVICE_TICKET_COUNTER, count=0
type=COUNTER, name=org.apereo.cas.authentication.PolicyBasedAuthenticationManager.AUTHENTICATE_COUNT, count=0
type=METER, name=org.apereo.cas.DefaultCentralAuthenticationService$$EnhancerBySpringCGLIB$$11e78af8.CREATE_PROXY_GRANTING_TICKET_METER, count=0, mean_rate=0.0, m1=0.0, m5=0.0, m15=0.0, rate_unit=events/millisecond
type=METER, name=org.apereo.cas.DefaultCentralAuthenticationService$$EnhancerBySpringCGLIB$$11e78af8.CREATE_TICKET_GRANTING_TICKET_METER, count=0, mean_rate=0.0, m1=0.0, m5=0.0, m15=0.0, rate_unit=events/millisecond
type=METER, name=org.apereo.cas.DefaultCentralAuthenticationService$$EnhancerBySpringCGLIB$$11e78af8.DELETE_TICKET_METER, count=0, mean_rate=0.0, m1=0.0, m5=0.0, m15=0.0, rate_unit=events/millisecond
type=METER, name=org.apereo.cas.DefaultCentralAuthenticationService$$EnhancerBySpringCGLIB$$11e78af8.DESTROY_TICKET_GRANTING_TICKET_METER, count=0, mean_rate=0.0, m1=0.0, m5=0.0, m15=0.0, rate_unit=events/millisecond
type=METER, name=org.apereo.cas.DefaultCentralAuthenticationService$$EnhancerBySpringCGLIB$$11e78af8.GET_TICKETS_METER, count=0, mean_rate=0.0, m1=0.0, m5=0.0, m15=0.0, rate_unit=events/millisecond
type=METER, name=org.apereo.cas.DefaultCentralAuthenticationService$$EnhancerBySpringCGLIB$$11e78af8.GET_TICKET_METER, count=0, mean_rate=0.0, m1=0.0, m5=0.0, m15=0.0, rate_unit=events/millisecond
type=METER, name=org.apereo.cas.DefaultCentralAuthenticationService$$EnhancerBySpringCGLIB$$11e78af8.GRANT_PROXY_TICKET_METER, count=0, mean_rate=0.0, m1=0.0, m5=0.0, m15=0.0, rate_unit=events/millisecond
type=METER, name=org.apereo.cas.DefaultCentralAuthenticationService$$EnhancerBySpringCGLIB$$11e78af8.GRANT_SERVICE_TICKET_METER, count=0, mean_rate=0.0, m1=0.0, m5=0.0, m15=0.0, rate_unit=events/millisecond
type=METER, name=org.apereo.cas.DefaultCentralAuthenticationService$$EnhancerBySpringCGLIB$$11e78af8.VALIDATE_SERVICE_TICKET_METER, count=0, mean_rate=0.0, m1=0.0, m5=0.0, m15=0.0, rate_unit=events/millisecond
type=METER, name=org.apereo.cas.authentication.PolicyBasedAuthenticationManager.AUTHENTICATE_METER, count=0, mean_rate=0.0, m1=0.0, m5=0.0, m15=0.0, rate_unit=events/millisecond
type=TIMER, name=org.apereo.cas.DefaultCentralAuthenticationService$$EnhancerBySpringCGLIB$$11e78af8.CREATE_PROXY_GRANTING_TICKET_TIMER, count=0, min=0.0, max=0.0, mean=0.0, stddev=0.0, median=0.0, p75=0.0, p95=0.0, p98=0.0, p99=0.0, p999=0.0, mean_rate=0.0, m1=0.0, m5=0.0, m15=0.0, rate_unit=events/millisecond, duration_unit=milliseconds
type=TIMER, name=org.apereo.cas.DefaultCentralAuthenticationService$$EnhancerBySpringCGLIB$$11e78af8.CREATE_TICKET_GRANTING_TICKET_TIMER, count=0, min=0.0, max=0.0, mean=0.0, stddev=0.0, median=0.0, p75=0.0, p95=0.0, p98=0.0, p99=0.0, p999=0.0, mean_rate=0.0, m1=0.0, m5=0.0, m15=0.0, rate_unit=events/millisecond, duration_unit=milliseconds
type=TIMER, name=org.apereo.cas.DefaultCentralAuthenticationService$$EnhancerBySpringCGLIB$$11e78af8.DELETE_TICKET_TIMER, count=0, min=0.0, max=0.0, mean=0.0, stddev=0.0, median=0.0, p75=0.0, p95=0.0, p98=0.0, p99=0.0, p999=0.0, mean_rate=0.0, m1=0.0, m5=0.0, m15=0.0, rate_unit=events/millisecond, duration_unit=milliseconds
type=TIMER, name=org.apereo.cas.DefaultCentralAuthenticationService$$EnhancerBySpringCGLIB$$11e78af8.DESTROY_TICKET_GRANTING_TICKET_TIMER, count=0, min=0.0, max=0.0, mean=0.0, stddev=0.0, median=0.0, p75=0.0, p95=0.0, p98=0.0, p99=0.0, p999=0.0, mean_rate=0.0, m1=0.0, m5=0.0, m15=0.0, rate_unit=events/millisecond, duration_unit=milliseconds
type=TIMER, name=org.apereo.cas.DefaultCentralAuthenticationService$$EnhancerBySpringCGLIB$$11e78af8.GET_TICKETS_TIMER, count=0, min=0.0, max=0.0, mean=0.0, stddev=0.0, median=0.0, p75=0.0, p95=0.0, p98=0.0, p99=0.0, p999=0.0, mean_rate=0.0, m1=0.0, m5=0.0, m15=0.0, rate_unit=events/millisecond, duration_unit=milliseconds
type=TIMER, name=org.apereo.cas.DefaultCentralAuthenticationService$$EnhancerBySpringCGLIB$$11e78af8.GET_TICKET_TIMER, count=0, min=0.0, max=0.0, mean=0.0, stddev=0.0, median=0.0, p75=0.0, p95=0.0, p98=0.0, p99=0.0, p999=0.0, mean_rate=0.0, m1=0.0, m5=0.0, m15=0.0, rate_unit=events/millisecond, duration_unit=milliseconds
type=TIMER, name=org.apereo.cas.DefaultCentralAuthenticationService$$EnhancerBySpringCGLIB$$11e78af8.GRANT_PROXY_TICKET_TIMER, count=0, min=0.0, max=0.0, mean=0.0, stddev=0.0, median=0.0, p75=0.0, p95=0.0, p98=0.0, p99=0.0, p999=0.0, mean_rate=0.0, m1=0.0, m5=0.0, m15=0.0, rate_unit=events/millisecond, duration_unit=milliseconds
type=TIMER, name=org.apereo.cas.DefaultCentralAuthenticationService$$EnhancerBySpringCGLIB$$11e78af8.GRANT_SERVICE_TICKET_TIMER, count=0, min=0.0, max=0.0, mean=0.0, stddev=0.0, median=0.0, p75=0.0, p95=0.0, p98=0.0, p99=0.0, p999=0.0, mean_rate=0.0, m1=0.0, m5=0.0, m15=0.0, rate_unit=events/millisecond, duration_unit=milliseconds
type=TIMER, name=org.apereo.cas.DefaultCentralAuthenticationService$$EnhancerBySpringCGLIB$$11e78af8.VALIDATE_SERVICE_TICKET_TIMER, count=0, min=0.0, max=0.0, mean=0.0, stddev=0.0, median=0.0, p75=0.0, p95=0.0, p98=0.0, p99=0.0, p999=0.0, mean_rate=0.0, m1=0.0, m5=0.0, m15=0.0, rate_unit=events/millisecond, duration_unit=milliseconds
type=TIMER, name=org.apereo.cas.authentication.PolicyBasedAuthenticationManager.AUTHENTICATE_TIMER, count=0, min=0.0, max=0.0, mean=0.0, stddev=0.0, median=0.0, p75=0.0, p95=0.0, p98=0.0, p99=0.0, p999=0.0, mean_rate=0.0, m1=0.0, m5=0.0, m15=0.0, rate_unit=events/millisecond, duration_unit=milliseconds
type=GAUGE, name=jvm.fd.usage, value=0.004296875
type=GAUGE, name=jvm.gc.PS-MarkSweep.count, value=3
type=GAUGE, name=jvm.gc.PS-MarkSweep.time, value=366
type=GAUGE, name=jvm.gc.PS-Scavenge.count, value=22
type=GAUGE, name=jvm.gc.PS-Scavenge.time, value=395
type=GAUGE, name=jvm.memory.heap.committed, value=1624768512
type=GAUGE, name=jvm.memory.heap.init, value=268435456
type=GAUGE, name=jvm.memory.heap.max, value=3817865216
type=GAUGE, name=jvm.memory.heap.usage, value=0.10442382678393641
type=GAUGE, name=jvm.memory.heap.used, value=398676096
type=GAUGE, name=jvm.memory.non-heap.committed, value=112050176
type=GAUGE, name=jvm.memory.non-heap.init, value=2555904
type=GAUGE, name=jvm.memory.non-heap.max, value=-1
type=GAUGE, name=jvm.memory.non-heap.usage, value=-1.08955992E8
type=GAUGE, name=jvm.memory.non-heap.used, value=108955992
type=GAUGE, name=jvm.memory.pools.Code-Cache.committed, value=29818880
type=GAUGE, name=jvm.memory.pools.Code-Cache.init, value=2555904
type=GAUGE, name=jvm.memory.pools.Code-Cache.max, value=251658240
type=GAUGE, name=jvm.memory.pools.Code-Cache.usage, value=0.11346995035807292
type=GAUGE, name=jvm.memory.pools.Code-Cache.used, value=28555648
type=GAUGE, name=jvm.memory.pools.Compressed-Class-Space.committed, value=9134080
type=GAUGE, name=jvm.memory.pools.Compressed-Class-Space.init, value=0
type=GAUGE, name=jvm.memory.pools.Compressed-Class-Space.max, value=1073741824
type=GAUGE, name=jvm.memory.pools.Compressed-Class-Space.usage, value=0.008198283612728119
type=GAUGE, name=jvm.memory.pools.Compressed-Class-Space.used, value=8802840
type=GAUGE, name=jvm.memory.pools.Metaspace.committed, value=73097216
type=GAUGE, name=jvm.memory.pools.Metaspace.init, value=0
type=GAUGE, name=jvm.memory.pools.Metaspace.max, value=-1
type=GAUGE, name=jvm.memory.pools.Metaspace.usage, value=0.9794833225932982
type=GAUGE, name=jvm.memory.pools.Metaspace.used, value=71597504
type=GAUGE, name=jvm.memory.pools.PS-Eden-Space.committed, value=1329594368
type=GAUGE, name=jvm.memory.pools.PS-Eden-Space.init, value=67108864
type=GAUGE, name=jvm.memory.pools.PS-Eden-Space.max, value=1339031552
type=GAUGE, name=jvm.memory.pools.PS-Eden-Space.usage, value=0.21797765673560468
type=GAUGE, name=jvm.memory.pools.PS-Eden-Space.used, value=291878960
type=GAUGE, name=jvm.memory.pools.PS-Eden-Space.used-after-gc, value=0
type=GAUGE, name=jvm.memory.pools.PS-Old-Gen.committed, value=253755392
type=GAUGE, name=jvm.memory.pools.PS-Old-Gen.init, value=179306496
type=GAUGE, name=jvm.memory.pools.PS-Old-Gen.max, value=2863661056
type=GAUGE, name=jvm.memory.pools.PS-Old-Gen.usage, value=0.02283926998377283
type=GAUGE, name=jvm.memory.pools.PS-Old-Gen.used, value=65403928
type=GAUGE, name=jvm.memory.pools.PS-Old-Gen.used-after-gc, value=59589688
type=GAUGE, name=jvm.memory.pools.PS-Survivor-Space.committed, value=41418752
type=GAUGE, name=jvm.memory.pools.PS-Survivor-Space.init, value=11010048
type=GAUGE, name=jvm.memory.pools.PS-Survivor-Space.max, value=41418752
type=GAUGE, name=jvm.memory.pools.PS-Survivor-Space.usage, value=0.9993832745129549
type=GAUGE, name=jvm.memory.pools.PS-Survivor-Space.used, value=41393208
type=GAUGE, name=jvm.memory.pools.PS-Survivor-Space.used-after-gc, value=41393208
type=GAUGE, name=jvm.memory.total.committed, value=1736818688
type=GAUGE, name=jvm.memory.total.init, value=270991360
type=GAUGE, name=jvm.memory.total.max, value=3817865215
type=GAUGE, name=jvm.memory.total.used, value=507638536
type=GAUGE, name=thread-states.blocked.count, value=0
type=GAUGE, name=thread-states.count, value=36
type=GAUGE, name=thread-states.daemon.count, value=23
type=GAUGE, name=thread-states.deadlock.count, value=0
type=GAUGE, name=thread-states.deadlocks, value=[]
type=GAUGE, name=thread-states.new.count, value=0
type=GAUGE, name=thread-states.runnable.count, value=7
type=GAUGE, name=thread-states.terminated.count, value=0
type=GAUGE, name=thread-states.timed_waiting.count, value=13
type=GAUGE, name=thread-states.waiting.count, value=16
type=COUNTER, name=org.apereo.cas.DefaultCentralAuthenticationService$$EnhancerBySpringCGLIB$$11e78af8.CREATE_PROXY_GRANTING_TICKET_COUNTER, count=0
type=COUNTER, name=org.apereo.cas.DefaultCentralAuthenticationService$$EnhancerBySpringCGLIB$$11e78af8.CREATE_TICKET_GRANTING_TICKET_COUNTER, count=0
type=COUNTER, name=org.apereo.cas.DefaultCentralAuthenticationService$$EnhancerBySpringCGLIB$$11e78af8.DELETE_TICKET_COUNTER, count=0
type=COUNTER, name=org.apereo.cas.DefaultCentralAuthenticationService$$EnhancerBySpringCGLIB$$11e78af8.DESTROY_TICKET_GRANTING_TICKET_COUNTER, count=0
type=COUNTER, name=org.apereo.cas.DefaultCentralAuthenticationService$$EnhancerBySpringCGLIB$$11e78af8.GET_TICKETS_COUNTER, count=0
type=COUNTER, name=org.apereo.cas.DefaultCentralAuthenticationService$$EnhancerBySpringCGLIB$$11e78af8.GET_TICKET_COUNTER, count=0
type=COUNTER, name=org.apereo.cas.DefaultCentralAuthenticationService$$EnhancerBySpringCGLIB$$11e78af8.GRANT_PROXY_TICKET_COUNTER, count=0
type=COUNTER, name=org.apereo.cas.DefaultCentralAuthenticationService$$EnhancerBySpringCGLIB$$11e78af8.GRANT_SERVICE_TICKET_COUNTER, count=0
type=COUNTER, name=org.apereo.cas.DefaultCentralAuthenticationService$$EnhancerBySpringCGLIB$$11e78af8.VALIDATE_SERVICE_TICKET_COUNTER, count=0
type=COUNTER, name=org.apereo.cas.authentication.PolicyBasedAuthenticationManager.AUTHENTICATE_COUNT, count=0
type=METER, name=org.apereo.cas.DefaultCentralAuthenticationService$$EnhancerBySpringCGLIB$$11e78af8.CREATE_PROXY_GRANTING_TICKET_METER, count=0, mean_rate=0.0, m1=0.0, m5=0.0, m15=0.0, rate_unit=events/millisecond
type=METER, name=org.apereo.cas.DefaultCentralAuthenticationService$$EnhancerBySpringCGLIB$$11e78af8.CREATE_TICKET_GRANTING_TICKET_METER, count=0, mean_rate=0.0, m1=0.0, m5=0.0, m15=0.0, rate_unit=events/millisecond
type=METER, name=org.apereo.cas.DefaultCentralAuthenticationService$$EnhancerBySpringCGLIB$$11e78af8.DELETE_TICKET_METER, count=0, mean_rate=0.0, m1=0.0, m5=0.0, m15=0.0, rate_unit=events/millisecond
type=METER, name=org.apereo.cas.DefaultCentralAuthenticationService$$EnhancerBySpringCGLIB$$11e78af8.DESTROY_TICKET_GRANTING_TICKET_METER, count=0, mean_rate=0.0, m1=0.0, m5=0.0, m15=0.0, rate_unit=events/millisecond
type=METER, name=org.apereo.cas.DefaultCentralAuthenticationService$$EnhancerBySpringCGLIB$$11e78af8.GET_TICKETS_METER, count=0, mean_rate=0.0, m1=0.0, m5=0.0, m15=0.0, rate_unit=events/millisecond
type=METER, name=org.apereo.cas.DefaultCentralAuthenticationService$$EnhancerBySpringCGLIB$$11e78af8.GET_TICKET_METER, count=0, mean_rate=0.0, m1=0.0, m5=0.0, m15=0.0, rate_unit=events/millisecond
type=METER, name=org.apereo.cas.DefaultCentralAuthenticationService$$EnhancerBySpringCGLIB$$11e78af8.GRANT_PROXY_TICKET_METER, count=0, mean_rate=0.0, m1=0.0, m5=0.0, m15=0.0, rate_unit=events/millisecond
type=METER, name=org.apereo.cas.DefaultCentralAuthenticationService$$EnhancerBySpringCGLIB$$11e78af8.GRANT_SERVICE_TICKET_METER, count=0, mean_rate=0.0, m1=0.0, m5=0.0, m15=0.0, rate_unit=events/millisecond
type=METER, name=org.apereo.cas.DefaultCentralAuthenticationService$$EnhancerBySpringCGLIB$$11e78af8.VALIDATE_SERVICE_TICKET_METER, count=0, mean_rate=0.0, m1=0.0, m5=0.0, m15=0.0, rate_unit=events/millisecond
type=METER, name=org.apereo.cas.authentication.PolicyBasedAuthenticationManager.AUTHENTICATE_METER, count=0, mean_rate=0.0, m1=0.0, m5=0.0, m15=0.0, rate_unit=events/millisecond
type=TIMER, name=org.apereo.cas.DefaultCentralAuthenticationService$$EnhancerBySpringCGLIB$$11e78af8.CREATE_PROXY_GRANTING_TICKET_TIMER, count=0, min=0.0, max=0.0, mean=0.0, stddev=0.0, median=0.0, p75=0.0, p95=0.0, p98=0.0, p99=0.0, p999=0.0, mean_rate=0.0, m1=0.0, m5=0.0, m15=0.0, rate_unit=events/millisecond, duration_unit=milliseconds
type=TIMER, name=org.apereo.cas.DefaultCentralAuthenticationService$$EnhancerBySpringCGLIB$$11e78af8.CREATE_TICKET_GRANTING_TICKET_TIMER, count=0, min=0.0, max=0.0, mean=0.0, stddev=0.0, median=0.0, p75=0.0, p95=0.0, p98=0.0, p99=0.0, p999=0.0, mean_rate=0.0, m1=0.0, m5=0.0, m15=0.0, rate_unit=events/millisecond, duration_unit=milliseconds
type=TIMER, name=org.apereo.cas.DefaultCentralAuthenticationService$$EnhancerBySpringCGLIB$$11e78af8.DELETE_TICKET_TIMER, count=0, min=0.0, max=0.0, mean=0.0, stddev=0.0, median=0.0, p75=0.0, p95=0.0, p98=0.0, p99=0.0, p999=0.0, mean_rate=0.0, m1=0.0, m5=0.0, m15=0.0, rate_unit=events/millisecond, duration_unit=milliseconds
type=TIMER, name=org.apereo.cas.DefaultCentralAuthenticationService$$EnhancerBySpringCGLIB$$11e78af8.DESTROY_TICKET_GRANTING_TICKET_TIMER, count=0, min=0.0, max=0.0, mean=0.0, stddev=0.0, median=0.0, p75=0.0, p95=0.0, p98=0.0, p99=0.0, p999=0.0, mean_rate=0.0, m1=0.0, m5=0.0, m15=0.0, rate_unit=events/millisecond, duration_unit=milliseconds
type=TIMER, name=org.apereo.cas.DefaultCentralAuthenticationService$$EnhancerBySpringCGLIB$$11e78af8.GET_TICKETS_TIMER, count=0, min=0.0, max=0.0, mean=0.0, stddev=0.0, median=0.0, p75=0.0, p95=0.0, p98=0.0, p99=0.0, p999=0.0, mean_rate=0.0, m1=0.0, m5=0.0, m15=0.0, rate_unit=events/millisecond, duration_unit=milliseconds
type=TIMER, name=org.apereo.cas.DefaultCentralAuthenticationService$$EnhancerBySpringCGLIB$$11e78af8.GET_TICKET_TIMER, count=0, min=0.0, max=0.0, mean=0.0, stddev=0.0, median=0.0, p75=0.0, p95=0.0, p98=0.0, p99=0.0, p999=0.0, mean_rate=0.0, m1=0.0, m5=0.0, m15=0.0, rate_unit=events/millisecond, duration_unit=milliseconds
type=TIMER, name=org.apereo.cas.DefaultCentralAuthenticationService$$EnhancerBySpringCGLIB$$11e78af8.GRANT_PROXY_TICKET_TIMER, count=0, min=0.0, max=0.0, mean=0.0, stddev=0.0, median=0.0, p75=0.0, p95=0.0, p98=0.0, p99=0.0, p999=0.0, mean_rate=0.0, m1=0.0, m5=0.0, m15=0.0, rate_unit=events/millisecond, duration_unit=milliseconds
type=TIMER, name=org.apereo.cas.DefaultCentralAuthenticationService$$EnhancerBySpringCGLIB$$11e78af8.GRANT_SERVICE_TICKET_TIMER, count=0, min=0.0, max=0.0, mean=0.0, stddev=0.0, median=0.0, p75=0.0, p95=0.0, p98=0.0, p99=0.0, p999=0.0, mean_rate=0.0, m1=0.0, m5=0.0, m15=0.0, rate_unit=events/millisecond, duration_unit=milliseconds
type=TIMER, name=org.apereo.cas.DefaultCentralAuthenticationService$$EnhancerBySpringCGLIB$$11e78af8.VALIDATE_SERVICE_TICKET_TIMER, count=0, min=0.0, max=0.0, mean=0.0, stddev=0.0, median=0.0, p75=0.0, p95=0.0, p98=0.0, p99=0.0, p999=0.0, mean_rate=0.0, m1=0.0, m5=0.0, m15=0.0, rate_unit=events/millisecond, duration_unit=milliseconds
type=TIMER, name=org.apereo.cas.authentication.PolicyBasedAuthenticationManager.AUTHENTICATE_TIMER, count=0, min=0.0, max=0.0, mean=0.0, stddev=0.0, median=0.0, p75=0.0, p95=0.0, p98=0.0, p99=0.0, p999=0.0, mean_rate=0.0, m1=0.0, m5=0.0, m15=0.0, rate_unit=events/millisecond, duration_unit=milliseconds
type=GAUGE, name=jvm.fd.usage, value=0.004296875
type=GAUGE, name=jvm.gc.PS-MarkSweep.count, value=3
type=GAUGE, name=jvm.gc.PS-MarkSweep.time, value=366
type=GAUGE, name=jvm.gc.PS-Scavenge.count, value=22
type=GAUGE, name=jvm.gc.PS-Scavenge.time, value=395
type=GAUGE, name=jvm.memory.heap.committed, value=1624768512
type=GAUGE, name=jvm.memory.heap.init, value=268435456
type=GAUGE, name=jvm.memory.heap.max, value=3817865216
type=GAUGE, name=jvm.memory.heap.usage, value=0.10442382678393641
type=GAUGE, name=jvm.memory.heap.used, value=398676096
type=GAUGE, name=jvm.memory.non-heap.committed, value=112050176
type=GAUGE, name=jvm.memory.non-heap.init, value=2555904
type=GAUGE, name=jvm.memory.non-heap.max, value=-1
type=GAUGE, name=jvm.memory.non-heap.usage, value=-1.08711928E8
type=GAUGE, name=jvm.memory.non-heap.used, value=108711928
type=GAUGE, name=jvm.memory.pools.Code-Cache.committed, value=29818880
type=GAUGE, name=jvm.memory.pools.Code-Cache.init, value=2555904
type=GAUGE, name=jvm.memory.pools.Code-Cache.max, value=251658240
type=GAUGE, name=jvm.memory.pools.Code-Cache.usage, value=0.11242243448893229
type=GAUGE, name=jvm.memory.pools.Code-Cache.used, value=28247360
type=GAUGE, name=jvm.memory.pools.Compressed-Class-Space.committed, value=9134080
type=GAUGE, name=jvm.memory.pools.Compressed-Class-Space.init, value=0
type=GAUGE, name=jvm.memory.pools.Compressed-Class-Space.max, value=1073741824
type=GAUGE, name=jvm.memory.pools.Compressed-Class-Space.usage, value=0.008198283612728119
type=GAUGE, name=jvm.memory.pools.Compressed-Class-Space.used, value=8802840
type=GAUGE, name=jvm.memory.pools.Metaspace.committed, value=73097216
type=GAUGE, name=jvm.memory.pools.Metaspace.init, value=0
type=GAUGE, name=jvm.memory.pools.Metaspace.max, value=-1
type=GAUGE, name=jvm.memory.pools.Metaspace.usage, value=0.9797508020004483
type=GAUGE, name=jvm.memory.pools.Metaspace.used, value=71617056
type=GAUGE, name=jvm.memory.pools.PS-Eden-Space.committed, value=1329594368
type=GAUGE, name=jvm.memory.pools.PS-Eden-Space.init, value=67108864
type=GAUGE, name=jvm.memory.pools.PS-Eden-Space.max, value=1339031552
type=GAUGE, name=jvm.memory.pools.PS-Eden-Space.usage, value=0.21797765673560468
type=GAUGE, name=jvm.memory.pools.PS-Eden-Space.used, value=291878960
type=GAUGE, name=jvm.memory.pools.PS-Eden-Space.used-after-gc, value=0
type=GAUGE, name=jvm.memory.pools.PS-Old-Gen.committed, value=253755392
type=GAUGE, name=jvm.memory.pools.PS-Old-Gen.init, value=179306496
type=GAUGE, name=jvm.memory.pools.PS-Old-Gen.max, value=2863661056
type=GAUGE, name=jvm.memory.pools.PS-Old-Gen.usage, value=0.02283926998377283
type=GAUGE, name=jvm.memory.pools.PS-Old-Gen.used, value=65403928
type=GAUGE, name=jvm.memory.pools.PS-Old-Gen.used-after-gc, value=59589688
type=GAUGE, name=jvm.memory.pools.PS-Survivor-Space.committed, value=41418752
type=GAUGE, name=jvm.memory.pools.PS-Survivor-Space.init, value=11010048
type=GAUGE, name=jvm.memory.pools.PS-Survivor-Space.max, value=41418752
type=GAUGE, name=jvm.memory.pools.PS-Survivor-Space.usage, value=0.9993832745129549
type=GAUGE, name=jvm.memory.pools.PS-Survivor-Space.used, value=41393208
type=GAUGE, name=jvm.memory.pools.PS-Survivor-Space.used-after-gc, value=41393208
type=GAUGE, name=jvm.memory.total.committed, value=1736818688
type=GAUGE, name=jvm.memory.total.init, value=270991360
type=GAUGE, name=jvm.memory.total.max, value=3817865215
type=GAUGE, name=jvm.memory.total.used, value=506994704
type=GAUGE, name=thread-states.blocked.count, value=0
type=GAUGE, name=thread-states.count, value=36
type=GAUGE, name=thread-states.daemon.count, value=23
type=GAUGE, name=thread-states.deadlock.count, value=0
type=GAUGE, name=thread-states.deadlocks, value=[]
type=GAUGE, name=thread-states.new.count, value=0
type=GAUGE, name=thread-states.runnable.count, value=7
type=GAUGE, name=thread-states.terminated.count, value=0
type=GAUGE, name=thread-states.timed_waiting.count, value=13
type=GAUGE, name=thread-states.waiting.count, value=16
type=COUNTER, name=org.apereo.cas.DefaultCentralAuthenticationService$$EnhancerBySpringCGLIB$$11e78af8.CREATE_PROXY_GRANTING_TICKET_COUNTER, count=0
type=COUNTER, name=org.apereo.cas.DefaultCentralAuthenticationService$$EnhancerBySpringCGLIB$$11e78af8.CREATE_TICKET_GRANTING_TICKET_COUNTER, count=0
type=COUNTER, name=org.apereo.cas.DefaultCentralAuthenticationService$$EnhancerBySpringCGLIB$$11e78af8.DELETE_TICKET_COUNTER, count=0
type=COUNTER, name=org.apereo.cas.DefaultCentralAuthenticationService$$EnhancerBySpringCGLIB$$11e78af8.DESTROY_TICKET_GRANTING_TICKET_COUNTER, count=0
type=COUNTER, name=org.apereo.cas.DefaultCentralAuthenticationService$$EnhancerBySpringCGLIB$$11e78af8.GET_TICKETS_COUNTER, count=0
type=COUNTER, name=org.apereo.cas.DefaultCentralAuthenticationService$$EnhancerBySpringCGLIB$$11e78af8.GET_TICKET_COUNTER, count=0
type=COUNTER, name=org.apereo.cas.DefaultCentralAuthenticationService$$EnhancerBySpringCGLIB$$11e78af8.GRANT_PROXY_TICKET_COUNTER, count=0
type=COUNTER, name=org.apereo.cas.DefaultCentralAuthenticationService$$EnhancerBySpringCGLIB$$11e78af8.GRANT_SERVICE_TICKET_COUNTER, count=0
type=COUNTER, name=org.apereo.cas.DefaultCentralAuthenticationService$$EnhancerBySpringCGLIB$$11e78af8.VALIDATE_SERVICE_TICKET_COUNTER, count=0
type=COUNTER, name=org.apereo.cas.authentication.PolicyBasedAuthenticationManager.AUTHENTICATE_COUNT, count=0
type=METER, name=org.apereo.cas.DefaultCentralAuthenticationService$$EnhancerBySpringCGLIB$$11e78af8.CREATE_PROXY_GRANTING_TICKET_METER, count=0, mean_rate=0.0, m1=0.0, m5=0.0, m15=0.0, rate_unit=events/millisecond
type=METER, name=org.apereo.cas.DefaultCentralAuthenticationService$$EnhancerBySpringCGLIB$$11e78af8.CREATE_TICKET_GRANTING_TICKET_METER, count=0, mean_rate=0.0, m1=0.0, m5=0.0, m15=0.0, rate_unit=events/millisecond
type=METER, name=org.apereo.cas.DefaultCentralAuthenticationService$$EnhancerBySpringCGLIB$$11e78af8.DELETE_TICKET_METER, count=0, mean_rate=0.0, m1=0.0, m5=0.0, m15=0.0, rate_unit=events/millisecond
type=METER, name=org.apereo.cas.DefaultCentralAuthenticationService$$EnhancerBySpringCGLIB$$11e78af8.DESTROY_TICKET_GRANTING_TICKET_METER, count=0, mean_rate=0.0, m1=0.0, m5=0.0, m15=0.0, rate_unit=events/millisecond
type=METER, name=org.apereo.cas.DefaultCentralAuthenticationService$$EnhancerBySpringCGLIB$$11e78af8.GET_TICKETS_METER, count=0, mean_rate=0.0, m1=0.0, m5=0.0, m15=0.0, rate_unit=events/millisecond
type=METER, name=org.apereo.cas.DefaultCentralAuthenticationService$$EnhancerBySpringCGLIB$$11e78af8.GET_TICKET_METER, count=0, mean_rate=0.0, m1=0.0, m5=0.0, m15=0.0, rate_unit=events/millisecond
type=METER, name=org.apereo.cas.DefaultCentralAuthenticationService$$EnhancerBySpringCGLIB$$11e78af8.GRANT_PROXY_TICKET_METER, count=0, mean_rate=0.0, m1=0.0, m5=0.0, m15=0.0, rate_unit=events/millisecond
type=METER, name=org.apereo.cas.DefaultCentralAuthenticationService$$EnhancerBySpringCGLIB$$11e78af8.GRANT_SERVICE_TICKET_METER, count=0, mean_rate=0.0, m1=0.0, m5=0.0, m15=0.0, rate_unit=events/millisecond
type=METER, name=org.apereo.cas.DefaultCentralAuthenticationService$$EnhancerBySpringCGLIB$$11e78af8.VALIDATE_SERVICE_TICKET_METER, count=0, mean_rate=0.0, m1=0.0, m5=0.0, m15=0.0, rate_unit=events/millisecond
type=METER, name=org.apereo.cas.authentication.PolicyBasedAuthenticationManager.AUTHENTICATE_METER, count=0, mean_rate=0.0, m1=0.0, m5=0.0, m15=0.0, rate_unit=events/millisecond
type=TIMER, name=org.apereo.cas.DefaultCentralAuthenticationService$$EnhancerBySpringCGLIB$$11e78af8.CREATE_PROXY_GRANTING_TICKET_TIMER, count=0, min=0.0, max=0.0, mean=0.0, stddev=0.0, median=0.0, p75=0.0, p95=0.0, p98=0.0, p99=0.0, p999=0.0, mean_rate=0.0, m1=0.0, m5=0.0, m15=0.0, rate_unit=events/millisecond, duration_unit=milliseconds
type=TIMER, name=org.apereo.cas.DefaultCentralAuthenticationService$$EnhancerBySpringCGLIB$$11e78af8.CREATE_TICKET_GRANTING_TICKET_TIMER, count=0, min=0.0, max=0.0, mean=0.0, stddev=0.0, median=0.0, p75=0.0, p95=0.0, p98=0.0, p99=0.0, p999=0.0, mean_rate=0.0, m1=0.0, m5=0.0, m15=0.0, rate_unit=events/millisecond, duration_unit=milliseconds
type=TIMER, name=org.apereo.cas.DefaultCentralAuthenticationService$$EnhancerBySpringCGLIB$$11e78af8.DELETE_TICKET_TIMER, count=0, min=0.0, max=0.0, mean=0.0, stddev=0.0, median=0.0, p75=0.0, p95=0.0, p98=0.0, p99=0.0, p999=0.0, mean_rate=0.0, m1=0.0, m5=0.0, m15=0.0, rate_unit=events/millisecond, duration_unit=milliseconds
type=TIMER, name=org.apereo.cas.DefaultCentralAuthenticationService$$EnhancerBySpringCGLIB$$11e78af8.DESTROY_TICKET_GRANTING_TICKET_TIMER, count=0, min=0.0, max=0.0, mean=0.0, stddev=0.0, median=0.0, p75=0.0, p95=0.0, p98=0.0, p99=0.0, p999=0.0, mean_rate=0.0, m1=0.0, m5=0.0, m15=0.0, rate_unit=events/millisecond, duration_unit=milliseconds
type=TIMER, name=org.apereo.cas.DefaultCentralAuthenticationService$$EnhancerBySpringCGLIB$$11e78af8.GET_TICKETS_TIMER, count=0, min=0.0, max=0.0, mean=0.0, stddev=0.0, median=0.0, p75=0.0, p95=0.0, p98=0.0, p99=0.0, p999=0.0, mean_rate=0.0, m1=0.0, m5=0.0, m15=0.0, rate_unit=events/millisecond, duration_unit=milliseconds
type=TIMER, name=org.apereo.cas.DefaultCentralAuthenticationService$$EnhancerBySpringCGLIB$$11e78af8.GET_TICKET_TIMER, count=0, min=0.0, max=0.0, mean=0.0, stddev=0.0, median=0.0, p75=0.0, p95=0.0, p98=0.0, p99=0.0, p999=0.0, mean_rate=0.0, m1=0.0, m5=0.0, m15=0.0, rate_unit=events/millisecond, duration_unit=milliseconds
type=TIMER, name=org.apereo.cas.DefaultCentralAuthenticationService$$EnhancerBySpringCGLIB$$11e78af8.GRANT_PROXY_TICKET_TIMER, count=0, min=0.0, max=0.0, mean=0.0, stddev=0.0, median=0.0, p75=0.0, p95=0.0, p98=0.0, p99=0.0, p999=0.0, mean_rate=0.0, m1=0.0, m5=0.0, m15=0.0, rate_unit=events/millisecond, duration_unit=milliseconds
type=TIMER, name=org.apereo.cas.DefaultCentralAuthenticationService$$EnhancerBySpringCGLIB$$11e78af8.GRANT_SERVICE_TICKET_TIMER, count=0, min=0.0, max=0.0, mean=0.0, stddev=0.0, median=0.0, p75=0.0, p95=0.0, p98=0.0, p99=0.0, p999=0.0, mean_rate=0.0, m1=0.0, m5=0.0, m15=0.0, rate_unit=events/millisecond, duration_unit=milliseconds
type=TIMER, name=org.apereo.cas.DefaultCentralAuthenticationService$$EnhancerBySpringCGLIB$$11e78af8.VALIDATE_SERVICE_TICKET_TIMER, count=0, min=0.0, max=0.0, mean=0.0, stddev=0.0, median=0.0, p75=0.0, p95=0.0, p98=0.0, p99=0.0, p999=0.0, mean_rate=0.0, m1=0.0, m5=0.0, m15=0.0, rate_unit=events/millisecond, duration_unit=milliseconds
type=TIMER, name=org.apereo.cas.authentication.PolicyBasedAuthenticationManager.AUTHENTICATE_TIMER, count=0, min=0.0, max=0.0, mean=0.0, stddev=0.0, median=0.0, p75=0.0, p95=0.0, p98=0.0, p99=0.0, p999=0.0, mean_rate=0.0, m1=0.0, m5=0.0, m15=0.0, rate_unit=events/millisecond, duration_unit=milliseconds
type=GAUGE, name=jvm.fd.usage, value=0.004296875
type=GAUGE, name=jvm.gc.PS-MarkSweep.count, value=3
type=GAUGE, name=jvm.gc.PS-MarkSweep.time, value=366
type=GAUGE, name=jvm.gc.PS-Scavenge.count, value=22
type=GAUGE, name=jvm.gc.PS-Scavenge.time, value=395
type=GAUGE, name=jvm.memory.heap.committed, value=1624768512
type=GAUGE, name=jvm.memory.heap.init, value=268435456
type=GAUGE, name=jvm.memory.heap.max, value=3817865216
type=GAUGE, name=jvm.memory.heap.usage, value=0.10529448716924007
type=GAUGE, name=jvm.memory.heap.used, value=402000160
type=GAUGE, name=jvm.memory.non-heap.committed, value=112050176
type=GAUGE, name=jvm.memory.non-heap.init, value=2555904
type=GAUGE, name=jvm.memory.non-heap.max, value=-1
type=GAUGE, name=jvm.memory.non-heap.usage, value=-1.08619984E8
type=GAUGE, name=jvm.memory.non-heap.used, value=108619984
type=GAUGE, name=jvm.memory.pools.Code-Cache.committed, value=29818880
type=GAUGE, name=jvm.memory.pools.Code-Cache.init, value=2555904
type=GAUGE, name=jvm.memory.pools.Code-Cache.max, value=251658240
type=GAUGE, name=jvm.memory.pools.Code-Cache.usage, value=0.11191965738932291
type=GAUGE, name=jvm.memory.pools.Code-Cache.used, value=28165504
type=GAUGE, name=jvm.memory.pools.Compressed-Class-Space.committed, value=9134080
type=GAUGE, name=jvm.memory.pools.Compressed-Class-Space.init, value=0
type=GAUGE, name=jvm.memory.pools.Compressed-Class-Space.max, value=1073741824
type=GAUGE, name=jvm.memory.pools.Compressed-Class-Space.usage, value=0.008198283612728119
type=GAUGE, name=jvm.memory.pools.Compressed-Class-Space.used, value=8802840
type=GAUGE, name=jvm.memory.pools.Metaspace.committed, value=73097216
type=GAUGE, name=jvm.memory.pools.Metaspace.init, value=0
type=GAUGE, name=jvm.memory.pools.Metaspace.max, value=-1
type=GAUGE, name=jvm.memory.pools.Metaspace.usage, value=0.9802239253544212
type=GAUGE, name=jvm.memory.pools.Metaspace.used, value=71651640
type=GAUGE, name=jvm.memory.pools.PS-Eden-Space.committed, value=1329594368
type=GAUGE, name=jvm.memory.pools.PS-Eden-Space.init, value=67108864
type=GAUGE, name=jvm.memory.pools.PS-Eden-Space.max, value=1339031552
type=GAUGE, name=jvm.memory.pools.PS-Eden-Space.usage, value=0.2204600956258871
type=GAUGE, name=jvm.memory.pools.PS-Eden-Space.used, value=295203024
type=GAUGE, name=jvm.memory.pools.PS-Eden-Space.used-after-gc, value=0
type=GAUGE, name=jvm.memory.pools.PS-Old-Gen.committed, value=253755392
type=GAUGE, name=jvm.memory.pools.PS-Old-Gen.init, value=179306496
type=GAUGE, name=jvm.memory.pools.PS-Old-Gen.max, value=2863661056
type=GAUGE, name=jvm.memory.pools.PS-Old-Gen.usage, value=0.02283926998377283
type=GAUGE, name=jvm.memory.pools.PS-Old-Gen.used, value=65403928
type=GAUGE, name=jvm.memory.pools.PS-Old-Gen.used-after-gc, value=59589688
type=GAUGE, name=jvm.memory.pools.PS-Survivor-Space.committed, value=41418752
type=GAUGE, name=jvm.memory.pools.PS-Survivor-Space.init, value=11010048
type=GAUGE, name=jvm.memory.pools.PS-Survivor-Space.max, value=41418752
type=GAUGE, name=jvm.memory.pools.PS-Survivor-Space.usage, value=0.9993832745129549
type=GAUGE, name=jvm.memory.pools.PS-Survivor-Space.used, value=41393208
type=GAUGE, name=jvm.memory.pools.PS-Survivor-Space.used-after-gc, value=41393208
type=GAUGE, name=jvm.memory.total.committed, value=1736818688
type=GAUGE, name=jvm.memory.total.init, value=270991360
type=GAUGE, name=jvm.memory.total.max, value=3817865215
type=GAUGE, name=jvm.memory.total.used, value=510622240
type=GAUGE, name=thread-states.blocked.count, value=0
type=GAUGE, name=thread-states.count, value=36
type=GAUGE, name=thread-states.daemon.count, value=23
type=GAUGE, name=thread-states.deadlock.count, value=0
type=GAUGE, name=thread-states.deadlocks, value=[]
type=GAUGE, name=thread-states.new.count, value=0
type=GAUGE, name=thread-states.runnable.count, value=7
type=GAUGE, name=thread-states.terminated.count, value=0
type=GAUGE, name=thread-states.timed_waiting.count, value=13
type=GAUGE, name=thread-states.waiting.count, value=16
type=COUNTER, name=org.apereo.cas.DefaultCentralAuthenticationService$$EnhancerBySpringCGLIB$$11e78af8.CREATE_PROXY_GRANTING_TICKET_COUNTER, count=0
type=COUNTER, name=org.apereo.cas.DefaultCentralAuthenticationService$$EnhancerBySpringCGLIB$$11e78af8.CREATE_TICKET_GRANTING_TICKET_COUNTER, count=0
type=COUNTER, name=org.apereo.cas.DefaultCentralAuthenticationService$$EnhancerBySpringCGLIB$$11e78af8.DELETE_TICKET_COUNTER, count=0
type=COUNTER, name=org.apereo.cas.DefaultCentralAuthenticationService$$EnhancerBySpringCGLIB$$11e78af8.DESTROY_TICKET_GRANTING_TICKET_COUNTER, count=0
type=COUNTER, name=org.apereo.cas.DefaultCentralAuthenticationService$$EnhancerBySpringCGLIB$$11e78af8.GET_TICKETS_COUNTER, count=0
type=COUNTER, name=org.apereo.cas.DefaultCentralAuthenticationService$$EnhancerBySpringCGLIB$$11e78af8.GET_TICKET_COUNTER, count=0
type=COUNTER, name=org.apereo.cas.DefaultCentralAuthenticationService$$EnhancerBySpringCGLIB$$11e78af8.GRANT_PROXY_TICKET_COUNTER, count=0
type=COUNTER, name=org.apereo.cas.DefaultCentralAuthenticationService$$EnhancerBySpringCGLIB$$11e78af8.GRANT_SERVICE_TICKET_COUNTER, count=0
type=COUNTER, name=org.apereo.cas.DefaultCentralAuthenticationService$$EnhancerBySpringCGLIB$$11e78af8.VALIDATE_SERVICE_TICKET_COUNTER, count=0
type=COUNTER, name=org.apereo.cas.authentication.PolicyBasedAuthenticationManager.AUTHENTICATE_COUNT, count=0
type=METER, name=org.apereo.cas.DefaultCentralAuthenticationService$$EnhancerBySpringCGLIB$$11e78af8.CREATE_PROXY_GRANTING_TICKET_METER, count=0, mean_rate=0.0, m1=0.0, m5=0.0, m15=0.0, rate_unit=events/millisecond
type=METER, name=org.apereo.cas.DefaultCentralAuthenticationService$$EnhancerBySpringCGLIB$$11e78af8.CREATE_TICKET_GRANTING_TICKET_METER, count=0, mean_rate=0.0, m1=0.0, m5=0.0, m15=0.0, rate_unit=events/millisecond
type=METER, name=org.apereo.cas.DefaultCentralAuthenticationService$$EnhancerBySpringCGLIB$$11e78af8.DELETE_TICKET_METER, count=0, mean_rate=0.0, m1=0.0, m5=0.0, m15=0.0, rate_unit=events/millisecond
type=METER, name=org.apereo.cas.DefaultCentralAuthenticationService$$EnhancerBySpringCGLIB$$11e78af8.DESTROY_TICKET_GRANTING_TICKET_METER, count=0, mean_rate=0.0, m1=0.0, m5=0.0, m15=0.0, rate_unit=events/millisecond
type=METER, name=org.apereo.cas.DefaultCentralAuthenticationService$$EnhancerBySpringCGLIB$$11e78af8.GET_TICKETS_METER, count=0, mean_rate=0.0, m1=0.0, m5=0.0, m15=0.0, rate_unit=events/millisecond
type=METER, name=org.apereo.cas.DefaultCentralAuthenticationService$$EnhancerBySpringCGLIB$$11e78af8.GET_TICKET_METER, count=0, mean_rate=0.0, m1=0.0, m5=0.0, m15=0.0, rate_unit=events/millisecond
type=METER, name=org.apereo.cas.DefaultCentralAuthenticationService$$EnhancerBySpringCGLIB$$11e78af8.GRANT_PROXY_TICKET_METER, count=0, mean_rate=0.0, m1=0.0, m5=0.0, m15=0.0, rate_unit=events/millisecond
type=METER, name=org.apereo.cas.DefaultCentralAuthenticationService$$EnhancerBySpringCGLIB$$11e78af8.GRANT_SERVICE_TICKET_METER, count=0, mean_rate=0.0, m1=0.0, m5=0.0, m15=0.0, rate_unit=events/millisecond
type=METER, name=org.apereo.cas.DefaultCentralAuthenticationService$$EnhancerBySpringCGLIB$$11e78af8.VALIDATE_SERVICE_TICKET_METER, count=0, mean_rate=0.0, m1=0.0, m5=0.0, m15=0.0, rate_unit=events/millisecond
type=METER, name=org.apereo.cas.authentication.PolicyBasedAuthenticationManager.AUTHENTICATE_METER, count=0, mean_rate=0.0, m1=0.0, m5=0.0, m15=0.0, rate_unit=events/millisecond
type=TIMER, name=org.apereo.cas.DefaultCentralAuthenticationService$$EnhancerBySpringCGLIB$$11e78af8.CREATE_PROXY_GRANTING_TICKET_TIMER, count=0, min=0.0, max=0.0, mean=0.0, stddev=0.0, median=0.0, p75=0.0, p95=0.0, p98=0.0, p99=0.0, p999=0.0, mean_rate=0.0, m1=0.0, m5=0.0, m15=0.0, rate_unit=events/millisecond, duration_unit=milliseconds
type=TIMER, name=org.apereo.cas.DefaultCentralAuthenticationService$$EnhancerBySpringCGLIB$$11e78af8.CREATE_TICKET_GRANTING_TICKET_TIMER, count=0, min=0.0, max=0.0, mean=0.0, stddev=0.0, median=0.0, p75=0.0, p95=0.0, p98=0.0, p99=0.0, p999=0.0, mean_rate=0.0, m1=0.0, m5=0.0, m15=0.0, rate_unit=events/millisecond, duration_unit=milliseconds
type=TIMER, name=org.apereo.cas.DefaultCentralAuthenticationService$$EnhancerBySpringCGLIB$$11e78af8.DELETE_TICKET_TIMER, count=0, min=0.0, max=0.0, mean=0.0, stddev=0.0, median=0.0, p75=0.0, p95=0.0, p98=0.0, p99=0.0, p999=0.0, mean_rate=0.0, m1=0.0, m5=0.0, m15=0.0, rate_unit=events/millisecond, duration_unit=milliseconds
type=TIMER, name=org.apereo.cas.DefaultCentralAuthenticationService$$EnhancerBySpringCGLIB$$11e78af8.DESTROY_TICKET_GRANTING_TICKET_TIMER, count=0, min=0.0, max=0.0, mean=0.0, stddev=0.0, median=0.0, p75=0.0, p95=0.0, p98=0.0, p99=0.0, p999=0.0, mean_rate=0.0, m1=0.0, m5=0.0, m15=0.0, rate_unit=events/millisecond, duration_unit=milliseconds
type=TIMER, name=org.apereo.cas.DefaultCentralAuthenticationService$$EnhancerBySpringCGLIB$$11e78af8.GET_TICKETS_TIMER, count=0, min=0.0, max=0.0, mean=0.0, stddev=0.0, median=0.0, p75=0.0, p95=0.0, p98=0.0, p99=0.0, p999=0.0, mean_rate=0.0, m1=0.0, m5=0.0, m15=0.0, rate_unit=events/millisecond, duration_unit=milliseconds
type=TIMER, name=org.apereo.cas.DefaultCentralAuthenticationService$$EnhancerBySpringCGLIB$$11e78af8.GET_TICKET_TIMER, count=0, min=0.0, max=0.0, mean=0.0, stddev=0.0, median=0.0, p75=0.0, p95=0.0, p98=0.0, p99=0.0, p999=0.0, mean_rate=0.0, m1=0.0, m5=0.0, m15=0.0, rate_unit=events/millisecond, duration_unit=milliseconds
type=TIMER, name=org.apereo.cas.DefaultCentralAuthenticationService$$EnhancerBySpringCGLIB$$11e78af8.GRANT_PROXY_TICKET_TIMER, count=0, min=0.0, max=0.0, mean=0.0, stddev=0.0, median=0.0, p75=0.0, p95=0.0, p98=0.0, p99=0.0, p999=0.0, mean_rate=0.0, m1=0.0, m5=0.0, m15=0.0, rate_unit=events/millisecond, duration_unit=milliseconds
type=TIMER, name=org.apereo.cas.DefaultCentralAuthenticationService$$EnhancerBySpringCGLIB$$11e78af8.GRANT_SERVICE_TICKET_TIMER, count=0, min=0.0, max=0.0, mean=0.0, stddev=0.0, median=0.0, p75=0.0, p95=0.0, p98=0.0, p99=0.0, p999=0.0, mean_rate=0.0, m1=0.0, m5=0.0, m15=0.0, rate_unit=events/millisecond, duration_unit=milliseconds
type=TIMER, name=org.apereo.cas.DefaultCentralAuthenticationService$$EnhancerBySpringCGLIB$$11e78af8.VALIDATE_SERVICE_TICKET_TIMER, count=0, min=0.0, max=0.0, mean=0.0, stddev=0.0, median=0.0, p75=0.0, p95=0.0, p98=0.0, p99=0.0, p999=0.0, mean_rate=0.0, m1=0.0, m5=0.0, m15=0.0, rate_unit=events/millisecond, duration_unit=milliseconds
type=TIMER, name=org.apereo.cas.authentication.PolicyBasedAuthenticationManager.AUTHENTICATE_TIMER, count=0, min=0.0, max=0.0, mean=0.0, stddev=0.0, median=0.0, p75=0.0, p95=0.0, p98=0.0, p99=0.0, p999=0.0, mean_rate=0.0, m1=0.0, m5=0.0, m15=0.0, rate_unit=events/millisecond, duration_unit=milliseconds
