2017-11-29 16:12:54[][main] INFO [Log4jTest] info
2017-11-29 16:12:54[][main] ERROR [Log4jTest] error
2017-11-29 16:12:54[][main] WARN [Log4jTest] warn
2017-11-29 16:15:16[][main] INFO [com.hlj.log4j.Log4jTest] info
2017-11-29 16:15:16[][main] ERROR [com.hlj.log4j.Log4jTest] error
2017-11-29 16:15:16[][main] DEBUG [com.hlj.log4j.Log4jTest] debug
2017-11-29 16:15:16[][main] WARN [com.hlj.log4j.Log4jTest] warn
2017-11-29 16:16:43[][main] INFO [com.hlj.log4j.Log4jTest] info
2017-11-29 16:16:43[][main] ERROR [com.hlj.log4j.Log4jTest] error
2017-11-29 16:16:43[][main] DEBUG [com.hlj.log4j.Log4jTest] debug
2017-11-29 16:16:43[][main] WARN [com.hlj.log4j.Log4jTest] warn
2017-11-29 16:33:28[][main] INFO [com.hlj.log4j.Log4jTest] info
2017-11-29 16:33:28[][main] ERROR [com.hlj.log4j.Log4jTest] error
2017-11-29 16:33:28[][main] DEBUG [com.hlj.log4j.Log4jTest] debug
2017-11-29 16:33:28[][main] WARN [com.hlj.log4j.Log4jTest] warn
2017-11-29 16:41:40[][main] INFO [com.hlj.log4j.Log4jTest] info
2017-11-29 16:41:40[][main] ERROR [com.hlj.log4j.Log4jTest] error
2017-11-29 16:41:40[][main] DEBUG [com.hlj.log4j.Log4jTest] debug
2017-11-29 16:41:40[][main] WARN [com.hlj.log4j.Log4jTest] warn
2017-11-29 16:42:23[][main] INFO [com.hlj.log4j.Log4jTest] info
2017-11-29 16:42:23[][main] ERROR [com.hlj.log4j.Log4jTest] error
2017-11-29 16:42:23[][main] DEBUG [com.hlj.log4j.Log4jTest] debug
2017-11-29 16:42:23[][main] WARN [com.hlj.log4j.Log4jTest] warn
2017-11-29 16:43:56[][main] INFO [com.hlj.log4j.Log4jTest] info
2017-11-29 16:43:56[][main] ERROR [com.hlj.log4j.Log4jTest] error
2017-11-29 16:43:56[][main] DEBUG [com.hlj.log4j.Log4jTest] debug
2017-11-29 16:43:56[][main] WARN [com.hlj.log4j.Log4jTest] warn
2017-11-29 16:44:15[][main] INFO [com.hlj.log4j.Log4jTest] info
2017-11-29 16:44:15[][main] ERROR [com.hlj.log4j.Log4jTest] error
2017-11-29 16:44:15[][main] DEBUG [com.hlj.log4j.Log4jTest] debug
2017-11-29 16:44:15[][main] WARN [com.hlj.log4j.Log4jTest] warn
