2017-11-27 10:29:36 org.apache.catalina.core.AprLifecycleListener init
信息: Loaded APR based Apache Tomcat Native library 1.1.22.
2017-11-27 10:29:36 org.apache.catalina.core.AprLifecycleListener init
信息: APR capabilities: IPv6 [false], sendfile [true], accept filters [false], random [true].
2017-11-27 10:29:36 org.apache.tomcat.util.digester.Digester fatalError
严重: Parse Fatal Error at line 55 column 38: Element type "Valve" must be followed by either attribute specifications, ">" or "/>".
org.xml.sax.SAXParseException: Element type "Valve" must be followed by either attribute specifications, ">" or "/>".
	at com.sun.org.apache.xerces.internal.util.ErrorHandlerWrapper.createSAXParseException(ErrorHandlerWrapper.java:195)
	at com.sun.org.apache.xerces.internal.util.ErrorHandlerWrapper.fatalError(ErrorHandlerWrapper.java:174)
	at com.sun.org.apache.xerces.internal.impl.XMLErrorReporter.reportError(XMLErrorReporter.java:388)
	at com.sun.org.apache.xerces.internal.impl.XMLScanner.reportFatalError(XMLScanner.java:1427)
	at com.sun.org.apache.xerces.internal.impl.XMLDocumentFragmentScannerImpl.seekCloseOfStartTag(XMLDocumentFragmentScannerImpl.java:1395)
	at com.sun.org.apache.xerces.internal.impl.XMLDocumentFragmentScannerImpl.scanStartElement(XMLDocumentFragmentScannerImpl.java:1328)
	at com.sun.org.apache.xerces.internal.impl.XMLDocumentFragmentScannerImpl$FragmentContentDriver.next(XMLDocumentFragmentScannerImpl.java:2756)
	at com.sun.org.apache.xerces.internal.impl.XMLDocumentScannerImpl.next(XMLDocumentScannerImpl.java:647)
	at com.sun.org.apache.xerces.internal.impl.XMLDocumentFragmentScannerImpl.scanDocument(XMLDocumentFragmentScannerImpl.java:511)
	at com.sun.org.apache.xerces.internal.parsers.XML11Configuration.parse(XML11Configuration.java:808)
	at com.sun.org.apache.xerces.internal.parsers.XML11Configuration.parse(XML11Configuration.java:737)
	at com.sun.org.apache.xerces.internal.parsers.XMLParser.parse(XMLParser.java:119)
	at com.sun.org.apache.xerces.internal.parsers.AbstractSAXParser.parse(AbstractSAXParser.java:1205)
	at com.sun.org.apache.xerces.internal.jaxp.SAXParserImpl$JAXPSAXParser.parse(SAXParserImpl.java:522)
	at org.apache.tomcat.util.digester.Digester.parse(Digester.java:1642)
	at org.apache.catalina.startup.Catalina.load(Catalina.java:524)
	at org.apache.catalina.startup.Catalina.load(Catalina.java:562)
	at sun.reflect.NativeMethodAccessorImpl.invoke0(Native Method)
	at sun.reflect.NativeMethodAccessorImpl.invoke(NativeMethodAccessorImpl.java:39)
	at sun.reflect.DelegatingMethodAccessorImpl.invoke(DelegatingMethodAccessorImpl.java:25)
	at java.lang.reflect.Method.invoke(Method.java:597)
	at org.apache.catalina.startup.Bootstrap.load(Bootstrap.java:261)
	at org.apache.catalina.startup.Bootstrap.main(Bootstrap.java:413)
2017-11-27 10:29:36 org.apache.catalina.startup.Catalina load
警告: Catalina.start using conf/server.xml: 
org.xml.sax.SAXParseException: Element type "Valve" must be followed by either attribute specifications, ">" or "/>".
	at com.sun.org.apache.xerces.internal.parsers.AbstractSAXParser.parse(AbstractSAXParser.java:1231)
	at com.sun.org.apache.xerces.internal.jaxp.SAXParserImpl$JAXPSAXParser.parse(SAXParserImpl.java:522)
	at org.apache.tomcat.util.digester.Digester.parse(Digester.java:1642)
	at org.apache.catalina.startup.Catalina.load(Catalina.java:524)
	at org.apache.catalina.startup.Catalina.load(Catalina.java:562)
	at sun.reflect.NativeMethodAccessorImpl.invoke0(Native Method)
	at sun.reflect.NativeMethodAccessorImpl.invoke(NativeMethodAccessorImpl.java:39)
	at sun.reflect.DelegatingMethodAccessorImpl.invoke(DelegatingMethodAccessorImpl.java:25)
	at java.lang.reflect.Method.invoke(Method.java:597)
	at org.apache.catalina.startup.Bootstrap.load(Bootstrap.java:261)
	at org.apache.catalina.startup.Bootstrap.main(Bootstrap.java:413)
2017-11-27 10:29:36 org.apache.tomcat.util.digester.Digester fatalError
严重: Parse Fatal Error at line 55 column 38: Element type "Valve" must be followed by either attribute specifications, ">" or "/>".
org.xml.sax.SAXParseException: Element type "Valve" must be followed by either attribute specifications, ">" or "/>".
	at com.sun.org.apache.xerces.internal.util.ErrorHandlerWrapper.createSAXParseException(ErrorHandlerWrapper.java:195)
	at com.sun.org.apache.xerces.internal.util.ErrorHandlerWrapper.fatalError(ErrorHandlerWrapper.java:174)
	at com.sun.org.apache.xerces.internal.impl.XMLErrorReporter.reportError(XMLErrorReporter.java:388)
	at com.sun.org.apache.xerces.internal.impl.XMLScanner.reportFatalError(XMLScanner.java:1427)
	at com.sun.org.apache.xerces.internal.impl.XMLDocumentFragmentScannerImpl.seekCloseOfStartTag(XMLDocumentFragmentScannerImpl.java:1395)
	at com.sun.org.apache.xerces.internal.impl.XMLDocumentFragmentScannerImpl.scanStartElement(XMLDocumentFragmentScannerImpl.java:1328)
	at com.sun.org.apache.xerces.internal.impl.XMLDocumentFragmentScannerImpl$FragmentContentDriver.next(XMLDocumentFragmentScannerImpl.java:2756)
	at com.sun.org.apache.xerces.internal.impl.XMLDocumentScannerImpl.next(XMLDocumentScannerImpl.java:647)
	at com.sun.org.apache.xerces.internal.impl.XMLDocumentFragmentScannerImpl.scanDocument(XMLDocumentFragmentScannerImpl.java:511)
	at com.sun.org.apache.xerces.internal.parsers.XML11Configuration.parse(XML11Configuration.java:808)
	at com.sun.org.apache.xerces.internal.parsers.XML11Configuration.parse(XML11Configuration.java:737)
	at com.sun.org.apache.xerces.internal.parsers.XMLParser.parse(XMLParser.java:119)
	at com.sun.org.apache.xerces.internal.parsers.AbstractSAXParser.parse(AbstractSAXParser.java:1205)
	at com.sun.org.apache.xerces.internal.jaxp.SAXParserImpl$JAXPSAXParser.parse(SAXParserImpl.java:522)
	at org.apache.tomcat.util.digester.Digester.parse(Digester.java:1642)
	at org.apache.catalina.startup.Catalina.load(Catalina.java:524)
	at org.apache.catalina.startup.Catalina.start(Catalina.java:582)
	at sun.reflect.NativeMethodAccessorImpl.invoke0(Native Method)
	at sun.reflect.NativeMethodAccessorImpl.invoke(NativeMethodAccessorImpl.java:39)
	at sun.reflect.DelegatingMethodAccessorImpl.invoke(DelegatingMethodAccessorImpl.java:25)
	at java.lang.reflect.Method.invoke(Method.java:597)
	at org.apache.catalina.startup.Bootstrap.start(Bootstrap.java:289)
	at org.apache.catalina.startup.Bootstrap.main(Bootstrap.java:414)
2017-11-27 10:29:36 org.apache.catalina.startup.Catalina load
警告: Catalina.start using conf/server.xml: 
org.xml.sax.SAXParseException: Element type "Valve" must be followed by either attribute specifications, ">" or "/>".
	at com.sun.org.apache.xerces.internal.parsers.AbstractSAXParser.parse(AbstractSAXParser.java:1231)
	at com.sun.org.apache.xerces.internal.jaxp.SAXParserImpl$JAXPSAXParser.parse(SAXParserImpl.java:522)
	at org.apache.tomcat.util.digester.Digester.parse(Digester.java:1642)
	at org.apache.catalina.startup.Catalina.load(Catalina.java:524)
	at org.apache.catalina.startup.Catalina.start(Catalina.java:582)
	at sun.reflect.NativeMethodAccessorImpl.invoke0(Native Method)
	at sun.reflect.NativeMethodAccessorImpl.invoke(NativeMethodAccessorImpl.java:39)
	at sun.reflect.DelegatingMethodAccessorImpl.invoke(DelegatingMethodAccessorImpl.java:25)
	at java.lang.reflect.Method.invoke(Method.java:597)
	at org.apache.catalina.startup.Bootstrap.start(Bootstrap.java:289)
	at org.apache.catalina.startup.Bootstrap.main(Bootstrap.java:414)
2017-11-27 10:29:36 org.apache.catalina.startup.Catalina start
严重: Cannot start server. Server instance is not configured.
2017-11-27 10:29:48 org.apache.catalina.core.AprLifecycleListener init
信息: Loaded APR based Apache Tomcat Native library 1.1.22.
2017-11-27 10:29:48 org.apache.catalina.core.AprLifecycleListener init
信息: APR capabilities: IPv6 [false], sendfile [true], accept filters [false], random [true].
2017-11-27 10:29:48 org.apache.tomcat.util.digester.Digester fatalError
严重: Parse Fatal Error at line 55 column 38: Element type "Valve" must be followed by either attribute specifications, ">" or "/>".
org.xml.sax.SAXParseException: Element type "Valve" must be followed by either attribute specifications, ">" or "/>".
	at com.sun.org.apache.xerces.internal.util.ErrorHandlerWrapper.createSAXParseException(ErrorHandlerWrapper.java:195)
	at com.sun.org.apache.xerces.internal.util.ErrorHandlerWrapper.fatalError(ErrorHandlerWrapper.java:174)
	at com.sun.org.apache.xerces.internal.impl.XMLErrorReporter.reportError(XMLErrorReporter.java:388)
	at com.sun.org.apache.xerces.internal.impl.XMLScanner.reportFatalError(XMLScanner.java:1427)
	at com.sun.org.apache.xerces.internal.impl.XMLDocumentFragmentScannerImpl.seekCloseOfStartTag(XMLDocumentFragmentScannerImpl.java:1395)
	at com.sun.org.apache.xerces.internal.impl.XMLDocumentFragmentScannerImpl.scanStartElement(XMLDocumentFragmentScannerImpl.java:1328)
	at com.sun.org.apache.xerces.internal.impl.XMLDocumentFragmentScannerImpl$FragmentContentDriver.next(XMLDocumentFragmentScannerImpl.java:2756)
	at com.sun.org.apache.xerces.internal.impl.XMLDocumentScannerImpl.next(XMLDocumentScannerImpl.java:647)
	at com.sun.org.apache.xerces.internal.impl.XMLDocumentFragmentScannerImpl.scanDocument(XMLDocumentFragmentScannerImpl.java:511)
	at com.sun.org.apache.xerces.internal.parsers.XML11Configuration.parse(XML11Configuration.java:808)
	at com.sun.org.apache.xerces.internal.parsers.XML11Configuration.parse(XML11Configuration.java:737)
	at com.sun.org.apache.xerces.internal.parsers.XMLParser.parse(XMLParser.java:119)
	at com.sun.org.apache.xerces.internal.parsers.AbstractSAXParser.parse(AbstractSAXParser.java:1205)
	at com.sun.org.apache.xerces.internal.jaxp.SAXParserImpl$JAXPSAXParser.parse(SAXParserImpl.java:522)
	at org.apache.tomcat.util.digester.Digester.parse(Digester.java:1642)
	at org.apache.catalina.startup.Catalina.load(Catalina.java:524)
	at org.apache.catalina.startup.Catalina.load(Catalina.java:562)
	at sun.reflect.NativeMethodAccessorImpl.invoke0(Native Method)
	at sun.reflect.NativeMethodAccessorImpl.invoke(NativeMethodAccessorImpl.java:39)
	at sun.reflect.DelegatingMethodAccessorImpl.invoke(DelegatingMethodAccessorImpl.java:25)
	at java.lang.reflect.Method.invoke(Method.java:597)
	at org.apache.catalina.startup.Bootstrap.load(Bootstrap.java:261)
	at org.apache.catalina.startup.Bootstrap.main(Bootstrap.java:413)
2017-11-27 10:29:48 org.apache.catalina.startup.Catalina load
警告: Catalina.start using conf/server.xml: 
org.xml.sax.SAXParseException: Element type "Valve" must be followed by either attribute specifications, ">" or "/>".
	at com.sun.org.apache.xerces.internal.parsers.AbstractSAXParser.parse(AbstractSAXParser.java:1231)
	at com.sun.org.apache.xerces.internal.jaxp.SAXParserImpl$JAXPSAXParser.parse(SAXParserImpl.java:522)
	at org.apache.tomcat.util.digester.Digester.parse(Digester.java:1642)
	at org.apache.catalina.startup.Catalina.load(Catalina.java:524)
	at org.apache.catalina.startup.Catalina.load(Catalina.java:562)
	at sun.reflect.NativeMethodAccessorImpl.invoke0(Native Method)
	at sun.reflect.NativeMethodAccessorImpl.invoke(NativeMethodAccessorImpl.java:39)
	at sun.reflect.DelegatingMethodAccessorImpl.invoke(DelegatingMethodAccessorImpl.java:25)
	at java.lang.reflect.Method.invoke(Method.java:597)
	at org.apache.catalina.startup.Bootstrap.load(Bootstrap.java:261)
	at org.apache.catalina.startup.Bootstrap.main(Bootstrap.java:413)
2017-11-27 10:29:48 org.apache.tomcat.util.digester.Digester fatalError
严重: Parse Fatal Error at line 55 column 38: Element type "Valve" must be followed by either attribute specifications, ">" or "/>".
org.xml.sax.SAXParseException: Element type "Valve" must be followed by either attribute specifications, ">" or "/>".
	at com.sun.org.apache.xerces.internal.util.ErrorHandlerWrapper.createSAXParseException(ErrorHandlerWrapper.java:195)
	at com.sun.org.apache.xerces.internal.util.ErrorHandlerWrapper.fatalError(ErrorHandlerWrapper.java:174)
	at com.sun.org.apache.xerces.internal.impl.XMLErrorReporter.reportError(XMLErrorReporter.java:388)
	at com.sun.org.apache.xerces.internal.impl.XMLScanner.reportFatalError(XMLScanner.java:1427)
	at com.sun.org.apache.xerces.internal.impl.XMLDocumentFragmentScannerImpl.seekCloseOfStartTag(XMLDocumentFragmentScannerImpl.java:1395)
	at com.sun.org.apache.xerces.internal.impl.XMLDocumentFragmentScannerImpl.scanStartElement(XMLDocumentFragmentScannerImpl.java:1328)
	at com.sun.org.apache.xerces.internal.impl.XMLDocumentFragmentScannerImpl$FragmentContentDriver.next(XMLDocumentFragmentScannerImpl.java:2756)
	at com.sun.org.apache.xerces.internal.impl.XMLDocumentScannerImpl.next(XMLDocumentScannerImpl.java:647)
	at com.sun.org.apache.xerces.internal.impl.XMLDocumentFragmentScannerImpl.scanDocument(XMLDocumentFragmentScannerImpl.java:511)
	at com.sun.org.apache.xerces.internal.parsers.XML11Configuration.parse(XML11Configuration.java:808)
	at com.sun.org.apache.xerces.internal.parsers.XML11Configuration.parse(XML11Configuration.java:737)
	at com.sun.org.apache.xerces.internal.parsers.XMLParser.parse(XMLParser.java:119)
	at com.sun.org.apache.xerces.internal.parsers.AbstractSAXParser.parse(AbstractSAXParser.java:1205)
	at com.sun.org.apache.xerces.internal.jaxp.SAXParserImpl$JAXPSAXParser.parse(SAXParserImpl.java:522)
	at org.apache.tomcat.util.digester.Digester.parse(Digester.java:1642)
	at org.apache.catalina.startup.Catalina.load(Catalina.java:524)
	at org.apache.catalina.startup.Catalina.start(Catalina.java:582)
	at sun.reflect.NativeMethodAccessorImpl.invoke0(Native Method)
	at sun.reflect.NativeMethodAccessorImpl.invoke(NativeMethodAccessorImpl.java:39)
	at sun.reflect.DelegatingMethodAccessorImpl.invoke(DelegatingMethodAccessorImpl.java:25)
	at java.lang.reflect.Method.invoke(Method.java:597)
	at org.apache.catalina.startup.Bootstrap.start(Bootstrap.java:289)
	at org.apache.catalina.startup.Bootstrap.main(Bootstrap.java:414)
2017-11-27 10:29:48 org.apache.catalina.startup.Catalina load
警告: Catalina.start using conf/server.xml: 
org.xml.sax.SAXParseException: Element type "Valve" must be followed by either attribute specifications, ">" or "/>".
	at com.sun.org.apache.xerces.internal.parsers.AbstractSAXParser.parse(AbstractSAXParser.java:1231)
	at com.sun.org.apache.xerces.internal.jaxp.SAXParserImpl$JAXPSAXParser.parse(SAXParserImpl.java:522)
	at org.apache.tomcat.util.digester.Digester.parse(Digester.java:1642)
	at org.apache.catalina.startup.Catalina.load(Catalina.java:524)
	at org.apache.catalina.startup.Catalina.start(Catalina.java:582)
	at sun.reflect.NativeMethodAccessorImpl.invoke0(Native Method)
	at sun.reflect.NativeMethodAccessorImpl.invoke(NativeMethodAccessorImpl.java:39)
	at sun.reflect.DelegatingMethodAccessorImpl.invoke(DelegatingMethodAccessorImpl.java:25)
	at java.lang.reflect.Method.invoke(Method.java:597)
	at org.apache.catalina.startup.Bootstrap.start(Bootstrap.java:289)
	at org.apache.catalina.startup.Bootstrap.main(Bootstrap.java:414)
2017-11-27 10:29:48 org.apache.catalina.startup.Catalina start
严重: Cannot start server. Server instance is not configured.
2017-11-27 10:30:33 org.apache.catalina.core.AprLifecycleListener init
信息: Loaded APR based Apache Tomcat Native library 1.1.22.
2017-11-27 10:30:33 org.apache.catalina.core.AprLifecycleListener init
信息: APR capabilities: IPv6 [false], sendfile [true], accept filters [false], random [true].
2017-11-27 10:30:34 org.apache.tomcat.util.digester.Digester fatalError
严重: Parse Fatal Error at line 55 column 38: Element type "Valve" must be followed by either attribute specifications, ">" or "/>".
org.xml.sax.SAXParseException: Element type "Valve" must be followed by either attribute specifications, ">" or "/>".
	at com.sun.org.apache.xerces.internal.util.ErrorHandlerWrapper.createSAXParseException(ErrorHandlerWrapper.java:195)
	at com.sun.org.apache.xerces.internal.util.ErrorHandlerWrapper.fatalError(ErrorHandlerWrapper.java:174)
	at com.sun.org.apache.xerces.internal.impl.XMLErrorReporter.reportError(XMLErrorReporter.java:388)
	at com.sun.org.apache.xerces.internal.impl.XMLScanner.reportFatalError(XMLScanner.java:1427)
	at com.sun.org.apache.xerces.internal.impl.XMLDocumentFragmentScannerImpl.seekCloseOfStartTag(XMLDocumentFragmentScannerImpl.java:1395)
	at com.sun.org.apache.xerces.internal.impl.XMLDocumentFragmentScannerImpl.scanStartElement(XMLDocumentFragmentScannerImpl.java:1328)
	at com.sun.org.apache.xerces.internal.impl.XMLDocumentFragmentScannerImpl$FragmentContentDriver.next(XMLDocumentFragmentScannerImpl.java:2756)
	at com.sun.org.apache.xerces.internal.impl.XMLDocumentScannerImpl.next(XMLDocumentScannerImpl.java:647)
	at com.sun.org.apache.xerces.internal.impl.XMLDocumentFragmentScannerImpl.scanDocument(XMLDocumentFragmentScannerImpl.java:511)
	at com.sun.org.apache.xerces.internal.parsers.XML11Configuration.parse(XML11Configuration.java:808)
	at com.sun.org.apache.xerces.internal.parsers.XML11Configuration.parse(XML11Configuration.java:737)
	at com.sun.org.apache.xerces.internal.parsers.XMLParser.parse(XMLParser.java:119)
	at com.sun.org.apache.xerces.internal.parsers.AbstractSAXParser.parse(AbstractSAXParser.java:1205)
	at com.sun.org.apache.xerces.internal.jaxp.SAXParserImpl$JAXPSAXParser.parse(SAXParserImpl.java:522)
	at org.apache.tomcat.util.digester.Digester.parse(Digester.java:1642)
	at org.apache.catalina.startup.Catalina.load(Catalina.java:524)
	at org.apache.catalina.startup.Catalina.load(Catalina.java:562)
	at sun.reflect.NativeMethodAccessorImpl.invoke0(Native Method)
	at sun.reflect.NativeMethodAccessorImpl.invoke(NativeMethodAccessorImpl.java:39)
	at sun.reflect.DelegatingMethodAccessorImpl.invoke(DelegatingMethodAccessorImpl.java:25)
	at java.lang.reflect.Method.invoke(Method.java:597)
	at org.apache.catalina.startup.Bootstrap.load(Bootstrap.java:261)
	at org.apache.catalina.startup.Bootstrap.main(Bootstrap.java:413)
2017-11-27 10:30:34 org.apache.catalina.startup.Catalina load
警告: Catalina.start using conf/server.xml: 
org.xml.sax.SAXParseException: Element type "Valve" must be followed by either attribute specifications, ">" or "/>".
	at com.sun.org.apache.xerces.internal.parsers.AbstractSAXParser.parse(AbstractSAXParser.java:1231)
	at com.sun.org.apache.xerces.internal.jaxp.SAXParserImpl$JAXPSAXParser.parse(SAXParserImpl.java:522)
	at org.apache.tomcat.util.digester.Digester.parse(Digester.java:1642)
	at org.apache.catalina.startup.Catalina.load(Catalina.java:524)
	at org.apache.catalina.startup.Catalina.load(Catalina.java:562)
	at sun.reflect.NativeMethodAccessorImpl.invoke0(Native Method)
	at sun.reflect.NativeMethodAccessorImpl.invoke(NativeMethodAccessorImpl.java:39)
	at sun.reflect.DelegatingMethodAccessorImpl.invoke(DelegatingMethodAccessorImpl.java:25)
	at java.lang.reflect.Method.invoke(Method.java:597)
	at org.apache.catalina.startup.Bootstrap.load(Bootstrap.java:261)
	at org.apache.catalina.startup.Bootstrap.main(Bootstrap.java:413)
2017-11-27 10:30:34 org.apache.tomcat.util.digester.Digester fatalError
严重: Parse Fatal Error at line 55 column 38: Element type "Valve" must be followed by either attribute specifications, ">" or "/>".
org.xml.sax.SAXParseException: Element type "Valve" must be followed by either attribute specifications, ">" or "/>".
	at com.sun.org.apache.xerces.internal.util.ErrorHandlerWrapper.createSAXParseException(ErrorHandlerWrapper.java:195)
	at com.sun.org.apache.xerces.internal.util.ErrorHandlerWrapper.fatalError(ErrorHandlerWrapper.java:174)
	at com.sun.org.apache.xerces.internal.impl.XMLErrorReporter.reportError(XMLErrorReporter.java:388)
	at com.sun.org.apache.xerces.internal.impl.XMLScanner.reportFatalError(XMLScanner.java:1427)
	at com.sun.org.apache.xerces.internal.impl.XMLDocumentFragmentScannerImpl.seekCloseOfStartTag(XMLDocumentFragmentScannerImpl.java:1395)
	at com.sun.org.apache.xerces.internal.impl.XMLDocumentFragmentScannerImpl.scanStartElement(XMLDocumentFragmentScannerImpl.java:1328)
	at com.sun.org.apache.xerces.internal.impl.XMLDocumentFragmentScannerImpl$FragmentContentDriver.next(XMLDocumentFragmentScannerImpl.java:2756)
	at com.sun.org.apache.xerces.internal.impl.XMLDocumentScannerImpl.next(XMLDocumentScannerImpl.java:647)
	at com.sun.org.apache.xerces.internal.impl.XMLDocumentFragmentScannerImpl.scanDocument(XMLDocumentFragmentScannerImpl.java:511)
	at com.sun.org.apache.xerces.internal.parsers.XML11Configuration.parse(XML11Configuration.java:808)
	at com.sun.org.apache.xerces.internal.parsers.XML11Configuration.parse(XML11Configuration.java:737)
	at com.sun.org.apache.xerces.internal.parsers.XMLParser.parse(XMLParser.java:119)
	at com.sun.org.apache.xerces.internal.parsers.AbstractSAXParser.parse(AbstractSAXParser.java:1205)
	at com.sun.org.apache.xerces.internal.jaxp.SAXParserImpl$JAXPSAXParser.parse(SAXParserImpl.java:522)
	at org.apache.tomcat.util.digester.Digester.parse(Digester.java:1642)
	at org.apache.catalina.startup.Catalina.load(Catalina.java:524)
	at org.apache.catalina.startup.Catalina.start(Catalina.java:582)
	at sun.reflect.NativeMethodAccessorImpl.invoke0(Native Method)
	at sun.reflect.NativeMethodAccessorImpl.invoke(NativeMethodAccessorImpl.java:39)
	at sun.reflect.DelegatingMethodAccessorImpl.invoke(DelegatingMethodAccessorImpl.java:25)
	at java.lang.reflect.Method.invoke(Method.java:597)
	at org.apache.catalina.startup.Bootstrap.start(Bootstrap.java:289)
	at org.apache.catalina.startup.Bootstrap.main(Bootstrap.java:414)
2017-11-27 10:30:34 org.apache.catalina.startup.Catalina load
警告: Catalina.start using conf/server.xml: 
org.xml.sax.SAXParseException: Element type "Valve" must be followed by either attribute specifications, ">" or "/>".
	at com.sun.org.apache.xerces.internal.parsers.AbstractSAXParser.parse(AbstractSAXParser.java:1231)
	at com.sun.org.apache.xerces.internal.jaxp.SAXParserImpl$JAXPSAXParser.parse(SAXParserImpl.java:522)
	at org.apache.tomcat.util.digester.Digester.parse(Digester.java:1642)
	at org.apache.catalina.startup.Catalina.load(Catalina.java:524)
	at org.apache.catalina.startup.Catalina.start(Catalina.java:582)
	at sun.reflect.NativeMethodAccessorImpl.invoke0(Native Method)
	at sun.reflect.NativeMethodAccessorImpl.invoke(NativeMethodAccessorImpl.java:39)
	at sun.reflect.DelegatingMethodAccessorImpl.invoke(DelegatingMethodAccessorImpl.java:25)
	at java.lang.reflect.Method.invoke(Method.java:597)
	at org.apache.catalina.startup.Bootstrap.start(Bootstrap.java:289)
	at org.apache.catalina.startup.Bootstrap.main(Bootstrap.java:414)
2017-11-27 10:30:34 org.apache.catalina.startup.Catalina start
严重: Cannot start server. Server instance is not configured.
2017-11-27 10:30:37 org.apache.catalina.core.AprLifecycleListener init
信息: Loaded APR based Apache Tomcat Native library 1.1.22.
2017-11-27 10:30:37 org.apache.catalina.core.AprLifecycleListener init
信息: APR capabilities: IPv6 [false], sendfile [true], accept filters [false], random [true].
2017-11-27 10:30:38 org.apache.tomcat.util.digester.Digester fatalError
严重: Parse Fatal Error at line 55 column 38: Element type "Valve" must be followed by either attribute specifications, ">" or "/>".
org.xml.sax.SAXParseException: Element type "Valve" must be followed by either attribute specifications, ">" or "/>".
	at com.sun.org.apache.xerces.internal.util.ErrorHandlerWrapper.createSAXParseException(ErrorHandlerWrapper.java:195)
	at com.sun.org.apache.xerces.internal.util.ErrorHandlerWrapper.fatalError(ErrorHandlerWrapper.java:174)
	at com.sun.org.apache.xerces.internal.impl.XMLErrorReporter.reportError(XMLErrorReporter.java:388)
	at com.sun.org.apache.xerces.internal.impl.XMLScanner.reportFatalError(XMLScanner.java:1427)
	at com.sun.org.apache.xerces.internal.impl.XMLDocumentFragmentScannerImpl.seekCloseOfStartTag(XMLDocumentFragmentScannerImpl.java:1395)
	at com.sun.org.apache.xerces.internal.impl.XMLDocumentFragmentScannerImpl.scanStartElement(XMLDocumentFragmentScannerImpl.java:1328)
	at com.sun.org.apache.xerces.internal.impl.XMLDocumentFragmentScannerImpl$FragmentContentDriver.next(XMLDocumentFragmentScannerImpl.java:2756)
	at com.sun.org.apache.xerces.internal.impl.XMLDocumentScannerImpl.next(XMLDocumentScannerImpl.java:647)
	at com.sun.org.apache.xerces.internal.impl.XMLDocumentFragmentScannerImpl.scanDocument(XMLDocumentFragmentScannerImpl.java:511)
	at com.sun.org.apache.xerces.internal.parsers.XML11Configuration.parse(XML11Configuration.java:808)
	at com.sun.org.apache.xerces.internal.parsers.XML11Configuration.parse(XML11Configuration.java:737)
	at com.sun.org.apache.xerces.internal.parsers.XMLParser.parse(XMLParser.java:119)
	at com.sun.org.apache.xerces.internal.parsers.AbstractSAXParser.parse(AbstractSAXParser.java:1205)
	at com.sun.org.apache.xerces.internal.jaxp.SAXParserImpl$JAXPSAXParser.parse(SAXParserImpl.java:522)
	at org.apache.tomcat.util.digester.Digester.parse(Digester.java:1642)
	at org.apache.catalina.startup.Catalina.load(Catalina.java:524)
	at org.apache.catalina.startup.Catalina.load(Catalina.java:562)
	at sun.reflect.NativeMethodAccessorImpl.invoke0(Native Method)
	at sun.reflect.NativeMethodAccessorImpl.invoke(NativeMethodAccessorImpl.java:39)
	at sun.reflect.DelegatingMethodAccessorImpl.invoke(DelegatingMethodAccessorImpl.java:25)
	at java.lang.reflect.Method.invoke(Method.java:597)
	at org.apache.catalina.startup.Bootstrap.load(Bootstrap.java:261)
	at org.apache.catalina.startup.Bootstrap.main(Bootstrap.java:413)
2017-11-27 10:30:38 org.apache.catalina.startup.Catalina load
警告: Catalina.start using conf/server.xml: 
org.xml.sax.SAXParseException: Element type "Valve" must be followed by either attribute specifications, ">" or "/>".
	at com.sun.org.apache.xerces.internal.parsers.AbstractSAXParser.parse(AbstractSAXParser.java:1231)
	at com.sun.org.apache.xerces.internal.jaxp.SAXParserImpl$JAXPSAXParser.parse(SAXParserImpl.java:522)
	at org.apache.tomcat.util.digester.Digester.parse(Digester.java:1642)
	at org.apache.catalina.startup.Catalina.load(Catalina.java:524)
	at org.apache.catalina.startup.Catalina.load(Catalina.java:562)
	at sun.reflect.NativeMethodAccessorImpl.invoke0(Native Method)
	at sun.reflect.NativeMethodAccessorImpl.invoke(NativeMethodAccessorImpl.java:39)
	at sun.reflect.DelegatingMethodAccessorImpl.invoke(DelegatingMethodAccessorImpl.java:25)
	at java.lang.reflect.Method.invoke(Method.java:597)
	at org.apache.catalina.startup.Bootstrap.load(Bootstrap.java:261)
	at org.apache.catalina.startup.Bootstrap.main(Bootstrap.java:413)
2017-11-27 10:30:38 org.apache.tomcat.util.digester.Digester fatalError
严重: Parse Fatal Error at line 55 column 38: Element type "Valve" must be followed by either attribute specifications, ">" or "/>".
org.xml.sax.SAXParseException: Element type "Valve" must be followed by either attribute specifications, ">" or "/>".
	at com.sun.org.apache.xerces.internal.util.ErrorHandlerWrapper.createSAXParseException(ErrorHandlerWrapper.java:195)
	at com.sun.org.apache.xerces.internal.util.ErrorHandlerWrapper.fatalError(ErrorHandlerWrapper.java:174)
	at com.sun.org.apache.xerces.internal.impl.XMLErrorReporter.reportError(XMLErrorReporter.java:388)
	at com.sun.org.apache.xerces.internal.impl.XMLScanner.reportFatalError(XMLScanner.java:1427)
	at com.sun.org.apache.xerces.internal.impl.XMLDocumentFragmentScannerImpl.seekCloseOfStartTag(XMLDocumentFragmentScannerImpl.java:1395)
	at com.sun.org.apache.xerces.internal.impl.XMLDocumentFragmentScannerImpl.scanStartElement(XMLDocumentFragmentScannerImpl.java:1328)
	at com.sun.org.apache.xerces.internal.impl.XMLDocumentFragmentScannerImpl$FragmentContentDriver.next(XMLDocumentFragmentScannerImpl.java:2756)
	at com.sun.org.apache.xerces.internal.impl.XMLDocumentScannerImpl.next(XMLDocumentScannerImpl.java:647)
	at com.sun.org.apache.xerces.internal.impl.XMLDocumentFragmentScannerImpl.scanDocument(XMLDocumentFragmentScannerImpl.java:511)
	at com.sun.org.apache.xerces.internal.parsers.XML11Configuration.parse(XML11Configuration.java:808)
	at com.sun.org.apache.xerces.internal.parsers.XML11Configuration.parse(XML11Configuration.java:737)
	at com.sun.org.apache.xerces.internal.parsers.XMLParser.parse(XMLParser.java:119)
	at com.sun.org.apache.xerces.internal.parsers.AbstractSAXParser.parse(AbstractSAXParser.java:1205)
	at com.sun.org.apache.xerces.internal.jaxp.SAXParserImpl$JAXPSAXParser.parse(SAXParserImpl.java:522)
	at org.apache.tomcat.util.digester.Digester.parse(Digester.java:1642)
	at org.apache.catalina.startup.Catalina.load(Catalina.java:524)
	at org.apache.catalina.startup.Catalina.start(Catalina.java:582)
	at sun.reflect.NativeMethodAccessorImpl.invoke0(Native Method)
	at sun.reflect.NativeMethodAccessorImpl.invoke(NativeMethodAccessorImpl.java:39)
	at sun.reflect.DelegatingMethodAccessorImpl.invoke(DelegatingMethodAccessorImpl.java:25)
	at java.lang.reflect.Method.invoke(Method.java:597)
	at org.apache.catalina.startup.Bootstrap.start(Bootstrap.java:289)
	at org.apache.catalina.startup.Bootstrap.main(Bootstrap.java:414)
2017-11-27 10:30:38 org.apache.catalina.startup.Catalina load
警告: Catalina.start using conf/server.xml: 
org.xml.sax.SAXParseException: Element type "Valve" must be followed by either attribute specifications, ">" or "/>".
	at com.sun.org.apache.xerces.internal.parsers.AbstractSAXParser.parse(AbstractSAXParser.java:1231)
	at com.sun.org.apache.xerces.internal.jaxp.SAXParserImpl$JAXPSAXParser.parse(SAXParserImpl.java:522)
	at org.apache.tomcat.util.digester.Digester.parse(Digester.java:1642)
	at org.apache.catalina.startup.Catalina.load(Catalina.java:524)
	at org.apache.catalina.startup.Catalina.start(Catalina.java:582)
	at sun.reflect.NativeMethodAccessorImpl.invoke0(Native Method)
	at sun.reflect.NativeMethodAccessorImpl.invoke(NativeMethodAccessorImpl.java:39)
	at sun.reflect.DelegatingMethodAccessorImpl.invoke(DelegatingMethodAccessorImpl.java:25)
	at java.lang.reflect.Method.invoke(Method.java:597)
	at org.apache.catalina.startup.Bootstrap.start(Bootstrap.java:289)
	at org.apache.catalina.startup.Bootstrap.main(Bootstrap.java:414)
2017-11-27 10:30:38 org.apache.catalina.startup.Catalina start
严重: Cannot start server. Server instance is not configured.
2017-11-27 10:30:44 org.apache.catalina.core.AprLifecycleListener init
信息: Loaded APR based Apache Tomcat Native library 1.1.22.
2017-11-27 10:30:44 org.apache.catalina.core.AprLifecycleListener init
信息: APR capabilities: IPv6 [false], sendfile [true], accept filters [false], random [true].
2017-11-27 10:30:44 org.apache.tomcat.util.digester.Digester fatalError
严重: Parse Fatal Error at line 55 column 38: Element type "Valve" must be followed by either attribute specifications, ">" or "/>".
org.xml.sax.SAXParseException: Element type "Valve" must be followed by either attribute specifications, ">" or "/>".
	at com.sun.org.apache.xerces.internal.util.ErrorHandlerWrapper.createSAXParseException(ErrorHandlerWrapper.java:195)
	at com.sun.org.apache.xerces.internal.util.ErrorHandlerWrapper.fatalError(ErrorHandlerWrapper.java:174)
	at com.sun.org.apache.xerces.internal.impl.XMLErrorReporter.reportError(XMLErrorReporter.java:388)
	at com.sun.org.apache.xerces.internal.impl.XMLScanner.reportFatalError(XMLScanner.java:1427)
	at com.sun.org.apache.xerces.internal.impl.XMLDocumentFragmentScannerImpl.seekCloseOfStartTag(XMLDocumentFragmentScannerImpl.java:1395)
	at com.sun.org.apache.xerces.internal.impl.XMLDocumentFragmentScannerImpl.scanStartElement(XMLDocumentFragmentScannerImpl.java:1328)
	at com.sun.org.apache.xerces.internal.impl.XMLDocumentFragmentScannerImpl$FragmentContentDriver.next(XMLDocumentFragmentScannerImpl.java:2756)
	at com.sun.org.apache.xerces.internal.impl.XMLDocumentScannerImpl.next(XMLDocumentScannerImpl.java:647)
	at com.sun.org.apache.xerces.internal.impl.XMLDocumentFragmentScannerImpl.scanDocument(XMLDocumentFragmentScannerImpl.java:511)
	at com.sun.org.apache.xerces.internal.parsers.XML11Configuration.parse(XML11Configuration.java:808)
	at com.sun.org.apache.xerces.internal.parsers.XML11Configuration.parse(XML11Configuration.java:737)
	at com.sun.org.apache.xerces.internal.parsers.XMLParser.parse(XMLParser.java:119)
	at com.sun.org.apache.xerces.internal.parsers.AbstractSAXParser.parse(AbstractSAXParser.java:1205)
	at com.sun.org.apache.xerces.internal.jaxp.SAXParserImpl$JAXPSAXParser.parse(SAXParserImpl.java:522)
	at org.apache.tomcat.util.digester.Digester.parse(Digester.java:1642)
	at org.apache.catalina.startup.Catalina.load(Catalina.java:524)
	at org.apache.catalina.startup.Catalina.load(Catalina.java:562)
	at sun.reflect.NativeMethodAccessorImpl.invoke0(Native Method)
	at sun.reflect.NativeMethodAccessorImpl.invoke(NativeMethodAccessorImpl.java:39)
	at sun.reflect.DelegatingMethodAccessorImpl.invoke(DelegatingMethodAccessorImpl.java:25)
	at java.lang.reflect.Method.invoke(Method.java:597)
	at org.apache.catalina.startup.Bootstrap.load(Bootstrap.java:261)
	at org.apache.catalina.startup.Bootstrap.main(Bootstrap.java:413)
2017-11-27 10:30:44 org.apache.catalina.startup.Catalina load
警告: Catalina.start using conf/server.xml: 
org.xml.sax.SAXParseException: Element type "Valve" must be followed by either attribute specifications, ">" or "/>".
	at com.sun.org.apache.xerces.internal.parsers.AbstractSAXParser.parse(AbstractSAXParser.java:1231)
	at com.sun.org.apache.xerces.internal.jaxp.SAXParserImpl$JAXPSAXParser.parse(SAXParserImpl.java:522)
	at org.apache.tomcat.util.digester.Digester.parse(Digester.java:1642)
	at org.apache.catalina.startup.Catalina.load(Catalina.java:524)
	at org.apache.catalina.startup.Catalina.load(Catalina.java:562)
	at sun.reflect.NativeMethodAccessorImpl.invoke0(Native Method)
	at sun.reflect.NativeMethodAccessorImpl.invoke(NativeMethodAccessorImpl.java:39)
	at sun.reflect.DelegatingMethodAccessorImpl.invoke(DelegatingMethodAccessorImpl.java:25)
	at java.lang.reflect.Method.invoke(Method.java:597)
	at org.apache.catalina.startup.Bootstrap.load(Bootstrap.java:261)
	at org.apache.catalina.startup.Bootstrap.main(Bootstrap.java:413)
2017-11-27 10:30:44 org.apache.tomcat.util.digester.Digester fatalError
严重: Parse Fatal Error at line 55 column 38: Element type "Valve" must be followed by either attribute specifications, ">" or "/>".
org.xml.sax.SAXParseException: Element type "Valve" must be followed by either attribute specifications, ">" or "/>".
	at com.sun.org.apache.xerces.internal.util.ErrorHandlerWrapper.createSAXParseException(ErrorHandlerWrapper.java:195)
	at com.sun.org.apache.xerces.internal.util.ErrorHandlerWrapper.fatalError(ErrorHandlerWrapper.java:174)
	at com.sun.org.apache.xerces.internal.impl.XMLErrorReporter.reportError(XMLErrorReporter.java:388)
	at com.sun.org.apache.xerces.internal.impl.XMLScanner.reportFatalError(XMLScanner.java:1427)
	at com.sun.org.apache.xerces.internal.impl.XMLDocumentFragmentScannerImpl.seekCloseOfStartTag(XMLDocumentFragmentScannerImpl.java:1395)
	at com.sun.org.apache.xerces.internal.impl.XMLDocumentFragmentScannerImpl.scanStartElement(XMLDocumentFragmentScannerImpl.java:1328)
	at com.sun.org.apache.xerces.internal.impl.XMLDocumentFragmentScannerImpl$FragmentContentDriver.next(XMLDocumentFragmentScannerImpl.java:2756)
	at com.sun.org.apache.xerces.internal.impl.XMLDocumentScannerImpl.next(XMLDocumentScannerImpl.java:647)
	at com.sun.org.apache.xerces.internal.impl.XMLDocumentFragmentScannerImpl.scanDocument(XMLDocumentFragmentScannerImpl.java:511)
	at com.sun.org.apache.xerces.internal.parsers.XML11Configuration.parse(XML11Configuration.java:808)
	at com.sun.org.apache.xerces.internal.parsers.XML11Configuration.parse(XML11Configuration.java:737)
	at com.sun.org.apache.xerces.internal.parsers.XMLParser.parse(XMLParser.java:119)
	at com.sun.org.apache.xerces.internal.parsers.AbstractSAXParser.parse(AbstractSAXParser.java:1205)
	at com.sun.org.apache.xerces.internal.jaxp.SAXParserImpl$JAXPSAXParser.parse(SAXParserImpl.java:522)
	at org.apache.tomcat.util.digester.Digester.parse(Digester.java:1642)
	at org.apache.catalina.startup.Catalina.load(Catalina.java:524)
	at org.apache.catalina.startup.Catalina.start(Catalina.java:582)
	at sun.reflect.NativeMethodAccessorImpl.invoke0(Native Method)
	at sun.reflect.NativeMethodAccessorImpl.invoke(NativeMethodAccessorImpl.java:39)
	at sun.reflect.DelegatingMethodAccessorImpl.invoke(DelegatingMethodAccessorImpl.java:25)
	at java.lang.reflect.Method.invoke(Method.java:597)
	at org.apache.catalina.startup.Bootstrap.start(Bootstrap.java:289)
	at org.apache.catalina.startup.Bootstrap.main(Bootstrap.java:414)
2017-11-27 10:30:44 org.apache.catalina.startup.Catalina load
警告: Catalina.start using conf/server.xml: 
org.xml.sax.SAXParseException: Element type "Valve" must be followed by either attribute specifications, ">" or "/>".
	at com.sun.org.apache.xerces.internal.parsers.AbstractSAXParser.parse(AbstractSAXParser.java:1231)
	at com.sun.org.apache.xerces.internal.jaxp.SAXParserImpl$JAXPSAXParser.parse(SAXParserImpl.java:522)
	at org.apache.tomcat.util.digester.Digester.parse(Digester.java:1642)
	at org.apache.catalina.startup.Catalina.load(Catalina.java:524)
	at org.apache.catalina.startup.Catalina.start(Catalina.java:582)
	at sun.reflect.NativeMethodAccessorImpl.invoke0(Native Method)
	at sun.reflect.NativeMethodAccessorImpl.invoke(NativeMethodAccessorImpl.java:39)
	at sun.reflect.DelegatingMethodAccessorImpl.invoke(DelegatingMethodAccessorImpl.java:25)
	at java.lang.reflect.Method.invoke(Method.java:597)
	at org.apache.catalina.startup.Bootstrap.start(Bootstrap.java:289)
	at org.apache.catalina.startup.Bootstrap.main(Bootstrap.java:414)
2017-11-27 10:30:44 org.apache.catalina.startup.Catalina start
严重: Cannot start server. Server instance is not configured.
2017-11-27 10:32:36 org.apache.catalina.core.AprLifecycleListener init
信息: Loaded APR based Apache Tomcat Native library 1.1.22.
2017-11-27 10:32:36 org.apache.catalina.core.AprLifecycleListener init
信息: APR capabilities: IPv6 [false], sendfile [true], accept filters [false], random [true].
2017-11-27 10:32:36 org.apache.coyote.http11.Http11AprProtocol init
信息: Initializing Coyote HTTP/1.1 on http-18080
2017-11-27 10:32:36 org.apache.coyote.ajp.AjpAprProtocol init
信息: Initializing Coyote AJP/1.3 on ajp-18009
2017-11-27 10:32:36 org.apache.catalina.startup.Catalina load
信息: Initialization processed in 993 ms
2017-11-27 10:32:36 org.apache.catalina.core.StandardService start
信息: Starting service Catalina
2017-11-27 10:32:36 org.apache.catalina.core.StandardEngine start
信息: Starting Servlet Engine: Apache Tomcat/6.0.35
2017-11-27 10:32:36 org.apache.catalina.ha.tcp.SimpleTcpCluster start
信息: Cluster is about to start
2017-11-27 10:32:36 org.apache.catalina.tribes.transport.ReceiverBase bind
信息: Receiver Server Socket bound to:/127.0.0.1:4000
2017-11-27 10:32:36 org.apache.catalina.tribes.membership.McastServiceImpl setupSocket
信息: Setting cluster mcast soTimeout to 500
2017-11-27 10:32:36 org.apache.catalina.tribes.membership.McastServiceImpl waitForMembers
信息: Sleeping for 1000 milliseconds to establish cluster membership, start level:4
2017-11-27 10:32:37 org.apache.catalina.tribes.membership.McastServiceImpl waitForMembers
信息: Done sleeping, membership established, start level:4
2017-11-27 10:32:37 org.apache.catalina.tribes.membership.McastServiceImpl waitForMembers
信息: Sleeping for 1000 milliseconds to establish cluster membership, start level:8
2017-11-27 10:32:38 org.apache.catalina.tribes.membership.McastServiceImpl waitForMembers
信息: Done sleeping, membership established, start level:8
2017-11-27 10:32:38 org.apache.catalina.startup.HostConfig deployDescriptor
信息: Deploying configuration descriptor NginxTomcatSession.xml
2017-11-27 10:32:39 org.apache.catalina.ha.session.DeltaManager start
信息: Register manager /NginxTomcatSession to cluster element Engine with name Catalina
2017-11-27 10:32:39 org.apache.catalina.ha.session.DeltaManager start
信息: Starting clustering manager at /NginxTomcatSession
2017-11-27 10:32:39 org.apache.catalina.ha.session.DeltaManager getAllClusterSessions
信息: Manager [localhost#/NginxTomcatSession]: skipping state transfer. No members active in cluster group.
2017-11-27 10:32:39 org.apache.catalina.ha.session.JvmRouteBinderValve start
信息: JvmRouteBinderValve started
2017-11-27 10:32:39 org.apache.coyote.http11.Http11AprProtocol start
信息: Starting Coyote HTTP/1.1 on http-18080
2017-11-27 10:32:39 org.apache.coyote.ajp.AjpAprProtocol start
信息: Starting Coyote AJP/1.3 on ajp-18009
2017-11-27 10:32:39 org.apache.catalina.startup.Catalina start
信息: Server startup in 2578 ms
2017-11-27 10:40:04 org.apache.catalina.core.AprLifecycleListener init
信息: Loaded APR based Apache Tomcat Native library 1.1.22.
2017-11-27 10:40:04 org.apache.catalina.core.AprLifecycleListener init
信息: APR capabilities: IPv6 [false], sendfile [true], accept filters [false], random [true].
2017-11-27 10:40:05 org.apache.coyote.http11.Http11AprProtocol init
信息: Initializing Coyote HTTP/1.1 on http-38080
2017-11-27 10:40:05 org.apache.coyote.ajp.AjpAprProtocol init
信息: Initializing Coyote AJP/1.3 on ajp-38009
2017-11-27 10:40:05 org.apache.catalina.startup.Catalina load
信息: Initialization processed in 842 ms
2017-11-27 10:40:05 org.apache.catalina.core.StandardService start
信息: Starting service Catalina
2017-11-27 10:40:05 org.apache.catalina.core.StandardEngine start
信息: Starting Servlet Engine: Apache Tomcat/6.0.35
2017-11-27 10:40:05 org.apache.catalina.ha.tcp.SimpleTcpCluster start
信息: Cluster is about to start
2017-11-27 10:40:05 org.apache.catalina.tribes.transport.ReceiverBase bind
信息: Receiver Server Socket bound to:/127.0.0.1:4001
2017-11-27 10:40:05 org.apache.catalina.tribes.membership.McastServiceImpl setupSocket
信息: Setting cluster mcast soTimeout to 500
2017-11-27 10:40:05 org.apache.catalina.tribes.membership.McastServiceImpl waitForMembers
信息: Sleeping for 1000 milliseconds to establish cluster membership, start level:4
2017-11-27 10:40:05 org.apache.catalina.ha.tcp.SimpleTcpCluster memberAdded
信息: Replication member added:org.apache.catalina.tribes.membership.MemberImpl[tcp://{127, 0, 0, 1}:4000,{127, 0, 0, 1},4000, alive=11145,id={66 8 -52 -117 -62 -63 67 127 -77 81 2 -31 77 -48 -117 42 }, payload={}, command={}, domain={}, ]
2017-11-27 10:40:06 org.apache.catalina.tribes.membership.McastServiceImpl waitForMembers
信息: Done sleeping, membership established, start level:4
2017-11-27 10:40:06 org.apache.catalina.tribes.membership.McastServiceImpl waitForMembers
信息: Sleeping for 1000 milliseconds to establish cluster membership, start level:8
2017-11-27 10:40:06 org.apache.catalina.tribes.io.BufferPool getBufferPool
信息: Created a buffer pool with max size:104857600 bytes of type:org.apache.catalina.tribes.io.BufferPool15Impl
2017-11-27 10:40:07 org.apache.catalina.tribes.membership.McastServiceImpl waitForMembers
信息: Done sleeping, membership established, start level:8
2017-11-27 10:40:07 org.apache.catalina.startup.HostConfig deployDescriptor
信息: Deploying configuration descriptor NginxTomcatSession.xml
2017-11-27 10:40:07 org.apache.catalina.ha.session.DeltaManager start
信息: Register manager /NginxTomcatSession to cluster element Engine with name Catalina
2017-11-27 10:40:07 org.apache.catalina.ha.session.DeltaManager start
信息: Starting clustering manager at /NginxTomcatSession
2017-11-27 10:40:07 org.apache.catalina.ha.session.DeltaManager getAllClusterSessions
警告: Manager [localhost#/NginxTomcatSession], requesting session state from org.apache.catalina.tribes.membership.MemberImpl[tcp://{127, 0, 0, 1}:4000,{127, 0, 0, 1},4000, alive=12653,id={66 8 -52 -117 -62 -63 67 127 -77 81 2 -31 77 -48 -117 42 }, payload={}, command={}, domain={}, ]. This operation will timeout if no session state has been received within 60 seconds.
2017-11-27 10:40:07 org.apache.catalina.ha.session.DeltaManager waitForSendAllSessions
信息: Manager [localhost#/NginxTomcatSession]; session state send at 17-11-27 上午10:40 received in 140 ms.
2017-11-27 10:40:07 org.apache.catalina.ha.session.JvmRouteBinderValve start
信息: JvmRouteBinderValve started
2017-11-27 10:40:07 org.apache.coyote.http11.Http11AprProtocol start
信息: Starting Coyote HTTP/1.1 on http-38080
2017-11-27 10:40:07 org.apache.coyote.ajp.AjpAprProtocol start
信息: Starting Coyote AJP/1.3 on ajp-38009
2017-11-27 10:40:07 org.apache.catalina.startup.Catalina start
信息: Server startup in 2631 ms
2017-11-27 10:58:09 org.apache.catalina.tribes.transport.nio.NioReplicationTask run
警告: IOException in replication worker, unable to drain channel. Probable cause: Keep alive socket closed[远程主机强迫关闭了一个现有的连接。].
2017-11-27 11:00:28 org.apache.catalina.core.AprLifecycleListener init
信息: Loaded APR based Apache Tomcat Native library 1.1.22.
2017-11-27 11:00:28 org.apache.catalina.core.AprLifecycleListener init
信息: APR capabilities: IPv6 [false], sendfile [true], accept filters [false], random [true].
2017-11-27 11:00:28 org.apache.coyote.http11.Http11AprProtocol init
信息: Initializing Coyote HTTP/1.1 on http-38080
2017-11-27 11:00:28 org.apache.coyote.ajp.AjpAprProtocol init
信息: Initializing Coyote AJP/1.3 on ajp-38009
2017-11-27 11:00:28 org.apache.catalina.startup.Catalina load
信息: Initialization processed in 940 ms
2017-11-27 11:00:28 org.apache.catalina.core.StandardService start
信息: Starting service Catalina
2017-11-27 11:00:28 org.apache.catalina.core.StandardEngine start
信息: Starting Servlet Engine: Apache Tomcat/6.0.35
2017-11-27 11:00:28 org.apache.catalina.ha.tcp.SimpleTcpCluster start
信息: Cluster is about to start
2017-11-27 11:00:28 org.apache.catalina.tribes.transport.ReceiverBase bind
信息: Receiver Server Socket bound to:/127.0.0.1:4001
2017-11-27 11:00:28 org.apache.catalina.tribes.membership.McastServiceImpl setupSocket
信息: Setting cluster mcast soTimeout to 500
2017-11-27 11:00:28 org.apache.catalina.tribes.membership.McastServiceImpl waitForMembers
信息: Sleeping for 1000 milliseconds to establish cluster membership, start level:4
2017-11-27 11:00:29 org.apache.catalina.ha.tcp.SimpleTcpCluster memberAdded
信息: Replication member added:org.apache.catalina.tribes.membership.MemberImpl[tcp://{127, 0, 0, 1}:4000,{127, 0, 0, 1},4000, alive=4562,id={-11 105 124 -3 -76 80 71 50 -123 50 -53 -29 -90 -32 127 22 }, payload={}, command={}, domain={}, ]
2017-11-27 11:00:29 org.apache.catalina.tribes.membership.McastServiceImpl waitForMembers
信息: Done sleeping, membership established, start level:4
2017-11-27 11:00:29 org.apache.catalina.tribes.membership.McastServiceImpl waitForMembers
信息: Sleeping for 1000 milliseconds to establish cluster membership, start level:8
2017-11-27 11:00:29 org.apache.catalina.tribes.io.BufferPool getBufferPool
信息: Created a buffer pool with max size:104857600 bytes of type:org.apache.catalina.tribes.io.BufferPool15Impl
2017-11-27 11:00:30 org.apache.catalina.tribes.membership.McastServiceImpl waitForMembers
信息: Done sleeping, membership established, start level:8
2017-11-27 11:00:30 org.apache.catalina.startup.HostConfig deployDescriptor
信息: Deploying configuration descriptor NginxTomcatSession.xml
2017-11-27 11:00:31 org.apache.catalina.ha.session.DeltaManager start
信息: Register manager /NginxTomcatSession to cluster element Engine with name Catalina
2017-11-27 11:00:31 org.apache.catalina.ha.session.DeltaManager start
信息: Starting clustering manager at /NginxTomcatSession
2017-11-27 11:00:31 org.apache.catalina.ha.session.DeltaManager getAllClusterSessions
警告: Manager [localhost#/NginxTomcatSession], requesting session state from org.apache.catalina.tribes.membership.MemberImpl[tcp://{127, 0, 0, 1}:4000,{127, 0, 0, 1},4000, alive=6084,id={-11 105 124 -3 -76 80 71 50 -123 50 -53 -29 -90 -32 127 22 }, payload={}, command={}, domain={}, ]. This operation will timeout if no session state has been received within 60 seconds.
2017-11-27 11:00:31 org.apache.catalina.ha.session.DeltaManager waitForSendAllSessions
信息: Manager [localhost#/NginxTomcatSession]; session state send at 17-11-27 上午11:00 received in 109 ms.
2017-11-27 11:00:31 org.apache.catalina.ha.session.JvmRouteBinderValve start
信息: JvmRouteBinderValve started
2017-11-27 11:00:31 org.apache.coyote.http11.Http11AprProtocol start
信息: Starting Coyote HTTP/1.1 on http-38080
2017-11-27 11:00:31 org.apache.coyote.ajp.AjpAprProtocol start
信息: Starting Coyote AJP/1.3 on ajp-38009
2017-11-27 11:00:31 org.apache.catalina.startup.Catalina start
信息: Server startup in 2524 ms
2017-11-27 11:00:37 org.apache.catalina.ha.tcp.SimpleTcpCluster memberAdded
信息: Replication member added:org.apache.catalina.tribes.membership.MemberImpl[tcp://{127, 0, 0, 1}:4002,{127, 0, 0, 1},4002, alive=1018,id={14 118 82 43 75 93 65 39 -120 114 -98 -69 120 84 114 -79 }, payload={}, command={}, domain={}, ]
