2018-03-11 02:03:19,063 INFO [org.apereo.inspektr.audit.support.Slf4jLoggingAuditTrailManager] - Audit trail record BEGIN
=============================================================
WHO: casuser
WHAT: Supplied credentials: [casuser]
ACTION: AUTHENTICATION_SUCCESS
APPLICATION: CAS
WHEN: Sun Mar 11 02:03:19 CST 2018
CLIENT IP ADDRESS: 0:0:0:0:0:0:0:1
SERVER IP ADDRESS: 0:0:0:0:0:0:0:1
=============================================================


2018-03-11 02:03:19,089 INFO [org.apereo.inspektr.audit.support.Slf4jLoggingAuditTrailManager] - Audit trail record BEGIN
=============================================================
WHO: casuser
WHAT: TGT-**********************************************kDNWPrfA5e-MacBook-Pro
ACTION: TICKET_GRANTING_TICKET_CREATED
APPLICATION: CAS
WHEN: Sun Mar 11 02:03:19 CST 2018
CLIENT IP ADDRESS: 0:0:0:0:0:0:0:1
SERVER IP ADDRESS: 0:0:0:0:0:0:0:1
=============================================================


