2017-11-27 10:39:53 org.apache.catalina.core.AprLifecycleListener init
信息: Loaded APR based Apache Tomcat Native library 1.1.22.
2017-11-27 10:39:53 org.apache.catalina.core.AprLifecycleListener init
信息: APR capabilities: IPv6 [false], sendfile [true], accept filters [false], random [true].
2017-11-27 10:39:54 org.apache.coyote.http11.Http11AprProtocol init
信息: Initializing Coyote HTTP/1.1 on http-28080
2017-11-27 10:39:54 org.apache.coyote.ajp.AjpAprProtocol init
信息: Initializing Coyote AJP/1.3 on ajp-28009
2017-11-27 10:39:54 org.apache.catalina.startup.Catalina load
信息: Initialization processed in 963 ms
2017-11-27 10:39:54 org.apache.catalina.core.StandardService start
信息: Starting service Catalina
2017-11-27 10:39:54 org.apache.catalina.core.StandardEngine start
信息: Starting Servlet Engine: Apache Tomcat/6.0.35
2017-11-27 10:39:54 org.apache.catalina.ha.tcp.SimpleTcpCluster start
信息: Cluster is about to start
2017-11-27 10:39:54 org.apache.catalina.tribes.transport.ReceiverBase bind
信息: Receiver Server Socket bound to:/127.0.0.1:4000
2017-11-27 10:39:54 org.apache.catalina.tribes.membership.McastServiceImpl setupSocket
信息: Setting cluster mcast soTimeout to 500
2017-11-27 10:39:54 org.apache.catalina.tribes.membership.McastServiceImpl waitForMembers
信息: Sleeping for 1000 milliseconds to establish cluster membership, start level:4
2017-11-27 10:39:55 org.apache.catalina.tribes.membership.McastServiceImpl waitForMembers
信息: Done sleeping, membership established, start level:4
2017-11-27 10:39:55 org.apache.catalina.tribes.membership.McastServiceImpl waitForMembers
信息: Sleeping for 1000 milliseconds to establish cluster membership, start level:8
2017-11-27 10:39:56 org.apache.catalina.tribes.membership.McastServiceImpl waitForMembers
信息: Done sleeping, membership established, start level:8
2017-11-27 10:39:56 org.apache.catalina.startup.HostConfig deployDescriptor
信息: Deploying configuration descriptor NginxTomcatSession.xml
2017-11-27 10:39:56 org.apache.catalina.ha.session.DeltaManager start
信息: Register manager /NginxTomcatSession to cluster element Engine with name Catalina
2017-11-27 10:39:56 org.apache.catalina.ha.session.DeltaManager start
信息: Starting clustering manager at /NginxTomcatSession
2017-11-27 10:39:56 org.apache.catalina.ha.session.DeltaManager getAllClusterSessions
信息: Manager [localhost#/NginxTomcatSession]: skipping state transfer. No members active in cluster group.
2017-11-27 10:39:56 org.apache.catalina.ha.session.JvmRouteBinderValve start
信息: JvmRouteBinderValve started
2017-11-27 10:39:56 org.apache.coyote.http11.Http11AprProtocol start
信息: Starting Coyote HTTP/1.1 on http-28080
2017-11-27 10:39:56 org.apache.coyote.ajp.AjpAprProtocol start
信息: Starting Coyote AJP/1.3 on ajp-28009
2017-11-27 10:39:56 org.apache.catalina.startup.Catalina start
信息: Server startup in 2473 ms
2017-11-27 10:40:05 org.apache.catalina.tribes.io.BufferPool getBufferPool
信息: Created a buffer pool with max size:104857600 bytes of type:org.apache.catalina.tribes.io.BufferPool15Impl
2017-11-27 10:40:06 org.apache.catalina.ha.tcp.SimpleTcpCluster memberAdded
信息: Replication member added:org.apache.catalina.tribes.membership.MemberImpl[tcp://{127, 0, 0, 1}:4001,{127, 0, 0, 1},4001, alive=1015,id={73 -103 -111 -124 16 7 78 -25 -80 58 -20 -47 13 7 87 10 }, payload={}, command={}, domain={}, ]
2017-11-27 11:00:35 org.apache.catalina.core.AprLifecycleListener init
信息: Loaded APR based Apache Tomcat Native library 1.1.22.
2017-11-27 11:00:35 org.apache.catalina.core.AprLifecycleListener init
信息: APR capabilities: IPv6 [false], sendfile [true], accept filters [false], random [true].
2017-11-27 11:00:36 org.apache.coyote.http11.Http11AprProtocol init
信息: Initializing Coyote HTTP/1.1 on http-28080
2017-11-27 11:00:36 org.apache.coyote.ajp.AjpAprProtocol init
信息: Initializing Coyote AJP/1.3 on ajp-28009
2017-11-27 11:00:36 org.apache.catalina.startup.Catalina load
信息: Initialization processed in 797 ms
2017-11-27 11:00:36 org.apache.catalina.core.StandardService start
信息: Starting service Catalina
2017-11-27 11:00:36 org.apache.catalina.core.StandardEngine start
信息: Starting Servlet Engine: Apache Tomcat/6.0.35
2017-11-27 11:00:36 org.apache.catalina.ha.tcp.SimpleTcpCluster start
信息: Cluster is about to start
2017-11-27 11:00:36 org.apache.catalina.tribes.transport.ReceiverBase bind
信息: Receiver Server Socket bound to:/127.0.0.1:4002
2017-11-27 11:00:36 org.apache.catalina.tribes.membership.McastServiceImpl setupSocket
信息: Setting cluster mcast soTimeout to 500
2017-11-27 11:00:36 org.apache.catalina.tribes.membership.McastServiceImpl waitForMembers
信息: Sleeping for 1000 milliseconds to establish cluster membership, start level:4
2017-11-27 11:00:36 org.apache.catalina.ha.tcp.SimpleTcpCluster memberAdded
信息: Replication member added:org.apache.catalina.tribes.membership.MemberImpl[tcp://{127, 0, 0, 1}:4000,{127, 0, 0, 1},4000, alive=11682,id={-11 105 124 -3 -76 80 71 50 -123 50 -53 -29 -90 -32 127 22 }, payload={}, command={}, domain={}, ]
2017-11-27 11:00:36 org.apache.catalina.ha.tcp.SimpleTcpCluster memberAdded
信息: Replication member added:org.apache.catalina.tribes.membership.MemberImpl[tcp://{127, 0, 0, 1}:4001,{127, 0, 0, 1},4001, alive=7606,id={-15 55 20 -9 -107 66 69 69 -80 120 -109 90 31 88 12 26 }, payload={}, command={}, domain={}, ]
2017-11-27 11:00:37 org.apache.catalina.tribes.membership.McastServiceImpl waitForMembers
信息: Done sleeping, membership established, start level:4
2017-11-27 11:00:37 org.apache.catalina.tribes.membership.McastServiceImpl waitForMembers
信息: Sleeping for 1000 milliseconds to establish cluster membership, start level:8
2017-11-27 11:00:37 org.apache.catalina.tribes.io.BufferPool getBufferPool
信息: Created a buffer pool with max size:104857600 bytes of type:org.apache.catalina.tribes.io.BufferPool15Impl
2017-11-27 11:00:38 org.apache.catalina.tribes.membership.McastServiceImpl waitForMembers
信息: Done sleeping, membership established, start level:8
2017-11-27 11:00:38 org.apache.catalina.startup.HostConfig deployDescriptor
信息: Deploying configuration descriptor NginxTomcatSession.xml
2017-11-27 11:00:38 org.apache.catalina.ha.session.DeltaManager start
信息: Register manager /NginxTomcatSession to cluster element Engine with name Catalina
2017-11-27 11:00:38 org.apache.catalina.ha.session.DeltaManager start
信息: Starting clustering manager at /NginxTomcatSession
2017-11-27 11:00:38 org.apache.catalina.ha.session.DeltaManager getAllClusterSessions
警告: Manager [localhost#/NginxTomcatSession], requesting session state from org.apache.catalina.tribes.membership.MemberImpl[tcp://{127, 0, 0, 1}:4000,{127, 0, 0, 1},4000, alive=13716,id={-11 105 124 -3 -76 80 71 50 -123 50 -53 -29 -90 -32 127 22 }, payload={}, command={}, domain={}, ]. This operation will timeout if no session state has been received within 60 seconds.
2017-11-27 11:00:38 org.apache.catalina.ha.session.DeltaManager waitForSendAllSessions
信息: Manager [localhost#/NginxTomcatSession]; session state send at 17-11-27 上午11:00 received in 109 ms.
2017-11-27 11:00:38 org.apache.catalina.ha.session.JvmRouteBinderValve start
信息: JvmRouteBinderValve started
2017-11-27 11:00:38 org.apache.coyote.http11.Http11AprProtocol start
信息: Starting Coyote HTTP/1.1 on http-28080
2017-11-27 11:00:38 org.apache.coyote.ajp.AjpAprProtocol start
信息: Starting Coyote AJP/1.3 on ajp-28009
2017-11-27 11:00:38 org.apache.catalina.startup.Catalina start
信息: Server startup in 2543 ms
