#
# A fatal error has been detected by the Java Runtime Environment:
#
#  EXCEPTION_ACCESS_VIOLATION (0xc0000005) at pc=0x000000006d9cc6e7, pid=6680, tid=9184
#
# JRE version: 6.0_43-b01
# Java VM: Java HotSpot(TM) 64-Bit Server VM (20.14-b01 mixed mode windows-amd64 compressed oops)
# Problematic frame:
# V  [jvm.dll+0x10c6e7]
#
# If you would like to submit a bug report, please visit:
#   http://java.sun.com/webapps/bugreport/crash.jsp
#

---------------  T H R E A D  ---------------

Current thread (0x00000000009cd000):  JavaThread "main" [_thread_in_vm, id=9184, stack(0x00000000020f0000,0x00000000021f0000)]

siginfo: ExceptionCode=0xc0000005, reading address 0xffffffffffffffff

Registers:
RAX=0x000500110000003b, RBX=0x00000000cfe3d588, RCX=0x00000000d03f23b0, RDX=0x00000000009cdfa0
RSP=0x00000000021edf30, RBP=0x0000000000000031, RSI=0x00000000009cc8e0, RDI=0x00000000009cdf98
R8 =0x0000000000000031, R9 =0x00000000009cd000, R10=0x0000000000000000, R11=0x00000000d03e9c68
R12=0x00000000d03f23b0, R13=0x00000000009cd000, R14=0x00000000009c87e0, R15=0x00000000027209a0
RIP=0x000000006d9cc6e7, EFLAGS=0x0000000000010206

Top of Stack: (sp=0x00000000021edf30)
0x00000000021edf30:   00000000021ee100 000000000000015d
0x00000000021edf40:   00000000021ee120 00000000009cdf50
0x00000000021edf50:   000000000000015d 0000000000000008
0x00000000021edf60:   00000000009c87e0 00000000027209a0
0x00000000021edf70:   00000000009c87e0 00000000009cd000
0x00000000021edf80:   00000000d03f23b0 00000000009cdef8
0x00000000021edf90:   00000000009cc8e0 0000000000000031
0x00000000021edfa0:   00000000cfe3d588 000000006da5ac91
0x00000000021edfb0:   0000000000000031 00000000cfe3d588
0x00000000021edfc0:   0000000000000031 00000000009cdef8
0x00000000021edfd0:   0000000002715b50 00000000021ef388
0x00000000021edfe0:   0000000000000000 00007ff941af0abd
0x00000000021edff0:   00000000009cd000 00000000027209a0
0x00000000021ee000:   00000000009cd000 00000000009cd1d0
0x00000000021ee010:   0000000000000001 000000000777eb60
0x00000000021ee020:   0000000008665bc0 000000000000004b 

Instructions: (pc=0x000000006d9cc6e7)
0x000000006d9cc6c7:   cc cc cc cc cc cc cc cc cc 44 89 44 24 18 48 83
0x000000006d9cc6d7:   ec 78 48 8b 41 10 48 89 5c 24 70 48 89 6c 24 68
0x000000006d9cc6e7:   48 8b 68 30 48 89 74 24 60 48 89 7c 24 58 48 85
0x000000006d9cc6f7:   ed 4c 89 64 24 50 4c 89 74 24 40 4d 8b f1 48 8b 


Register to memory mapping:

RAX=0x000500110000003b is an unknown value
RBX=0x00000000cfe3d588 is an oop
{instance class} 
 - klass: {other class}
RCX=0x00000000d03f23b0 is an oop
{method} 
 - klass: {other class}
RDX=0x00000000009cdfa0 is an unknown value
RSP=0x00000000021edf30 is pointing into the stack for thread: 0x00000000009cd000
RBP=0x0000000000000031 is an unknown value
RSI=0x00000000009cc8e0 is an unknown value
RDI=0x00000000009cdf98 is an unknown value
R8 =0x0000000000000031 is an unknown value
R9 =0x00000000009cd000 is a thread
R10=0x0000000000000000 is an unknown value
R11=0x00000000d03e9c68 is an oop
{constant pool} 
 - klass: {other class}
 - cache: 0x00000000d03ff5a8
 -   1 :  : "" {0xcff01fb8}
 -   2 :  : " (" {0xd09f6718}
 -   3 :  : "(" {0xd05672a0}
 -   4 :  : "1.0" {0xd01d0170}
 -   5 :  : "<" {0xd02e3ff8}
 -   6 :  : "ATTRIBUTE_PSVI" {0xd04d7f70}
 -   7 :  : "ELEMENT_PSVI" {0xd04d7f28}
 -   8 :  : "ENTITY_SKIPPED" {0xd04d80b8}
 -   9 :  : "ENUMERATION" {0xd04cde10}
 -  10 :  : "NOTATION" {0xd04a5f28}
 -  11 :  : "[dtd]" {0xd04230a8}
 -  12 :  : "declaration-handler" {0xd04d6438}
 -  13 :  : "document-xml-version" {0xd04d66a0}
 -  14 :  : "dom-node" {0xd04d64e0}
 -  15 :  : "dom-node-read-not-supported" {0xd0b52d90}
 -  16 :  : "false-not-supported" {0xd0b52df8}
 -  17 :  : "feature-not-recognized" {0xd0b52e50}
 -  18 :  : "feature-not-supported" {0xd0b52eb0}
 -  19 :  : "feature-read-only" {0xd0b52f10}
 -  20 :  : "http://apache.org/xml/properties/internal/entity-resolver" {0xd03fca30}
 -  21 :  : "http://apache.org/xml/properties/internal/error-handler" {0xd03fcad8}
 -  22 :  : "http://xml.org/sax/features/" {0xd04aea10}
 -  23 :  : "http://xml.org/sax/features/allow-dtd-events-after-endDTD" {0xd03fdc70}
 -  24 :  : "http://xml.org/sax/features/namespace-prefixes" {0xd03e6020}
 -  25 :  : "http://xml.org/sax/features/namespaces" {0xd03df430}
 -  26 :  : "http://xml.org/sax/features/string-interning" {0xd03fdbe8}
 -  27 :  : "http://xml.org/sax/properties/" {0xd04ab600}
 -  28 :  : "http://xml.org/sax/properties/declaration-handler" {0xd03fdda8}
 -  29 :  : "http://xml.org/sax/properties/dom-node" {0xd03fde40}
 -  30 :  : "http://xml.org/sax/properties/lexical-handler" {0xd03fdd18}
 -  31 :  : "incompatible-class" {0xd0b52f68}
 -  32 :  : "is-standalone" {0xd04affc0}
 -  33 :  : "lexical-handler" {0xd04d6490}
 -  34 :  : "lexical-handler/parameter-entities" {0xd04afde8}
 -  35 :  : "namespace-prefixes" {0xd04aeac0}
 -  36 :  : "namespaces" {0xd04aea78}
 -  37 :  : "org.xml.sax.ext.DeclHandler" {0xd0b52fc0}
 -  38 :  : "org.xml.sax.ext.LexicalHandler" {0xd0b53028}
 -  39 :  : "property-not-parsing-supported" {0xd0b53098}
 -  40 :  : "property-not-recognized" {0xd0b53108}
 -  41 :  : "property-not-supported" {0xd0b53168}
 -  42 :  : "property-read-only" {0xd0b531c8}
 -  43 :  : "resolve-dtd-uris" {0xd04afe60}
 -  44 :  : "string-interning" {0xd04afd98}
 -  45 :  : "true-not-supported" {0xd0b53220}
 -  46 :  : "unicode-normalization-checking" {0xd04afeb0}
 -  47 :  : "use-attributes2" {0xd04b0010}
 -  48 :  : "use-entity-resolver2" {0xd04aff68}
 -  49 :  : "use-locator2" {0xd04b0060}
 -  50 :  : "xml-1.1" {0xd04b00a8}
 -  51 :  : "xmlns-uris" {0xd04aff20}
 -  52 :  : "yes" {0xd04cfd70}
 -  53 :  : ''
 -  54 :  : ' ('
 -  55 :  : '('
 -  56 :  : '()I'
 -  57 :  : '()Ljava/lang/String;'
 -  58 :  : '()S'
 -  59 :  : '()V'
 -  60 :  : '(I)Ljava/lang/String;'
 -  61 :  : '(I)V'
 -  62 :  : '(Ljava/lang/Object;)Z'
 -  63 :  : '(Ljava/lang/String;)Ljava/lang/Object;'
 -  64 :  : '(Ljava/lang/String;)Ljava/lang/String;'
 -  65 :  : '(Ljava/lang/String;)Ljava/lang/StringBuffer;'
 -  66 :  : '(Ljava/lang/String;)V'
 -  67 :  : '(Ljava/lang/String;)Z'
 -  68 :  : '(Ljava/lang/String;Ljava/lang/String;)V'
 -  69 :  : '(Ljava/lang/String;Z)V'
 -  70 :  : '(Ljava/util/Locale;)V'
 -  71 :  : '([CII)V'
 -  72 :  : '1.0'
 -  73 :  : '<'
 -  74 :  : '<clinit>'
 -  75 :  : '<init>'
 -  76 :  : 'ALLOW_UE_AND_NOTATION_EVENTS'
 -  77 :  : 'ATTRIBUTE_PSVI'
 -  78 :  : 'BUFFER_SIZE'
 -  79 :  : 'Code'
 -  80 :  : 'ConstantValue'
 -  81 :  : 'DECLARATION_HANDLER'
 -  82 :  : 'DOM_NODE'
 -  83 :  : 'ELEMENT_PSVI'
 -  84 :  : 'ENTITY_SKIPPED'
 -  85 :  : 'ENUMERATION'
 -  86 :  : 'Exceptions'
 -  87 :  : 'I'
 -  88 :  : 'InnerClasses'
 -  89 :  : 'LEXICAL_HANDLER'
 -  90 :  : 'LineNumberTable'
 -  91 :  : 'Ljava/lang/String;'
 -  92 :  : 'NAMESPACES'
 -  93 :  : 'NAMESPACE_PREFIXES'
 -  94 :  : 'NOTATION'
 -  95 :  : 'PREFIX_XMLNS'
 -  96 :  : 'RECOGNIZED_FEATURES'
 -  97 :  : 'RECOGNIZED_PROPERTIES'
 -  98 :  : 'STRING_INTERNING'
 -  99 :  : 'SourceFile'
 - 100 :  : 'TRUE'
 - 101 :  : 'Z'
 - 102 :  : '[C'
 - 103 :  : '[Ljava/lang/String;'
 - 104 :  : '[dtd]'
 - 105 :  : 'addRecognizedFeatures'
 - 106 :  : 'addRecognizedProperties'
 - 107 :  : 'append'
 - 108 :  : 'attributeDecl'
 - 109 :  : 'ch'
 - 110 :  : 'characters'
 - 111 :  : 'clear'
 - 112 :  : 'com/sun/org/apache/xerces/internal/parsers/AbstractSAXParser'
 - 113 :  : 'com/sun/org/apache/xerces/internal/parsers/AbstractSAXParser$1'
 - 114 :  : 'com/sun/org/apache/xerces/internal/parsers/AbstractSAXParser$2'
 - 115 :  : 'com/sun/org/apache/xerces/internal/parsers/AbstractSAXParser$AttributesProxy'
 - 116 :  : 'com/sun/org/apache/xerces/internal/parsers/AbstractSAXParser$LocatorProxy'
 - 117 :  : 'com/sun/org/apache/xerces/internal/parsers/AbstractXMLDocumentParser'
 - 118 :  : 'com/sun/org/apache/xerces/internal/parsers/XML11Configurable'
 - 119 :  : 'com/sun/org/apache/xerces/internal/util/EntityResolver2Wrapper'
 - 120 :  : 'com/sun/org/apache/xerces/internal/util/EntityResolverWrapper'
 - 121 :  : 'com/sun/org/apache/xerces/internal/util/ErrorHandlerWrapper'
 - 122 :  : 'com/sun/org/apache/xerces/internal/util/SAXMessageFormatter'
 - 123 :  : 'com/sun/org/apache/xerces/internal/util/SymbolHash'
 - 124 :  : 'com/sun/org/apache/xerces/internal/util/XMLSymbols'
 - 125 :  : 'com/sun/org/apache/xerces/internal/xni/Augmentations'
 - 126 :  : 'com/sun/org/apache/xerces/internal/xni/NamespaceContext'
 - 127 :  : 'com/sun/org/apache/xerces/internal/xni/QName'
 - 128 :  : 'com/sun/org/apache/xerces/internal/xni/XMLAttributes'
 - 129 :  : 'com/sun/org/apache/xerces/internal/xni/XMLResourceIdentifier'
 - 130 :  : 'com/sun/org/apache/xerces/internal/xni/XMLString'
 - 131 :  : 'com/sun/org/apache/xerces/internal/xni/XNIException'
 - 132 :  : 'com/sun/org/apache/xerces/internal/xni/parser/XMLConfigurationException'
 - 133 :  : 'com/sun/org/apache/xerces/internal/xni/parser/XMLEntityResolver'
 - 134 :  : 'com/sun/org/apache/xerces/internal/xni/parser/XMLErrorHandler'
 - 135 :  : 'com/sun/org/apache/xerces/internal/xni/parser/XMLInputSource'
 - 136 :  : 'com/sun/org/apache/xerces/internal/xni/parser/XMLParseException'
 - 137 :  : 'com/sun/org/apache/xerces/internal/xni/parser/XMLParserConfiguration'
 - 138 :  : 'com/sun/org/apache/xerces/internal/xs/AttributePSVI'
 - 139 :  : 'com/sun/org/apache/xerces/internal/xs/ElementPSVI'
 - 140 :  : 'com/sun/org/apache/xerces/internal/xs/PSVIProvider'
 - 141 :  : 'comment'
 - 142 :  : 'declaration-handler'
 - 143 :  : 'doctypeDecl'
 - 144 :  : 'document-xml-version'
 - 145 :  : 'dom-node'
 - 146 :  : 'dom-node-read-not-supported'
 - 147 :  : 'elementDecl'
 - 148 :  : 'endCDATA'
 - 149 :  : 'endDTD'
 - 150 :  : 'endDocument'
 - 151 :  : 'endElement'
 - 152 :  : 'endEntity'
 - 153 :  : 'endExternalSubset'
 - 154 :  : 'endGeneralEntity'
 - 155 :  : 'endNamespaceMapping'
 - 156 :  : 'endParameterEntity'
 - 157 :  : 'endPrefixMapping'
 - 158 :  : 'endsWith'
 - 159 :  : 'equals'
 - 160 :  : 'externalEntityDecl'
 - 161 :  : 'fAttributes'
 - 162 :  : 'fAttributesProxy'
 - 163 :  : 'fAugmentations'
 - 164 :  : 'fCharBuffer'
 - 165 :  : 'fConfiguration'
 - 166 :  : 'fContentHandler'
 - 167 :  : 'fDTDHandler'
 - 168 :  : 'fDeclHandler'
 - 169 :  : 'fDeclaredAttrs'
 - 170 :  : 'fDocumentHandler'
 - 171 :  : 'fInDTD'
 - 172 :  : 'fLexicalHandler'
 - 173 :  : 'fLexicalHandlerParameterEntities'
 - 174 :  : 'fNamespaceContext'
 - 175 :  : 'fNamespacePrefixes'
 - 176 :  : 'fNamespaces'
 - 177 :  : 'fParseInProgress'
 - 178 :  : 'fQName'
 - 179 :  : 'fResolveDTDURIs'
 - 180 :  : 'fStandalone'
 - 181 :  : 'fUseEntityResolver2'
 - 182 :  : 'fVersion'
 - 183 :  : 'fXMLNSURIs'
 - 184 :  : 'false-not-supported'
 - 185 :  : 'feature-not-recognized'
 - 186 :  : 'feature-not-supported'
 - 187 :  : 'feature-read-only'
 - 188 :  : 'formatMessage'
 - 189 :  : 'get'
 - 190 :  : 'getAttributePSVI'
 - 191 :  : 'getAttributePSVIByName'
 - 192 :  : 'getAugmentations'
 - 193 :  : 'getByteStream'
 - 194 :  : 'getCharacterStream'
 - 195 :  : 'getColumnNumber'
 - 196 :  : 'getContentHandler'
 - 197 :  : 'getDTDHandler'
 - 198 :  : 'getDeclHandler'
 - 199 :  : 'getDeclaredPrefixAt'
 - 200 :  : 'getDeclaredPrefixCount'
 - 201 :  : 'getElementPSVI'
 - 202 :  : 'getEncoding'
 - 203 :  : 'getEntityResolver'
 - 204 :  : 'getErrorHandler'
 - 205 :  : 'getException'
 - 206 :  : 'getExpandedSystemId'
 - 207 :  : 'getFeature'
 - 208 :  : 'getIdentifier'
 - 209 :  : 'getItem'
 - 210 :  : 'getLength'
 - 211 :  : 'getLexicalHandler'
 - 212 :  : 'getLineNumber'
 - 213 :  : 'getLiteralSystemId'
 - 214 :  : 'getLocale'
 - 215 :  : 'getMessage'
 - 216 :  : 'getName'
 - 217 :  : 'getProperty'
 - 218 :  : 'getPublicId'
 - 219 :  : 'getSystemId'
 - 220 :  : 'getType'
 - 221 :  : 'getURI'
 - 222 :  : 'http://apache.org/xml/properties/internal/entity-resolver'
 - 223 :  : 'http://apache.org/xml/properties/internal/error-handler'
 - 224 :  : 'http://xml.org/sax/features/'
 - 225 :  : 'http://xml.org/sax/features/allow-dtd-events-after-endDTD'
 - 226 :  : 'http://xml.org/sax/features/namespace-prefixes'
 - 227 :  : 'http://xml.org/sax/features/namespaces'
 - 228 :  : 'http://xml.org/sax/features/string-interning'
 - 229 :  : 'http://xml.org/sax/properties/'
 - 230 :  : 'http://xml.org/sax/properties/declaration-handler'
 - 231 :  : 'http://xml.org/sax/properties/dom-node'
 - 232 :  : 'http://xml.org/sax/properties/lexical-handler'
 - 233 :  : 'ignorableWhitespace'
 - 234 :  : 'incompatible-class'
 - 235 :  : 'internalEntityDecl'
 - 236 :  : 'is-standalone'
 - 237 :  : 'java/io/IOException'
 - 238 :  : 'java/lang/Boolean'
 - 239 :  : 'java/lang/ClassCastException'
 - 240 :  : 'java/lang/Object'
 - 241 :  : 'java/lang/String'
 - 242 :  : 'java/lang/StringBuffer'
 - 243 :  : 'length'
 - 244 :  : 'lexical-handler'
 - 245 :  : 'lexical-handler/parameter-entities'
 - 246 :  : 'localpart'
 - 247 :  : 'namespace-prefixes'
 - 248 :  : 'namespaces'
 - 249 :  : 'notationDecl'
 - 250 :  : 'offset'
 - 251 :  : 'org.xml.sax.ext.DeclHandler'
 - 252 :  : 'org.xml.sax.ext.LexicalHandler'
 - 253 :  : 'org/xml/sax/ContentHandler'
 - 254 :  : 'org/xml/sax/DTDHandler'
 - 255 :  : 'org/xml/sax/DocumentHandler'
 - 256 :  : 'org/xml/sax/InputSource'
 - 257 :  : 'org/xml/sax/Parser'
 - 258 :  : 'org/xml/sax/SAXException'
 - 259 :  : 'org/xml/sax/SAXNotRecognizedException'
 - 260 :  : 'org/xml/sax/SAXNotSupportedException'
 - 261 :  : 'org/xml/sax/SAXParseException'
 - 262 :  : 'org/xml/sax/XMLReader'
 - 263 :  : 'org/xml/sax/ext/DeclHandler'
 - 264 :  : 'org/xml/sax/ext/EntityResolver2'
 - 265 :  : 'org/xml/sax/ext/LexicalHandler'
 - 266 :  : 'org/xml/sax/helpers/LocatorImpl'
 - 267 :  : 'parse'
 - 268 :  : 'prefix'
 - 269 :  : 'processingInstruction'
 - 270 :  : 'property-not-parsing-supported'
 - 271 :  : 'property-not-recognized'
 - 272 :  : 'property-not-supported'
 - 273 :  : 'property-read-only'
 - 274 :  : 'put'
 - 275 :  : 'rawname'
 - 276 :  : 'removeAttributeAt'
 - 277 :  : 'reset'
 - 278 :  : 'resolve-dtd-uris'
 - 279 :  : 'setAttributes'
 - 280 :  : 'setByteStream'
 - 281 :  : 'setCharacterStream'
 - 282 :  : 'setColumnNumber'
 - 283 :  : 'setContentHandler'
 - 284 :  : 'setDTDHandler'
 - 285 :  : 'setDeclHandler'
 - 286 :  : 'setDocumentHandler'
 - 287 :  : 'setDocumentLocator'
 - 288 :  : 'setEncoding'
 - 289 :  : 'setEntityResolver'
 - 290 :  : 'setErrorHandler'
 - 291 :  : 'setFeature'
 - 292 :  : 'setLexicalHandler'
 - 293 :  : 'setLineNumber'
 - 294 :  : 'setLocale'
 - 295 :  : 'setName'
 - 296 :  : 'setProperty'
 - 297 :  : 'setPublicId'
 - 298 :  : 'setSystemId'
 - 299 :  : 'skippedEntity'
 - 300 :  : 'startCDATA'
 - 301 :  : 'startDTD'
 - 302 :  : 'startDocument'
 - 303 :  : 'startElement'
 - 304 :  : 'startEntity'
 - 305 :  : 'startExternalSubset'
 - 306 :  : 'startGeneralEntity'
 - 307 :  : 'startNamespaceMapping'
 - 308 :  : 'startParameterEntity'
 - 309 :  : 'startPrefixMapping'
 - 310 :  : 'startsWith'
 - 311 :  : 'string-interning'
 - 312 :  : 'toString'
 - 313 :  : 'true-not-supported'
 - 314 :  : 'unicode-normalization-checking'
 - 315 :  : 'unparsedEntityDecl'
 - 316 :  : 'uri'
 - 317 :  : 'use-attributes2'
 - 318 :  : 'use-entity-resolver2'
 - 319 :  : 'use-locator2'
 - 320 :  : 'xml-1.1'
 - 321 :  : 'xmlDecl'
 - 322 :  : 'xmlns-uris'
 - 323 :  : 'yes'
 - 324 :  : 20
 - 325 :  : 'com/sun/org/apache/xerces/internal/parsers/AbstractSAXParser' {0xd03fd3a8}
 - 326 :  : 'com/sun/org/apache/xerces/internal/parsers/AbstractSAXParser$1'
 - 327 :  : 'com/sun/org/apache/xerces/internal/parsers/AbstractSAXParser$2'
 - 328 :  : 'com/sun/org/apache/xerces/internal/parsers/AbstractSAXParser$AttributesProxy' {0xd04ae2a0}
 - 329 :  : 'com/sun/org/apache/xerces/internal/parsers/AbstractSAXParser$LocatorProxy' {0xd04cf6d8}
 - 330 :  : 'com/sun/org/apache/xerces/internal/parsers/AbstractXMLDocumentParser' {0xd03fcc58}
 - 331 :  : 'com/sun/org/apache/xerces/internal/parsers/XML11Configurable'
 - 332 :  : 'com/sun/org/apache/xerces/internal/util/EntityResolver2Wrapper'
 - 333 :  : 'com/sun/org/apache/xerces/internal/util/EntityResolverWrapper' {0xd04b10d8}
 - 334 :  : 'com/sun/org/apache/xerces/internal/util/ErrorHandlerWrapper' {0xd04b3368}
 - 335 :  : 'com/sun/org/apache/xerces/internal/util/SAXMessageFormatter'
 - 336 :  : 'com/sun/org/apache/xerces/internal/util/SymbolHash'
 - 337 :  : 'com/sun/org/apache/xerces/internal/util/XMLSymbols'
 - 338 :  : 'com/sun/org/apache/xerces/internal/xni/Augmentations'
 - 339 :  : 'com/sun/org/apache/xerces/internal/xni/NamespaceContext'
 - 340 :  : 'com/sun/org/apache/xerces/internal/xni/QName' {0xd045ac10}
 - 341 :  : 'com/sun/org/apache/xerces/internal/xni/XMLAttributes'
 - 342 :  : 'com/sun/org/apache/xerces/internal/xni/XMLResourceIdentifier' {0xd0423eb0}
 - 343 :  : 'com/sun/org/apache/xerces/internal/xni/XMLString' {0xd0456e80}
 - 344 :  : 'com/sun/org/apache/xerces/internal/xni/XNIException'
 - 345 :  : 'com/sun/org/apache/xerces/internal/xni/parser/XMLConfigurationException'
 - 346 :  : 'com/sun/org/apache/xerces/internal/xni/parser/XMLEntityResolver' {0xd041a7c0}
 - 347 :  : 'com/sun/org/apache/xerces/internal/xni/parser/XMLErrorHandler' {0xd04b25e0}
 - 348 :  : 'com/sun/org/apache/xerces/internal/xni/parser/XMLInputSource' {0xd04b4d78}
 - 349 :  : 'com/sun/org/apache/xerces/internal/xni/parser/XMLParseException'
 - 350 :  : 'com/sun/org/apache/xerces/internal/xni/parser/XMLParserConfiguration' {0xd0409178}
 - 351 :  : 'com/sun/org/apache/xerces/internal/xs/AttributePSVI'
 - 352 :  : 'com/sun/org/apache/xerces/internal/xs/ElementPSVI'
 - 353 :  : 'com/sun/org/apache/xerces/internal/xs/PSVIProvider'
 - 354 :  : 'java/io/IOException'
 - 355 :  : 'java/lang/Boolean'
 - 356 :  : 'java/lang/ClassCastException'
 - 357 :  : 'java/lang/Object'
 - 358 :  : 'java/lang/String' {0xcfe12b50}
 - 359 :  : 'java/lang/StringBuffer'
 - 360 :  : 'org/xml/sax/ContentHandler' {0xd03a1f08}
 - 361 :  : 'org/xml/sax/DTDHandler' {0xd03a1128}
 - 362 :  : 'org/xml/sax/DocumentHandler'
 - 363 :  : 'org/xml/sax/InputSource' {0xd03535e0}
 - 364 :  : 'org/xml/sax/Parser'
 - 365 :  : 'org/xml/sax/SAXException' {0xd03a60a8}
 - 366 :  : 'org/xml/sax/SAXNotRecognizedException'
 - 367 :  : 'org/xml/sax/SAXNotSupportedException'
 - 368 :  : 'org/xml/sax/SAXParseException'
 - 369 :  : 'org/xml/sax/XMLReader'
 - 370 :  : 'org/xml/sax/ext/DeclHandler'
 - 371 :  : 'org/xml/sax/ext/EntityResolver2' {0xd04b0488}
 - 372 :  : 'org/xml/sax/ext/LexicalHandler'
 - 373 :  : 'org/xml/sax/helpers/LocatorImpl'
 - 374 :  : 'Lcom/sun/org/apache/xerces/internal/parsers/AbstractSAXParser$AttributesProxy;'
 - 375 :  : 'Lcom/sun/org/apache/xerces/internal/util/SymbolHash;'
 - 376 :  : 'Lcom/sun/org/apache/xerces/internal/xni/Augmentations;'
 - 377 :  : 'Lcom/sun/org/apache/xerces/internal/xni/NamespaceContext;'
 - 378 :  : 'Lcom/sun/org/apache/xerces/internal/xni/QName;'
 - 379 :  : 'Lcom/sun/org/apache/xerces/internal/xni/XMLAttributes;'
 - 380 :  : 'Lcom/sun/org/apache/xerces/internal/xni/parser/XMLParserConfiguration;'
 - 381 :  : 'Ljava/lang/Boolean;'
 - 382 :  : 'Lorg/xml/sax/ContentHandler;'
 - 383 :  : 'Lorg/xml/sax/DTDHandler;'
 - 384 :  : 'Lorg/xml/sax/DocumentHandler;'
 - 385 :  : 'Lorg/xml/sax/ext/DeclHandler;'
 - 386 :  : 'Lorg/xml/sax/ext/LexicalHandler;'
 - 387 :  : '(Lcom/sun/org/apache/xerces/internal/parsers/AbstractSAXParser;)V'
 - 388 :  : '(I)Lcom/sun/org/apache/xerces/internal/xni/Augmentations;'
 - 389 :  : '(Lcom/sun/org/apache/xerces/internal/xni/Augmentations;)V'
 - 390 :  : '(ILcom/sun/org/apache/xerces/internal/xni/QName;)V'
 - 391 :  : '(Lcom/sun/org/apache/xerces/internal/xni/XMLAttributes;)V'
 - 392 :  : '(Lcom/sun/org/apache/xerces/internal/xni/parser/XMLInputSource;)V'
 - 393 :  : '(Lcom/sun/org/apache/xerces/internal/xni/parser/XMLParserConfiguration;)V'
 - 394 :  : '(I)Lcom/sun/org/apache/xerces/internal/xs/AttributePSVI;'
 - 395 :  : '()Lcom/sun/org/apache/xerces/internal/xs/ElementPSVI;'
 - 396 :  : '()Ljava/io/InputStream;'
 - 397 :  : '(Ljava/io/InputStream;)V'
 - 398 :  : '()Ljava/io/Reader;'
 - 399 :  : '(Ljava/io/Reader;)V'
 - 400 :  : '()Ljava/lang/Exception;'
 - 401 :  : '(Ljava/lang/Exception;)V'
 - 402 :  : '([Ljava/lang/String;)V'
 - 403 :  : '(C)Ljava/lang/StringBuffer;'
 - 404 :  : '()Ljava/util/Locale;'
 - 405 :  : '()Lorg/xml/sax/ContentHandler;'
 - 406 :  : '(Lorg/xml/sax/ContentHandler;)V'
 - 407 :  : '()Lorg/xml/sax/DTDHandler;'
 - 408 :  : '(Lorg/xml/sax/DTDHandler;)V'
 - 409 :  : '(Lorg/xml/sax/DocumentHandler;)V'
 - 410 :  : '()Lorg/xml/sax/EntityResolver;'
 - 411 :  : '(Lorg/xml/sax/EntityResolver;)V'
 - 412 :  : '()Lorg/xml/sax/ErrorHandler;'
 - 413 :  : '(Lorg/xml/sax/ErrorHandler;)V'
 - 414 :  : '(Lorg/xml/sax/InputSource;)V'
 - 415 :  : '(Lorg/xml/sax/Locator;)V'
 - 416 :  : '()Lorg/xml/sax/ext/DeclHandler;'
 - 417 :  : '(Lorg/xml/sax/ext/DeclHandler;)V'
 - 418 :  : '()Lorg/xml/sax/ext/EntityResolver2;'
 - 419 :  : '(Lorg/xml/sax/ext/EntityResolver2;)V'
 - 420 :  : '()Lorg/xml/sax/ext/LexicalHandler;'
 - 421 :  : '(Lorg/xml/sax/ext/LexicalHandler;)V'
 - 422 :  : '(Lcom/sun/org/apache/xerces/internal/xni/QName;Lcom/sun/org/apache/xerces/internal/xni/Augmentations;)V'
 - 423 :  : '(Lcom/sun/org/apache/xerces/internal/xni/XMLResourceIdentifier;Lcom/sun/org/apache/xerces/internal/xni/Augmentations;)V'
 - 424 :  : '(Lcom/sun/org/apache/xerces/internal/xni/XMLString;Lcom/sun/org/apache/xerces/internal/xni/Augmentations;)V'
 - 425 :  : '(Ljava/lang/String;Lcom/sun/org/apache/xerces/internal/xni/Augmentations;)V'
 - 426 :  : '(Lcom/sun/org/apache/xerces/internal/parsers/AbstractSAXParser;Lcom/sun/org/apache/xerces/internal/xni/XMLLocator;)V'
 - 427 :  : '(Ljava/lang/Object;)Ljava/lang/Object;'
 - 428 :  : '(Ljava/lang/Object;Ljava/lang/Object;)V'
 - 429 :  : '(Ljava/lang/String;Ljava/lang/Object;)V'
 - 430 :  : '(Ljava/lang/String;Lorg/xml/sax/AttributeList;)V'
 - 431 :  : '(Ljava/lang/String;Lorg/xml/sax/Locator;)V'
 - 432 :  : '(Lcom/sun/org/apache/xerces/internal/xni/QName;Lcom/sun/org/apache/xerces/internal/xni/XMLAttributes;Lcom/sun/org/apache/xerces/internal/xni/Augmentations;)V'
 - 433 :  : '(Ljava/lang/String;Lcom/sun/org/apache/xerces/internal/xni/XMLResourceIdentifier;Lcom/sun/org/apache/xerces/internal/xni/Augmentations;)V'
 - 434 :  : '(Ljava/lang/String;Lcom/sun/org/apache/xerces/internal/xni/XMLString;Lcom/sun/org/apache/xerces/internal/xni/Augmentations;)V'
 - 435 :  : '(Ljava/lang/String;Ljava/lang/String;)Lcom/sun/org/apache/xerces/internal/xni/Augmentations;'
 - 436 :  : '(Ljava/lang/String;Ljava/lang/String;Lcom/sun/org/apache/xerces/internal/xni/Augmentations;)V'
 - 437 :  : '(Ljava/lang/String;Ljava/lang/String;)Lcom/sun/org/apache/xerces/internal/xs/AttributePSVI;'
 - 438 :  : '(Ljava/lang/String;Ljava/lang/String;Ljava/lang/String;)V'
 - 439 :  : '(Lcom/sun/org/apache/xerces/internal/xni/XMLLocator;Ljava/lang/String;Lcom/sun/org/apache/xerces/internal/xni/NamespaceContext;Lcom/sun/org/apache/xerces/internal/xni/Augmentations;)V'
 - 440 :  : '(Ljava/lang/String;Lcom/sun/org/apache/xerces/internal/xni/XMLString;Lcom/sun/org/apache/xerces/internal/xni/XMLString;Lcom/sun/org/apache/xerces/internal/xni/Augmentations;)V'
 - 441 :  : '(Ljava/lang/String;Lcom/sun/org/apache/xerces/internal/xni/XMLResourceIdentifier;Ljava/lang/String;Lcom/sun/org/apache/xerces/internal/xni/Augmentations;)V'
 - 442 :  : '(Ljava/lang/String;Ljava/lang/String;Ljava/lang/String;Lcom/sun/org/apache/xerces/internal/xni/Augmentations;)V'
 - 443 :  : '(Ljava/util/Locale;Ljava/lang/String;[Ljava/lang/Object;)Ljava/lang/String;'
 - 444 :  : '(Ljava/lang/String;Ljava/lang/String;Ljava/lang/String;Ljava/lang/String;)V'
 - 445 :  : '(Ljava/lang/String;Ljava/lang/String;Ljava/lang/String;Lorg/xml/sax/Attributes;)V'
 - 446 :  : '(Ljava/lang/String;Ljava/lang/String;Ljava/lang/String;Ljava/lang/String;Ljava/lang/String;)V'
 - 447 :  : '(Ljava/lang/String;Ljava/lang/String;Ljava/lang/String;[Ljava/lang/String;Ljava/lang/String;Lcom/sun/org/apache/xerces/internal/xni/XMLString;Lcom/sun/org/apache/xerces/internal/xni/XMLString;Lcom/sun/org/apache/xerces/internal/xni/Augmentations;)V'
 - 448 :  : name_index=243 signature_index=87
 - 449 :  : name_index=250 signature_index=87
 - 450 :  : name_index=171 signature_index=101
 - 451 :  : name_index=173 signature_index=101
 - 452 :  : name_index=175 signature_index=101
 - 453 :  : name_index=176 signature_index=101
 - 454 :  : name_index=177 signature_index=101
 - 455 :  : name_index=179 signature_index=101
 - 456 :  : name_index=180 signature_index=101
 - 457 :  : name_index=181 signature_index=101
 - 458 :  : name_index=183 signature_index=101
 - 459 :  : name_index=109 signature_index=102
 - 460 :  : name_index=164 signature_index=102
 - 461 :  : name_index=162 signature_index=374
 - 462 :  : name_index=169 signature_index=375
 - 463 :  : name_index=163 signature_index=376
 - 464 :  : name_index=174 signature_index=377
 - 465 :  : name_index=178 signature_index=378
 - 466 :  : name_index=161 signature_index=379
 - 467 :  : name_index=165 signature_index=380
 - 468 :  : name_index=100 signature_index=381
 - 469 :  : name_index=95 signature_index=91
 - 470 :  : name_index=182 signature_index=91
 - 471 :  : name_index=246 signature_index=91
 - 472 :  : name_index=268 signature_index=91
 - 473 :  : name_index=275 signature_index=91
 - 474 :  : name_index=316 signature_index=91
 - 475 :  : name_index=96 signature_index=103
 - 476 :  : name_index=97 signature_index=103
 - 477 :  : name_index=166 signature_index=382
 - 478 :  : name_index=167 signature_index=383
 - 479 :  : name_index=170 signature_index=384
 - 480 :  : name_index=168 signature_index=385
 - 481 :  : name_index=172 signature_index=386
 - 482 :  : name_index=195 signature_index=56
 - 483 :  : name_index=200 signature_index=56
 - 484 :  : name_index=210 signature_index=56
 - 485 :  : name_index=212 signature_index=56
 - 486 :  : name_index=243 signature_index=56
 - 487 :  : name_index=220 signature_index=58
 - 488 :  : name_index=75 signature_index=59
 - 489 :  : name_index=111 signature_index=59
 - 490 :  : name_index=148 signature_index=59
 - 491 :  : name_index=149 signature_index=59
 - 492 :  : name_index=150 signature_index=59
 - 493 :  : name_index=155 signature_index=59
 - 494 :  : name_index=277 signature_index=59
 - 495 :  : name_index=300 signature_index=59
 - 496 :  : name_index=302 signature_index=59
 - 497 :  : name_index=307 signature_index=59
 - 498 :  : name_index=276 signature_index=61
 - 499 :  : name_index=282 signature_index=61
 - 500 :  : name_index=293 signature_index=61
 - 501 :  : name_index=110 signature_index=71
 - 502 :  : name_index=141 signature_index=71
 - 503 :  : name_index=233 signature_index=71
 - 504 :  : name_index=75 signature_index=387
 - 505 :  : name_index=192 signature_index=388
 - 506 :  : name_index=216 signature_index=390
 - 507 :  : name_index=295 signature_index=390
 - 508 :  : name_index=279 signature_index=391
 - 509 :  : name_index=267 signature_index=392
 - 510 :  : name_index=75 signature_index=393
 - 511 :  : name_index=193 signature_index=396
 - 512 :  : name_index=280 signature_index=397
 - 513 :  : name_index=194 signature_index=398
 - 514 :  : name_index=281 signature_index=399
 - 515 :  : name_index=205 signature_index=400
 - 516 :  : name_index=75 signature_index=401
 - 517 :  : name_index=159 signature_index=62
 - 518 :  : name_index=202 signature_index=57
 - 519 :  : name_index=206 signature_index=57
 - 520 :  : name_index=208 signature_index=57
 - 521 :  : name_index=213 signature_index=57
 - 522 :  : name_index=215 signature_index=57
 - 523 :  : name_index=218 signature_index=57
 - 524 :  : name_index=219 signature_index=57
 - 525 :  : name_index=312 signature_index=57
 - 526 :  : name_index=199 signature_index=60
 - 527 :  : name_index=75 signature_index=66
 - 528 :  : name_index=151 signature_index=66
 - 529 :  : name_index=152 signature_index=66
 - 530 :  : name_index=157 signature_index=66
 - 531 :  : name_index=288 signature_index=66
 - 532 :  : name_index=297 signature_index=66
 - 533 :  : name_index=298 signature_index=66
 - 534 :  : name_index=299 signature_index=66
 - 535 :  : name_index=304 signature_index=66
 - 536 :  : name_index=158 signature_index=67
 - 537 :  : name_index=207 signature_index=67
 - 538 :  : name_index=310 signature_index=67
 - 539 :  : name_index=291 signature_index=69
 - 540 :  : name_index=105 signature_index=402
 - 541 :  : name_index=106 signature_index=402
 - 542 :  : name_index=107 signature_index=403
 - 543 :  : name_index=214 signature_index=404
 - 544 :  : name_index=294 signature_index=70
 - 545 :  : name_index=203 signature_index=410
 - 546 :  : name_index=75 signature_index=411
 - 547 :  : name_index=289 signature_index=411
 - 548 :  : name_index=204 signature_index=412
 - 549 :  : name_index=75 signature_index=413
 - 550 :  : name_index=290 signature_index=413
 - 551 :  : name_index=287 signature_index=415
 - 552 :  : name_index=198 signature_index=416
 - 553 :  : name_index=285 signature_index=417
 - 554 :  : name_index=203 signature_index=418
 - 555 :  : name_index=75 signature_index=419
 - 556 :  : name_index=289 signature_index=419
 - 557 :  : name_index=211 signature_index=420
 - 558 :  : name_index=292 signature_index=421
 - 559 :  : name_index=156 signature_index=425
 - 560 :  : name_index=75 signature_index=426
 - 561 :  : name_index=189 signature_index=427
 - 562 :  : name_index=274 signature_index=428
 - 563 :  : name_index=209 signature_index=63
 - 564 :  : name_index=217 signature_index=63
 - 565 :  : name_index=296 signature_index=429
 - 566 :  : name_index=221 signature_index=64
 - 567 :  : name_index=147 signature_index=68
 - 568 :  : name_index=235 signature_index=68
 - 569 :  : name_index=269 signature_index=68
 - 570 :  : name_index=309 signature_index=68
 - 571 :  : name_index=107 signature_index=65
 - 572 :  : name_index=303 signature_index=430
 - 573 :  : name_index=75 signature_index=431
 - 574 :  : name_index=192 signature_index=435
 - 575 :  : name_index=75 signature_index=438
 - 576 :  : name_index=151 signature_index=438
 - 577 :  : name_index=160 signature_index=438
 - 578 :  : name_index=249 signature_index=438
 - 579 :  : name_index=301 signature_index=438
 - 580 :  : name_index=308 signature_index=441
 - 581 :  : name_index=188 signature_index=443
 - 582 :  : name_index=315 signature_index=444
 - 583 :  : name_index=303 signature_index=445
 - 584 :  : name_index=108 signature_index=446
 - 585 :  : klass_index=325 name_and_type_index=450
 - 586 :  : klass_index=325 name_and_type_index=451
 - 587 :  : klass_index=325 name_and_type_index=452
 - 588 :  : klass_index=325 name_and_type_index=453
 - 589 :  : klass_index=325 name_and_type_index=454
 - 590 :  : klass_index=325 name_and_type_index=455
 - 591 :  : klass_index=325 name_and_type_index=456
 - 592 :  : klass_index=325 name_and_type_index=457
 - 593 :  : klass_index=325 name_and_type_index=458
 - 594 :  : klass_index=325 name_and_type_index=460
 - 595 :  : klass_index=325 name_and_type_index=461
 - 596 :  : klass_index=325 name_and_type_index=462
 - 597 :  : klass_index=325 name_and_type_index=463
 - 598 :  : klass_index=325 name_and_type_index=464
 - 599 :  : klass_index=325 name_and_type_index=465
 - 600 :  : klass_index=325 name_and_type_index=467
 - 601 :  : klass_index=325 name_and_type_index=470
 - 602 :  : klass_index=325 name_and_type_index=475
 - 603 :  : klass_index=325 name_and_type_index=476
 - 604 :  : klass_index=325 name_and_type_index=477
 - 605 :  : klass_index=325 name_and_type_index=478
 - 606 :  : klass_index=325 name_and_type_index=479
 - 607 :  : klass_index=325 name_and_type_index=480
 - 608 :  : klass_index=325 name_and_type_index=481
 - 609 :  : klass_index=328 name_and_type_index=466
 - 610 :  : klass_index=337 name_and_type_index=469
 - 611 :  : klass_index=340 name_and_type_index=471
 - 612 :  : klass_index=340 name_and_type_index=472
 - 613 :  : klass_index=340 name_and_type_index=473
 - 614 :  : klass_index=340 name_and_type_index=474
 - 615 :  : klass_index=343 name_and_type_index=448
 - 616 :  : klass_index=343 name_and_type_index=449
 - 617 :  : klass_index=343 name_and_type_index=459
 - 618 :  : klass_index=355 name_and_type_index=468
 - 619 :  : klass_index=325 name_and_type_index=493
 - 620 :  : klass_index=325 name_and_type_index=497
 - 621 :  : klass_index=325 name_and_type_index=509
 - 622 :  : klass_index=325 name_and_type_index=545
 - 623 :  : klass_index=325 name_and_type_index=547
 - 624 :  : klass_index=325 name_and_type_index=552
 - 625 :  : klass_index=325 name_and_type_index=553
 - 626 :  : klass_index=325 name_and_type_index=557
 - 627 :  : klass_index=325 name_and_type_index=558
 - 628 :  : klass_index=325 name_and_type_index=559
 - 629 :  : klass_index=325 name_and_type_index=580
 - 630 :  : klass_index=326 name_and_type_index=504
 - 631 :  : klass_index=327 name_and_type_index=504
 - 632 :  : klass_index=328 name_and_type_index=488
 - 633 :  : klass_index=328 name_and_type_index=508
 - 634 :  : klass_index=329 name_and_type_index=560
 - 635 :  : klass_index=330 name_and_type_index=494
 - 636 :  : klass_index=330 name_and_type_index=510
 - 637 :  : klass_index=332 name_and_type_index=554
 - 638 :  : klass_index=332 name_and_type_index=555
 - 639 :  : klass_index=332 name_and_type_index=556
 - 640 :  : klass_index=333 name_and_type_index=545
 - 641 :  : klass_index=333 name_and_type_index=546
 - 642 :  : klass_index=333 name_and_type_index=547
 - 643 :  : klass_index=334 name_and_type_index=548
 - 644 :  : klass_index=334 name_and_type_index=549
 - 645 :  : klass_index=334 name_and_type_index=550
 - 646 :  : klass_index=335 name_and_type_index=581
 - 647 :  : klass_index=336 name_and_type_index=488
 - 648 :  : klass_index=336 name_and_type_index=489
 - 649 :  : klass_index=336 name_and_type_index=561
 - 650 :  : klass_index=336 name_and_type_index=562
 - 651 :  : klass_index=340 name_and_type_index=488
 - 652 :  : klass_index=343 name_and_type_index=525
 - 653 :  : klass_index=344 name_and_type_index=515
 - 654 :  : klass_index=344 name_and_type_index=516
 - 655 :  : klass_index=344 name_and_type_index=522
 - 656 :  : klass_index=345 name_and_type_index=487
 - 657 :  : klass_index=345 name_and_type_index=520
 - 658 :  : klass_index=348 name_and_type_index=512
 - 659 :  : klass_index=348 name_and_type_index=514
 - 660 :  : klass_index=348 name_and_type_index=531
 - 661 :  : klass_index=348 name_and_type_index=575
 - 662 :  : klass_index=349 name_and_type_index=482
 - 663 :  : klass_index=349 name_and_type_index=485
 - 664 :  : klass_index=349 name_and_type_index=515
 - 665 :  : klass_index=349 name_and_type_index=519
 - 666 :  : klass_index=349 name_and_type_index=522
 - 667 :  : klass_index=349 name_and_type_index=523
 - 668 :  : klass_index=355 name_and_type_index=517
 - 669 :  : klass_index=358 name_and_type_index=486
 - 670 :  : klass_index=358 name_and_type_index=517
 - 671 :  : klass_index=358 name_and_type_index=536
 - 672 :  : klass_index=358 name_and_type_index=538
 - 673 :  : klass_index=359 name_and_type_index=488
 - 674 :  : klass_index=359 name_and_type_index=525
 - 675 :  : klass_index=359 name_and_type_index=527
 - 676 :  : klass_index=359 name_and_type_index=542
 - 677 :  : klass_index=359 name_and_type_index=571
 - 678 :  : klass_index=363 name_and_type_index=511
 - 679 :  : klass_index=363 name_and_type_index=513
 - 680 :  : klass_index=363 name_and_type_index=518
 - 681 :  : klass_index=363 name_and_type_index=523
 - 682 :  : klass_index=363 name_and_type_index=524
 - 683 :  : klass_index=365 name_and_type_index=516
 - 684 :  : klass_index=365 name_and_type_index=527
 - 685 :  : klass_index=366 name_and_type_index=527
 - 686 :  : klass_index=367 name_and_type_index=527
 - 687 :  : klass_index=368 name_and_type_index=573
 - 688 :  : klass_index=373 name_and_type_index=499
 - 689 :  : klass_index=373 name_and_type_index=500
 - 690 :  : klass_index=373 name_and_type_index=532
 - 691 :  : klass_index=373 name_and_type_index=533
 - 692 :  : klass_index=338 name_and_type_index=563
 - 693 :  : klass_index=339 name_and_type_index=483
 - 694 :  : klass_index=339 name_and_type_index=526
 - 695 :  : klass_index=339 name_and_type_index=566
 - 696 :  : klass_index=341 name_and_type_index=484
 - 697 :  : klass_index=341 name_and_type_index=498
 - 698 :  : klass_index=341 name_and_type_index=505
 - 699 :  : klass_index=341 name_and_type_index=506
 - 700 :  : klass_index=341 name_and_type_index=507
 - 701 :  : klass_index=341 name_and_type_index=574
 - 702 :  : klass_index=342 name_and_type_index=519
 - 703 :  : klass_index=342 name_and_type_index=521
 - 704 :  : klass_index=342 name_and_type_index=523
 - 705 :  : klass_index=350 name_and_type_index=537
 - 706 :  : klass_index=350 name_and_type_index=539
 - 707 :  : klass_index=350 name_and_type_index=540
 - 708 :  : klass_index=350 name_and_type_index=541
 - 709 :  : klass_index=350 name_and_type_index=543
 - 710 :  : klass_index=350 name_and_type_index=544
 - 711 :  : klass_index=350 name_and_type_index=564
 - 712 :  : klass_index=350 name_and_type_index=565
 - 713 :  : klass_index=360 name_and_type_index=492
 - 714 :  : klass_index=360 name_and_type_index=496
 - 715 :  : klass_index=360 name_and_type_index=501
 - 716 :  : klass_index=360 name_and_type_index=503
 - 717 :  : klass_index=360 name_and_type_index=530
 - 718 :  : klass_index=360 name_and_type_index=534
 - 719 :  : klass_index=360 name_and_type_index=551
 - 720 :  : klass_index=360 name_and_type_index=569
 - 721 :  : klass_index=360 name_and_type_index=570
 - 722 :  : klass_index=360 name_and_type_index=576
 - 723 :  : klass_index=360 name_and_type_index=583
 - 724 :  : klass_index=361 name_and_type_index=578
 - 725 :  : klass_index=361 name_and_type_index=582
 - 726 :  : klass_index=362 name_and_type_index=492
 - 727 :  : klass_index=362 name_and_type_index=496
 - 728 :  : klass_index=362 name_and_type_index=501
 - 729 :  : klass_index=362 name_and_type_index=503
 - 730 :  : klass_index=362 name_and_type_index=528
 - 731 :  : klass_index=362 name_and_type_index=551
 - 732 :  : klass_index=362 name_and_type_index=569
 - 733 :  : klass_index=362 name_and_type_index=572
 - 734 :  : klass_index=370 name_and_type_index=567
 - 735 :  : klass_index=370 name_and_type_index=568
 - 736 :  : klass_index=370 name_and_type_index=577
 - 737 :  : klass_index=370 name_and_type_index=584
 - 738 :  : klass_index=372 name_and_type_index=490
 - 739 :  : klass_index=372 name_and_type_index=491
 - 740 :  : klass_index=372 name_and_type_index=495
 - 741 :  : klass_index=372 name_and_type_index=502
 - 742 :  : klass_index=372 name_and_type_index=529
 - 743 :  : klass_index=372 name_and_type_index=535
 - 744 :  : klass_index=372 name_and_type_index=579
 - 745 :  : 'AbstractSAXParser.java'
 - 746 :  : 'AttributesProxy'
 - 747 :  : 'LocatorProxy'

R12=0x00000000d03f23b0 is an oop
{method} 
 - klass: {other class}
R13=0x00000000009cd000 is a thread
R14=0x00000000009c87e0 is an unknown value
R15=0x00000000027209a0 is an unknown value


Stack: [0x00000000020f0000,0x00000000021f0000],  sp=0x00000000021edf30,  free space=1015k
Native frames: (J=compiled Java code, j=interpreted, Vv=VM code, C=native code)
V  [jvm.dll+0x10c6e7]

Java frames: (J=compiled Java code, j=interpreted, Vv=VM code)
j  com.sun.org.apache.xerces.internal.parsers.XML11Configuration.parse(Lcom/sun/org/apache/xerces/internal/xni/parser/XMLInputSource;)V+75
j  com.sun.org.apache.xerces.internal.parsers.XMLParser.parse(Lcom/sun/org/apache/xerces/internal/xni/parser/XMLInputSource;)V+9
j  com.sun.org.apache.xerces.internal.parsers.AbstractSAXParser.parse(Lorg/xml/sax/InputSource;)V+43
j  com.sun.org.apache.xerces.internal.jaxp.SAXParserImpl$JAXPSAXParser.parse(Lorg/xml/sax/InputSource;)V+43
j  org.apache.tomcat.util.digester.Digester.parse(Lorg/xml/sax/InputSource;)Ljava/lang/Object;+9
j  org.apache.catalina.startup.ContextConfig.applicationWebConfig()V+296
j  org.apache.catalina.startup.ContextConfig.start()V+128
j  org.apache.catalina.startup.ContextConfig.lifecycleEvent(Lorg/apache/catalina/LifecycleEvent;)V+50
j  org.apache.catalina.util.LifecycleSupport.fireLifecycleEvent(Ljava/lang/String;Ljava/lang/Object;)V+178
j  org.apache.catalina.core.StandardContext.start()V+925
j  org.apache.catalina.core.ContainerBase.addChildInternal(Lorg/apache/catalina/Container;)V+156
j  org.apache.catalina.core.ContainerBase.addChild(Lorg/apache/catalina/Container;)V+26
j  org.apache.catalina.core.StandardHost.addChild(Lorg/apache/catalina/Container;)V+50
j  org.apache.catalina.startup.HostConfig.deployDescriptor(Ljava/lang/String;Ljava/io/File;Ljava/lang/String;)V+404
j  org.apache.catalina.startup.HostConfig.deployDescriptors(Ljava/io/File;[Ljava/lang/String;)V+152
j  org.apache.catalina.startup.HostConfig.deployApps()V+25
j  org.apache.catalina.startup.HostConfig.start()V+147
j  org.apache.catalina.startup.HostConfig.lifecycleEvent(Lorg/apache/catalina/LifecycleEvent;)V+132
j  org.apache.catalina.util.LifecycleSupport.fireLifecycleEvent(Ljava/lang/String;Ljava/lang/Object;)V+178
j  org.apache.catalina.core.ContainerBase.start()V+306
j  org.apache.catalina.core.StandardHost.start()V+315
j  org.apache.catalina.core.ContainerBase.start()V+266
j  org.apache.catalina.core.StandardEngine.start()V+221
j  org.apache.catalina.core.StandardService.start()V+133
j  org.apache.catalina.core.StandardServer.start()V+88
j  org.apache.catalina.startup.Catalina.start()V+50
v  ~StubRoutines::call_stub
j  sun.reflect.NativeMethodAccessorImpl.invoke0(Ljava/lang/reflect/Method;Ljava/lang/Object;[Ljava/lang/Object;)Ljava/lang/Object;+0
j  sun.reflect.NativeMethodAccessorImpl.invoke(Ljava/lang/Object;[Ljava/lang/Object;)Ljava/lang/Object;+87
j  sun.reflect.DelegatingMethodAccessorImpl.invoke(Ljava/lang/Object;[Ljava/lang/Object;)Ljava/lang/Object;+6
j  java.lang.reflect.Method.invoke(Ljava/lang/Object;[Ljava/lang/Object;)Ljava/lang/Object;+161
j  org.apache.catalina.startup.Bootstrap.start()V+37
j  org.apache.catalina.startup.Bootstrap.main([Ljava/lang/String;)V+131
v  ~StubRoutines::call_stub

---------------  P R O C E S S  ---------------

Java Threads: ( => current thread )
  0x0000000007608800 JavaThread "GC Daemon" daemon [_thread_blocked, id=12144, stack(0x0000000008cd0000,0x0000000008dd0000)]
  0x000000000272e000 JavaThread "Low Memory Detector" daemon [_thread_blocked, id=11316, stack(0x0000000006f00000,0x0000000007000000)]
  0x0000000006633800 JavaThread "C2 CompilerThread1" daemon [_thread_blocked, id=11476, stack(0x0000000006e00000,0x0000000006f00000)]
  0x000000000662f000 JavaThread "C2 CompilerThread0" daemon [_thread_blocked, id=4960, stack(0x0000000006d00000,0x0000000006e00000)]
  0x0000000002726000 JavaThread "JDWP Command Reader" daemon [_thread_in_native, id=9496, stack(0x0000000006c00000,0x0000000006d00000)]
  0x0000000002723000 JavaThread "JDWP Event Helper Thread" daemon [_thread_blocked, id=5544, stack(0x0000000006b00000,0x0000000006c00000)]
  0x0000000002720000 JavaThread "JDWP Transport Listener: dt_socket" daemon [_thread_blocked, id=9120, stack(0x0000000006a00000,0x0000000006b00000)]
  0x000000000270b000 JavaThread "Attach Listener" daemon [_thread_blocked, id=8136, stack(0x0000000006900000,0x0000000006a00000)]
  0x0000000002708000 JavaThread "Signal Dispatcher" daemon [_thread_blocked, id=12136, stack(0x0000000006800000,0x0000000006900000)]
  0x00000000026f8000 JavaThread "Finalizer" daemon [_thread_blocked, id=11468, stack(0x0000000006500000,0x0000000006600000)]
  0x00000000026ef800 JavaThread "Reference Handler" daemon [_thread_blocked, id=11640, stack(0x0000000006400000,0x0000000006500000)]
=>0x00000000009cd000 JavaThread "main" [_thread_in_vm, id=9184, stack(0x00000000020f0000,0x00000000021f0000)]

Other Threads:
  0x00000000026e9800 VMThread [stack: 0x0000000006300000,0x0000000006400000] [id=1856]
  0x000000000664e000 WatcherThread [stack: 0x0000000007000000,0x0000000007100000] [id=5572]

VM state:not at safepoint (normal execution)

VM Mutex/Monitor currently owned by a thread: None

Heap
 PSYoungGen      total 44608K, used 0K [0x00000000f1ab0000, 0x00000000f55e0000, 0x0000000100000000)
  eden space 44544K, 0% used [0x00000000f1ab0000,0x00000000f1ab0000,0x00000000f4630000)
  from space 64K, 0% used [0x00000000f4630000,0x00000000f4630000,0x00000000f4640000)
  to   space 8000K, 0% used [0x00000000f4e10000,0x00000000f4e10000,0x00000000f55e0000)
 PSOldGen        total 469696K, used 80021K [0x00000000d5000000, 0x00000000f1ab0000, 0x00000000f1ab0000)
  object space 469696K, 17% used [0x00000000d5000000,0x00000000d9e25488,0x00000000f1ab0000)
 PSPermGen       total 83968K, used 83967K [0x00000000cfe00000, 0x00000000d5000000, 0x00000000d5000000)
  object space 83968K, 99% used [0x00000000cfe00000,0x00000000d4ffffe0,0x00000000d5000000)

Code Cache  [0x0000000002730000, 0x0000000002d70000, 0x0000000005730000)
 total_blobs=1577 nmethods=1201 adapters=336 free_code_cache=44320896 largest_free_block=125888

Dynamic libraries:
0x0000000000400000 - 0x000000000042f000 	C:\Program Files\Java\jdk1.6.0_43\bin\javaw.exe
0x00007ff941ad0000 - 0x00007ff941c91000 	C:\WINDOWS\SYSTEM32\ntdll.dll
0x00007ff93fff0000 - 0x00007ff94009d000 	C:\WINDOWS\system32\KERNEL32.DLL
0x00007ff93e980000 - 0x00007ff93eb68000 	C:\WINDOWS\system32\KERNELBASE.dll
0x00007ff940290000 - 0x00007ff940337000 	C:\WINDOWS\system32\ADVAPI32.dll
0x00007ff93fc00000 - 0x00007ff93fc9d000 	C:\WINDOWS\system32\msvcrt.dll
0x00007ff93f130000 - 0x00007ff93f18b000 	C:\WINDOWS\system32\sechost.dll
0x00007ff9403a0000 - 0x00007ff9404bc000 	C:\WINDOWS\system32\RPCRT4.dll
0x00007ff93f820000 - 0x00007ff93f976000 	C:\WINDOWS\system32\USER32.dll
0x00007ff93f190000 - 0x00007ff93f316000 	C:\WINDOWS\system32\GDI32.dll
0x00007ff93fd00000 - 0x00007ff93fd3b000 	C:\WINDOWS\system32\IMM32.DLL
0x000000006d8c0000 - 0x000000006e07c000 	C:\Program Files\Java\jdk1.6.0_43\jre\bin\server\jvm.dll
0x00007ff93c820000 - 0x00007ff93c843000 	C:\WINDOWS\SYSTEM32\WINMM.dll
0x00007ff93c7c0000 - 0x00007ff93c7ec000 	C:\WINDOWS\SYSTEM32\WINMMBASE.dll
0x00007ff93e230000 - 0x00007ff93e273000 	C:\WINDOWS\system32\cfgmgr32.dll
0x000000006d830000 - 0x000000006d83e000 	C:\Program Files\Java\jdk1.6.0_43\jre\bin\verify.dll
0x000000006d450000 - 0x000000006d477000 	C:\Program Files\Java\jdk1.6.0_43\jre\bin\java.dll
0x000000006d4c0000 - 0x000000006d4f4000 	C:\Program Files\Java\jdk1.6.0_43\jre\bin\jdwp.dll
0x000000006d6e0000 - 0x000000006d6e8000 	C:\Program Files\Java\jdk1.6.0_43\jre\bin\npt.dll
0x000000006d880000 - 0x000000006d892000 	C:\Program Files\Java\jdk1.6.0_43\jre\bin\zip.dll
0x000000006d310000 - 0x000000006d319000 	C:\Program Files\Java\jdk1.6.0_43\jre\bin\dt_socket.dll
0x00007ff940110000 - 0x00007ff94017b000 	C:\WINDOWS\system32\WS2_32.dll
0x00007ff92d630000 - 0x00007ff92d646000 	C:\WINDOWS\system32\napinsp.dll
0x00007ff92d650000 - 0x00007ff92d66a000 	C:\WINDOWS\system32\pnrpnsp.dll
0x00007ff93b980000 - 0x00007ff93b998000 	C:\WINDOWS\system32\NLAapi.dll
0x00007ff93da20000 - 0x00007ff93da7c000 	C:\WINDOWS\System32\mswsock.dll
0x00007ff93cb60000 - 0x00007ff93cc0a000 	C:\WINDOWS\SYSTEM32\DNSAPI.dll
0x00007ff941ac0000 - 0x00007ff941ac8000 	C:\WINDOWS\system32\NSI.dll
0x00007ff92d670000 - 0x00007ff92d67d000 	C:\WINDOWS\System32\winrnr.dll
0x00007ff92d680000 - 0x00007ff92d695000 	C:\WINDOWS\System32\wshbth.dll
0x00007ff93a730000 - 0x00007ff93a797000 	C:\WINDOWS\System32\fwpuclnt.dll
0x00007ff93dcf0000 - 0x00007ff93dd19000 	C:\WINDOWS\SYSTEM32\bcrypt.dll
0x00007ff930010000 - 0x00007ff93001a000 	C:\Windows\System32\rasadhlp.dll
0x000000006d5f0000 - 0x000000006d5fa000 	C:\Program Files\Java\jdk1.6.0_43\jre\bin\management.dll
0x0000000010000000 - 0x0000000010125000 	D:\channel\tomcat6\bin\tcnative-1.dll
0x00007ff941a50000 - 0x00007ff941a58000 	C:\WINDOWS\system32\PSAPI.DLL
0x00007ff93fca0000 - 0x00007ff93fcf2000 	C:\WINDOWS\system32\SHLWAPI.dll
0x00007ff93f980000 - 0x00007ff93fbfd000 	C:\WINDOWS\system32\combase.dll
0x00007ff93ee60000 - 0x00007ff93eeca000 	C:\WINDOWS\system32\bcryptPrimitives.dll
0x00007ff93dad0000 - 0x00007ff93dae7000 	C:\WINDOWS\SYSTEM32\CRYPTSP.dll
0x00007ff93d740000 - 0x00007ff93d774000 	C:\WINDOWS\system32\rsaenh.dll
0x00007ff93dbf0000 - 0x00007ff93dbfb000 	C:\WINDOWS\SYSTEM32\CRYPTBASE.dll
0x000000006d800000 - 0x000000006d80b000 	C:\Program Files\Java\jdk1.6.0_43\jre\bin\sunmscapi.dll
0x00007ff93eb70000 - 0x00007ff93ed37000 	C:\WINDOWS\system32\CRYPT32.dll
0x00007ff93e110000 - 0x00007ff93e120000 	C:\WINDOWS\system32\MSASN1.dll
0x000000006d6b0000 - 0x000000006d6c7000 	C:\Program Files\Java\jdk1.6.0_43\jre\bin\net.dll
0x00007ff93a5d0000 - 0x00007ff93a608000 	C:\WINDOWS\SYSTEM32\IPHLPAPI.DLL
0x00007ff93d8b0000 - 0x00007ff93d8cf000 	C:\WINDOWS\SYSTEM32\USERENV.dll
0x00007ff93e0f0000 - 0x00007ff93e104000 	C:\WINDOWS\system32\profapi.dll

VM Arguments:
jvm_args: -agentlib:jdwp=transport=dt_socket,suspend=y,address=localhost:60735 -Dcatalina.home=D:\channel\tomcat6 -Dcatalina.base=D:\channel\tomcat6 -Djava.endorsed.dirs=D:\channel\tomcat6/common/endorsed -Djava.io.tmpdir=D:\channel\tomcat6\temp -Djava.library.path=C:\Program Files\Java\jdk1.6.0_43\bin;D:\channel\tomcat6\bin -Dsun.io.useCanonCaches=false 
java_command: org.apache.catalina.startup.Bootstrap start
Launcher Type: SUN_STANDARD

Environment Variables:
JAVA_HOME=C:\Program Files\Java\jdk1.6.0_43
CLASSPATH=.;C:\Program Files\Java\jdk1.6.0_43\lib\dt.jar;C:\Program Files\Java\jdk1.6.0_43\lib\tools.jar
PATH=C:\Program Files\Java\jdk1.6.0_43\jre\bin;D:\Oracle\client\bin;D:\Oracle\bin;C:\Program Files (x86)\Intel\iCLS Client\;C:\Program Files\Intel\iCLS Client\;C:\WINDOWS\system32;C:\WINDOWS;C:\WINDOWS\System32\Wbem;C:\WINDOWS\System32\WindowsPowerShell\v1.0\;C:\Program Files (x86)\Intel\Intel(R) Management Engine Components\DAL;C:\Program Files\Intel\Intel(R) Management Engine Components\DAL;C:\Program Files (x86)\Intel\Intel(R) Management Engine Components\IPT;C:\Program Files\Intel\Intel(R) Management Engine Components\IPT;C:\Program Files (x86)\ATI Technologies\ATI.ACE\Core-Static;C:\Program Files\Intel\WiFi\bin\;C:\Program Files\Common Files\Intel\WirelessCommon\;C:\Program Files\Java\jdk1.6.0_43\bin;C:\Program Files\TortoiseSVN\bin;E:\mysql\bin
USERNAME=39054
OS=Windows_NT
PROCESSOR_IDENTIFIER=Intel64 Family 6 Model 61 Stepping 4, GenuineIntel



---------------  S Y S T E M  ---------------

OS: Windows 8 , 64 bit Build 9200 

CPU:total 4 (2 cores per cpu, 2 threads per core) family 6 model 61 stepping 4, cmov, cx8, fxsr, mmx, sse, sse2, sse3, ssse3, sse4.1, sse4.2, popcnt, ht

Memory: 4k page, physical 2815200k(359064k free), swap 11728096k(3456048k free)

vm_info: Java HotSpot(TM) 64-Bit Server VM (20.14-b01) for windows-amd64 JRE (1.6.0_43-b01), built on Mar  1 2013 01:52:33 by "java_re" with MS VC++ 8.0 (VS2005)

time: Mon Mar 13 17:46:16 2017
elapsed time: 72 seconds

