#
# A fatal error has been detected by the Java Runtime Environment:
#
#  EXCEPTION_ACCESS_VIOLATION (0xc0000005) at pc=0x000000006d9366e0, pid=8136, tid=7884
#
# JRE version: 6.0_43-b01
# Java VM: Java HotSpot(TM) 64-Bit Server VM (20.14-b01 mixed mode windows-amd64 compressed oops)
# Problematic frame:
# V  [jvm.dll+0x766e0]
#
# If you would like to submit a bug report, please visit:
#   http://java.sun.com/webapps/bugreport/crash.jsp
#

---------------  T H R E A D  ---------------

Current thread (0x00000000099be000):  JavaThread "http-8080-2" daemon [_thread_in_vm, id=7884, stack(0x000000000ec40000,0x000000000ed40000)]

siginfo: ExceptionCode=0xc0000005, reading address 0x000000000004002c

Registers:
RAX=0x000000000004000c, RBX=0x0000000000000000, RCX=0x0000000000000020, RDX=0x0000000000000083
RSP=0x000000000ed3ecb0, RBP=0x000000000bec0870, RSI=0x00000000c3bc7960, RDI=0x0000000007ddcc10
R8 =0x00000000c5366db8, R9 =0x0000000000000006, R10=0x0000000000000054, R11=0x000000000000000c
R12=0x00000000c3bc7960, R13=0x00000000099be000, R14=0x0000000000219780, R15=0x00000000070fe770
RIP=0x000000006d9366e0, EFLAGS=0x0000000000010287

Top of Stack: (sp=0x000000000ed3ecb0)
0x000000000ed3ecb0:   000000000ed3ee50 0000000000000079
0x000000000ed3ecc0:   000000000bec0870 0000000007ddcb18
0x000000000ed3ecd0:   00000000c0a71018 000000006da5ae03
0x000000000ed3ece0:   000000000bec0870 0000000000000079
0x000000000ed3ecf0:   000000000bec0870 0000000007ddcb18
0x000000000ed3ed00:   00000000000000b6 000000000ed3ef60
0x000000000ed3ed10:   00000000099be000 0000000007ddcae8
0x000000000ed3ed20:   00000000099be000 00000000070fe770
0x000000000ed3ed30:   00000000099be000 00000000099be1d0
0x000000000ed3ed40:   0000000007dd0001 0000000008772790
0x000000000ed3ed50:   0000000009c389e8 0000000000000000
0x000000000ed3ed60:   0000000008772798 00000000099be000
0x000000000ed3ed70:   000000000721ffb0 000000006d935683
0x000000000ed3ed80:   0000000000000001 00000000099be000
0x000000000ed3ed90:   0000000007ddcb18 0000000007ddcb10
0x000000000ed3eda0:   0000000007ddcb08 000000006d935683 

Instructions: (pc=0x000000006d9366e0)
0x000000006d9366c0:   18 76 12 ba 08 00 00 00 48 8b cd e8 b0 1c 03 00
0x000000006d9366d0:   48 8b f8 eb 04 48 89 45 10 48 89 37 48 8b 46 18
0x000000006d9366e0:   48 8b 68 20 48 85 ed 74 55 8b 0d 75 de 69 00 ff
0x000000006d9366f0:   15 23 fc 53 00 48 8b b0 08 01 00 00 48 83 7e 10 


Register to memory mapping:

RAX=0x000000000004000c is an unknown value
RBX=0x0000000000000000 is an unknown value
RCX=0x0000000000000020 is an unknown value
RDX=0x0000000000000083 is an unknown value
RSP=0x000000000ed3ecb0 is pointing into the stack for thread: 0x00000000099be000
RBP=0x000000000bec0870 is an unknown value
RSI=0x00000000c3bc7960 is an oop
{method} 
 - klass: {other class}
RDI=0x0000000007ddcc10 is an unknown value
R8 =0x00000000c5366db8 is an oop
{constMethod} 
 - klass: {other class}
 - method:       0x00000000c5366ee8 {method} 'fill' '()Z' in 'org/apache/coyote/http11/InternalInputBuffer'
 - exceptions:   0x00000000c0201ef8
R9 =0x0000000000000006 is an unknown value
R10=0x0000000000000054 is an unknown value
R11=0x000000000000000c is an unknown value
R12=0x00000000c3bc7960 is an oop
{method} 
 - klass: {other class}
R13=0x00000000099be000 is a thread
R14=0x0000000000219780 is an unknown value
R15=0x00000000070fe770 is an unknown value


Stack: [0x000000000ec40000,0x000000000ed40000],  sp=0x000000000ed3ecb0,  free space=1019k
Native frames: (J=compiled Java code, j=interpreted, Vv=VM code, C=native code)
V  [jvm.dll+0x766e0]

Java frames: (J=compiled Java code, j=interpreted, Vv=VM code)
j  java.net.SocketInputStream.socketRead0(Ljava/io/FileDescriptor;[BIII)I+0
j  java.net.SocketInputStream.read([BII)I+84
j  org.apache.coyote.http11.InternalInputBuffer.fill()Z+59
j  org.apache.coyote.http11.InternalInputBuffer.parseRequestLine()V+16
j  org.apache.coyote.http11.Http11Processor.process(Ljava/net/Socket;)V+258
j  org.apache.coyote.http11.Http11Protocol$Http11ConnectionHandler.process(Ljava/net/Socket;)Z+82
j  org.apache.tomcat.util.net.JIoEndpoint$Worker.run()V+41
j  java.lang.Thread.run()V+11
v  ~StubRoutines::call_stub

---------------  P R O C E S S  ---------------

Java Threads: ( => current thread )
  0x00000000099bc000 JavaThread "http-8080-3" daemon [_thread_blocked, id=8940, stack(0x000000000ed40000,0x000000000ee40000)]
=>0x00000000099be000 JavaThread "http-8080-2" daemon [_thread_in_vm, id=7884, stack(0x000000000ec40000,0x000000000ed40000)]
  0x00000000099be800 JavaThread "http-8080-1" daemon [_thread_blocked, id=6956, stack(0x000000000eb40000,0x000000000ec40000)]
  0x000000000bcbc800 JavaThread "TP-Monitor" daemon [_thread_blocked, id=8576, stack(0x000000000e840000,0x000000000e940000)]
  0x0000000007b95000 JavaThread "TP-Processor4" daemon [_thread_in_native, id=8604, stack(0x000000000e740000,0x000000000e840000)]
  0x0000000008261800 JavaThread "TP-Processor3" daemon [_thread_blocked, id=6776, stack(0x000000000c650000,0x000000000c750000)]
  0x0000000008762000 JavaThread "TP-Processor2" daemon [_thread_blocked, id=8584, stack(0x000000000c550000,0x000000000c650000)]
  0x0000000007ba1000 JavaThread "TP-Processor1" daemon [_thread_blocked, id=6680, stack(0x000000000c450000,0x000000000c550000)]
  0x0000000008326800 JavaThread "http-8080-Acceptor-0" daemon [_thread_in_native, id=6340, stack(0x000000000c350000,0x000000000c450000)]
  0x00000000079ec000 JavaThread "ContainerBackgroundProcessor[StandardEngine[Catalina]]" daemon [_thread_blocked, id=5248, stack(0x000000000b0d0000,0x000000000b1d0000)]
  0x000000000e56e800 JavaThread "ScheduleThread1" [_thread_blocked, id=8596, stack(0x000000000b1d0000,0x000000000b2d0000)]
  0x000000000859e800 JavaThread "com.mchange.v2.async.ThreadPoolAsynchronousRunner$PoolThread-#2" daemon [_thread_blocked, id=416, stack(0x000000000aed0000,0x000000000afd0000)]
  0x000000000a93b800 JavaThread "com.mchange.v2.async.ThreadPoolAsynchronousRunner$PoolThread-#1" daemon [_thread_blocked, id=8552, stack(0x000000000add0000,0x000000000aed0000)]
  0x0000000009865000 JavaThread "com.mchange.v2.async.ThreadPoolAsynchronousRunner$PoolThread-#0" daemon [_thread_blocked, id=8560, stack(0x000000000acd0000,0x000000000add0000)]
  0x000000000bfad800 JavaThread "Timer-0" daemon [_thread_blocked, id=3888, stack(0x000000000abd0000,0x000000000acd0000)]
  0x000000000767c800 JavaThread "GC Daemon" daemon [_thread_blocked, id=7316, stack(0x0000000008b30000,0x0000000008c30000)]
  0x0000000006433000 JavaThread "Low Memory Detector" daemon [_thread_blocked, id=1084, stack(0x0000000006d00000,0x0000000006e00000)]
  0x0000000006432800 JavaThread "C2 CompilerThread1" daemon [_thread_blocked, id=5692, stack(0x0000000006c00000,0x0000000006d00000)]
  0x0000000006436000 JavaThread "C2 CompilerThread0" daemon [_thread_blocked, id=6604, stack(0x0000000006b00000,0x0000000006c00000)]
  0x000000000642d800 JavaThread "JDWP Command Reader" daemon [_thread_in_native, id=960, stack(0x0000000006a00000,0x0000000006b00000)]
  0x0000000006421000 JavaThread "JDWP Event Helper Thread" daemon [_thread_blocked, id=1264, stack(0x0000000006900000,0x0000000006a00000)]
  0x0000000002373800 JavaThread "JDWP Transport Listener: dt_socket" daemon [_thread_blocked, id=1352, stack(0x0000000006800000,0x0000000006900000)]
  0x000000000235e800 JavaThread "Attach Listener" daemon [_thread_blocked, id=3336, stack(0x0000000006700000,0x0000000006800000)]
  0x0000000002359800 JavaThread "Signal Dispatcher" daemon [_thread_blocked, id=5168, stack(0x0000000006600000,0x0000000006700000)]
  0x0000000002341800 JavaThread "Finalizer" daemon [_thread_blocked, id=4732, stack(0x0000000006300000,0x0000000006400000)]
  0x000000000233d800 JavaThread "Reference Handler" daemon [_thread_blocked, id=9096, stack(0x0000000006200000,0x0000000006300000)]
  0x000000000021e800 JavaThread "main" [_thread_in_native, id=7148, stack(0x0000000002180000,0x0000000002280000)]

Other Threads:
  0x0000000002337800 VMThread [stack: 0x0000000006100000,0x0000000006200000] [id=5536]
  0x000000000237e000 WatcherThread [stack: 0x0000000006e00000,0x0000000006f00000] [id=1552]

VM state:synchronizing (normal execution)

VM Mutex/Monitor currently owned by a thread:  ([mutex/lock_event])
[0x000000000021b0b0] Threads_lock - owner thread: 0x0000000002337800
[0x000000000021b9b0] Heap_lock - owner thread: 0x000000000bfad800

Heap
 PSYoungGen      total 248576K, used 2393K [0x00000000ec6b0000, 0x00000000fc900000, 0x0000000100000000)
  eden space 234688K, 1% used [0x00000000ec6b0000,0x00000000ec9067d8,0x00000000fabe0000)
  from space 13888K, 0% used [0x00000000fbb70000,0x00000000fbb70000,0x00000000fc900000)
  to   space 14912K, 0% used [0x00000000fabe0000,0x00000000fabe0000,0x00000000fba70000)
 PSOldGen        total 641728K, used 86000K [0x00000000c5400000, 0x00000000ec6b0000, 0x00000000ec6b0000)
  object space 641728K, 13% used [0x00000000c5400000,0x00000000ca7fc230,0x00000000ec6b0000)
 PSPermGen       total 83968K, used 83967K [0x00000000c0200000, 0x00000000c5400000, 0x00000000c5400000)
  object space 83968K, 99% used [0x00000000c0200000,0x00000000c53fffb8,0x00000000c5400000)

Code Cache  [0x0000000002380000, 0x0000000002b40000, 0x0000000005380000)
 total_blobs=1803 nmethods=1428 adapters=335 free_code_cache=43076288 largest_free_block=239808

Dynamic libraries:
0x0000000000400000 - 0x000000000042f000 	C:\Program Files\Java\jdk1.6.0_43\bin\javaw.exe
0x00007ffdf6510000 - 0x00007ffdf66bd000 	C:\Windows\SYSTEM32\ntdll.dll
0x00007ffdf5d30000 - 0x00007ffdf5e6e000 	C:\Windows\system32\KERNEL32.DLL
0x00007ffdf35e0000 - 0x00007ffdf36f5000 	C:\Windows\system32\KERNELBASE.dll
0x00007ffdf1e50000 - 0x00007ffdf1ede000 	C:\Windows\system32\apphelp.dll
0x00007ffdd7050000 - 0x00007ffdd70a3000 	C:\Windows\AppPatch\AppPatch64\AcGenral.DLL
0x00007ffdf6330000 - 0x00007ffdf63da000 	C:\Windows\system32\msvcrt.dll
0x00007ffdf3560000 - 0x00007ffdf358e000 	C:\Windows\system32\SspiCli.dll
0x00007ffdf64b0000 - 0x00007ffdf6504000 	C:\Windows\system32\SHLWAPI.dll
0x00007ffdf3e80000 - 0x00007ffdf3ff7000 	C:\Windows\system32\USER32.dll
0x00007ffdf38a0000 - 0x00007ffdf3a34000 	C:\Windows\system32\ole32.dll
0x00007ffdf4000000 - 0x00007ffdf552b000 	C:\Windows\system32\SHELL32.dll
0x00007ffdf28a0000 - 0x00007ffdf28c1000 	C:\Windows\SYSTEM32\USERENV.dll
0x00007ffdf61c0000 - 0x00007ffdf626a000 	C:\Windows\system32\ADVAPI32.dll
0x00007ffde7040000 - 0x00007ffde705e000 	C:\Windows\SYSTEM32\MPR.dll
0x00007ffdf3c10000 - 0x00007ffdf3d50000 	C:\Windows\system32\RPCRT4.dll
0x00007ffdf57e0000 - 0x00007ffdf5839000 	C:\Windows\SYSTEM32\sechost.dll
0x00007ffdf5840000 - 0x00007ffdf5a51000 	C:\Windows\SYSTEM32\combase.dll
0x00007ffdf5ba0000 - 0x00007ffdf5cef000 	C:\Windows\system32\GDI32.dll
0x00007ffdf3250000 - 0x00007ffdf3265000 	C:\Windows\SYSTEM32\profapi.dll
0x00007ffdf1800000 - 0x00007ffdf18b2000 	C:\Windows\SYSTEM32\SHCORE.dll
0x00007ffdf5cf0000 - 0x00007ffdf5d26000 	C:\Windows\system32\IMM32.DLL
0x00007ffdf6040000 - 0x00007ffdf6192000 	C:\Windows\system32\MSCTF.dll
0x00007ffdf3200000 - 0x00007ffdf3231000 	C:\Windows\system32\nvinitx.dll
0x00007ffdf31f0000 - 0x00007ffdf31fa000 	C:\Windows\SYSTEM32\VERSION.dll
0x000000000f000000 - 0x000000000f006000 	C:\Program Files\NVIDIA Corporation\CoProcManager\_etoured.dll
0x00007ffdf1330000 - 0x00007ffdf1361000 	C:\Program Files\NVIDIA Corporation\CoProcManager\nvd3d9wrapx.dll
0x00007ffdf55a0000 - 0x00007ffdf577a000 	C:\Windows\system32\SETUPAPI.dll
0x00007ffdf3700000 - 0x00007ffdf374f000 	C:\Windows\system32\CFGMGR32.dll
0x00007ffdf1300000 - 0x00007ffdf1322000 	C:\Program Files\NVIDIA Corporation\CoProcManager\nvdxgiwrapx.dll
0x000000006d8c0000 - 0x000000006e07c000 	C:\Program Files\Java\jdk1.6.0_43\jre\bin\server\jvm.dll
0x00007ffdf3750000 - 0x00007ffdf3772000 	C:\Windows\system32\WINMM.dll
0x00007ffdf3350000 - 0x00007ffdf337a000 	C:\Windows\system32\WINMMBASE.dll
0x00007ffdf3300000 - 0x00007ffdf3328000 	C:\Windows\system32\DEVOBJ.dll
0x000000006d830000 - 0x000000006d83e000 	C:\Program Files\Java\jdk1.6.0_43\jre\bin\verify.dll
0x000000006d450000 - 0x000000006d477000 	C:\Program Files\Java\jdk1.6.0_43\jre\bin\java.dll
0x000000006d4c0000 - 0x000000006d4f4000 	C:\Program Files\Java\jdk1.6.0_43\jre\bin\jdwp.dll
0x000000006d6e0000 - 0x000000006d6e8000 	C:\Program Files\Java\jdk1.6.0_43\jre\bin\npt.dll
0x000000006d880000 - 0x000000006d892000 	C:\Program Files\Java\jdk1.6.0_43\jre\bin\zip.dll
0x000000006d310000 - 0x000000006d319000 	C:\Program Files\Java\jdk1.6.0_43\jre\bin\dt_socket.dll
0x00007ffdf5540000 - 0x00007ffdf559a000 	C:\Windows\system32\WS2_32.dll
0x00007ffdf5e70000 - 0x00007ffdf5e79000 	C:\Windows\system32\NSI.dll
0x00007ffde9270000 - 0x00007ffde9285000 	C:\Windows\system32\napinsp.dll
0x00007ffde9250000 - 0x00007ffde926a000 	C:\Windows\system32\pnrpnsp.dll
0x00007ffdee650000 - 0x00007ffdee66b000 	C:\Windows\system32\NLAapi.dll
0x00007ffdf2b10000 - 0x00007ffdf2b69000 	C:\Windows\System32\mswsock.dll
0x00007ffdf2910000 - 0x00007ffdf29b4000 	C:\Windows\SYSTEM32\DNSAPI.dll
0x00007ffde9240000 - 0x00007ffde924d000 	C:\Windows\System32\winrnr.dll
0x00007ffde9220000 - 0x00007ffde9234000 	C:\Windows\system32\wshbth.dll
0x00007ffdec540000 - 0x00007ffdec5ab000 	C:\Windows\System32\fwpuclnt.dll
0x00007ffde8fe0000 - 0x00007ffde8fea000 	C:\Windows\System32\rasadhlp.dll
0x000000006d5f0000 - 0x000000006d5fa000 	C:\Program Files\Java\jdk1.6.0_43\jre\bin\management.dll
0x000000006d800000 - 0x000000006d80b000 	C:\Program Files\Java\jdk1.6.0_43\jre\bin\sunmscapi.dll
0x00007ffdf3380000 - 0x00007ffdf355f000 	C:\Windows\system32\CRYPT32.dll
0x00007ffdf3330000 - 0x00007ffdf3341000 	C:\Windows\system32\MSASN1.dll
0x000000006d6b0000 - 0x000000006d6c7000 	C:\Program Files\Java\jdk1.6.0_43\jre\bin\net.dll
0x00007ffdecf70000 - 0x00007ffdecf9a000 	C:\Windows\SYSTEM32\IPHLPAPI.DLL
0x00007ffdecf60000 - 0x00007ffdecf6a000 	C:\Windows\SYSTEM32\WINNSI.DLL
0x00007ffdf2b70000 - 0x00007ffdf2b90000 	C:\Windows\SYSTEM32\CRYPTSP.dll
0x00007ffdf2790000 - 0x00007ffdf27c6000 	C:\Windows\system32\rsaenh.dll
0x00007ffdf2dc0000 - 0x00007ffdf2de6000 	C:\Windows\SYSTEM32\bcrypt.dll
0x00007ffdf30d0000 - 0x00007ffdf3133000 	C:\Windows\system32\bcryptprimitives.dll
0x00007ffdf3140000 - 0x00007ffdf314b000 	C:\Windows\SYSTEM32\CRYPTBASE.dll
0x00007ffdf3e60000 - 0x00007ffdf3e67000 	C:\Windows\system32\PSAPI.DLL

VM Arguments:
jvm_args: -agentlib:jdwp=transport=dt_socket,suspend=y,address=localhost:57191 -Dcatalina.home=F:\channel\tomcat6 -Dcatalina.base=F:\channel\tomcat6 -Djava.endorsed.dirs=F:\channel\tomcat6/common/endorsed -Djava.io.tmpdir=F:\channel\tomcat6\temp -Djava.library.path=C:\Program Files\Java\jdk1.6.0_43\bin;F:\channel\tomcat6\bin -Dsun.io.useCanonCaches=false 
java_command: org.apache.catalina.startup.Bootstrap start
Launcher Type: SUN_STANDARD

Environment Variables:
JAVA_HOME=C:\Program Files\Java\jdk1.8.0_60
CLASSPATH=F:\apache-tomcat-7.0.34\lib\servlet-api.jar
PATH=C:\Program Files\Java\jdk1.6.0_43\jre\bin;D:\oracle\product\10.2.0\db_1\bin;C:\springsource\mysql\bin;C:\ProgramData\Oracle\Java\javapath;D:\Program Files (x86)\Bin£»C:\ProgramData\Oracle\Java\javapath;E:\app\Liu\product\11.2.0\dbhome_1\bin;C:\Program Files (x86)\NVIDIA Corporation\PhysX\Common;C:\Windows\system32;C:\Windows;C:\Windows\System32\Wbem;C:\Windows\System32\WindowsPowerShell\v1.0\;D:\Program Files\Microsoft SQL Server\120\DTS\Binn\;D:\Program Files\Microsoft SQL Server\Client SDK\ODBC\110\Tools\Binn\;D:\Program Files (x86)\Microsoft SQL Server\120\Tools\Binn\;D:\Program Files\Microsoft SQL Server\120\Tools\Binn\;D:\Program Files (x86)\Microsoft SQL Server\120\Tools\Binn\ManagementStudio\;D:\Program Files (x86)\Microsoft SQL Server\120\DTS\Binn\;C:\Program Files (x86)\Microsoft SQL Server\100\Tools\Binn\;C:\Program Files\Microsoft SQL Server\100\Tools\Binn\;C:\Program Files\Microsoft SQL Server\100\DTS\Binn\;C:\Program Files (x86)\MySQL\MySQL Utilities 1.4.3\;C:\Program Files (x86)\MySQL\MySQL Utilities 1.4.3\Doctrine extensions for PHP\;C:\Program Files (x86)\Microsoft SQL Server\100\Tools\Binn\VSShell\Common7\IDE\;C:\Program Files (x86)\Microsoft Visual Studio 9.0\Common7\IDE\PrivateAssemblies\;C:\Program Files (x86)\Microsoft SQL Server\100\DTS\Binn\;C:\Program Files\Java\jdk1.8.0_60\bin;C:\Program Files (x86)\Rational\common;C:\Program Files\Intel\WiFi\bin\;C:\Program Files\Common Files\Intel\WirelessCommon\;C:\strawberry\c\bin;C:\strawberry\perl\bin;
USERNAME=Liu
OS=Windows_NT
PROCESSOR_IDENTIFIER=Intel64 Family 6 Model 60 Stepping 3, GenuineIntel



---------------  S Y S T E M  ---------------

OS: Windows 8 , 64 bit Build 9200 

CPU:total 4 (2 cores per cpu, 2 threads per core) family 6 model 60 stepping 3, cmov, cx8, fxsr, mmx, sse, sse2, sse3, ssse3, sse4.1, sse4.2, popcnt, ht

Memory: 4k page, physical 3847780k(411564k free), swap 7517796k(2941732k free)

vm_info: Java HotSpot(TM) 64-Bit Server VM (20.14-b01) for windows-amd64 JRE (1.6.0_43-b01), built on Mar  1 2013 01:52:33 by "java_re" with MS VC++ 8.0 (VS2005)

time: Tue Aug 30 11:12:35 2016
elapsed time: 90 seconds

