#
# There is insufficient memory for the Java Runtime Environment to continue.
# Native memory allocation (malloc) failed to allocate 3412816 bytes for Chunk::new
# Possible reasons:
#   The system is out of physical RAM or swap space
#   In 32 bit mode, the process size limit was hit
# Possible solutions:
#   Reduce memory load on the system
#   Increase physical memory or swap space
#   Check if swap backing store is full
#   Use 64 bit Java on a 64 bit OS
#   Decrease Java heap size (-Xmx/-Xms)
#   Decrease number of Java threads
#   Decrease Java thread stack sizes (-Xss)
#   Set larger code cache with -XX:ReservedCodeCacheSize=
# This output file may be truncated or incomplete.
#
#  Out of Memory Error (allocation.cpp:317), pid=9536, tid=1244
#
# JRE version: 6.0_43-b01
# Java VM: Java HotSpot(TM) 64-Bit Server VM (20.14-b01 mixed mode windows-amd64 compressed oops)

---------------  T H R E A D  ---------------

Current thread (0x00000000069f3000):  JavaThread "C2 CompilerThread1" daemon [_thread_in_native, id=1244, stack(0x00000000071c0000,0x00000000072c0000)]

Stack: [0x00000000071c0000,0x00000000072c0000]

Current CompileTask:
C2: 932654 2212      org.springframework.asm.ClassReader.accept(Lorg/springframework/asm/ClassVisitor;[Lorg/springframework/asm/Attribute;Z)V (4725 bytes)


---------------  P R O C E S S  ---------------

Java Threads: ( => current thread )
  0x0000000007cd0800 JavaThread "ScheduleThread1" [_thread_blocked, id=12428, stack(0x0000000010820000,0x0000000010920000)]
  0x0000000007ccc000 JavaThread "com.mchange.v2.async.ThreadPoolAsynchronousRunner$PoolThread-#2" daemon [_thread_blocked, id=13792, stack(0x000000000e4a0000,0x000000000e5a0000)]
  0x0000000007cce000 JavaThread "com.mchange.v2.async.ThreadPoolAsynchronousRunner$PoolThread-#1" daemon [_thread_blocked, id=11504, stack(0x000000000e3a0000,0x000000000e4a0000)]
  0x0000000007ccf000 JavaThread "com.mchange.v2.async.ThreadPoolAsynchronousRunner$PoolThread-#0" daemon [_thread_blocked, id=3804, stack(0x000000000e2a0000,0x000000000e3a0000)]
  0x0000000007ccc800 JavaThread "Timer-1" daemon [_thread_blocked, id=13688, stack(0x000000000e1a0000,0x000000000e2a0000)]
  0x0000000007de6800 JavaThread "TP-Monitor" daemon [_thread_blocked, id=8824, stack(0x000000000e0a0000,0x000000000e1a0000)]
  0x000000000bfc3800 JavaThread "TP-Processor4" daemon [_thread_in_native, id=10320, stack(0x000000000dfa0000,0x000000000e0a0000)]
  0x000000000cde2800 JavaThread "TP-Processor3" daemon [_thread_blocked, id=3152, stack(0x000000000dea0000,0x000000000dfa0000)]
  0x000000000a9a7800 JavaThread "TP-Processor2" daemon [_thread_blocked, id=12432, stack(0x000000000dda0000,0x000000000dea0000)]
  0x000000000b109800 JavaThread "TP-Processor1" daemon [_thread_blocked, id=6332, stack(0x000000000dca0000,0x000000000dda0000)]
  0x0000000007a6c800 JavaThread "http-8080-Acceptor-0" daemon [_thread_in_native, id=5012, stack(0x000000000dba0000,0x000000000dca0000)]
  0x00000000085ab000 JavaThread "ContainerBackgroundProcessor[StandardEngine[Catalina]]" daemon [_thread_in_vm, id=1408, stack(0x000000000daa0000,0x000000000dba0000)]
  0x0000000007cd1000 JavaThread "GC Daemon" daemon [_thread_blocked, id=10008, stack(0x0000000009090000,0x0000000009190000)]
  0x000000000271c000 JavaThread "Low Memory Detector" daemon [_thread_blocked, id=8484, stack(0x00000000072c0000,0x00000000073c0000)]
=>0x00000000069f3000 JavaThread "C2 CompilerThread1" daemon [_thread_in_native, id=1244, stack(0x00000000071c0000,0x00000000072c0000)]
  0x00000000069ed800 JavaThread "C2 CompilerThread0" daemon [_thread_in_native, id=9400, stack(0x00000000070c0000,0x00000000071c0000)]
  0x0000000002713800 JavaThread "JDWP Event Helper Thread" daemon [_thread_blocked, id=9332, stack(0x0000000006ec0000,0x0000000006fc0000)]
  0x00000000026fc000 JavaThread "Attach Listener" daemon [_thread_blocked, id=11616, stack(0x0000000006cc0000,0x0000000006dc0000)]
  0x00000000026f8800 JavaThread "Signal Dispatcher" daemon [_thread_blocked, id=12448, stack(0x0000000006bc0000,0x0000000006cc0000)]
  0x00000000026e8000 JavaThread "Finalizer" daemon [_thread_blocked, id=12068, stack(0x00000000068c0000,0x00000000069c0000)]
  0x00000000026df800 JavaThread "Reference Handler" daemon [_thread_blocked, id=11656, stack(0x00000000067c0000,0x00000000068c0000)]
  0x0000000000a0d000 JavaThread "main" [_thread_in_native, id=7740, stack(0x0000000002130000,0x0000000002230000)]

Other Threads:
  0x00000000026d9800 VMThread [stack: 0x00000000066c0000,0x00000000067c0000] [id=14660]
  0x0000000006a0d800 WatcherThread [stack: 0x00000000073c0000,0x00000000074c0000] [id=5684]

VM state:not at safepoint (normal execution)

VM Mutex/Monitor currently owned by a thread: None

Heap
 PSYoungGen      total 309952K, used 77818K [0x00000000eaab0000, 0x0000000100000000, 0x0000000100000000)
  eden space 270208K, 20% used [0x00000000eaab0000,0x00000000ee16e958,0x00000000fb290000)
  from space 39744K, 54% used [0x00000000fd930000,0x00000000fee70000,0x0000000100000000)
  to   space 39552K, 0% used [0x00000000fb290000,0x00000000fb290000,0x00000000fd930000)
 PSOldGen        total 699072K, used 225011K [0x00000000c0000000, 0x00000000eaab0000, 0x00000000eaab0000)
  object space 699072K, 32% used [0x00000000c0000000,0x00000000cdbbcca0,0x00000000eaab0000)
 PSPermGen       total 150656K, used 150646K [0x00000000a0000000, 0x00000000a9320000, 0x00000000c0000000)
  object space 150656K, 99% used [0x00000000a0000000,0x00000000a931d968,0x00000000a9320000)

Code Cache  [0x0000000002720000, 0x0000000003200000, 0x0000000005720000)
 total_blobs=2408 nmethods=2005 adapters=363 free_code_cache=39164864 largest_free_block=71872

Dynamic libraries:
0x0000000000400000 - 0x000000000042f000 	C:\Program Files\Java\jdk1.6.0_43\bin\javaw.exe
0x00007ff806f40000 - 0x00007ff807101000 	C:\WINDOWS\SYSTEM32\ntdll.dll
0x00007ff805700000 - 0x00007ff8057ad000 	C:\WINDOWS\system32\KERNEL32.DLL
0x00007ff8038c0000 - 0x00007ff803aa8000 	C:\WINDOWS\system32\KERNELBASE.dll
0x00007ff8048e0000 - 0x00007ff804987000 	C:\WINDOWS\system32\ADVAPI32.dll
0x00007ff804490000 - 0x00007ff80452d000 	C:\WINDOWS\system32\msvcrt.dll
0x00007ff804530000 - 0x00007ff80458b000 	C:\WINDOWS\system32\sechost.dll
0x00007ff804590000 - 0x00007ff8046ac000 	C:\WINDOWS\system32\RPCRT4.dll
0x00007ff806d10000 - 0x00007ff806e66000 	C:\WINDOWS\system32\USER32.dll
0x00007ff805070000 - 0x00007ff8051f6000 	C:\WINDOWS\system32\GDI32.dll
0x00007ff805030000 - 0x00007ff80506b000 	C:\WINDOWS\system32\IMM32.DLL
0x000000006d8c0000 - 0x000000006e07c000 	C:\Program Files\Java\jdk1.6.0_43\jre\bin\server\jvm.dll
0x00007ff801990000 - 0x00007ff8019b3000 	C:\WINDOWS\SYSTEM32\WINMM.dll
0x0000000000450000 - 0x000000000047c000 	C:\WINDOWS\SYSTEM32\WINMMBASE.dll
0x00007ff8035f0000 - 0x00007ff803633000 	C:\WINDOWS\system32\cfgmgr32.dll
0x000000006d830000 - 0x000000006d83e000 	C:\Program Files\Java\jdk1.6.0_43\jre\bin\verify.dll
0x000000006d450000 - 0x000000006d477000 	C:\Program Files\Java\jdk1.6.0_43\jre\bin\java.dll
0x000000006d4c0000 - 0x000000006d4f4000 	C:\Program Files\Java\jdk1.6.0_43\jre\bin\jdwp.dll
0x000000006d6e0000 - 0x000000006d6e8000 	C:\Program Files\Java\jdk1.6.0_43\jre\bin\npt.dll
0x000000006d880000 - 0x000000006d892000 	C:\Program Files\Java\jdk1.6.0_43\jre\bin\zip.dll
0x000000006d310000 - 0x000000006d319000 	C:\Program Files\Java\jdk1.6.0_43\jre\bin\dt_socket.dll
0x00007ff805260000 - 0x00007ff8052cb000 	C:\WINDOWS\system32\WS2_32.dll
0x00007ffff2a10000 - 0x00007ffff2a26000 	C:\WINDOWS\system32\napinsp.dll
0x00007ffff2a30000 - 0x00007ffff2a4a000 	C:\WINDOWS\system32\pnrpnsp.dll
0x00007ff801460000 - 0x00007ff801478000 	C:\WINDOWS\system32\NLAapi.dll
0x00007ff802e30000 - 0x00007ff802e8c000 	C:\WINDOWS\System32\mswsock.dll
0x00007ff801ee0000 - 0x00007ff801f8a000 	C:\WINDOWS\SYSTEM32\DNSAPI.dll
0x00007ff804a60000 - 0x00007ff804a68000 	C:\WINDOWS\system32\NSI.dll
0x00007ffff2a50000 - 0x00007ffff2a5d000 	C:\WINDOWS\System32\winrnr.dll
0x00007ffff2af0000 - 0x00007ffff2b05000 	C:\WINDOWS\System32\wshbth.dll
0x00007ffffd830000 - 0x00007ffffd897000 	C:\WINDOWS\System32\fwpuclnt.dll
0x00007ff803490000 - 0x00007ff8034b9000 	C:\WINDOWS\SYSTEM32\bcrypt.dll
0x00007ffffcad0000 - 0x00007ffffcada000 	C:\Windows\System32\rasadhlp.dll
0x000000006d5f0000 - 0x000000006d5fa000 	C:\Program Files\Java\jdk1.6.0_43\jre\bin\management.dll
0x000000006d800000 - 0x000000006d80b000 	C:\Program Files\Java\jdk1.6.0_43\jre\bin\sunmscapi.dll
0x00007ff8036f0000 - 0x00007ff8038b7000 	C:\WINDOWS\system32\CRYPT32.dll
0x00007ff8035e0000 - 0x00007ff8035f0000 	C:\WINDOWS\system32\MSASN1.dll
0x000000006d6b0000 - 0x000000006d6c7000 	C:\Program Files\Java\jdk1.6.0_43\jre\bin\net.dll
0x00007fffffd10000 - 0x00007fffffd48000 	C:\WINDOWS\SYSTEM32\IPHLPAPI.DLL
0x00007ff802ee0000 - 0x00007ff802ef7000 	C:\WINDOWS\SYSTEM32\CRYPTSP.dll
0x00007ff802b50000 - 0x00007ff802b84000 	C:\WINDOWS\system32\rsaenh.dll
0x00007ff802cc0000 - 0x00007ff802cdf000 	C:\WINDOWS\SYSTEM32\USERENV.dll
0x00007ff8035c0000 - 0x00007ff8035d4000 	C:\WINDOWS\system32\profapi.dll
0x00007ff803ab0000 - 0x00007ff803b1a000 	C:\WINDOWS\system32\bcryptprimitives.dll
0x00007ff803000000 - 0x00007ff80300b000 	C:\WINDOWS\SYSTEM32\CRYPTBASE.dll
0x00007ff8048d0000 - 0x00007ff8048d8000 	C:\WINDOWS\system32\PSAPI.DLL

VM Arguments:
jvm_args: -agentlib:jdwp=transport=dt_socket,suspend=y,address=localhost:55372 -Dcatalina.home=D:\channel\tomcat6 -Dcatalina.base=D:\channel\tomcat6 -Djava.endorsed.dirs=D:\channel\tomcat6/common/endorsed -Djava.io.tmpdir=D:\channel\tomcat6\temp -Djava.library.path=C:\Program Files\Java\jdk1.6.0_43\bin;D:\channel\tomcat6\bin -Dsun.io.useCanonCaches=false -Xmx1024m -Xms1024m -XX:MaxPermSize=512m 
java_command: org.apache.catalina.startup.Bootstrap start
Launcher Type: SUN_STANDARD

Environment Variables:
JAVA_HOME=C:\Program Files\Java\jdk1.6.0_43
CLASSPATH=.;C:\Program Files\Java\jdk1.6.0_43\lib\dt.jar;C:\Program Files\Java\jdk1.6.0_43\lib\tools.jar
PATH=C:\Program Files\Java\jdk1.6.0_43\jre\bin;D:\Oracle\client\bin;D:\Oracle\bin;C:\Program Files (x86)\Intel\iCLS Client\;C:\Program Files\Intel\iCLS Client\;C:\WINDOWS\system32;C:\WINDOWS;C:\WINDOWS\System32\Wbem;C:\WINDOWS\System32\WindowsPowerShell\v1.0\;C:\Program Files (x86)\Intel\Intel(R) Management Engine Components\DAL;C:\Program Files\Intel\Intel(R) Management Engine Components\DAL;C:\Program Files (x86)\Intel\Intel(R) Management Engine Components\IPT;C:\Program Files\Intel\Intel(R) Management Engine Components\IPT;C:\Program Files (x86)\ATI Technologies\ATI.ACE\Core-Static;C:\Program Files\Intel\WiFi\bin\;C:\Program Files\Common Files\Intel\WirelessCommon\;C:\Program Files\Java\jdk1.6.0_43\bin;C:\Program Files\TortoiseSVN\bin;E:\mysql-5.6.24-win32\bin
USERNAME=39054
OS=Windows_NT
PROCESSOR_IDENTIFIER=Intel64 Family 6 Model 61 Stepping 4, GenuineIntel



---------------  S Y S T E M  ---------------

OS: Windows 8 , 64 bit Build 9200 

CPU:total 4 (2 cores per cpu, 2 threads per core) family 6 model 61 stepping 4, cmov, cx8, fxsr, mmx, sse, sse2, sse3, ssse3, sse4.1, sse4.2, popcnt, ht

Memory: 4k page, physical 4109536k(803976k free), swap 15252828k(1253268k free)

vm_info: Java HotSpot(TM) 64-Bit Server VM (20.14-b01) for windows-amd64 JRE (1.6.0_43-b01), built on Mar  1 2013 01:52:33 by "java_re" with MS VC++ 8.0 (VS2005)

time: Fri Dec 16 15:42:19 2016
elapsed time: 932 seconds

