2018-03-11 12:57:19,088 WARN [org.apereo.cas.config.CasCoreTicketsConfiguration] - <Runtime memory is used as the persistence storage for retrieving and managing tickets. Tickets that are issued during runtime will be LOST upon container restarts. This MAY impact SSO functionality.>
2018-03-11 12:58:02,417 WARN [org.apereo.cas.config.support.authentication.AcceptUsersAuthenticationEventExecutionPlanConfiguration] - <[36m>
2018-03-11 12:58:02,425 WARN [org.apereo.cas.config.support.authentication.AcceptUsersAuthenticationEventExecutionPlanConfiguration] - <

  ____    _____    ___    ____    _ 
 / ___|  |_   _|  / _ \  |  _ \  | |
 \___ \    | |   | | | | | |_) | | |
  ___) |   | |   | |_| | |  __/  |_|
 |____/    |_|    \___/  |_|     (_)
                                    

CAS is configured to accept a static list of credentials for authentication. While this is generally useful for demo purposes, it is STRONGLY recommended that you DISABLE this authentication method (by SETTING 'cas.authn.accept.users' to a blank value) and switch to a mode that is more suitable for production.>
2018-03-11 12:58:02,426 WARN [org.apereo.cas.config.support.authentication.AcceptUsersAuthenticationEventExecutionPlanConfiguration] - <[0m>
2018-03-11 12:58:03,795 WARN [org.apereo.cas.config.CasCoreServicesConfiguration] - <Runtime memory is used as the persistence storage for retrieving and persisting service definitions. Changes that are made to service definitions during runtime WILL be LOST upon container restarts.>
2018-03-11 12:58:31,870 WARN [org.apereo.cas.util.cipher.BaseStringCipherExecutor] - <Secret key for encryption is not defined for [Ticket-granting Cookie]; CAS will attempt to auto-generate the encryption key>
2018-03-11 12:58:31,892 WARN [org.apereo.cas.util.cipher.BaseStringCipherExecutor] - <Generated encryption key [Iw8OocoA608xlDcBsASp7rw7C3Y27H2Q_6uD0R_-LqA] of size [256] for [Ticket-granting Cookie]. The generated key MUST be added to CAS settings.>
2018-03-11 12:58:31,897 WARN [org.apereo.cas.util.cipher.BaseStringCipherExecutor] - <Secret key for signing is not defined for [Ticket-granting Cookie]. CAS will attempt to auto-generate the signing key>
2018-03-11 12:58:31,899 WARN [org.apereo.cas.util.cipher.BaseStringCipherExecutor] - <Generated signing key [b8ilZuUqJRmHAxkSuDeZD7Ko2KiiggR4dwh2QOn51Q6tbriGkOzcVTY7yKje_Cw1klIUM1Sn7_nmAjWN5tAS_w] of size [512] for [Ticket-granting Cookie]. The generated key MUST be added to CAS settings.>
2018-03-11 12:58:32,449 WARN [org.apereo.cas.util.cipher.BaseBinaryCipherExecutor] - <Secret key for signing is not defined. CAS will attempt to auto-generate the signing key>
2018-03-11 12:58:32,450 WARN [org.apereo.cas.util.cipher.BaseBinaryCipherExecutor] - <Generated signing key [HgNUoOLZLS-m4ieSCT2RHeX5i8Cx8MBhJNzX7a6Wy4Tpmf56aoqrYqSo6ncz_WGQ4nxuvhhI9TUVt5M_g9Nq8g] of size [512]. The generated key MUST be added to CAS settings.>
2018-03-11 12:58:32,453 WARN [org.apereo.cas.util.cipher.BaseBinaryCipherExecutor] - <No encryption key is defined. CAS will attempt to auto-generate keys>
2018-03-11 12:58:32,454 WARN [org.apereo.cas.util.cipher.BaseBinaryCipherExecutor] - <Generated encryption key [EsUXfbDFxjgchViS] of size [16]. The generated key MUST be added to CAS settings.>
2018-03-11 12:58:36,486 INFO [org.apereo.cas.web.flow.InitialFlowSetupAction] - <Setting path for cookies for warn cookie generator to: [/cas/] >
2018-03-11 12:58:36,549 INFO [org.apereo.inspektr.audit.support.Slf4jLoggingAuditTrailManager] - <Audit trail record BEGIN
=============================================================
WHO: audit:unknown
WHAT: [event=success,timestamp=Sun Mar 11 12:58:36 CST 2018,source=RankedAuthenticationProviderWebflowEventResolver]
ACTION: AUTHENTICATION_EVENT_TRIGGERED
APPLICATION: CAS
WHEN: Sun Mar 11 12:58:36 CST 2018
CLIENT IP ADDRESS: 0:0:0:0:0:0:0:1
SERVER IP ADDRESS: 0:0:0:0:0:0:0:1
=============================================================

>
2018-03-11 12:58:37,917 WARN [nz.net.ultraq.thymeleaf.expressions.ExpressionProcessor] - <Fragment expression "layout" is being wrapped as a Thymeleaf 3 fragment expression (~{...}) for backwards compatibility purposes.  This wrapping will be dropped in the next major version of the expression processor, so please rewrite as a Thymeleaf 3 fragment expression to future-proof your code.  See https://github.com/thymeleaf/thymeleaf/issues/451 for more information.>
2018-03-11 12:58:44,871 WARN [com.zaxxer.hikari.util.DriverDataSource] - <Registered driver with driverClassName=com.mysql.jdbc.Driver was not found, trying direct instantiation.>
2018-03-11 12:58:45,269 INFO [org.apereo.inspektr.audit.support.Slf4jLoggingAuditTrailManager] - <Audit trail record BEGIN
=============================================================
WHO: admin_en
WHAT: Supplied credentials: [admin_en]
ACTION: AUTHENTICATION_SUCCESS
APPLICATION: CAS
WHEN: Sun Mar 11 12:58:45 CST 2018
CLIENT IP ADDRESS: 0:0:0:0:0:0:0:1
SERVER IP ADDRESS: 0:0:0:0:0:0:0:1
=============================================================

>
2018-03-11 12:58:45,364 INFO [org.apereo.inspektr.audit.support.Slf4jLoggingAuditTrailManager] - <Audit trail record BEGIN
=============================================================
WHO: admin_en
WHAT: TGT-**********************************************zupRsTKeaS-MacBook-Pro
ACTION: TICKET_GRANTING_TICKET_CREATED
APPLICATION: CAS
WHEN: Sun Mar 11 12:58:45 CST 2018
CLIENT IP ADDRESS: 0:0:0:0:0:0:0:1
SERVER IP ADDRESS: 0:0:0:0:0:0:0:1
=============================================================

>
