2018-03-11 19:17:04,203 WARN [org.apereo.cas.config.CasCoreTicketsConfiguration] - <Runtime memory is used as the persistence storage for retrieving and managing tickets. Tickets that are issued during runtime will be LOST upon container restarts. This MAY impact SSO functionality.>
2018-03-11 19:17:34,963 WARN [org.apereo.cas.config.support.authentication.AcceptUsersAuthenticationEventExecutionPlanConfiguration] - <[36m>
2018-03-11 19:17:34,967 WARN [org.apereo.cas.config.support.authentication.AcceptUsersAuthenticationEventExecutionPlanConfiguration] - <

  ____    _____    ___    ____    _ 
 / ___|  |_   _|  / _ \  |  _ \  | |
 \___ \    | |   | | | | | |_) | | |
  ___) |   | |   | |_| | |  __/  |_|
 |____/    |_|    \___/  |_|     (_)
                                    

CAS is configured to accept a static list of credentials for authentication. While this is generally useful for demo purposes, it is STRONGLY recommended that you DISABLE this authentication method (by SETTING 'cas.authn.accept.users' to a blank value) and switch to a mode that is more suitable for production.>
2018-03-11 19:17:34,967 WARN [org.apereo.cas.config.support.authentication.AcceptUsersAuthenticationEventExecutionPlanConfiguration] - <[0m>
2018-03-11 19:17:35,909 WARN [org.apereo.cas.config.CasCoreServicesConfiguration] - <Runtime memory is used as the persistence storage for retrieving and persisting service definitions. Changes that are made to service definitions during runtime WILL be LOST upon container restarts.>
2018-03-11 19:18:03,178 WARN [org.apereo.cas.util.cipher.BaseStringCipherExecutor] - <Secret key for encryption is not defined for [Ticket-granting Cookie]; CAS will attempt to auto-generate the encryption key>
2018-03-11 19:18:03,191 WARN [org.apereo.cas.util.cipher.BaseStringCipherExecutor] - <Generated encryption key [hzJcoMDvGgps8obWUcV8vHvGvq3ofgEb6pKG4qWvuDI] of size [256] for [Ticket-granting Cookie]. The generated key MUST be added to CAS settings.>
2018-03-11 19:18:03,192 WARN [org.apereo.cas.util.cipher.BaseStringCipherExecutor] - <Secret key for signing is not defined for [Ticket-granting Cookie]. CAS will attempt to auto-generate the signing key>
2018-03-11 19:18:03,193 WARN [org.apereo.cas.util.cipher.BaseStringCipherExecutor] - <Generated signing key [GOhQNWn3e-dt_yX86-EVuVSPdjmQQY5Jy26LbE5_nx7YKSluCP9DWF3LEQVFZsnxMW7iMnyFHYz4KjD_qQH3gA] of size [512] for [Ticket-granting Cookie]. The generated key MUST be added to CAS settings.>
2018-03-11 19:18:03,680 WARN [org.apereo.cas.util.cipher.BaseBinaryCipherExecutor] - <Secret key for signing is not defined. CAS will attempt to auto-generate the signing key>
2018-03-11 19:18:03,681 WARN [org.apereo.cas.util.cipher.BaseBinaryCipherExecutor] - <Generated signing key [qWVtodCEAk3h-z1Udpb8yzW3AHJVs3zQ9hjDDcote3eS6vYgvSibgMsBbMSlEy8URJIZxJUgkasRG2x5tjd_yw] of size [512]. The generated key MUST be added to CAS settings.>
2018-03-11 19:18:03,681 WARN [org.apereo.cas.util.cipher.BaseBinaryCipherExecutor] - <No encryption key is defined. CAS will attempt to auto-generate keys>
2018-03-11 19:18:03,682 WARN [org.apereo.cas.util.cipher.BaseBinaryCipherExecutor] - <Generated encryption key [JysTXiHHHLmfjMmu] of size [16]. The generated key MUST be added to CAS settings.>
2018-03-11 19:18:28,931 INFO [org.apereo.cas.web.flow.InitialFlowSetupAction] - <Setting path for cookies for warn cookie generator to: [/cas/] >
2018-03-11 19:18:28,987 INFO [org.apereo.inspektr.audit.support.Slf4jLoggingAuditTrailManager] - <Audit trail record BEGIN
=============================================================
WHO: audit:unknown
WHAT: [event=success,timestamp=Sun Mar 11 19:18:28 CST 2018,source=RankedAuthenticationProviderWebflowEventResolver]
ACTION: AUTHENTICATION_EVENT_TRIGGERED
APPLICATION: CAS
WHEN: Sun Mar 11 19:18:28 CST 2018
CLIENT IP ADDRESS: 127.0.0.1
SERVER IP ADDRESS: 127.0.0.1
=============================================================

>
2018-03-11 19:18:30,091 WARN [nz.net.ultraq.thymeleaf.expressions.ExpressionProcessor] - <Fragment expression "layout" is being wrapped as a Thymeleaf 3 fragment expression (~{...}) for backwards compatibility purposes.  This wrapping will be dropped in the next major version of the expression processor, so please rewrite as a Thymeleaf 3 fragment expression to future-proof your code.  See https://github.com/thymeleaf/thymeleaf/issues/451 for more information.>
2018-03-11 19:18:33,117 WARN [com.zaxxer.hikari.HikariConfig] - <HikariPool-1 - leakDetectionThreshold is less than 2000ms or more than maxLifetime, disabling it.>
2018-03-11 19:18:33,128 WARN [com.zaxxer.hikari.util.DriverDataSource] - <Registered driver with driverClassName=com.mysql.jdbc.Driver was not found, trying direct instantiation.>
2018-03-11 19:18:33,455 INFO [org.apereo.inspektr.audit.support.Slf4jLoggingAuditTrailManager] - <Audit trail record BEGIN
=============================================================
WHO: mxzdhealer@gmail.com
WHAT: Supplied credentials: [mxzdhealer@gmail.com]
ACTION: AUTHENTICATION_SUCCESS
APPLICATION: CAS
WHEN: Sun Mar 11 19:18:33 CST 2018
CLIENT IP ADDRESS: 127.0.0.1
SERVER IP ADDRESS: 127.0.0.1
=============================================================

>
2018-03-11 19:18:33,715 INFO [org.apereo.inspektr.audit.support.Slf4jLoggingAuditTrailManager] - <Audit trail record BEGIN
=============================================================
WHO: mxzdhealer@gmail.com
WHAT: TGT-**********************************************q3hS1kReeR-MacBook-Pro
ACTION: TICKET_GRANTING_TICKET_CREATED
APPLICATION: CAS
WHEN: Sun Mar 11 19:18:33 CST 2018
CLIENT IP ADDRESS: 127.0.0.1
SERVER IP ADDRESS: 127.0.0.1
=============================================================

>
2018-03-11 19:18:33,775 INFO [org.apereo.inspektr.audit.support.Slf4jLoggingAuditTrailManager] - <Audit trail record BEGIN
=============================================================
WHO: mxzdhealer@gmail.com
WHAT: ST-1-deRaFoay3mHl5vOKeWpq-MacBook-Pro for http://casclientone:8081/hello
ACTION: SERVICE_TICKET_CREATED
APPLICATION: CAS
WHEN: Sun Mar 11 19:18:33 CST 2018
CLIENT IP ADDRESS: 127.0.0.1
SERVER IP ADDRESS: 127.0.0.1
=============================================================

>
2018-03-11 19:18:34,429 INFO [org.apereo.inspektr.audit.support.Slf4jLoggingAuditTrailManager] - <Audit trail record BEGIN
=============================================================
WHO: mxzdhealer@gmail.com
WHAT: ST-1-deRaFoay3mHl5vOKeWpq-MacBook-Pro
ACTION: SERVICE_TICKET_VALIDATED
APPLICATION: CAS
WHEN: Sun Mar 11 19:18:34 CST 2018
CLIENT IP ADDRESS: 127.0.0.1
SERVER IP ADDRESS: 127.0.0.1
=============================================================

>
2018-03-11 19:26:17,309 INFO [org.apereo.inspektr.audit.support.Slf4jLoggingAuditTrailManager] - <Audit trail record BEGIN
=============================================================
WHO: audit:unknown
WHAT: [event=success,timestamp=Sun Mar 11 19:26:17 CST 2018,source=RankedAuthenticationProviderWebflowEventResolver]
ACTION: AUTHENTICATION_EVENT_TRIGGERED
APPLICATION: CAS
WHEN: Sun Mar 11 19:26:17 CST 2018
CLIENT IP ADDRESS: 127.0.0.1
SERVER IP ADDRESS: 127.0.0.1
=============================================================

>
2018-03-11 19:26:35,392 WARN [org.apereo.cas.authentication.PolicyBasedAuthenticationManager] - <Authentication has failed. Credentials may be incorrect or CAS cannot find authentication handler that supports [huang.wenbin@gmail.com] of type [UsernamePasswordCredential], which suggests a configuration problem.>
2018-03-11 19:26:35,394 INFO [org.apereo.inspektr.audit.support.Slf4jLoggingAuditTrailManager] - <Audit trail record BEGIN
=============================================================
WHO: huang.wenbin@gmail.com
WHAT: Supplied credentials: [huang.wenbin@gmail.com]
ACTION: AUTHENTICATION_FAILED
APPLICATION: CAS
WHEN: Sun Mar 11 19:26:35 CST 2018
CLIENT IP ADDRESS: 127.0.0.1
SERVER IP ADDRESS: 127.0.0.1
=============================================================

>
