2018-03-11 12:58:36,549 INFO [org.apereo.inspektr.audit.support.Slf4jLoggingAuditTrailManager] - Audit trail record BEGIN
=============================================================
WHO: audit:unknown
WHAT: [event=success,timestamp=Sun Mar 11 12:58:36 CST 2018,source=RankedAuthenticationProviderWebflowEventResolver]
ACTION: AUTHENTICATION_EVENT_TRIGGERED
APPLICATION: CAS
WHEN: Sun Mar 11 12:58:36 CST 2018
CLIENT IP ADDRESS: 0:0:0:0:0:0:0:1
SERVER IP ADDRESS: 0:0:0:0:0:0:0:1
=============================================================


2018-03-11 12:58:45,269 INFO [org.apereo.inspektr.audit.support.Slf4jLoggingAuditTrailManager] - Audit trail record BEGIN
=============================================================
WHO: admin_en
WHAT: Supplied credentials: [admin_en]
ACTION: AUTHENTICATION_SUCCESS
APPLICATION: CAS
WHEN: Sun Mar 11 12:58:45 CST 2018
CLIENT IP ADDRESS: 0:0:0:0:0:0:0:1
SERVER IP ADDRESS: 0:0:0:0:0:0:0:1
=============================================================


2018-03-11 12:58:45,364 INFO [org.apereo.inspektr.audit.support.Slf4jLoggingAuditTrailManager] - Audit trail record BEGIN
=============================================================
WHO: admin_en
WHAT: TGT-**********************************************zupRsTKeaS-MacBook-Pro
ACTION: TICKET_GRANTING_TICKET_CREATED
APPLICATION: CAS
WHEN: Sun Mar 11 12:58:45 CST 2018
CLIENT IP ADDRESS: 0:0:0:0:0:0:0:1
SERVER IP ADDRESS: 0:0:0:0:0:0:0:1
=============================================================


