2018-03-11 16:00:55,680 INFO [org.apereo.inspektr.audit.support.Slf4jLoggingAuditTrailManager] - Audit trail record BEGIN
=============================================================
WHO: mxzdhealer@gmail.com
WHAT: Supplied credentials: [mxzdhealer@gmail.com]
ACTION: AUTHENTICATION_FAILED
APPLICATION: CAS
WHEN: Sun Mar 11 16:00:55 CST 2018
CLIENT IP ADDRESS: 0:0:0:0:0:0:0:1
SERVER IP ADDRESS: 0:0:0:0:0:0:0:1
=============================================================


2018-03-11 16:02:40,437 INFO [org.apereo.inspektr.audit.support.Slf4jLoggingAuditTrailManager] - Audit trail record BEGIN
=============================================================
WHO: mxzdhealer@gmail.com
WHAT: Supplied credentials: [mxzdhealer@gmail.com]
ACTION: AUTHENTICATION_FAILED
APPLICATION: CAS
WHEN: Sun Mar 11 16:02:40 CST 2018
CLIENT IP ADDRESS: 0:0:0:0:0:0:0:1
SERVER IP ADDRESS: 0:0:0:0:0:0:0:1
=============================================================


2018-03-11 16:04:03,534 INFO [org.apereo.inspektr.audit.support.Slf4jLoggingAuditTrailManager] - Audit trail record BEGIN
=============================================================
WHO: mxzdhealer@gmail.com
WHAT: Supplied credentials: [mxzdhealer@gmail.com]
ACTION: AUTHENTICATION_FAILED
APPLICATION: CAS
WHEN: Sun Mar 11 16:04:03 CST 2018
CLIENT IP ADDRESS: 0:0:0:0:0:0:0:1
SERVER IP ADDRESS: 0:0:0:0:0:0:0:1
=============================================================


2018-03-11 16:07:22,764 INFO [org.apereo.inspektr.audit.support.Slf4jLoggingAuditTrailManager] - Audit trail record BEGIN
=============================================================
WHO: mxzdhealer@gmail.com
WHAT: Supplied credentials: [mxzdhealer@gmail.com]
ACTION: AUTHENTICATION_FAILED
APPLICATION: CAS
WHEN: Sun Mar 11 16:07:22 CST 2018
CLIENT IP ADDRESS: 0:0:0:0:0:0:0:1
SERVER IP ADDRESS: 0:0:0:0:0:0:0:1
=============================================================


2018-03-11 16:09:24,277 INFO [org.apereo.inspektr.audit.support.Slf4jLoggingAuditTrailManager] - Audit trail record BEGIN
=============================================================
WHO: mxzdhealer@gmail.com
WHAT: Supplied credentials: [mxzdhealer@gmail.com]
ACTION: AUTHENTICATION_FAILED
APPLICATION: CAS
WHEN: Sun Mar 11 16:09:24 CST 2018
CLIENT IP ADDRESS: 0:0:0:0:0:0:0:1
SERVER IP ADDRESS: 0:0:0:0:0:0:0:1
=============================================================


2018-03-11 16:10:01,640 INFO [org.apereo.inspektr.audit.support.Slf4jLoggingAuditTrailManager] - Audit trail record BEGIN
=============================================================
WHO: mxzdhealer@gmail.com
WHAT: Supplied credentials: [mxzdhealer@gmail.com]
ACTION: AUTHENTICATION_FAILED
APPLICATION: CAS
WHEN: Sun Mar 11 16:10:01 CST 2018
CLIENT IP ADDRESS: 0:0:0:0:0:0:0:1
SERVER IP ADDRESS: 0:0:0:0:0:0:0:1
=============================================================


2018-03-11 16:16:13,120 INFO [org.apereo.inspektr.audit.support.Slf4jLoggingAuditTrailManager] - Audit trail record BEGIN
=============================================================
WHO: mxzdhealer@gmail.com
WHAT: Supplied credentials: [mxzdhealer@gmail.com]
ACTION: AUTHENTICATION_FAILED
APPLICATION: CAS
WHEN: Sun Mar 11 16:16:13 CST 2018
CLIENT IP ADDRESS: 0:0:0:0:0:0:0:1
SERVER IP ADDRESS: 0:0:0:0:0:0:0:1
=============================================================


2018-03-11 16:18:11,008 INFO [org.apereo.inspektr.audit.support.Slf4jLoggingAuditTrailManager] - Audit trail record BEGIN
=============================================================
WHO: mxzdhealer@gmail.com
WHAT: Supplied credentials: [mxzdhealer@gmail.com]
ACTION: AUTHENTICATION_FAILED
APPLICATION: CAS
WHEN: Sun Mar 11 16:18:11 CST 2018
CLIENT IP ADDRESS: 0:0:0:0:0:0:0:1
SERVER IP ADDRESS: 0:0:0:0:0:0:0:1
=============================================================


2018-03-11 16:19:59,801 INFO [org.apereo.inspektr.audit.support.Slf4jLoggingAuditTrailManager] - Audit trail record BEGIN
=============================================================
WHO: mxzdhealer@gmail.com
WHAT: Supplied credentials: [mxzdhealer@gmail.com]
ACTION: AUTHENTICATION_FAILED
APPLICATION: CAS
WHEN: Sun Mar 11 16:19:59 CST 2018
CLIENT IP ADDRESS: 0:0:0:0:0:0:0:1
SERVER IP ADDRESS: 0:0:0:0:0:0:0:1
=============================================================


