十二月 20, 2017 3:54:55 下午 org.apache.catalina.core.AprLifecycleListener init
信息: Loaded APR based Apache Tomcat Native library 1.1.22.
十二月 20, 2017 3:54:55 下午 org.apache.catalina.core.AprLifecycleListener init
信息: APR capabilities: IPv6 [false], sendfile [true], accept filters [false], random [true].
十二月 20, 2017 3:55:00 下午 org.apache.coyote.http11.Http11AprProtocol init
信息: Initializing Coyote HTTP/1.1 on http-18080
十二月 20, 2017 3:55:00 下午 org.apache.coyote.ajp.AjpAprProtocol init
信息: Initializing Coyote AJP/1.3 on ajp-18009
十二月 20, 2017 3:55:00 下午 org.apache.catalina.startup.Catalina load
信息: Initialization processed in 7402 ms
十二月 20, 2017 3:55:01 下午 org.apache.catalina.core.StandardService start
信息: Starting service Catalina
十二月 20, 2017 3:55:01 下午 org.apache.catalina.core.StandardEngine start
信息: Starting Servlet Engine: Apache Tomcat/6.0.35
十二月 20, 2017 3:55:01 下午 org.apache.catalina.ha.tcp.SimpleTcpCluster start
信息: Cluster is about to start
十二月 20, 2017 3:55:02 下午 org.apache.catalina.tribes.transport.ReceiverBase bind
信息: Receiver Server Socket bound to:/10.129.23.12:4000
十二月 20, 2017 3:55:02 下午 org.apache.catalina.tribes.membership.McastServiceImpl setupSocket
信息: Setting cluster mcast soTimeout to 500
十二月 20, 2017 3:55:02 下午 org.apache.catalina.tribes.membership.McastServiceImpl waitForMembers
信息: Sleeping for 1000 milliseconds to establish cluster membership, start level:4
十二月 20, 2017 3:55:03 下午 org.apache.catalina.tribes.membership.McastServiceImpl waitForMembers
信息: Done sleeping, membership established, start level:4
十二月 20, 2017 3:55:03 下午 org.apache.catalina.tribes.membership.McastServiceImpl waitForMembers
信息: Sleeping for 1000 milliseconds to establish cluster membership, start level:8
十二月 20, 2017 3:55:04 下午 org.apache.catalina.tribes.membership.McastServiceImpl waitForMembers
信息: Done sleeping, membership established, start level:8
十二月 20, 2017 3:55:04 下午 org.apache.catalina.startup.HostConfig deployDescriptor
信息: Deploying configuration descriptor NginxTomcatSession.xml
十二月 20, 2017 3:55:05 下午 org.apache.catalina.ha.session.DeltaManager start
信息: Register manager /NginxTomcatSession to cluster element Engine with name Catalina
十二月 20, 2017 3:55:05 下午 org.apache.catalina.ha.session.DeltaManager start
信息: Starting clustering manager at /NginxTomcatSession
十二月 20, 2017 3:55:05 下午 org.apache.catalina.ha.session.DeltaManager getAllClusterSessions
信息: Manager [localhost#/NginxTomcatSession]: skipping state transfer. No members active in cluster group.
十二月 20, 2017 3:55:05 下午 org.apache.catalina.ha.session.JvmRouteBinderValve start
信息: JvmRouteBinderValve started
十二月 20, 2017 3:55:05 下午 org.apache.coyote.http11.Http11AprProtocol start
信息: Starting Coyote HTTP/1.1 on http-18080
十二月 20, 2017 3:55:05 下午 org.apache.coyote.ajp.AjpAprProtocol start
信息: Starting Coyote AJP/1.3 on ajp-18009
十二月 20, 2017 3:55:06 下午 org.apache.catalina.startup.Catalina start
信息: Server startup in 5262 ms
