2017-11-27 10:39:46 org.apache.catalina.core.AprLifecycleListener init
信息: Loaded APR based Apache Tomcat Native library 1.1.22.
2017-11-27 10:39:46 org.apache.catalina.core.AprLifecycleListener init
信息: APR capabilities: IPv6 [false], sendfile [true], accept filters [false], random [true].
2017-11-27 10:39:47 org.apache.coyote.http11.Http11AprProtocol init
信息: Initializing Coyote HTTP/1.1 on http-18080
2017-11-27 10:39:47 org.apache.coyote.ajp.AjpAprProtocol init
信息: Initializing Coyote AJP/1.3 on ajp-18009
2017-11-27 10:39:47 org.apache.catalina.startup.Catalina load
信息: Initialization processed in 982 ms
2017-11-27 10:39:47 org.apache.catalina.core.StandardService start
信息: Starting service Catalina
2017-11-27 10:39:47 org.apache.catalina.core.StandardEngine start
信息: Starting Servlet Engine: Apache Tomcat/6.0.35
2017-11-27 10:39:47 org.apache.catalina.startup.HostConfig deployDescriptor
信息: Deploying configuration descriptor NginxTomcatSession.xml
2017-11-27 10:39:47 org.apache.coyote.http11.Http11AprProtocol start
信息: Starting Coyote HTTP/1.1 on http-18080
2017-11-27 10:39:47 org.apache.coyote.ajp.AjpAprProtocol start
信息: Starting Coyote AJP/1.3 on ajp-18009
2017-11-27 10:39:47 org.apache.catalina.startup.Catalina start
信息: Server startup in 343 ms
2017-11-27 11:00:23 org.apache.catalina.core.AprLifecycleListener init
信息: Loaded APR based Apache Tomcat Native library 1.1.22.
2017-11-27 11:00:23 org.apache.catalina.core.AprLifecycleListener init
信息: APR capabilities: IPv6 [false], sendfile [true], accept filters [false], random [true].
2017-11-27 11:00:24 org.apache.coyote.http11.Http11AprProtocol init
信息: Initializing Coyote HTTP/1.1 on http-18080
2017-11-27 11:00:24 org.apache.coyote.ajp.AjpAprProtocol init
信息: Initializing Coyote AJP/1.3 on ajp-18009
2017-11-27 11:00:24 org.apache.catalina.startup.Catalina load
信息: Initialization processed in 864 ms
2017-11-27 11:00:24 org.apache.catalina.core.StandardService start
信息: Starting service Catalina
2017-11-27 11:00:24 org.apache.catalina.core.StandardEngine start
信息: Starting Servlet Engine: Apache Tomcat/6.0.35
2017-11-27 11:00:24 org.apache.catalina.ha.tcp.SimpleTcpCluster start
信息: Cluster is about to start
2017-11-27 11:00:24 org.apache.catalina.tribes.transport.ReceiverBase bind
信息: Receiver Server Socket bound to:/127.0.0.1:4000
2017-11-27 11:00:24 org.apache.catalina.tribes.membership.McastServiceImpl setupSocket
信息: Setting cluster mcast soTimeout to 500
2017-11-27 11:00:24 org.apache.catalina.tribes.membership.McastServiceImpl waitForMembers
信息: Sleeping for 1000 milliseconds to establish cluster membership, start level:4
2017-11-27 11:00:25 org.apache.catalina.tribes.membership.McastServiceImpl waitForMembers
信息: Done sleeping, membership established, start level:4
2017-11-27 11:00:25 org.apache.catalina.tribes.membership.McastServiceImpl waitForMembers
信息: Sleeping for 1000 milliseconds to establish cluster membership, start level:8
2017-11-27 11:00:26 org.apache.catalina.tribes.membership.McastServiceImpl waitForMembers
信息: Done sleeping, membership established, start level:8
2017-11-27 11:00:26 org.apache.catalina.startup.HostConfig deployDescriptor
信息: Deploying configuration descriptor NginxTomcatSession.xml
2017-11-27 11:00:26 org.apache.catalina.ha.session.DeltaManager start
信息: Register manager /NginxTomcatSession to cluster element Engine with name Catalina
2017-11-27 11:00:26 org.apache.catalina.ha.session.DeltaManager start
信息: Starting clustering manager at /NginxTomcatSession
2017-11-27 11:00:26 org.apache.catalina.ha.session.DeltaManager getAllClusterSessions
信息: Manager [localhost#/NginxTomcatSession]: skipping state transfer. No members active in cluster group.
2017-11-27 11:00:26 org.apache.catalina.ha.session.JvmRouteBinderValve start
信息: JvmRouteBinderValve started
2017-11-27 11:00:26 org.apache.coyote.http11.Http11AprProtocol start
信息: Starting Coyote HTTP/1.1 on http-18080
2017-11-27 11:00:26 org.apache.coyote.ajp.AjpAprProtocol start
信息: Starting Coyote AJP/1.3 on ajp-18009
2017-11-27 11:00:27 org.apache.catalina.startup.Catalina start
信息: Server startup in 2438 ms
2017-11-27 11:00:29 org.apache.catalina.tribes.io.BufferPool getBufferPool
信息: Created a buffer pool with max size:104857600 bytes of type:org.apache.catalina.tribes.io.BufferPool15Impl
2017-11-27 11:00:29 org.apache.catalina.ha.tcp.SimpleTcpCluster memberAdded
信息: Replication member added:org.apache.catalina.tribes.membership.MemberImpl[tcp://{127, 0, 0, 1}:4001,{127, 0, 0, 1},4001, alive=1008,id={-15 55 20 -9 -107 66 69 69 -80 120 -109 90 31 88 12 26 }, payload={}, command={}, domain={}, ]
2017-11-27 11:00:37 org.apache.catalina.ha.tcp.SimpleTcpCluster memberAdded
信息: Replication member added:org.apache.catalina.tribes.membership.MemberImpl[tcp://{127, 0, 0, 1}:4002,{127, 0, 0, 1},4002, alive=1018,id={14 118 82 43 75 93 65 39 -120 114 -98 -69 120 84 114 -79 }, payload={}, command={}, domain={}, ]
2017-11-27 16:02:18 org.apache.catalina.core.AprLifecycleListener init
信息: Loaded APR based Apache Tomcat Native library 1.1.22.
2017-11-27 16:02:18 org.apache.catalina.core.AprLifecycleListener init
信息: APR capabilities: IPv6 [false], sendfile [true], accept filters [false], random [true].
2017-11-27 16:02:19 org.apache.coyote.http11.Http11AprProtocol init
信息: Initializing Coyote HTTP/1.1 on http-18080
2017-11-27 16:02:19 org.apache.coyote.ajp.AjpAprProtocol init
信息: Initializing Coyote AJP/1.3 on ajp-18009
2017-11-27 16:02:19 org.apache.catalina.startup.Catalina load
信息: Initialization processed in 1230 ms
2017-11-27 16:02:19 org.apache.catalina.core.StandardService start
信息: Starting service Catalina
2017-11-27 16:02:19 org.apache.catalina.core.StandardEngine start
信息: Starting Servlet Engine: Apache Tomcat/6.0.35
2017-11-27 16:02:19 org.apache.catalina.ha.tcp.SimpleTcpCluster start
信息: Cluster is about to start
2017-11-27 16:02:19 org.apache.catalina.tribes.transport.ReceiverBase bind
信息: Receiver Server Socket bound to:/127.0.0.1:4000
2017-11-27 16:02:19 org.apache.catalina.tribes.membership.McastServiceImpl setupSocket
信息: Setting cluster mcast soTimeout to 500
2017-11-27 16:02:19 org.apache.catalina.tribes.membership.McastServiceImpl waitForMembers
信息: Sleeping for 1000 milliseconds to establish cluster membership, start level:4
2017-11-27 16:02:20 org.apache.catalina.tribes.membership.McastServiceImpl waitForMembers
信息: Done sleeping, membership established, start level:4
2017-11-27 16:02:20 org.apache.catalina.tribes.membership.McastServiceImpl waitForMembers
信息: Sleeping for 1000 milliseconds to establish cluster membership, start level:8
2017-11-27 16:02:21 org.apache.catalina.tribes.membership.McastServiceImpl waitForMembers
信息: Done sleeping, membership established, start level:8
2017-11-27 16:02:21 org.apache.catalina.startup.HostConfig deployDescriptor
信息: Deploying configuration descriptor NginxTomcatSession.xml
2017-11-27 16:02:21 org.apache.catalina.ha.session.DeltaManager start
信息: Register manager /NginxTomcatSession to cluster element Engine with name Catalina
2017-11-27 16:02:21 org.apache.catalina.ha.session.DeltaManager start
信息: Starting clustering manager at /NginxTomcatSession
2017-11-27 16:02:21 org.apache.catalina.ha.session.DeltaManager getAllClusterSessions
信息: Manager [localhost#/NginxTomcatSession]: skipping state transfer. No members active in cluster group.
2017-11-27 16:02:21 org.apache.catalina.ha.session.JvmRouteBinderValve start
信息: JvmRouteBinderValve started
2017-11-27 16:02:21 org.apache.coyote.http11.Http11AprProtocol start
信息: Starting Coyote HTTP/1.1 on http-18080
2017-11-27 16:02:21 org.apache.coyote.ajp.AjpAprProtocol start
信息: Starting Coyote AJP/1.3 on ajp-18009
2017-11-27 16:02:21 org.apache.catalina.startup.Catalina start
信息: Server startup in 2577 ms
2017-11-27 16:05:58 org.apache.catalina.tribes.io.BufferPool getBufferPool
信息: Created a buffer pool with max size:104857600 bytes of type:org.apache.catalina.tribes.io.BufferPool15Impl
2017-11-27 16:05:58 org.apache.catalina.ha.tcp.SimpleTcpCluster memberAdded
信息: Replication member added:org.apache.catalina.tribes.membership.MemberImpl[tcp://{127, 0, 0, 1}:4001,{127, 0, 0, 1},4001, alive=1007,id={122 -26 -40 110 41 35 69 -2 -126 50 -47 124 89 -87 -37 -30 }, payload={}, command={}, domain={}, ]
